{"/Users/asleep/Developer/tekton/packages/cli/src/commands/create-screen.ts": {"path":"/Users/asleep/Developer/tekton/packages/cli/src/commands/create-screen.ts","all":false,"statementMap":{"0":{"start":{"line":1,"column":0},"end":{"line":1,"column":26}},"2":{"start":{"line":3,"column":0},"end":{"line":3,"column":28}},"58":{"start":{"line":59,"column":0},"end":{"line":59,"column":55}},"63":{"start":{"line":64,"column":0},"end":{"line":64,"column":55}},"68":{"start":{"line":69,"column":0},"end":{"line":69,"column":51}},"73":{"start":{"line":74,"column":0},"end":{"line":74,"column":58}},"74":{"start":{"line":75,"column":0},"end":{"line":75,"column":42}},"75":{"start":{"line":76,"column":0},"end":{"line":76,"column":37}},"76":{"start":{"line":77,"column":0},"end":{"line":77,"column":3}},"78":{"start":{"line":79,"column":0},"end":{"line":79,"column":27}},"79":{"start":{"line":80,"column":0},"end":{"line":80,"column":59}},"80":{"start":{"line":81,"column":0},"end":{"line":81,"column":3}},"82":{"start":{"line":83,"column":0},"end":{"line":83,"column":29}},"83":{"start":{"line":84,"column":0},"end":{"line":84,"column":58}},"84":{"start":{"line":85,"column":0},"end":{"line":85,"column":3}},"86":{"start":{"line":87,"column":0},"end":{"line":87,"column":42}},"87":{"start":{"line":88,"column":0},"end":{"line":88,"column":71}},"88":{"start":{"line":89,"column":0},"end":{"line":89,"column":3}},"90":{"start":{"line":91,"column":0},"end":{"line":91,"column":14}},"91":{"start":{"line":92,"column":0},"end":{"line":92,"column":1}},"96":{"start":{"line":97,"column":0},"end":{"line":97,"column":52}},"97":{"start":{"line":98,"column":0},"end":{"line":98,"column":50}},"98":{"start":{"line":99,"column":0},"end":{"line":99,"column":1}},"103":{"start":{"line":104,"column":0},"end":{"line":104,"column":54}},"104":{"start":{"line":105,"column":0},"end":{"line":105,"column":52}},"105":{"start":{"line":106,"column":0},"end":{"line":106,"column":1}},"110":{"start":{"line":111,"column":0},"end":{"line":111,"column":50}},"111":{"start":{"line":112,"column":0},"end":{"line":112,"column":48}},"112":{"start":{"line":113,"column":0},"end":{"line":113,"column":1}},"117":{"start":{"line":118,"column":0},"end":{"line":118,"column":59}},"118":{"start":{"line":119,"column":0},"end":{"line":119,"column":98}},"119":{"start":{"line":120,"column":0},"end":{"line":120,"column":50}},"120":{"start":{"line":121,"column":0},"end":{"line":121,"column":1}},"127":{"start":{"line":128,"column":0},"end":{"line":128,"column":95}},"128":{"start":{"line":129,"column":0},"end":{"line":129,"column":7}},"130":{"start":{"line":131,"column":0},"end":{"line":131,"column":60}},"131":{"start":{"line":132,"column":0},"end":{"line":132,"column":34}},"132":{"start":{"line":133,"column":0},"end":{"line":133,"column":14}},"133":{"start":{"line":134,"column":0},"end":{"line":134,"column":23}},"134":{"start":{"line":135,"column":0},"end":{"line":135,"column":30}},"135":{"start":{"line":136,"column":0},"end":{"line":136,"column":8}},"136":{"start":{"line":137,"column":0},"end":{"line":137,"column":5}},"138":{"start":{"line":139,"column":0},"end":{"line":139,"column":42}},"139":{"start":{"line":140,"column":0},"end":{"line":140,"column":36}},"140":{"start":{"line":141,"column":0},"end":{"line":141,"column":32}},"141":{"start":{"line":142,"column":0},"end":{"line":142,"column":46}},"144":{"start":{"line":145,"column":0},"end":{"line":145,"column":30}},"145":{"start":{"line":146,"column":0},"end":{"line":146,"column":36}},"150":{"start":{"line":151,"column":0},"end":{"line":151,"column":10}},"151":{"start":{"line":152,"column":0},"end":{"line":152,"column":23}},"152":{"start":{"line":153,"column":0},"end":{"line":153,"column":14}},"153":{"start":{"line":154,"column":0},"end":{"line":154,"column":13}},"154":{"start":{"line":155,"column":0},"end":{"line":155,"column":15}},"155":{"start":{"line":156,"column":0},"end":{"line":156,"column":31}},"156":{"start":{"line":157,"column":0},"end":{"line":157,"column":36}},"157":{"start":{"line":158,"column":0},"end":{"line":158,"column":54}},"158":{"start":{"line":159,"column":0},"end":{"line":159,"column":45}},"159":{"start":{"line":160,"column":0},"end":{"line":160,"column":27}},"160":{"start":{"line":161,"column":0},"end":{"line":161,"column":16}},"161":{"start":{"line":162,"column":0},"end":{"line":162,"column":15}},"162":{"start":{"line":163,"column":0},"end":{"line":163,"column":20}},"163":{"start":{"line":164,"column":0},"end":{"line":164,"column":14}},"164":{"start":{"line":165,"column":0},"end":{"line":165,"column":13}},"165":{"start":{"line":166,"column":0},"end":{"line":166,"column":15}},"166":{"start":{"line":167,"column":0},"end":{"line":167,"column":31}},"167":{"start":{"line":168,"column":0},"end":{"line":168,"column":33}},"168":{"start":{"line":169,"column":0},"end":{"line":169,"column":51}},"169":{"start":{"line":170,"column":0},"end":{"line":170,"column":42}},"170":{"start":{"line":171,"column":0},"end":{"line":171,"column":27}},"171":{"start":{"line":172,"column":0},"end":{"line":172,"column":16}},"172":{"start":{"line":173,"column":0},"end":{"line":173,"column":15}},"173":{"start":{"line":174,"column":0},"end":{"line":174,"column":18}},"174":{"start":{"line":175,"column":0},"end":{"line":175,"column":14}},"175":{"start":{"line":176,"column":0},"end":{"line":176,"column":13}},"176":{"start":{"line":177,"column":0},"end":{"line":177,"column":15}},"177":{"start":{"line":178,"column":0},"end":{"line":178,"column":31}},"178":{"start":{"line":179,"column":0},"end":{"line":179,"column":31}},"179":{"start":{"line":180,"column":0},"end":{"line":180,"column":49}},"180":{"start":{"line":181,"column":0},"end":{"line":181,"column":40}},"181":{"start":{"line":182,"column":0},"end":{"line":182,"column":27}},"182":{"start":{"line":183,"column":0},"end":{"line":183,"column":16}},"183":{"start":{"line":184,"column":0},"end":{"line":184,"column":15}},"184":{"start":{"line":185,"column":0},"end":{"line":185,"column":9}},"186":{"start":{"line":187,"column":0},"end":{"line":187,"column":55}},"187":{"start":{"line":188,"column":0},"end":{"line":188,"column":46}},"188":{"start":{"line":189,"column":0},"end":{"line":189,"column":40}},"189":{"start":{"line":190,"column":0},"end":{"line":190,"column":5}},"192":{"start":{"line":193,"column":0},"end":{"line":193,"column":60}},"193":{"start":{"line":194,"column":0},"end":{"line":194,"column":14}},"194":{"start":{"line":195,"column":0},"end":{"line":195,"column":23}},"195":{"start":{"line":196,"column":0},"end":{"line":196,"column":88}},"196":{"start":{"line":197,"column":0},"end":{"line":197,"column":8}},"197":{"start":{"line":198,"column":0},"end":{"line":198,"column":5}},"199":{"start":{"line":200,"column":0},"end":{"line":200,"column":51}},"200":{"start":{"line":201,"column":0},"end":{"line":201,"column":14}},"201":{"start":{"line":202,"column":0},"end":{"line":202,"column":23}},"202":{"start":{"line":203,"column":0},"end":{"line":203,"column":82}},"203":{"start":{"line":204,"column":0},"end":{"line":204,"column":8}},"204":{"start":{"line":205,"column":0},"end":{"line":205,"column":5}},"206":{"start":{"line":207,"column":0},"end":{"line":207,"column":45}},"207":{"start":{"line":208,"column":0},"end":{"line":208,"column":14}},"208":{"start":{"line":209,"column":0},"end":{"line":209,"column":23}},"209":{"start":{"line":210,"column":0},"end":{"line":210,"column":78}},"210":{"start":{"line":211,"column":0},"end":{"line":211,"column":8}},"211":{"start":{"line":212,"column":0},"end":{"line":212,"column":5}},"214":{"start":{"line":215,"column":0},"end":{"line":215,"column":63}},"217":{"start":{"line":218,"column":0},"end":{"line":218,"column":34}},"218":{"start":{"line":219,"column":0},"end":{"line":219,"column":39}},"219":{"start":{"line":220,"column":0},"end":{"line":220,"column":5}},"222":{"start":{"line":223,"column":0},"end":{"line":223,"column":44}},"223":{"start":{"line":224,"column":0},"end":{"line":224,"column":25}},"224":{"start":{"line":225,"column":0},"end":{"line":225,"column":18}},"225":{"start":{"line":226,"column":0},"end":{"line":226,"column":15}},"226":{"start":{"line":227,"column":0},"end":{"line":227,"column":13}},"227":{"start":{"line":228,"column":0},"end":{"line":228,"column":17}},"228":{"start":{"line":229,"column":0},"end":{"line":229,"column":6}},"231":{"start":{"line":232,"column":0},"end":{"line":232,"column":63}},"232":{"start":{"line":233,"column":0},"end":{"line":233,"column":18}},"233":{"start":{"line":234,"column":0},"end":{"line":234,"column":19}},"234":{"start":{"line":235,"column":0},"end":{"line":235,"column":51}},"235":{"start":{"line":236,"column":0},"end":{"line":236,"column":19}},"236":{"start":{"line":237,"column":0},"end":{"line":237,"column":19}},"237":{"start":{"line":238,"column":0},"end":{"line":238,"column":46}},"238":{"start":{"line":239,"column":0},"end":{"line":239,"column":8}},"239":{"start":{"line":240,"column":0},"end":{"line":240,"column":23}},"240":{"start":{"line":241,"column":0},"end":{"line":241,"column":41}},"241":{"start":{"line":242,"column":0},"end":{"line":242,"column":27}},"242":{"start":{"line":243,"column":0},"end":{"line":243,"column":35}},"243":{"start":{"line":244,"column":0},"end":{"line":244,"column":42}},"244":{"start":{"line":245,"column":0},"end":{"line":245,"column":8}},"245":{"start":{"line":246,"column":0},"end":{"line":246,"column":7}},"247":{"start":{"line":248,"column":0},"end":{"line":248,"column":33}},"248":{"start":{"line":249,"column":0},"end":{"line":249,"column":14}},"249":{"start":{"line":250,"column":0},"end":{"line":250,"column":23}},"250":{"start":{"line":251,"column":0},"end":{"line":251,"column":88}},"251":{"start":{"line":252,"column":0},"end":{"line":252,"column":8}},"252":{"start":{"line":253,"column":0},"end":{"line":253,"column":5}},"254":{"start":{"line":255,"column":0},"end":{"line":255,"column":61}},"255":{"start":{"line":256,"column":0},"end":{"line":256,"column":23}},"256":{"start":{"line":257,"column":0},"end":{"line":257,"column":41}},"257":{"start":{"line":258,"column":0},"end":{"line":258,"column":44}},"258":{"start":{"line":259,"column":0},"end":{"line":259,"column":42}},"259":{"start":{"line":260,"column":0},"end":{"line":260,"column":16}},"260":{"start":{"line":261,"column":0},"end":{"line":261,"column":21}},"261":{"start":{"line":262,"column":0},"end":{"line":262,"column":23}},"262":{"start":{"line":263,"column":0},"end":{"line":263,"column":8}},"263":{"start":{"line":264,"column":0},"end":{"line":264,"column":7}},"265":{"start":{"line":266,"column":0},"end":{"line":266,"column":34}},"266":{"start":{"line":267,"column":0},"end":{"line":267,"column":14}},"267":{"start":{"line":268,"column":0},"end":{"line":268,"column":23}},"268":{"start":{"line":269,"column":0},"end":{"line":269,"column":86}},"269":{"start":{"line":270,"column":0},"end":{"line":270,"column":8}},"270":{"start":{"line":271,"column":0},"end":{"line":271,"column":5}},"272":{"start":{"line":273,"column":0},"end":{"line":273,"column":61}},"273":{"start":{"line":274,"column":0},"end":{"line":274,"column":13}},"274":{"start":{"line":275,"column":0},"end":{"line":275,"column":36}},"275":{"start":{"line":276,"column":0},"end":{"line":276,"column":117}},"276":{"start":{"line":277,"column":0},"end":{"line":277,"column":103}},"277":{"start":{"line":278,"column":0},"end":{"line":278,"column":7}},"279":{"start":{"line":280,"column":0},"end":{"line":280,"column":36}},"280":{"start":{"line":281,"column":0},"end":{"line":281,"column":14}},"281":{"start":{"line":282,"column":0},"end":{"line":282,"column":23}},"282":{"start":{"line":283,"column":0},"end":{"line":283,"column":86}},"283":{"start":{"line":284,"column":0},"end":{"line":284,"column":8}},"284":{"start":{"line":285,"column":0},"end":{"line":285,"column":5}},"287":{"start":{"line":288,"column":0},"end":{"line":288,"column":14}},"288":{"start":{"line":289,"column":0},"end":{"line":289,"column":23}},"290":{"start":{"line":291,"column":0},"end":{"line":291,"column":81}},"292":{"start":{"line":293,"column":0},"end":{"line":293,"column":24}},"295":{"start":{"line":296,"column":0},"end":{"line":296,"column":16}},"296":{"start":{"line":297,"column":0},"end":{"line":297,"column":24}},"297":{"start":{"line":298,"column":0},"end":{"line":298,"column":119}},"298":{"start":{"line":299,"column":0},"end":{"line":299,"column":35}},"299":{"start":{"line":300,"column":0},"end":{"line":300,"column":25}},"300":{"start":{"line":301,"column":0},"end":{"line":301,"column":30}},"301":{"start":{"line":302,"column":0},"end":{"line":302,"column":10}},"302":{"start":{"line":303,"column":0},"end":{"line":303,"column":7}},"304":{"start":{"line":305,"column":0},"end":{"line":305,"column":58}},"305":{"start":{"line":306,"column":0},"end":{"line":306,"column":27}},"306":{"start":{"line":307,"column":0},"end":{"line":307,"column":20}},"307":{"start":{"line":308,"column":0},"end":{"line":308,"column":17}},"308":{"start":{"line":309,"column":0},"end":{"line":309,"column":15}},"309":{"start":{"line":310,"column":0},"end":{"line":310,"column":19}},"310":{"start":{"line":311,"column":0},"end":{"line":311,"column":32}},"311":{"start":{"line":312,"column":0},"end":{"line":312,"column":9}},"313":{"start":{"line":314,"column":0},"end":{"line":314,"column":37}},"314":{"start":{"line":315,"column":0},"end":{"line":315,"column":39}},"315":{"start":{"line":316,"column":0},"end":{"line":316,"column":7}},"316":{"start":{"line":317,"column":0},"end":{"line":317,"column":5}},"318":{"start":{"line":319,"column":0},"end":{"line":319,"column":12}},"319":{"start":{"line":320,"column":0},"end":{"line":320,"column":20}},"320":{"start":{"line":321,"column":0},"end":{"line":321,"column":72}},"321":{"start":{"line":322,"column":0},"end":{"line":322,"column":31}},"322":{"start":{"line":323,"column":0},"end":{"line":323,"column":21}},"323":{"start":{"line":324,"column":0},"end":{"line":324,"column":26}},"324":{"start":{"line":325,"column":0},"end":{"line":325,"column":12}},"325":{"start":{"line":326,"column":0},"end":{"line":326,"column":6}},"326":{"start":{"line":327,"column":0},"end":{"line":327,"column":19}},"327":{"start":{"line":328,"column":0},"end":{"line":328,"column":12}},"328":{"start":{"line":329,"column":0},"end":{"line":329,"column":21}},"329":{"start":{"line":330,"column":0},"end":{"line":330,"column":79}},"330":{"start":{"line":331,"column":0},"end":{"line":331,"column":6}},"331":{"start":{"line":332,"column":0},"end":{"line":332,"column":3}},"332":{"start":{"line":333,"column":0},"end":{"line":333,"column":1}},"339":{"start":{"line":340,"column":0},"end":{"line":340,"column":42}},"340":{"start":{"line":341,"column":0},"end":{"line":341,"column":15}},"341":{"start":{"line":342,"column":0},"end":{"line":342,"column":49}},"342":{"start":{"line":343,"column":0},"end":{"line":343,"column":18}},"343":{"start":{"line":344,"column":0},"end":{"line":344,"column":61}},"345":{"start":{"line":346,"column":0},"end":{"line":346,"column":93}},"347":{"start":{"line":348,"column":0},"end":{"line":348,"column":24}},"348":{"start":{"line":349,"column":0},"end":{"line":349,"column":59}},"349":{"start":{"line":350,"column":0},"end":{"line":350,"column":20}},"350":{"start":{"line":351,"column":0},"end":{"line":351,"column":3}},"353":{"start":{"line":354,"column":0},"end":{"line":354,"column":50}},"354":{"start":{"line":355,"column":0},"end":{"line":355,"column":30}},"355":{"start":{"line":356,"column":0},"end":{"line":356,"column":83}},"356":{"start":{"line":357,"column":0},"end":{"line":357,"column":77}},"357":{"start":{"line":358,"column":0},"end":{"line":358,"column":73}},"358":{"start":{"line":359,"column":0},"end":{"line":359,"column":92}},"359":{"start":{"line":360,"column":0},"end":{"line":360,"column":3}},"360":{"start":{"line":361,"column":0},"end":{"line":361,"column":16}},"361":{"start":{"line":362,"column":0},"end":{"line":362,"column":1}}},"s":{"0":1,"2":1,"58":1,"63":1,"68":1,"73":45,"74":45,"75":1,"76":1,"78":45,"79":1,"80":1,"82":45,"83":1,"84":1,"86":45,"87":0,"88":0,"90":42,"91":42,"96":42,"97":42,"98":42,"103":41,"104":41,"105":41,"110":40,"111":40,"112":40,"117":39,"118":39,"119":39,"120":39,"127":45,"128":45,"130":45,"131":45,"132":3,"133":3,"134":3,"135":3,"136":3,"138":42,"139":42,"140":42,"141":45,"144":45,"145":6,"150":6,"151":6,"152":6,"153":0,"154":0,"155":0,"156":0,"157":0,"158":0,"159":0,"160":0,"161":0,"162":6,"163":6,"164":0,"165":0,"166":0,"167":0,"168":0,"169":0,"170":0,"171":0,"172":0,"173":6,"174":6,"175":0,"176":0,"177":0,"178":0,"179":0,"180":0,"181":0,"182":0,"183":0,"184":6,"186":6,"187":6,"188":6,"189":6,"192":45,"193":1,"194":1,"195":1,"196":1,"197":1,"199":45,"200":1,"201":1,"202":1,"203":1,"204":1,"206":45,"207":1,"208":1,"209":1,"210":1,"211":1,"214":39,"217":45,"218":35,"219":35,"222":39,"223":39,"224":39,"225":39,"226":39,"227":39,"228":39,"231":39,"232":39,"233":39,"234":45,"235":45,"236":45,"237":45,"238":45,"239":45,"240":45,"241":45,"242":45,"243":45,"244":45,"245":45,"247":45,"248":0,"249":0,"250":0,"251":0,"252":0,"254":39,"255":39,"256":39,"257":39,"258":39,"259":39,"260":39,"261":39,"262":39,"263":39,"265":45,"266":0,"267":0,"268":0,"269":0,"270":0,"272":39,"273":39,"274":39,"275":39,"276":39,"277":39,"279":45,"280":0,"281":0,"282":0,"283":0,"284":0,"287":39,"288":45,"290":0,"292":0,"295":0,"296":0,"297":0,"298":0,"299":0,"300":0,"301":0,"302":0,"304":0,"305":0,"306":0,"307":0,"308":0,"309":0,"310":0,"311":0,"313":0,"314":0,"315":0,"316":0,"318":39,"319":39,"320":39,"321":39,"322":39,"323":39,"324":39,"325":39,"326":45,"327":0,"328":0,"329":0,"330":0,"331":0,"332":45,"339":0,"340":0,"341":0,"342":0,"343":0,"345":0,"347":0,"348":0,"349":0,"350":0,"353":0,"354":0,"355":0,"356":0,"357":0,"358":0,"359":0,"360":0,"361":0},"branchMap":{"0":{"type":"branch","line":74,"loc":{"start":{"line":74,"column":0},"end":{"line":92,"column":1}},"locations":[{"start":{"line":74,"column":0},"end":{"line":92,"column":1}}]},"1":{"type":"branch","line":75,"loc":{"start":{"line":75,"column":7},"end":{"line":75,"column":41}},"locations":[{"start":{"line":75,"column":7},"end":{"line":75,"column":41}}]},"2":{"type":"branch","line":75,"loc":{"start":{"line":75,"column":41},"end":{"line":77,"column":3}},"locations":[{"start":{"line":75,"column":41},"end":{"line":77,"column":3}}]},"3":{"type":"branch","line":77,"loc":{"start":{"line":77,"column":2},"end":{"line":79,"column":26}},"locations":[{"start":{"line":77,"column":2},"end":{"line":79,"column":26}}]},"4":{"type":"branch","line":79,"loc":{"start":{"line":79,"column":26},"end":{"line":81,"column":3}},"locations":[{"start":{"line":79,"column":26},"end":{"line":81,"column":3}}]},"5":{"type":"branch","line":81,"loc":{"start":{"line":81,"column":2},"end":{"line":83,"column":28}},"locations":[{"start":{"line":81,"column":2},"end":{"line":83,"column":28}}]},"6":{"type":"branch","line":83,"loc":{"start":{"line":83,"column":28},"end":{"line":85,"column":3}},"locations":[{"start":{"line":83,"column":28},"end":{"line":85,"column":3}}]},"7":{"type":"branch","line":85,"loc":{"start":{"line":85,"column":2},"end":{"line":87,"column":41}},"locations":[{"start":{"line":85,"column":2},"end":{"line":87,"column":41}}]},"8":{"type":"branch","line":87,"loc":{"start":{"line":87,"column":41},"end":{"line":89,"column":3}},"locations":[{"start":{"line":87,"column":41},"end":{"line":89,"column":3}}]},"9":{"type":"branch","line":89,"loc":{"start":{"line":89,"column":2},"end":{"line":92,"column":1}},"locations":[{"start":{"line":89,"column":2},"end":{"line":92,"column":1}}]},"10":{"type":"branch","line":97,"loc":{"start":{"line":97,"column":0},"end":{"line":99,"column":1}},"locations":[{"start":{"line":97,"column":0},"end":{"line":99,"column":1}}]},"11":{"type":"branch","line":104,"loc":{"start":{"line":104,"column":0},"end":{"line":106,"column":1}},"locations":[{"start":{"line":104,"column":0},"end":{"line":106,"column":1}}]},"12":{"type":"branch","line":111,"loc":{"start":{"line":111,"column":0},"end":{"line":113,"column":1}},"locations":[{"start":{"line":111,"column":0},"end":{"line":113,"column":1}}]},"13":{"type":"branch","line":118,"loc":{"start":{"line":118,"column":0},"end":{"line":121,"column":1}},"locations":[{"start":{"line":118,"column":0},"end":{"line":121,"column":1}}]},"14":{"type":"branch","line":120,"loc":{"start":{"line":120,"column":27},"end":{"line":120,"column":50}},"locations":[{"start":{"line":120,"column":27},"end":{"line":120,"column":50}}]},"15":{"type":"branch","line":128,"loc":{"start":{"line":128,"column":0},"end":{"line":333,"column":1}},"locations":[{"start":{"line":128,"column":0},"end":{"line":333,"column":1}}]},"16":{"type":"branch","line":132,"loc":{"start":{"line":132,"column":33},"end":{"line":137,"column":5}},"locations":[{"start":{"line":132,"column":33},"end":{"line":137,"column":5}}]},"17":{"type":"branch","line":137,"loc":{"start":{"line":137,"column":4},"end":{"line":142,"column":43}},"locations":[{"start":{"line":137,"column":4},"end":{"line":142,"column":43}}]},"18":{"type":"branch","line":142,"loc":{"start":{"line":142,"column":29},"end":{"line":142,"column":46}},"locations":[{"start":{"line":142,"column":29},"end":{"line":142,"column":46}}]},"19":{"type":"branch","line":145,"loc":{"start":{"line":145,"column":29},"end":{"line":190,"column":5}},"locations":[{"start":{"line":145,"column":29},"end":{"line":190,"column":5}}]},"20":{"type":"branch","line":153,"loc":{"start":{"line":153,"column":13},"end":{"line":162,"column":15}},"locations":[{"start":{"line":153,"column":13},"end":{"line":162,"column":15}}]},"21":{"type":"branch","line":164,"loc":{"start":{"line":164,"column":13},"end":{"line":173,"column":15}},"locations":[{"start":{"line":164,"column":13},"end":{"line":173,"column":15}}]},"22":{"type":"branch","line":175,"loc":{"start":{"line":175,"column":13},"end":{"line":184,"column":15}},"locations":[{"start":{"line":175,"column":13},"end":{"line":184,"column":15}}]},"23":{"type":"branch","line":187,"loc":{"start":{"line":187,"column":20},"end":{"line":187,"column":55}},"locations":[{"start":{"line":187,"column":20},"end":{"line":187,"column":55}}]},"24":{"type":"branch","line":188,"loc":{"start":{"line":188,"column":17},"end":{"line":188,"column":46}},"locations":[{"start":{"line":188,"column":17},"end":{"line":188,"column":46}}]},"25":{"type":"branch","line":189,"loc":{"start":{"line":189,"column":15},"end":{"line":189,"column":40}},"locations":[{"start":{"line":189,"column":15},"end":{"line":189,"column":40}}]},"26":{"type":"branch","line":190,"loc":{"start":{"line":190,"column":4},"end":{"line":193,"column":59}},"locations":[{"start":{"line":190,"column":4},"end":{"line":193,"column":59}}]},"27":{"type":"branch","line":193,"loc":{"start":{"line":193,"column":59},"end":{"line":198,"column":5}},"locations":[{"start":{"line":193,"column":59},"end":{"line":198,"column":5}}]},"28":{"type":"branch","line":198,"loc":{"start":{"line":198,"column":4},"end":{"line":200,"column":50}},"locations":[{"start":{"line":198,"column":4},"end":{"line":200,"column":50}}]},"29":{"type":"branch","line":200,"loc":{"start":{"line":200,"column":50},"end":{"line":205,"column":5}},"locations":[{"start":{"line":200,"column":50},"end":{"line":205,"column":5}}]},"30":{"type":"branch","line":205,"loc":{"start":{"line":205,"column":4},"end":{"line":207,"column":44}},"locations":[{"start":{"line":205,"column":4},"end":{"line":207,"column":44}}]},"31":{"type":"branch","line":207,"loc":{"start":{"line":207,"column":44},"end":{"line":212,"column":5}},"locations":[{"start":{"line":207,"column":44},"end":{"line":212,"column":5}}]},"32":{"type":"branch","line":212,"loc":{"start":{"line":212,"column":4},"end":{"line":218,"column":33}},"locations":[{"start":{"line":212,"column":4},"end":{"line":218,"column":33}}]},"33":{"type":"branch","line":218,"loc":{"start":{"line":218,"column":33},"end":{"line":220,"column":5}},"locations":[{"start":{"line":218,"column":33},"end":{"line":220,"column":5}}]},"34":{"type":"branch","line":220,"loc":{"start":{"line":220,"column":4},"end":{"line":235,"column":44}},"locations":[{"start":{"line":220,"column":4},"end":{"line":235,"column":44}}]},"35":{"type":"branch","line":235,"loc":{"start":{"line":235,"column":33},"end":{"line":235,"column":48}},"locations":[{"start":{"line":235,"column":33},"end":{"line":235,"column":48}}]},"36":{"type":"branch","line":235,"loc":{"start":{"line":235,"column":44},"end":{"line":235,"column":51}},"locations":[{"start":{"line":235,"column":44},"end":{"line":235,"column":51}}]},"37":{"type":"branch","line":248,"loc":{"start":{"line":248,"column":32},"end":{"line":253,"column":5}},"locations":[{"start":{"line":248,"column":32},"end":{"line":253,"column":5}}]},"38":{"type":"branch","line":253,"loc":{"start":{"line":253,"column":4},"end":{"line":266,"column":33}},"locations":[{"start":{"line":253,"column":4},"end":{"line":266,"column":33}}]},"39":{"type":"branch","line":266,"loc":{"start":{"line":266,"column":33},"end":{"line":271,"column":5}},"locations":[{"start":{"line":266,"column":33},"end":{"line":271,"column":5}}]},"40":{"type":"branch","line":271,"loc":{"start":{"line":271,"column":4},"end":{"line":280,"column":35}},"locations":[{"start":{"line":271,"column":4},"end":{"line":280,"column":35}}]},"41":{"type":"branch","line":280,"loc":{"start":{"line":280,"column":35},"end":{"line":285,"column":5}},"locations":[{"start":{"line":280,"column":35},"end":{"line":285,"column":5}}]},"42":{"type":"branch","line":285,"loc":{"start":{"line":285,"column":4},"end":{"line":289,"column":22}},"locations":[{"start":{"line":285,"column":4},"end":{"line":289,"column":22}}]},"43":{"type":"branch","line":289,"loc":{"start":{"line":289,"column":22},"end":{"line":317,"column":5}},"locations":[{"start":{"line":289,"column":22},"end":{"line":317,"column":5}}]},"44":{"type":"branch","line":317,"loc":{"start":{"line":317,"column":4},"end":{"line":327,"column":11}},"locations":[{"start":{"line":317,"column":4},"end":{"line":327,"column":11}}]},"45":{"type":"branch","line":327,"loc":{"start":{"line":327,"column":2},"end":{"line":332,"column":3}},"locations":[{"start":{"line":327,"column":2},"end":{"line":332,"column":3}}]}},"b":{"0":[45],"1":[44],"2":[1],"3":[44],"4":[1],"5":[43],"6":[1],"7":[42],"8":[0],"9":[42],"10":[42],"11":[41],"12":[40],"13":[39],"14":[0],"15":[45],"16":[3],"17":[42],"18":[38],"19":[6],"20":[0],"21":[0],"22":[0],"23":[0],"24":[0],"25":[0],"26":[42],"27":[1],"28":[41],"29":[1],"30":[40],"31":[1],"32":[39],"33":[35],"34":[39],"35":[3],"36":[36],"37":[0],"38":[39],"39":[0],"40":[39],"41":[0],"42":[39],"43":[0],"44":[39],"45":[0]},"fnMap":{"0":{"name":"validateScreenName","decl":{"start":{"line":74,"column":0},"end":{"line":92,"column":1}},"loc":{"start":{"line":74,"column":0},"end":{"line":92,"column":1}},"line":74},"1":{"name":"validateEnvironment","decl":{"start":{"line":97,"column":0},"end":{"line":99,"column":1}},"loc":{"start":{"line":97,"column":0},"end":{"line":99,"column":1}},"line":97},"2":{"name":"validateSkeleton","decl":{"start":{"line":104,"column":0},"end":{"line":106,"column":1}},"loc":{"start":{"line":104,"column":0},"end":{"line":106,"column":1}},"line":104},"3":{"name":"validateIntent","decl":{"start":{"line":111,"column":0},"end":{"line":113,"column":1}},"loc":{"start":{"line":111,"column":0},"end":{"line":113,"column":1}},"line":111},"4":{"name":"getSuggestedComponents","decl":{"start":{"line":118,"column":0},"end":{"line":121,"column":1}},"loc":{"start":{"line":118,"column":0},"end":{"line":121,"column":1}},"line":118},"5":{"name":"createScreen","decl":{"start":{"line":128,"column":0},"end":{"line":333,"column":1}},"loc":{"start":{"line":128,"column":0},"end":{"line":333,"column":1}},"line":128},"6":{"name":"createScreenCommand","decl":{"start":{"line":340,"column":0},"end":{"line":362,"column":1}},"loc":{"start":{"line":340,"column":0},"end":{"line":362,"column":1}},"line":340}},"f":{"0":45,"1":42,"2":41,"3":40,"4":39,"5":45,"6":0}}
,"/Users/asleep/Developer/tekton/packages/cli/src/commands/detect.ts": {"path":"/Users/asleep/Developer/tekton/packages/cli/src/commands/detect.ts","all":false,"statementMap":{"0":{"start":{"line":1,"column":0},"end":{"line":1,"column":26}},"21":{"start":{"line":22,"column":0},"end":{"line":22,"column":29}},"22":{"start":{"line":23,"column":0},"end":{"line":23,"column":36}},"23":{"start":{"line":24,"column":0},"end":{"line":24,"column":29}},"24":{"start":{"line":25,"column":0},"end":{"line":25,"column":7}},"26":{"start":{"line":27,"column":0},"end":{"line":27,"column":79}},"27":{"start":{"line":28,"column":0},"end":{"line":28,"column":34}},"28":{"start":{"line":29,"column":0},"end":{"line":29,"column":33}},"29":{"start":{"line":30,"column":0},"end":{"line":30,"column":31}},"30":{"start":{"line":31,"column":0},"end":{"line":31,"column":7}},"32":{"start":{"line":33,"column":0},"end":{"line":33,"column":37}},"33":{"start":{"line":34,"column":0},"end":{"line":34,"column":43}},"34":{"start":{"line":35,"column":0},"end":{"line":35,"column":41}},"35":{"start":{"line":36,"column":0},"end":{"line":36,"column":37}},"36":{"start":{"line":37,"column":0},"end":{"line":37,"column":6}},"39":{"start":{"line":40,"column":0},"end":{"line":40,"column":44}},"40":{"start":{"line":41,"column":0},"end":{"line":41,"column":32}},"41":{"start":{"line":42,"column":0},"end":{"line":42,"column":30}},"42":{"start":{"line":43,"column":0},"end":{"line":43,"column":31}},"43":{"start":{"line":44,"column":0},"end":{"line":44,"column":29}},"44":{"start":{"line":45,"column":0},"end":{"line":45,"column":29}},"45":{"start":{"line":46,"column":0},"end":{"line":46,"column":32}},"46":{"start":{"line":47,"column":0},"end":{"line":47,"column":6}},"48":{"start":{"line":49,"column":0},"end":{"line":49,"column":18}},"49":{"start":{"line":50,"column":0},"end":{"line":50,"column":19}},"51":{"start":{"line":52,"column":0},"end":{"line":52,"column":52}},"52":{"start":{"line":53,"column":0},"end":{"line":53,"column":12}},"53":{"start":{"line":54,"column":0},"end":{"line":54,"column":22}},"54":{"start":{"line":55,"column":0},"end":{"line":55,"column":22}},"55":{"start":{"line":56,"column":0},"end":{"line":56,"column":20}},"56":{"start":{"line":57,"column":0},"end":{"line":57,"column":70}},"57":{"start":{"line":58,"column":0},"end":{"line":58,"column":6}},"58":{"start":{"line":59,"column":0},"end":{"line":59,"column":3}},"59":{"start":{"line":60,"column":0},"end":{"line":60,"column":1}},"64":{"start":{"line":65,"column":0},"end":{"line":65,"column":32}},"65":{"start":{"line":66,"column":0},"end":{"line":66,"column":30}},"66":{"start":{"line":67,"column":0},"end":{"line":67,"column":39}},"67":{"start":{"line":68,"column":0},"end":{"line":68,"column":20}},"68":{"start":{"line":69,"column":0},"end":{"line":69,"column":38}},"69":{"start":{"line":70,"column":0},"end":{"line":70,"column":18}},"70":{"start":{"line":71,"column":0},"end":{"line":71,"column":33}},"71":{"start":{"line":72,"column":0},"end":{"line":72,"column":11}},"72":{"start":{"line":73,"column":0},"end":{"line":73,"column":29}},"75":{"start":{"line":76,"column":0},"end":{"line":76,"column":18}},"76":{"start":{"line":77,"column":0},"end":{"line":77,"column":82}},"77":{"start":{"line":78,"column":0},"end":{"line":78,"column":27}},"78":{"start":{"line":79,"column":0},"end":{"line":79,"column":65}},"79":{"start":{"line":80,"column":0},"end":{"line":80,"column":5}},"80":{"start":{"line":81,"column":0},"end":{"line":81,"column":30}},"81":{"start":{"line":82,"column":0},"end":{"line":82,"column":10}},"82":{"start":{"line":83,"column":0},"end":{"line":83,"column":80}},"83":{"start":{"line":84,"column":0},"end":{"line":84,"column":3}},"86":{"start":{"line":87,"column":0},"end":{"line":87,"column":17}},"87":{"start":{"line":88,"column":0},"end":{"line":88,"column":86}},"88":{"start":{"line":89,"column":0},"end":{"line":89,"column":26}},"89":{"start":{"line":90,"column":0},"end":{"line":90,"column":63}},"90":{"start":{"line":91,"column":0},"end":{"line":91,"column":5}},"91":{"start":{"line":92,"column":0},"end":{"line":92,"column":29}},"92":{"start":{"line":93,"column":0},"end":{"line":93,"column":10}},"93":{"start":{"line":94,"column":0},"end":{"line":94,"column":84}},"94":{"start":{"line":95,"column":0},"end":{"line":95,"column":3}},"97":{"start":{"line":98,"column":0},"end":{"line":98,"column":15}},"98":{"start":{"line":99,"column":0},"end":{"line":99,"column":81}},"99":{"start":{"line":100,"column":0},"end":{"line":100,"column":22}},"100":{"start":{"line":101,"column":0},"end":{"line":101,"column":63}},"101":{"start":{"line":102,"column":0},"end":{"line":102,"column":5}},"102":{"start":{"line":103,"column":0},"end":{"line":103,"column":27}},"103":{"start":{"line":104,"column":0},"end":{"line":104,"column":10}},"104":{"start":{"line":105,"column":0},"end":{"line":105,"column":81}},"105":{"start":{"line":106,"column":0},"end":{"line":106,"column":3}},"107":{"start":{"line":108,"column":0},"end":{"line":108,"column":26}},"108":{"start":{"line":109,"column":0},"end":{"line":109,"column":1}},"115":{"start":{"line":116,"column":0},"end":{"line":116,"column":85}},"116":{"start":{"line":117,"column":0},"end":{"line":117,"column":51}},"118":{"start":{"line":119,"column":0},"end":{"line":119,"column":60}},"120":{"start":{"line":121,"column":0},"end":{"line":121,"column":42}},"122":{"start":{"line":123,"column":0},"end":{"line":123,"column":21}},"123":{"start":{"line":124,"column":0},"end":{"line":124,"column":59}},"124":{"start":{"line":125,"column":0},"end":{"line":125,"column":20}},"125":{"start":{"line":126,"column":0},"end":{"line":126,"column":3}},"127":{"start":{"line":128,"column":0},"end":{"line":128,"column":30}},"128":{"start":{"line":129,"column":0},"end":{"line":129,"column":42}},"129":{"start":{"line":130,"column":0},"end":{"line":130,"column":1}}},"s":{"0":1,"21":10,"22":10,"23":10,"24":10,"26":10,"27":10,"28":10,"29":10,"30":10,"32":10,"33":10,"34":10,"35":10,"36":10,"39":10,"40":10,"41":10,"42":10,"43":10,"44":10,"45":10,"46":10,"48":10,"49":10,"51":0,"52":0,"53":0,"54":0,"55":0,"56":0,"57":0,"58":0,"59":10,"64":10,"65":10,"66":10,"67":10,"68":10,"69":10,"70":10,"71":10,"72":10,"75":10,"76":6,"77":6,"78":0,"79":0,"80":6,"81":10,"82":4,"83":4,"86":10,"87":5,"88":5,"89":0,"90":0,"91":5,"92":5,"93":5,"94":5,"97":10,"98":2,"99":2,"100":2,"101":2,"102":2,"103":10,"104":8,"105":8,"107":10,"108":10,"115":0,"116":0,"118":0,"120":0,"122":0,"123":0,"124":0,"125":0,"127":0,"128":0,"129":0},"branchMap":{"0":{"type":"branch","line":22,"loc":{"start":{"line":22,"column":0},"end":{"line":60,"column":1}},"locations":[{"start":{"line":22,"column":0},"end":{"line":60,"column":1}}]},"1":{"type":"branch","line":46,"loc":{"start":{"line":46,"column":19},"end":{"line":46,"column":32}},"locations":[{"start":{"line":46,"column":19},"end":{"line":46,"column":32}}]},"2":{"type":"branch","line":50,"loc":{"start":{"line":50,"column":2},"end":{"line":59,"column":3}},"locations":[{"start":{"line":50,"column":2},"end":{"line":59,"column":3}}]},"3":{"type":"branch","line":65,"loc":{"start":{"line":65,"column":0},"end":{"line":109,"column":1}},"locations":[{"start":{"line":65,"column":0},"end":{"line":109,"column":1}}]},"4":{"type":"branch","line":76,"loc":{"start":{"line":76,"column":17},"end":{"line":82,"column":9}},"locations":[{"start":{"line":76,"column":17},"end":{"line":82,"column":9}}]},"5":{"type":"branch","line":78,"loc":{"start":{"line":78,"column":26},"end":{"line":80,"column":5}},"locations":[{"start":{"line":78,"column":26},"end":{"line":80,"column":5}}]},"6":{"type":"branch","line":82,"loc":{"start":{"line":82,"column":2},"end":{"line":84,"column":3}},"locations":[{"start":{"line":82,"column":2},"end":{"line":84,"column":3}}]},"7":{"type":"branch","line":87,"loc":{"start":{"line":87,"column":16},"end":{"line":95,"column":3}},"locations":[{"start":{"line":87,"column":16},"end":{"line":95,"column":3}}]},"8":{"type":"branch","line":89,"loc":{"start":{"line":89,"column":25},"end":{"line":91,"column":5}},"locations":[{"start":{"line":89,"column":25},"end":{"line":91,"column":5}}]},"9":{"type":"branch","line":98,"loc":{"start":{"line":98,"column":14},"end":{"line":104,"column":9}},"locations":[{"start":{"line":98,"column":14},"end":{"line":104,"column":9}}]},"10":{"type":"branch","line":104,"loc":{"start":{"line":104,"column":2},"end":{"line":106,"column":3}},"locations":[{"start":{"line":104,"column":2},"end":{"line":106,"column":3}}]}},"b":{"0":[10],"1":[2],"2":[0],"3":[10],"4":[6],"5":[0],"6":[4],"7":[5],"8":[0],"9":[2],"10":[8]},"fnMap":{"0":{"name":"detect","decl":{"start":{"line":22,"column":0},"end":{"line":60,"column":1}},"loc":{"start":{"line":22,"column":0},"end":{"line":60,"column":1}},"line":22},"1":{"name":"formatDetectionMessage","decl":{"start":{"line":65,"column":0},"end":{"line":109,"column":1}},"loc":{"start":{"line":65,"column":0},"end":{"line":109,"column":1}},"line":65},"2":{"name":"detectCommand","decl":{"start":{"line":116,"column":0},"end":{"line":130,"column":1}},"loc":{"start":{"line":116,"column":0},"end":{"line":130,"column":1}},"line":116}},"f":{"0":10,"1":10,"2":0}}
,"/Users/asleep/Developer/tekton/packages/cli/src/commands/generate.ts": {"path":"/Users/asleep/Developer/tekton/packages/cli/src/commands/generate.ts","all":false,"statementMap":{"0":{"start":{"line":1,"column":0},"end":{"line":1,"column":26}},"2":{"start":{"line":3,"column":0},"end":{"line":3,"column":28}},"36":{"start":{"line":37,"column":0},"end":{"line":37,"column":81}},"43":{"start":{"line":44,"column":0},"end":{"line":44,"column":88}},"44":{"start":{"line":45,"column":0},"end":{"line":45,"column":51}},"46":{"start":{"line":47,"column":0},"end":{"line":47,"column":7}},"47":{"start":{"line":48,"column":0},"end":{"line":48,"column":44}},"48":{"start":{"line":49,"column":0},"end":{"line":49,"column":45}},"51":{"start":{"line":52,"column":0},"end":{"line":52,"column":55}},"52":{"start":{"line":53,"column":0},"end":{"line":53,"column":78}},"53":{"start":{"line":54,"column":0},"end":{"line":54,"column":9}},"54":{"start":{"line":55,"column":0},"end":{"line":55,"column":24}},"55":{"start":{"line":56,"column":0},"end":{"line":56,"column":31}},"56":{"start":{"line":57,"column":0},"end":{"line":57,"column":58}},"57":{"start":{"line":58,"column":0},"end":{"line":58,"column":29}},"58":{"start":{"line":59,"column":0},"end":{"line":59,"column":40}},"59":{"start":{"line":60,"column":0},"end":{"line":60,"column":50}},"60":{"start":{"line":61,"column":0},"end":{"line":61,"column":33}},"61":{"start":{"line":62,"column":0},"end":{"line":62,"column":12}},"62":{"start":{"line":63,"column":0},"end":{"line":63,"column":10}},"63":{"start":{"line":64,"column":0},"end":{"line":64,"column":9}},"64":{"start":{"line":65,"column":0},"end":{"line":65,"column":25}},"65":{"start":{"line":66,"column":0},"end":{"line":66,"column":25}},"66":{"start":{"line":67,"column":0},"end":{"line":67,"column":38}},"67":{"start":{"line":68,"column":0},"end":{"line":68,"column":37}},"68":{"start":{"line":69,"column":0},"end":{"line":69,"column":21}},"69":{"start":{"line":70,"column":0},"end":{"line":70,"column":10}},"70":{"start":{"line":71,"column":0},"end":{"line":71,"column":9}},"72":{"start":{"line":73,"column":0},"end":{"line":73,"column":42}},"73":{"start":{"line":74,"column":0},"end":{"line":74,"column":30}},"74":{"start":{"line":75,"column":0},"end":{"line":75,"column":5}},"77":{"start":{"line":78,"column":0},"end":{"line":78,"column":58}},"78":{"start":{"line":79,"column":0},"end":{"line":79,"column":14}},"79":{"start":{"line":80,"column":0},"end":{"line":80,"column":23}},"80":{"start":{"line":81,"column":0},"end":{"line":81,"column":92}},"81":{"start":{"line":82,"column":0},"end":{"line":82,"column":8}},"82":{"start":{"line":83,"column":0},"end":{"line":83,"column":5}},"87":{"start":{"line":88,"column":0},"end":{"line":88,"column":53}},"88":{"start":{"line":89,"column":0},"end":{"line":89,"column":19}},"89":{"start":{"line":90,"column":0},"end":{"line":90,"column":28}},"90":{"start":{"line":91,"column":0},"end":{"line":91,"column":7}},"93":{"start":{"line":94,"column":0},"end":{"line":94,"column":61}},"94":{"start":{"line":95,"column":0},"end":{"line":95,"column":34}},"97":{"start":{"line":98,"column":0},"end":{"line":98,"column":55}},"98":{"start":{"line":99,"column":0},"end":{"line":99,"column":58}},"101":{"start":{"line":102,"column":0},"end":{"line":102,"column":69}},"102":{"start":{"line":103,"column":0},"end":{"line":103,"column":65}},"105":{"start":{"line":106,"column":0},"end":{"line":106,"column":34}},"106":{"start":{"line":107,"column":0},"end":{"line":107,"column":66}},"107":{"start":{"line":108,"column":0},"end":{"line":108,"column":45}},"108":{"start":{"line":109,"column":0},"end":{"line":109,"column":5}},"110":{"start":{"line":111,"column":0},"end":{"line":111,"column":12}},"111":{"start":{"line":112,"column":0},"end":{"line":112,"column":20}},"112":{"start":{"line":113,"column":0},"end":{"line":113,"column":54}},"113":{"start":{"line":114,"column":0},"end":{"line":114,"column":14}},"114":{"start":{"line":115,"column":0},"end":{"line":115,"column":21}},"115":{"start":{"line":116,"column":0},"end":{"line":116,"column":31}},"116":{"start":{"line":117,"column":0},"end":{"line":117,"column":8}},"117":{"start":{"line":118,"column":0},"end":{"line":118,"column":15}},"118":{"start":{"line":119,"column":0},"end":{"line":119,"column":6}},"119":{"start":{"line":120,"column":0},"end":{"line":120,"column":19}},"120":{"start":{"line":121,"column":0},"end":{"line":121,"column":12}},"121":{"start":{"line":122,"column":0},"end":{"line":122,"column":21}},"122":{"start":{"line":123,"column":0},"end":{"line":123,"column":80}},"123":{"start":{"line":124,"column":0},"end":{"line":124,"column":6}},"124":{"start":{"line":125,"column":0},"end":{"line":125,"column":3}},"125":{"start":{"line":126,"column":0},"end":{"line":126,"column":1}},"132":{"start":{"line":133,"column":0},"end":{"line":133,"column":85}},"133":{"start":{"line":134,"column":0},"end":{"line":134,"column":61}},"135":{"start":{"line":136,"column":0},"end":{"line":136,"column":67}},"137":{"start":{"line":138,"column":0},"end":{"line":138,"column":24}},"138":{"start":{"line":139,"column":0},"end":{"line":139,"column":59}},"139":{"start":{"line":140,"column":0},"end":{"line":140,"column":20}},"140":{"start":{"line":141,"column":0},"end":{"line":141,"column":3}},"143":{"start":{"line":144,"column":0},"end":{"line":144,"column":54}},"144":{"start":{"line":145,"column":0},"end":{"line":145,"column":45}},"145":{"start":{"line":146,"column":0},"end":{"line":146,"column":40}},"146":{"start":{"line":147,"column":0},"end":{"line":147,"column":50}},"147":{"start":{"line":148,"column":0},"end":{"line":148,"column":7}},"148":{"start":{"line":149,"column":0},"end":{"line":149,"column":18}},"149":{"start":{"line":150,"column":0},"end":{"line":150,"column":3}},"152":{"start":{"line":153,"column":0},"end":{"line":153,"column":50}},"153":{"start":{"line":154,"column":0},"end":{"line":154,"column":21}},"154":{"start":{"line":155,"column":0},"end":{"line":155,"column":58}},"155":{"start":{"line":156,"column":0},"end":{"line":156,"column":68}},"156":{"start":{"line":157,"column":0},"end":{"line":157,"column":3}},"157":{"start":{"line":158,"column":0},"end":{"line":158,"column":16}},"158":{"start":{"line":159,"column":0},"end":{"line":159,"column":1}}},"s":{"0":1,"2":1,"36":1,"43":14,"44":14,"46":14,"47":14,"48":14,"51":14,"52":3,"53":3,"54":3,"55":3,"56":3,"57":3,"58":3,"59":0,"60":0,"61":0,"62":3,"63":3,"64":3,"65":3,"66":3,"67":3,"68":3,"69":3,"70":3,"72":3,"73":3,"74":3,"77":14,"78":1,"79":1,"80":1,"81":1,"82":1,"87":13,"88":13,"89":13,"90":13,"93":12,"94":12,"97":11,"98":11,"101":11,"102":11,"105":11,"106":14,"107":2,"108":2,"110":11,"111":11,"112":11,"113":11,"114":11,"115":11,"116":11,"117":11,"118":11,"119":14,"120":2,"121":2,"122":2,"123":2,"124":2,"125":14,"132":0,"133":0,"135":0,"137":0,"138":0,"139":0,"140":0,"143":0,"144":0,"145":0,"146":0,"147":0,"148":0,"149":0,"152":0,"153":0,"154":0,"155":0,"156":0,"157":0,"158":0},"branchMap":{"0":{"type":"branch","line":44,"loc":{"start":{"line":44,"column":0},"end":{"line":126,"column":1}},"locations":[{"start":{"line":44,"column":0},"end":{"line":126,"column":1}}]},"1":{"type":"branch","line":45,"loc":{"start":{"line":45,"column":29},"end":{"line":45,"column":51}},"locations":[{"start":{"line":45,"column":29},"end":{"line":45,"column":51}}]},"2":{"type":"branch","line":49,"loc":{"start":{"line":49,"column":25},"end":{"line":49,"column":45}},"locations":[{"start":{"line":49,"column":25},"end":{"line":49,"column":45}}]},"3":{"type":"branch","line":52,"loc":{"start":{"line":52,"column":16},"end":{"line":52,"column":54}},"locations":[{"start":{"line":52,"column":16},"end":{"line":52,"column":54}}]},"4":{"type":"branch","line":52,"loc":{"start":{"line":52,"column":54},"end":{"line":75,"column":5}},"locations":[{"start":{"line":52,"column":54},"end":{"line":75,"column":5}}]},"5":{"type":"branch","line":78,"loc":{"start":{"line":78,"column":57},"end":{"line":83,"column":5}},"locations":[{"start":{"line":78,"column":57},"end":{"line":83,"column":5}}]},"6":{"type":"branch","line":83,"loc":{"start":{"line":83,"column":4},"end":{"line":91,"column":7}},"locations":[{"start":{"line":83,"column":4},"end":{"line":91,"column":7}}]},"7":{"type":"branch","line":91,"loc":{"start":{"line":91,"column":5},"end":{"line":95,"column":34}},"locations":[{"start":{"line":91,"column":5},"end":{"line":95,"column":34}}]},"8":{"type":"branch","line":95,"loc":{"start":{"line":95,"column":32},"end":{"line":107,"column":32}},"locations":[{"start":{"line":95,"column":32},"end":{"line":107,"column":32}}]},"9":{"type":"branch","line":107,"loc":{"start":{"line":107,"column":20},"end":{"line":107,"column":65}},"locations":[{"start":{"line":107,"column":20},"end":{"line":107,"column":65}}]},"10":{"type":"branch","line":107,"loc":{"start":{"line":107,"column":65},"end":{"line":109,"column":5}},"locations":[{"start":{"line":107,"column":65},"end":{"line":109,"column":5}}]},"11":{"type":"branch","line":109,"loc":{"start":{"line":109,"column":4},"end":{"line":120,"column":11}},"locations":[{"start":{"line":109,"column":4},"end":{"line":120,"column":11}}]},"12":{"type":"branch","line":120,"loc":{"start":{"line":120,"column":2},"end":{"line":125,"column":3}},"locations":[{"start":{"line":120,"column":2},"end":{"line":125,"column":3}}]},"13":{"type":"branch","line":123,"loc":{"start":{"line":123,"column":44},"end":{"line":123,"column":80}},"locations":[{"start":{"line":123,"column":44},"end":{"line":123,"column":80}}]}},"b":{"0":[14],"1":[0],"2":[4],"3":[3],"4":[3],"5":[1],"6":[13],"7":[12],"8":[11],"9":[2],"10":[2],"11":[11],"12":[2],"13":[0]},"fnMap":{"0":{"name":"generate","decl":{"start":{"line":44,"column":0},"end":{"line":126,"column":1}},"loc":{"start":{"line":44,"column":0},"end":{"line":126,"column":1}},"line":44},"1":{"name":"validate","decl":{"start":{"line":59,"column":20},"end":{"line":62,"column":12}},"loc":{"start":{"line":59,"column":20},"end":{"line":62,"column":12}},"line":59},"2":{"name":"generateCommand","decl":{"start":{"line":133,"column":0},"end":{"line":159,"column":1}},"loc":{"start":{"line":133,"column":0},"end":{"line":159,"column":1}},"line":133}},"f":{"0":14,"1":0,"2":0}}
,"/Users/asleep/Developer/tekton/packages/cli/src/commands/setup.ts": {"path":"/Users/asleep/Developer/tekton/packages/cli/src/commands/setup.ts","all":false,"statementMap":{"0":{"start":{"line":1,"column":0},"end":{"line":1,"column":26}},"25":{"start":{"line":26,"column":0},"end":{"line":26,"column":37}},"33":{"start":{"line":34,"column":0},"end":{"line":34,"column":28}},"34":{"start":{"line":35,"column":0},"end":{"line":35,"column":17}},"35":{"start":{"line":36,"column":0},"end":{"line":36,"column":28}},"36":{"start":{"line":37,"column":0},"end":{"line":37,"column":25}},"37":{"start":{"line":38,"column":0},"end":{"line":38,"column":51}},"38":{"start":{"line":39,"column":0},"end":{"line":39,"column":48}},"41":{"start":{"line":42,"column":0},"end":{"line":42,"column":54}},"42":{"start":{"line":43,"column":0},"end":{"line":43,"column":12}},"43":{"start":{"line":44,"column":0},"end":{"line":44,"column":21}},"44":{"start":{"line":45,"column":0},"end":{"line":45,"column":99}},"45":{"start":{"line":46,"column":0},"end":{"line":46,"column":6}},"46":{"start":{"line":47,"column":0},"end":{"line":47,"column":3}},"49":{"start":{"line":50,"column":0},"end":{"line":50,"column":38}},"50":{"start":{"line":51,"column":0},"end":{"line":51,"column":41}},"51":{"start":{"line":52,"column":0},"end":{"line":52,"column":3}},"53":{"start":{"line":54,"column":0},"end":{"line":54,"column":10}},"54":{"start":{"line":55,"column":0},"end":{"line":55,"column":19}},"55":{"start":{"line":56,"column":0},"end":{"line":56,"column":28}},"56":{"start":{"line":57,"column":0},"end":{"line":57,"column":4}},"57":{"start":{"line":58,"column":0},"end":{"line":58,"column":1}},"62":{"start":{"line":63,"column":0},"end":{"line":63,"column":70}},"63":{"start":{"line":64,"column":0},"end":{"line":64,"column":7}},"65":{"start":{"line":66,"column":0},"end":{"line":66,"column":62}},"67":{"start":{"line":68,"column":0},"end":{"line":68,"column":31}},"68":{"start":{"line":69,"column":0},"end":{"line":69,"column":14}},"69":{"start":{"line":70,"column":0},"end":{"line":70,"column":23}},"70":{"start":{"line":71,"column":0},"end":{"line":71,"column":36}},"71":{"start":{"line":72,"column":0},"end":{"line":72,"column":40}},"72":{"start":{"line":73,"column":0},"end":{"line":73,"column":8}},"73":{"start":{"line":74,"column":0},"end":{"line":74,"column":5}},"76":{"start":{"line":77,"column":0},"end":{"line":77,"column":58}},"78":{"start":{"line":79,"column":0},"end":{"line":79,"column":33}},"79":{"start":{"line":80,"column":0},"end":{"line":80,"column":14}},"80":{"start":{"line":81,"column":0},"end":{"line":81,"column":23}},"81":{"start":{"line":82,"column":0},"end":{"line":82,"column":35}},"82":{"start":{"line":83,"column":0},"end":{"line":83,"column":72}},"83":{"start":{"line":84,"column":0},"end":{"line":84,"column":8}},"84":{"start":{"line":85,"column":0},"end":{"line":85,"column":5}},"87":{"start":{"line":88,"column":0},"end":{"line":88,"column":12}},"88":{"start":{"line":89,"column":0},"end":{"line":89,"column":20}},"89":{"start":{"line":90,"column":0},"end":{"line":90,"column":50}},"90":{"start":{"line":91,"column":0},"end":{"line":91,"column":43}},"91":{"start":{"line":92,"column":0},"end":{"line":92,"column":70}},"92":{"start":{"line":93,"column":0},"end":{"line":93,"column":6}},"93":{"start":{"line":94,"column":0},"end":{"line":94,"column":19}},"94":{"start":{"line":95,"column":0},"end":{"line":95,"column":12}},"95":{"start":{"line":96,"column":0},"end":{"line":96,"column":21}},"96":{"start":{"line":97,"column":0},"end":{"line":97,"column":69}},"97":{"start":{"line":98,"column":0},"end":{"line":98,"column":6}},"98":{"start":{"line":99,"column":0},"end":{"line":99,"column":3}},"99":{"start":{"line":100,"column":0},"end":{"line":100,"column":1}},"106":{"start":{"line":107,"column":0},"end":{"line":107,"column":35}},"107":{"start":{"line":108,"column":0},"end":{"line":108,"column":17}},"108":{"start":{"line":109,"column":0},"end":{"line":109,"column":28}},"109":{"start":{"line":110,"column":0},"end":{"line":110,"column":18}},"110":{"start":{"line":111,"column":0},"end":{"line":111,"column":57}},"112":{"start":{"line":113,"column":0},"end":{"line":113,"column":46}},"115":{"start":{"line":116,"column":0},"end":{"line":116,"column":54}},"116":{"start":{"line":117,"column":0},"end":{"line":117,"column":45}},"117":{"start":{"line":118,"column":0},"end":{"line":118,"column":40}},"118":{"start":{"line":119,"column":0},"end":{"line":119,"column":50}},"119":{"start":{"line":120,"column":0},"end":{"line":120,"column":7}},"120":{"start":{"line":121,"column":0},"end":{"line":121,"column":18}},"121":{"start":{"line":122,"column":0},"end":{"line":122,"column":3}},"124":{"start":{"line":125,"column":0},"end":{"line":125,"column":24}},"125":{"start":{"line":126,"column":0},"end":{"line":126,"column":52}},"126":{"start":{"line":127,"column":0},"end":{"line":127,"column":44}},"127":{"start":{"line":128,"column":0},"end":{"line":128,"column":38}},"128":{"start":{"line":129,"column":0},"end":{"line":129,"column":49}},"129":{"start":{"line":130,"column":0},"end":{"line":130,"column":9}},"130":{"start":{"line":131,"column":0},"end":{"line":131,"column":5}},"131":{"start":{"line":132,"column":0},"end":{"line":132,"column":23}},"132":{"start":{"line":133,"column":0},"end":{"line":133,"column":59}},"133":{"start":{"line":134,"column":0},"end":{"line":134,"column":5}},"134":{"start":{"line":135,"column":0},"end":{"line":135,"column":18}},"135":{"start":{"line":136,"column":0},"end":{"line":136,"column":20}},"136":{"start":{"line":137,"column":0},"end":{"line":137,"column":3}},"139":{"start":{"line":140,"column":0},"end":{"line":140,"column":50}},"140":{"start":{"line":141,"column":0},"end":{"line":141,"column":26}},"141":{"start":{"line":142,"column":0},"end":{"line":142,"column":62}},"142":{"start":{"line":143,"column":0},"end":{"line":143,"column":3}},"143":{"start":{"line":144,"column":0},"end":{"line":144,"column":16}},"144":{"start":{"line":145,"column":0},"end":{"line":145,"column":1}}},"s":{"0":1,"25":1,"33":9,"34":9,"35":9,"36":9,"37":9,"38":9,"41":9,"42":2,"43":2,"44":2,"45":2,"46":2,"49":7,"50":7,"51":7,"53":0,"54":0,"55":0,"56":0,"57":0,"62":7,"63":7,"65":7,"67":7,"68":1,"69":1,"70":1,"71":1,"72":1,"73":1,"76":6,"78":7,"79":1,"80":1,"81":1,"82":1,"83":1,"84":1,"87":5,"88":5,"89":5,"90":5,"91":5,"92":5,"93":7,"94":0,"95":0,"96":0,"97":0,"98":0,"99":7,"106":0,"107":0,"108":0,"109":0,"110":0,"112":0,"115":0,"116":0,"117":0,"118":0,"119":0,"120":0,"121":0,"124":0,"125":0,"126":0,"127":0,"128":0,"129":0,"130":0,"131":0,"132":0,"133":0,"134":0,"135":0,"136":0,"139":0,"140":0,"141":0,"142":0,"143":0,"144":0},"branchMap":{"0":{"type":"branch","line":34,"loc":{"start":{"line":34,"column":0},"end":{"line":58,"column":1}},"locations":[{"start":{"line":34,"column":0},"end":{"line":58,"column":1}}]},"1":{"type":"branch","line":38,"loc":{"start":{"line":38,"column":29},"end":{"line":38,"column":51}},"locations":[{"start":{"line":38,"column":29},"end":{"line":38,"column":51}}]},"2":{"type":"branch","line":42,"loc":{"start":{"line":42,"column":53},"end":{"line":47,"column":3}},"locations":[{"start":{"line":42,"column":53},"end":{"line":47,"column":3}}]},"3":{"type":"branch","line":47,"loc":{"start":{"line":47,"column":2},"end":{"line":52,"column":3}},"locations":[{"start":{"line":47,"column":2},"end":{"line":52,"column":3}}]},"4":{"type":"branch","line":52,"loc":{"start":{"line":52,"column":2},"end":{"line":58,"column":1}},"locations":[{"start":{"line":52,"column":2},"end":{"line":58,"column":1}}]},"5":{"type":"branch","line":63,"loc":{"start":{"line":63,"column":0},"end":{"line":100,"column":1}},"locations":[{"start":{"line":63,"column":0},"end":{"line":100,"column":1}}]},"6":{"type":"branch","line":68,"loc":{"start":{"line":68,"column":30},"end":{"line":74,"column":5}},"locations":[{"start":{"line":68,"column":30},"end":{"line":74,"column":5}}]},"7":{"type":"branch","line":74,"loc":{"start":{"line":74,"column":4},"end":{"line":79,"column":32}},"locations":[{"start":{"line":74,"column":4},"end":{"line":79,"column":32}}]},"8":{"type":"branch","line":79,"loc":{"start":{"line":79,"column":32},"end":{"line":85,"column":5}},"locations":[{"start":{"line":79,"column":32},"end":{"line":85,"column":5}}]},"9":{"type":"branch","line":85,"loc":{"start":{"line":85,"column":4},"end":{"line":94,"column":11}},"locations":[{"start":{"line":85,"column":4},"end":{"line":94,"column":11}}]},"10":{"type":"branch","line":94,"loc":{"start":{"line":94,"column":2},"end":{"line":99,"column":3}},"locations":[{"start":{"line":94,"column":2},"end":{"line":99,"column":3}}]}},"b":{"0":[9],"1":[2],"2":[2],"3":[7],"4":[0],"5":[7],"6":[1],"7":[6],"8":[1],"9":[5],"10":[0]},"fnMap":{"0":{"name":"setup","decl":{"start":{"line":34,"column":0},"end":{"line":58,"column":1}},"loc":{"start":{"line":34,"column":0},"end":{"line":58,"column":1}},"line":34},"1":{"name":"setupShadcn","decl":{"start":{"line":63,"column":0},"end":{"line":100,"column":1}},"loc":{"start":{"line":63,"column":0},"end":{"line":100,"column":1}},"line":63},"2":{"name":"setupCommand","decl":{"start":{"line":107,"column":0},"end":{"line":145,"column":1}},"loc":{"start":{"line":107,"column":0},"end":{"line":145,"column":1}},"line":107}},"f":{"0":9,"1":7,"2":0}}
,"/Users/asleep/Developer/tekton/packages/cli/src/detectors/framework.ts": {"path":"/Users/asleep/Developer/tekton/packages/cli/src/detectors/framework.ts","all":false,"statementMap":{"0":{"start":{"line":1,"column":0},"end":{"line":1,"column":31}},"6":{"start":{"line":7,"column":0},"end":{"line":7,"column":23}},"7":{"start":{"line":8,"column":0},"end":{"line":8,"column":21}},"8":{"start":{"line":9,"column":0},"end":{"line":9,"column":16}},"9":{"start":{"line":10,"column":0},"end":{"line":10,"column":18}},"10":{"start":{"line":11,"column":0},"end":{"line":11,"column":16}},"11":{"start":{"line":12,"column":0},"end":{"line":12,"column":26}},"27":{"start":{"line":28,"column":0},"end":{"line":28,"column":27}},"28":{"start":{"line":29,"column":0},"end":{"line":29,"column":3}},"29":{"start":{"line":30,"column":0},"end":{"line":30,"column":32}},"30":{"start":{"line":31,"column":0},"end":{"line":31,"column":70}},"31":{"start":{"line":32,"column":0},"end":{"line":32,"column":24}},"32":{"start":{"line":33,"column":0},"end":{"line":33,"column":4}},"33":{"start":{"line":34,"column":0},"end":{"line":34,"column":3}},"34":{"start":{"line":35,"column":0},"end":{"line":35,"column":30}},"35":{"start":{"line":36,"column":0},"end":{"line":36,"column":70}},"36":{"start":{"line":37,"column":0},"end":{"line":37,"column":24}},"37":{"start":{"line":38,"column":0},"end":{"line":38,"column":4}},"38":{"start":{"line":39,"column":0},"end":{"line":39,"column":3}},"39":{"start":{"line":40,"column":0},"end":{"line":40,"column":31}},"40":{"start":{"line":41,"column":0},"end":{"line":41,"column":53}},"41":{"start":{"line":42,"column":0},"end":{"line":42,"column":36}},"42":{"start":{"line":43,"column":0},"end":{"line":43,"column":4}},"43":{"start":{"line":44,"column":0},"end":{"line":44,"column":3}},"44":{"start":{"line":45,"column":0},"end":{"line":45,"column":30}},"45":{"start":{"line":46,"column":0},"end":{"line":46,"column":51}},"46":{"start":{"line":47,"column":0},"end":{"line":47,"column":24}},"47":{"start":{"line":48,"column":0},"end":{"line":48,"column":4}},"48":{"start":{"line":49,"column":0},"end":{"line":49,"column":3}},"49":{"start":{"line":50,"column":0},"end":{"line":50,"column":35}},"50":{"start":{"line":51,"column":0},"end":{"line":51,"column":35}},"51":{"start":{"line":52,"column":0},"end":{"line":52,"column":33}},"52":{"start":{"line":53,"column":0},"end":{"line":53,"column":4}},"53":{"start":{"line":54,"column":0},"end":{"line":54,"column":2}},"60":{"start":{"line":61,"column":0},"end":{"line":61,"column":38}},"61":{"start":{"line":62,"column":0},"end":{"line":62,"column":36}},"62":{"start":{"line":63,"column":0},"end":{"line":63,"column":38}},"63":{"start":{"line":64,"column":0},"end":{"line":64,"column":7}},"65":{"start":{"line":66,"column":0},"end":{"line":66,"column":54}},"66":{"start":{"line":67,"column":0},"end":{"line":67,"column":21}},"67":{"start":{"line":68,"column":0},"end":{"line":68,"column":33}},"68":{"start":{"line":69,"column":0},"end":{"line":69,"column":5}},"71":{"start":{"line":72,"column":0},"end":{"line":72,"column":75}},"72":{"start":{"line":73,"column":0},"end":{"line":73,"column":39}},"73":{"start":{"line":74,"column":0},"end":{"line":74,"column":58}},"74":{"start":{"line":75,"column":0},"end":{"line":75,"column":55}},"76":{"start":{"line":77,"column":0},"end":{"line":77,"column":21}},"78":{"start":{"line":79,"column":0},"end":{"line":79,"column":72}},"80":{"start":{"line":81,"column":0},"end":{"line":81,"column":18}},"81":{"start":{"line":82,"column":0},"end":{"line":82,"column":22}},"82":{"start":{"line":83,"column":0},"end":{"line":83,"column":23}},"83":{"start":{"line":84,"column":0},"end":{"line":84,"column":20}},"84":{"start":{"line":85,"column":0},"end":{"line":85,"column":12}},"85":{"start":{"line":86,"column":0},"end":{"line":86,"column":9}},"86":{"start":{"line":87,"column":0},"end":{"line":87,"column":7}},"87":{"start":{"line":88,"column":0},"end":{"line":88,"column":5}},"90":{"start":{"line":91,"column":0},"end":{"line":91,"column":31}},"91":{"start":{"line":92,"column":0},"end":{"line":92,"column":19}},"93":{"start":{"line":94,"column":0},"end":{"line":94,"column":55}},"94":{"start":{"line":95,"column":0},"end":{"line":95,"column":31}},"95":{"start":{"line":96,"column":0},"end":{"line":96,"column":3}},"96":{"start":{"line":97,"column":0},"end":{"line":97,"column":1}},"101":{"start":{"line":102,"column":0},"end":{"line":102,"column":30}},"102":{"start":{"line":103,"column":0},"end":{"line":103,"column":21}},"103":{"start":{"line":104,"column":0},"end":{"line":104,"column":21}},"104":{"start":{"line":105,"column":0},"end":{"line":105,"column":32}},"105":{"start":{"line":106,"column":0},"end":{"line":106,"column":7}},"106":{"start":{"line":107,"column":0},"end":{"line":107,"column":66}},"107":{"start":{"line":108,"column":0},"end":{"line":108,"column":56}},"109":{"start":{"line":110,"column":0},"end":{"line":110,"column":18}},"110":{"start":{"line":111,"column":0},"end":{"line":111,"column":23}},"111":{"start":{"line":112,"column":0},"end":{"line":112,"column":5}},"113":{"start":{"line":114,"column":0},"end":{"line":114,"column":59}},"116":{"start":{"line":117,"column":0},"end":{"line":117,"column":19}},"117":{"start":{"line":118,"column":0},"end":{"line":118,"column":48}},"118":{"start":{"line":119,"column":0},"end":{"line":119,"column":49}},"120":{"start":{"line":121,"column":0},"end":{"line":121,"column":19}},"121":{"start":{"line":122,"column":0},"end":{"line":122,"column":19}},"122":{"start":{"line":123,"column":0},"end":{"line":123,"column":21}},"123":{"start":{"line":124,"column":0},"end":{"line":124,"column":3}},"124":{"start":{"line":125,"column":0},"end":{"line":125,"column":1}}},"s":{"0":1,"6":1,"7":1,"8":1,"9":1,"10":1,"11":1,"27":1,"28":1,"29":1,"30":1,"31":1,"32":1,"33":1,"34":1,"35":1,"36":1,"37":1,"38":1,"39":1,"40":1,"41":1,"42":1,"43":1,"44":1,"45":1,"46":1,"47":1,"48":1,"49":1,"50":1,"51":1,"52":1,"53":1,"60":39,"61":39,"62":39,"63":39,"65":39,"66":39,"67":2,"68":2,"71":39,"72":97,"73":208,"74":208,"76":208,"78":31,"80":31,"81":31,"82":31,"83":31,"84":31,"85":31,"86":208,"87":66,"90":6,"91":39,"93":0,"94":0,"95":0,"96":39,"101":31,"102":31,"103":31,"104":31,"105":31,"106":31,"107":31,"109":31,"110":26,"111":26,"113":5,"116":5,"117":21,"118":2,"120":31,"121":31,"122":0,"123":0,"124":31},"branchMap":{"0":{"type":"branch","line":7,"loc":{"start":{"line":7,"column":7},"end":{"line":7,"column":23}},"locations":[{"start":{"line":7,"column":7},"end":{"line":7,"column":23}}]},"1":{"type":"branch","line":61,"loc":{"start":{"line":61,"column":0},"end":{"line":97,"column":1}},"locations":[{"start":{"line":61,"column":0},"end":{"line":97,"column":1}}]},"2":{"type":"branch","line":67,"loc":{"start":{"line":67,"column":20},"end":{"line":69,"column":5}},"locations":[{"start":{"line":67,"column":20},"end":{"line":69,"column":5}}]},"3":{"type":"branch","line":69,"loc":{"start":{"line":69,"column":4},"end":{"line":72,"column":74}},"locations":[{"start":{"line":69,"column":4},"end":{"line":72,"column":74}}]},"4":{"type":"branch","line":72,"loc":{"start":{"line":72,"column":74},"end":{"line":88,"column":5}},"locations":[{"start":{"line":72,"column":74},"end":{"line":88,"column":5}}]},"5":{"type":"branch","line":73,"loc":{"start":{"line":73,"column":38},"end":{"line":87,"column":7}},"locations":[{"start":{"line":73,"column":38},"end":{"line":87,"column":7}}]},"6":{"type":"branch","line":77,"loc":{"start":{"line":77,"column":20},"end":{"line":86,"column":9}},"locations":[{"start":{"line":77,"column":20},"end":{"line":86,"column":9}}]},"7":{"type":"branch","line":87,"loc":{"start":{"line":87,"column":6},"end":{"line":88,"column":5}},"locations":[{"start":{"line":87,"column":6},"end":{"line":88,"column":5}}]},"8":{"type":"branch","line":88,"loc":{"start":{"line":88,"column":4},"end":{"line":92,"column":11}},"locations":[{"start":{"line":88,"column":4},"end":{"line":92,"column":11}}]},"9":{"type":"branch","line":92,"loc":{"start":{"line":92,"column":2},"end":{"line":96,"column":3}},"locations":[{"start":{"line":92,"column":2},"end":{"line":96,"column":3}}]},"10":{"type":"branch","line":102,"loc":{"start":{"line":102,"column":0},"end":{"line":125,"column":1}},"locations":[{"start":{"line":102,"column":0},"end":{"line":125,"column":1}}]},"11":{"type":"branch","line":110,"loc":{"start":{"line":110,"column":17},"end":{"line":112,"column":5}},"locations":[{"start":{"line":110,"column":17},"end":{"line":112,"column":5}}]},"12":{"type":"branch","line":112,"loc":{"start":{"line":112,"column":4},"end":{"line":118,"column":48}},"locations":[{"start":{"line":112,"column":4},"end":{"line":118,"column":48}}]},"13":{"type":"branch","line":112,"loc":{"start":{"line":112,"column":4},"end":{"line":118,"column":33}},"locations":[{"start":{"line":112,"column":4},"end":{"line":118,"column":33}}]},"14":{"type":"branch","line":118,"loc":{"start":{"line":118,"column":18},"end":{"line":118,"column":48}},"locations":[{"start":{"line":118,"column":18},"end":{"line":118,"column":48}}]},"15":{"type":"branch","line":118,"loc":{"start":{"line":118,"column":44},"end":{"line":119,"column":49}},"locations":[{"start":{"line":118,"column":44},"end":{"line":119,"column":49}}]},"16":{"type":"branch","line":122,"loc":{"start":{"line":122,"column":2},"end":{"line":124,"column":3}},"locations":[{"start":{"line":122,"column":2},"end":{"line":124,"column":3}}]}},"b":{"0":[3],"1":[39],"2":[2],"3":[37],"4":[97],"5":[208],"6":[31],"7":[66],"8":[6],"9":[0],"10":[31],"11":[26],"12":[21],"13":[5],"14":[3],"15":[2],"16":[0]},"fnMap":{"0":{"name":"detectFramework","decl":{"start":{"line":61,"column":0},"end":{"line":97,"column":1}},"loc":{"start":{"line":61,"column":0},"end":{"line":97,"column":1}},"line":61},"1":{"name":"extractVersion","decl":{"start":{"line":102,"column":0},"end":{"line":125,"column":1}},"loc":{"start":{"line":102,"column":0},"end":{"line":125,"column":1}},"line":102}},"f":{"0":39,"1":31}}
,"/Users/asleep/Developer/tekton/packages/cli/src/detectors/shadcn.ts": {"path":"/Users/asleep/Developer/tekton/packages/cli/src/detectors/shadcn.ts","all":false,"statementMap":{"0":{"start":{"line":1,"column":0},"end":{"line":1,"column":31}},"36":{"start":{"line":37,"column":0},"end":{"line":37,"column":35}},"37":{"start":{"line":38,"column":0},"end":{"line":38,"column":36}},"38":{"start":{"line":39,"column":0},"end":{"line":39,"column":35}},"39":{"start":{"line":40,"column":0},"end":{"line":40,"column":7}},"41":{"start":{"line":42,"column":0},"end":{"line":42,"column":54}},"42":{"start":{"line":43,"column":0},"end":{"line":43,"column":21}},"43":{"start":{"line":44,"column":0},"end":{"line":44,"column":34}},"44":{"start":{"line":45,"column":0},"end":{"line":45,"column":5}},"47":{"start":{"line":48,"column":0},"end":{"line":48,"column":64}},"48":{"start":{"line":49,"column":0},"end":{"line":49,"column":51}},"50":{"start":{"line":51,"column":0},"end":{"line":51,"column":18}},"51":{"start":{"line":52,"column":0},"end":{"line":52,"column":34}},"52":{"start":{"line":53,"column":0},"end":{"line":53,"column":5}},"55":{"start":{"line":56,"column":0},"end":{"line":56,"column":41}},"56":{"start":{"line":57,"column":0},"end":{"line":57,"column":9}},"57":{"start":{"line":58,"column":0},"end":{"line":58,"column":45}},"58":{"start":{"line":59,"column":0},"end":{"line":59,"column":21}},"60":{"start":{"line":61,"column":0},"end":{"line":61,"column":61}},"61":{"start":{"line":62,"column":0},"end":{"line":62,"column":34}},"62":{"start":{"line":63,"column":0},"end":{"line":63,"column":5}},"65":{"start":{"line":66,"column":0},"end":{"line":66,"column":59}},"67":{"start":{"line":68,"column":0},"end":{"line":68,"column":12}},"68":{"start":{"line":69,"column":0},"end":{"line":69,"column":22}},"69":{"start":{"line":70,"column":0},"end":{"line":70,"column":17}},"70":{"start":{"line":71,"column":0},"end":{"line":71,"column":13}},"71":{"start":{"line":72,"column":0},"end":{"line":72,"column":14}},"72":{"start":{"line":73,"column":0},"end":{"line":73,"column":6}},"73":{"start":{"line":74,"column":0},"end":{"line":74,"column":19}},"75":{"start":{"line":76,"column":0},"end":{"line":76,"column":52}},"76":{"start":{"line":77,"column":0},"end":{"line":77,"column":32}},"77":{"start":{"line":78,"column":0},"end":{"line":78,"column":3}},"78":{"start":{"line":79,"column":0},"end":{"line":79,"column":1}},"83":{"start":{"line":84,"column":0},"end":{"line":84,"column":36}},"84":{"start":{"line":85,"column":0},"end":{"line":85,"column":20}},"85":{"start":{"line":86,"column":0},"end":{"line":86,"column":32}},"86":{"start":{"line":87,"column":0},"end":{"line":87,"column":7}},"87":{"start":{"line":88,"column":0},"end":{"line":88,"column":66}},"88":{"start":{"line":89,"column":0},"end":{"line":89,"column":56}},"90":{"start":{"line":91,"column":0},"end":{"line":91,"column":18}},"91":{"start":{"line":92,"column":0},"end":{"line":92,"column":23}},"92":{"start":{"line":93,"column":0},"end":{"line":93,"column":5}},"94":{"start":{"line":95,"column":0},"end":{"line":95,"column":59}},"97":{"start":{"line":98,"column":0},"end":{"line":98,"column":19}},"98":{"start":{"line":99,"column":0},"end":{"line":99,"column":48}},"99":{"start":{"line":100,"column":0},"end":{"line":100,"column":51}},"100":{"start":{"line":101,"column":0},"end":{"line":101,"column":45}},"101":{"start":{"line":102,"column":0},"end":{"line":102,"column":46}},"103":{"start":{"line":104,"column":0},"end":{"line":104,"column":19}},"104":{"start":{"line":105,"column":0},"end":{"line":105,"column":19}},"105":{"start":{"line":106,"column":0},"end":{"line":106,"column":21}},"106":{"start":{"line":107,"column":0},"end":{"line":107,"column":3}},"107":{"start":{"line":108,"column":0},"end":{"line":108,"column":1}}},"s":{"0":1,"36":23,"37":23,"38":23,"39":23,"41":23,"42":23,"43":2,"44":2,"47":21,"48":21,"50":23,"51":13,"52":13,"55":8,"56":8,"57":8,"58":23,"60":1,"61":1,"62":1,"65":7,"67":7,"68":7,"69":7,"70":7,"71":7,"72":7,"73":23,"75":0,"76":0,"77":0,"78":23,"83":7,"84":7,"85":7,"86":7,"87":7,"88":7,"90":7,"91":6,"92":6,"94":1,"97":1,"98":4,"99":1,"100":0,"101":0,"103":7,"104":7,"105":0,"106":0,"107":7},"branchMap":{"0":{"type":"branch","line":37,"loc":{"start":{"line":37,"column":0},"end":{"line":79,"column":1}},"locations":[{"start":{"line":37,"column":0},"end":{"line":79,"column":1}}]},"1":{"type":"branch","line":43,"loc":{"start":{"line":43,"column":20},"end":{"line":45,"column":5}},"locations":[{"start":{"line":43,"column":20},"end":{"line":45,"column":5}}]},"2":{"type":"branch","line":45,"loc":{"start":{"line":45,"column":4},"end":{"line":51,"column":17}},"locations":[{"start":{"line":45,"column":4},"end":{"line":51,"column":17}}]},"3":{"type":"branch","line":51,"loc":{"start":{"line":51,"column":17},"end":{"line":53,"column":5}},"locations":[{"start":{"line":51,"column":17},"end":{"line":53,"column":5}}]},"4":{"type":"branch","line":53,"loc":{"start":{"line":53,"column":4},"end":{"line":59,"column":13}},"locations":[{"start":{"line":53,"column":4},"end":{"line":59,"column":13}}]},"5":{"type":"branch","line":53,"loc":{"start":{"line":53,"column":4},"end":{"line":58,"column":45}},"locations":[{"start":{"line":53,"column":4},"end":{"line":58,"column":45}}]},"6":{"type":"branch","line":58,"loc":{"start":{"line":58,"column":43},"end":{"line":59,"column":13}},"locations":[{"start":{"line":58,"column":43},"end":{"line":59,"column":13}}]},"7":{"type":"branch","line":59,"loc":{"start":{"line":59,"column":4},"end":{"line":63,"column":5}},"locations":[{"start":{"line":59,"column":4},"end":{"line":63,"column":5}}]},"8":{"type":"branch","line":63,"loc":{"start":{"line":63,"column":4},"end":{"line":74,"column":11}},"locations":[{"start":{"line":63,"column":4},"end":{"line":74,"column":11}}]},"9":{"type":"branch","line":74,"loc":{"start":{"line":74,"column":2},"end":{"line":78,"column":3}},"locations":[{"start":{"line":74,"column":2},"end":{"line":78,"column":3}}]},"10":{"type":"branch","line":84,"loc":{"start":{"line":84,"column":0},"end":{"line":108,"column":1}},"locations":[{"start":{"line":84,"column":0},"end":{"line":108,"column":1}}]},"11":{"type":"branch","line":91,"loc":{"start":{"line":91,"column":17},"end":{"line":93,"column":5}},"locations":[{"start":{"line":91,"column":17},"end":{"line":93,"column":5}}]},"12":{"type":"branch","line":93,"loc":{"start":{"line":93,"column":4},"end":{"line":99,"column":48}},"locations":[{"start":{"line":93,"column":4},"end":{"line":99,"column":48}}]},"13":{"type":"branch","line":93,"loc":{"start":{"line":93,"column":4},"end":{"line":99,"column":33}},"locations":[{"start":{"line":93,"column":4},"end":{"line":99,"column":33}}]},"14":{"type":"branch","line":99,"loc":{"start":{"line":99,"column":18},"end":{"line":99,"column":48}},"locations":[{"start":{"line":99,"column":18},"end":{"line":99,"column":48}}]},"15":{"type":"branch","line":99,"loc":{"start":{"line":99,"column":44},"end":{"line":100,"column":51}},"locations":[{"start":{"line":99,"column":44},"end":{"line":100,"column":51}}]},"16":{"type":"branch","line":100,"loc":{"start":{"line":100,"column":47},"end":{"line":101,"column":45}},"locations":[{"start":{"line":100,"column":47},"end":{"line":101,"column":45}}]},"17":{"type":"branch","line":101,"loc":{"start":{"line":101,"column":41},"end":{"line":102,"column":46}},"locations":[{"start":{"line":101,"column":41},"end":{"line":102,"column":46}}]},"18":{"type":"branch","line":105,"loc":{"start":{"line":105,"column":2},"end":{"line":107,"column":3}},"locations":[{"start":{"line":105,"column":2},"end":{"line":107,"column":3}}]}},"b":{"0":[23],"1":[2],"2":[21],"3":[13],"4":[10],"5":[8],"6":[7],"7":[1],"8":[7],"9":[0],"10":[7],"11":[6],"12":[4],"13":[1],"14":[0],"15":[1],"16":[0],"17":[0],"18":[0]},"fnMap":{"0":{"name":"detectShadcn","decl":{"start":{"line":37,"column":0},"end":{"line":79,"column":1}},"loc":{"start":{"line":37,"column":0},"end":{"line":79,"column":1}},"line":37},"1":{"name":"extractShadcnVersion","decl":{"start":{"line":84,"column":0},"end":{"line":108,"column":1}},"loc":{"start":{"line":84,"column":0},"end":{"line":108,"column":1}},"line":84}},"f":{"0":23,"1":7}}
,"/Users/asleep/Developer/tekton/packages/cli/src/detectors/tailwind.ts": {"path":"/Users/asleep/Developer/tekton/packages/cli/src/detectors/tailwind.ts","all":false,"statementMap":{"0":{"start":{"line":1,"column":0},"end":{"line":1,"column":31}},"16":{"start":{"line":17,"column":0},"end":{"line":17,"column":34}},"17":{"start":{"line":18,"column":0},"end":{"line":18,"column":23}},"18":{"start":{"line":19,"column":0},"end":{"line":19,"column":24}},"19":{"start":{"line":20,"column":0},"end":{"line":20,"column":23}},"20":{"start":{"line":21,"column":0},"end":{"line":21,"column":2}},"27":{"start":{"line":28,"column":0},"end":{"line":28,"column":37}},"28":{"start":{"line":29,"column":0},"end":{"line":29,"column":36}},"29":{"start":{"line":30,"column":0},"end":{"line":30,"column":37}},"30":{"start":{"line":31,"column":0},"end":{"line":31,"column":7}},"32":{"start":{"line":33,"column":0},"end":{"line":33,"column":54}},"33":{"start":{"line":34,"column":0},"end":{"line":34,"column":21}},"34":{"start":{"line":35,"column":0},"end":{"line":35,"column":34}},"35":{"start":{"line":36,"column":0},"end":{"line":36,"column":5}},"38":{"start":{"line":39,"column":0},"end":{"line":39,"column":53}},"39":{"start":{"line":40,"column":0},"end":{"line":40,"column":56}},"40":{"start":{"line":41,"column":0},"end":{"line":41,"column":53}},"42":{"start":{"line":43,"column":0},"end":{"line":43,"column":19}},"44":{"start":{"line":45,"column":0},"end":{"line":45,"column":65}},"46":{"start":{"line":47,"column":0},"end":{"line":47,"column":16}},"47":{"start":{"line":48,"column":0},"end":{"line":48,"column":26}},"48":{"start":{"line":49,"column":0},"end":{"line":49,"column":21}},"49":{"start":{"line":50,"column":0},"end":{"line":50,"column":18}},"50":{"start":{"line":51,"column":0},"end":{"line":51,"column":10}},"51":{"start":{"line":52,"column":0},"end":{"line":52,"column":7}},"52":{"start":{"line":53,"column":0},"end":{"line":53,"column":5}},"55":{"start":{"line":56,"column":0},"end":{"line":56,"column":32}},"56":{"start":{"line":57,"column":0},"end":{"line":57,"column":19}},"58":{"start":{"line":59,"column":0},"end":{"line":59,"column":54}},"59":{"start":{"line":60,"column":0},"end":{"line":60,"column":32}},"60":{"start":{"line":61,"column":0},"end":{"line":61,"column":3}},"61":{"start":{"line":62,"column":0},"end":{"line":62,"column":1}},"66":{"start":{"line":67,"column":0},"end":{"line":67,"column":38}},"67":{"start":{"line":68,"column":0},"end":{"line":68,"column":20}},"68":{"start":{"line":69,"column":0},"end":{"line":69,"column":32}},"69":{"start":{"line":70,"column":0},"end":{"line":70,"column":7}},"70":{"start":{"line":71,"column":0},"end":{"line":71,"column":66}},"71":{"start":{"line":72,"column":0},"end":{"line":72,"column":56}},"73":{"start":{"line":74,"column":0},"end":{"line":74,"column":18}},"74":{"start":{"line":75,"column":0},"end":{"line":75,"column":23}},"75":{"start":{"line":76,"column":0},"end":{"line":76,"column":5}},"77":{"start":{"line":78,"column":0},"end":{"line":78,"column":59}},"80":{"start":{"line":81,"column":0},"end":{"line":81,"column":19}},"81":{"start":{"line":82,"column":0},"end":{"line":82,"column":50}},"82":{"start":{"line":83,"column":0},"end":{"line":83,"column":51}},"84":{"start":{"line":85,"column":0},"end":{"line":85,"column":19}},"85":{"start":{"line":86,"column":0},"end":{"line":86,"column":19}},"86":{"start":{"line":87,"column":0},"end":{"line":87,"column":21}},"87":{"start":{"line":88,"column":0},"end":{"line":88,"column":3}},"88":{"start":{"line":89,"column":0},"end":{"line":89,"column":1}}},"s":{"0":1,"16":1,"17":1,"18":1,"19":1,"20":1,"27":25,"28":25,"29":25,"30":25,"32":25,"33":25,"34":2,"35":2,"38":25,"39":50,"40":50,"42":50,"44":16,"46":16,"47":16,"48":16,"49":16,"50":16,"51":16,"52":50,"55":7,"56":25,"58":0,"59":0,"60":0,"61":25,"66":16,"67":16,"68":16,"69":16,"70":16,"71":16,"73":16,"74":15,"75":15,"77":1,"80":1,"81":7,"82":1,"84":16,"85":16,"86":0,"87":0,"88":16},"branchMap":{"0":{"type":"branch","line":28,"loc":{"start":{"line":28,"column":0},"end":{"line":62,"column":1}},"locations":[{"start":{"line":28,"column":0},"end":{"line":62,"column":1}}]},"1":{"type":"branch","line":34,"loc":{"start":{"line":34,"column":20},"end":{"line":36,"column":5}},"locations":[{"start":{"line":34,"column":20},"end":{"line":36,"column":5}}]},"2":{"type":"branch","line":36,"loc":{"start":{"line":36,"column":4},"end":{"line":39,"column":52}},"locations":[{"start":{"line":36,"column":4},"end":{"line":39,"column":52}}]},"3":{"type":"branch","line":39,"loc":{"start":{"line":39,"column":52},"end":{"line":53,"column":5}},"locations":[{"start":{"line":39,"column":52},"end":{"line":53,"column":5}}]},"4":{"type":"branch","line":43,"loc":{"start":{"line":43,"column":18},"end":{"line":52,"column":7}},"locations":[{"start":{"line":43,"column":18},"end":{"line":52,"column":7}}]},"5":{"type":"branch","line":53,"loc":{"start":{"line":53,"column":4},"end":{"line":57,"column":11}},"locations":[{"start":{"line":53,"column":4},"end":{"line":57,"column":11}}]},"6":{"type":"branch","line":57,"loc":{"start":{"line":57,"column":2},"end":{"line":61,"column":3}},"locations":[{"start":{"line":57,"column":2},"end":{"line":61,"column":3}}]},"7":{"type":"branch","line":67,"loc":{"start":{"line":67
[...]
},"61":{"start":{"line":62,"column":0},"end":{"line":62,"column":42}},"62":{"start":{"line":63,"column":0},"end":{"line":63,"column":12}},"63":{"start":{"line":64,"column":0},"end":{"line":64,"column":20}},"64":{"start":{"line":65,"column":0},"end":{"line":65,"column":41}},"65":{"start":{"line":66,"column":0},"end":{"line":66,"column":28}},"66":{"start":{"line":67,"column":0},"end":{"line":67,"column":6}},"67":{"start":{"line":68,"column":0},"end":{"line":68,"column":3}},"69":{"start":{"line":70,"column":0},"end":{"line":70,"column":27}},"70":{"start":{"line":71,"column":0},"end":{"line":71,"column":12}},"71":{"start":{"line":72,"column":0},"end":{"line":72,"column":20}},"72":{"start":{"line":73,"column":0},"end":{"line":73,"column":94}},"73":{"start":{"line":74,"column":0},"end":{"line":74,"column":34}},"74":{"start":{"line":75,"column":0},"end":{"line":75,"column":6}},"75":{"start":{"line":76,"column":0},"end":{"line":76,"column":3}},"77":{"start":{"line":78,"column":0},"end":{"line":78,"column":29}},"78":{"start":{"line":79,"column":0},"end":{"line":79,"column":12}},"79":{"start":{"line":80,"column":0},"end":{"line":80,"column":20}},"80":{"start":{"line":81,"column":0},"end":{"line":81,"column":75}},"81":{"start":{"line":82,"column":0},"end":{"line":82,"column":32}},"82":{"start":{"line":83,"column":0},"end":{"line":83,"column":6}},"83":{"start":{"line":84,"column":0},"end":{"line":84,"column":3}},"85":{"start":{"line":86,"column":0},"end":{"line":86,"column":42}},"86":{"start":{"line":87,"column":0},"end":{"line":87,"column":12}},"87":{"start":{"line":88,"column":0},"end":{"line":88,"column":20}},"88":{"start":{"line":89,"column":0},"end":{"line":89,"column":75}},"89":{"start":{"line":90,"column":0},"end":{"line":90,"column":35}},"90":{"start":{"line":91,"column":0},"end":{"line":91,"column":6}},"91":{"start":{"line":92,"column":0},"end":{"line":92,"column":3}},"93":{"start":{"line":94,"column":0},"end":{"line":94,"column":14}},"94":{"start":{"line":95,"column":0},"end":{"line":95,"column":1}},"99":{"start":{"line":100,"column":0},"end":{"line":100,"column":75}},"100":{"start":{"line":101,"column":0},"end":{"line":101,"column":55}},"102":{"start":{"line":103,"column":0},"end":{"line":103,"column":56}},"103":{"start":{"line":104,"column":0},"end":{"line":104,"column":12}},"104":{"start":{"line":105,"column":0},"end":{"line":105,"column":27}},"105":{"start":{"line":106,"column":0},"end":{"line":106,"column":103}},"106":{"start":{"line":107,"column":0},"end":{"line":107,"column":34}},"107":{"start":{"line":108,"column":0},"end":{"line":108,"column":6}},"108":{"start":{"line":109,"column":0},"end":{"line":109,"column":3}},"110":{"start":{"line":111,"column":0},"end":{"line":111,"column":14}},"111":{"start":{"line":112,"column":0},"end":{"line":112,"column":1}},"116":{"start":{"line":117,"column":0},"end":{"line":117,"column":69}},"117":{"start":{"line":118,"column":0},"end":{"line":118,"column":55}},"119":{"start":{"line":120,"column":0},"end":{"line":120,"column":50}},"120":{"start":{"line":121,"column":0},"end":{"line":121,"column":12}},"121":{"start":{"line":122,"column":0},"end":{"line":122,"column":24}},"122":{"start":{"line":123,"column":0},"end":{"line":123,"column":94}},"123":{"start":{"line":124,"column":0},"end":{"line":124,"column":31}},"124":{"start":{"line":125,"column":0},"end":{"line":125,"column":6}},"125":{"start":{"line":126,"column":0},"end":{"line":126,"column":3}},"127":{"start":{"line":128,"column":0},"end":{"line":128,"column":14}},"128":{"start":{"line":129,"column":0},"end":{"line":129,"column":1}},"133":{"start":{"line":134,"column":0},"end":{"line":134,"column":65}},"134":{"start":{"line":135,"column":0},"end":{"line":135,"column":51}},"136":{"start":{"line":137,"column":0},"end":{"line":137,"column":46}},"137":{"start":{"line":138,"column":0},"end":{"line":138,"column":12}},"138":{"start":{"line":139,"column":0},"end":{"line":139,"column":22}},"139":{"start":{"line":140,"column":0},"end":{"line":140,"column":88}},"140":{"start":{"line":141,"column":0},"end":{"line":141,"column":29}},"141":{"start":{"line":142,"column":0},"end":{"line":142,"column":6}},"142":{"start":{"line":143,"column":0},"end":{"line":143,"column":3}},"144":{"start":{"line":145,"column":0},"end":{"line":145,"column":14}},"145":{"start":{"line":146,"column":0},"end":{"line":146,"column":1}},"150":{"start":{"line":151,"column":0},"end":{"line":151,"column":36}},"151":{"start":{"line":152,"column":0},"end":{"line":152,"column":27}},"152":{"start":{"line":153,"column":0},"end":{"line":153,"column":27}},"153":{"start":{"line":154,"column":0},"end":{"line":154,"column":24}},"154":{"start":{"line":155,"column":0},"end":{"line":155,"column":46}},"157":{"start":{"line":158,"column":0},"end":{"line":158,"column":93}},"158":{"start":{"line":159,"column":0},"end":{"line":159,"column":35}},"159":{"start":{"line":160,"column":0},"end":{"line":160,"column":85}},"160":{"start":{"line":161,"column":0},"end":{"line":161,"column":22}},"161":{"start":{"line":162,"column":0},"end":{"line":162,"column":20}},"162":{"start":{"line":163,"column":0},"end":{"line":163,"column":34}},"163":{"start":{"line":164,"column":0},"end":{"line":164,"column":32}},"164":{"start":{"line":165,"column":0},"end":{"line":165,"column":38}},"165":{"start":{"line":166,"column":0},"end":{"line":166,"column":7}},"166":{"start":{"line":167,"column":0},"end":{"line":167,"column":3}},"169":{"start":{"line":170,"column":0},"end":{"line":170,"column":60}},"170":{"start":{"line":171,"column":0},"end":{"line":171,"column":25}},"171":{"start":{"line":172,"column":0},"end":{"line":172,"column":95}},"172":{"start":{"line":173,"column":0},"end":{"line":173,"column":24}},"173":{"start":{"line":174,"column":0},"end":{"line":174,"column":24}},"174":{"start":{"line":175,"column":0},"end":{"line":175,"column":28}},"175":{"start":{"line":176,"column":0},"end":{"line":176,"column":25}},"176":{"start":{"line":177,"column":0},"end":{"line":177,"column":56}},"177":{"start":{"line":178,"column":0},"end":{"line":178,"column":71}},"178":{"start":{"line":179,"column":0},"end":{"line":179,"column":9}},"179":{"start":{"line":180,"column":0},"end":{"line":180,"column":5}},"180":{"start":{"line":181,"column":0},"end":{"line":181,"column":3}},"182":{"start":{"line":183,"column":0},"end":{"line":183,"column":21}},"183":{"start":{"line":184,"column":0},"end":{"line":184,"column":1}},"188":{"start":{"line":189,"column":0},"end":{"line":189,"column":24}},"189":{"start":{"line":190,"column":0},"end":{"line":190,"column":27}},"190":{"start":{"line":191,"column":0},"end":{"line":191,"column":34}},"191":{"start":{"line":192,"column":0},"end":{"line":192,"column":19}},"192":{"start":{"line":193,"column":0},"end":{"line":193,"column":32}},"194":{"start":{"line":195,"column":0},"end":{"line":195,"column":41}},"195":{"start":{"line":196,"column":0},"end":{"line":196,"column":38}},"196":{"start":{"line":197,"column":0},"end":{"line":197,"column":45}},"197":{"start":{"line":198,"column":0},"end":{"line":198,"column":51}},"198":{"start":{"line":199,"column":0},"end":{"line":199,"column":51}},"199":{"start":{"line":200,"column":0},"end":{"line":200,"column":5}},"200":{"start":{"line":201,"column":0},"end":{"line":201,"column":3}},"202":{"start":{"line":203,"column":0},"end":{"line":203,"column":15}},"203":{"start":{"line":204,"column":0},"end":{"line":204,"column":1}},"208":{"start":{"line":209,"column":0},"end":{"line":209,"column":45}},"209":{"start":{"line":210,"column":0},"end":{"line":210,"column":27}},"210":{"start":{"line":211,"column":0},"end":{"line":211,"column":41}},"211":{"start":{"line":212,"column":0},"end":{"line":212,"column":38}},"212":{"start":{"line":213,"column":0},"end":{"line":213,"column":39}},"213":{"start":{"line":214,"column":0},"end":{"line":214,"column":41}},"216":{"start":{"line":217,"column":0},"end":{"line":217,"column":54}},"217":{"start":{"line":218,"column":0},"end":{"line":218,"column":18}},"218":{"start":{"line":219,"column":0},"end":{"line":219,"column":27}},"219":{"start":{"line":220,"column":0},"end":{"line":220,"column":3}},"222":{"start":{"line":223,"column":0},"end":{"line":223,"column":61}},"223":{"start":{"line":224,"column":0},"end":{"line":224,"column":17}},"224":{"start":{"line":225,"column":0},"end":{"line":225,"column":26}},"225":{"start":{"line":226,"column":0},"end":{"line":226,"column":3}},"228":{"start":{"line":229,"column":0},"end":{"line":229,"column":56}},"229":{"start":{"line":230,"column":0},"end":{"line":230,"column":18}},"230":{"start":{"line":231,"column":0},"end":{"line":231,"column":27}},"231":{"start":{"line":232,"column":0},"end":{"line":232,"column":3}},"234":{"start":{"line":235,"column":0},"end":{"line":235,"column":54}},"235":{"start":{"line":236,"column":0},"end":{"line":236,"column":20}},"236":{"start":{"line":237,"column":0},"end":{"line":237,"column":29}},"237":{"start":{"line":238,"column":0},"end":{"line":238,"column":3}},"240":{"start":{"line":241,"column":0},"end":{"line":241,"column":41}},"241":{"start":{"line":242,"column":0},"end":{"line":242,"column":19}},"242":{"start":{"line":243,"column":0},"end":{"line":243,"column":26}},"243":{"start":{"line":244,"column":0},"end":{"line":244,"column":93}},"244":{"start":{"line":245,"column":0},"end":{"line":245,"column":31}},"245":{"start":{"line":246,"column":0},"end":{"line":246,"column":7}},"246":{"start":{"line":247,"column":0},"end":{"line":247,"column":3}},"249":{"start":{"line":250,"column":0},"end":{"line":250,"column":58}},"250":{"start":{"line":251,"column":0},"end":{"line":251,"column":40}},"252":{"start":{"line":253,"column":0},"end":{"line":253,"column":24}},"253":{"start":{"line":254,"column":0},"end":{"line":254,"column":70}},"255":{"start":{"line":256,"column":0},"end":{"line":256,"column":62}},"256":{"start":{"line":257,"column":0},"end":{"line":257,"column":59}},"257":{"start":{"line":258,"column":0},"end":{"line":258,"column":5}},"258":{"start":{"line":259,"column":0},"end":{"line":259,"column":3}},"261":{"start":{"line":262,"column":0},"end":{"line":262,"column":71}},"263":{"start":{"line":264,"column":0},"end":{"line":264,"column":10}},"264":{"start":{"line":265,"column":0},"end":{"line":265,"column":34}},"265":{"start":{"line":266,"column":0},"end":{"line":266,"column":11}},"266":{"start":{"line":267,"column":0},"end":{"line":267,"column":13}},"267":{"start":{"line":268,"column":0},"end":{"line":268,"column":23}},"268":{"start":{"line":269,"column":0},"end":{"line":269,"column":10}},"269":{"start":{"line":270,"column":0},"end":{"line":270,"column":4}},"270":{"start":{"line":271,"column":0},"end":{"line":271,"column":1}}},"s":{"0":1,"60":13,"61":13,"62":0,"63":0,"64":0,"65":0,"66":0,"67":0,"69":13,"70":1,"71":1,"72":1,"73":1,"74":1,"75":1,"77":13,"78":3,"79":3,"80":3,"81":3,"82":3,"83":3,"85":13,"86":0,"87":0,"88":0,"89":0,"90":0,"91":0,"93":9,"94":9,"99":13,"100":13,"102":13,"103":4,"104":4,"105":4,"106":4,"107":4,"108":4,"110":9,"111":9,"116":13,"117":13,"119":13,"120":2,"121":2,"122":2,"123":2,"124":2,"125":2,"127":11,"128":11,"133":13,"134":13,"136":13,"137":2,"138":2,"139":2,"140":2,"141":2,"142":2,"144":11,"145":11,"150":3,"151":3,"152":3,"153":3,"154":3,"157":3,"158":3,"159":2,"160":2,"161":2,"162":2,"163":2,"164":2,"165":2,"166":2,"169":3,"170":3,"171":3,"172":3,"173":3,"174":3,"175":3,"176":3,"177":3,"178":3,"179":3,"180":3,"182":3,"183":3,"188":1,"189":1,"190":1,"191":1,"192":1,"194":1,"195":2,"196":1,"197":1,"198":1,"199":1,"200":2,"202":1,"203":1,"208":13,"209":13,"210":13,"211":13,"212":13,"213":13,"216":13,"217":13,"218":4,"219":4,"222":13,"223":13,"224":4,"225":4,"228":13,"229":13,"230":2,"231":2,"234":13,"235":13,"236":2,"237":2,"240":13,"241":11,"242":11,"243":11,"244":11,"245":11,"246":11,"249":13,"250":13,"252":13,"253":3,"255":3,"256":1,"257":1,"258":3,"261":13,"263":13,"264":13,"265":13,"266":13,"267":13,"268":13,"269":13,"270":13},"branchMap":{"0":{"type":"branch","line":61,"loc":{"start":{"line":61,"column":0},"end":{"line":95,"column":1}},"locations":[{"start":{"line":61,"column":0},"end":{"line":95,"column":1}}]},"1":{"type":"branch","line":62,"loc":{"start":{"line":62,"column":41},"end":{"line":68,"column":3}},"locations":[{"start":{"line":62,"column":41},"end":{"line":68,"column":3}}]},"2":{"type":"branch","line":70,"loc":{"start":{"line":70,"column":26},"end":{"line":76,"column":3}},"locations":[{"start":{"line":70,"column":26},"end":{"line":76,"column":3}}]},"3":{"type":"branch","line":76,"loc":{"start":{"line":76,"column":2},"end":{"line":78,"column":28}},"locations":[{"start":{"line":76,"column":2},"end":{"line":78,"column":28}}]},"4":{"type":"branch","line":78,"loc":{"start":{"line":78,"column":28},"end":{"line":84,"column":3}},"locations":[{"start":{"line":78,"column":28},"end":{"line":84,"column":3}}]},"5":{"type":"branch","line":84,"loc":{"start":{"line":84,"column":2},"end":{"line":86,"column":41}},"locations":[{"start":{"line":84,"column":2},"end":{"line":86,"column":41}}]},"6":{"type":"branch","line":86,"loc":{"start":{"line":86,"column":41},"end":{"line":92,"column":3}},"locations":[{"start":{"line":86,"column":41},"end":{"line":92,"column":3}}]},"7":{"type":"branch","line":92,"loc":{"start":{"line":92,"column":2},"end":{"line":95,"column":1}},"locations":[{"start":{"line":92,"column":2},"end":{"line":95,"column":1}}]},"8":{"type":"branch","line":100,"loc":{"start":{"line":100,"column":0},"end":{"line":112,"column":1}},"locations":[{"start":{"line":100,"column":0},"end":{"line":112,"column":1}}]},"9":{"type":"branch","line":103,"loc":{"start":{"line":103,"column":55},"end":{"line":109,"column":3}},"locations":[{"start":{"line":103,"column":55},"end":{"line":109,"column":3}}]},"10":{"type":"branch","line":109,"loc":{"start":{"line":109,"column":2},"end":{"line":112,"column":1}},"locations":[{"start":{"line":109,"column":2},"end":{"line":112,"column":1}}]},"11":{"type":"branch","line":117,"loc":{"start":{"line":117,"column":0},"end":{"line":129,"column":1}},"locations":[{"start":{"line":117,"column":0},"end":{"line":129,"column":1}}]},"12":{"type":"branch","line":120,"loc":{"start":{"line":120,"column":49},"end":{"line":126,"column":3}},"locations":[{"start":{"line":120,"column":49},"end":{"line":126,"column":3}}]},"13":{"type":"branch","line":126,"loc":{"start":{"line":126,"column":2},"end":{"line":129,"column":1}},"locations":[{"start":{"line":126,"column":2},"end":{"line":129,"column":1}}]},"14":{"type":"branch","line":134,"loc":{"start":{"line":134,"column":0},"end":{"line":146,"column":1}},"locations":[{"start":{"line":134,"column":0},"end":{"line":146,"column":1}}]},"15":{"type":"branch","line":137,"loc":{"start":{"line":137,"column":45},"end":{"line":143,"column":3}},"locations":[{"start":{"line":137,"column":45},"end":{"line":143,"column":3}}]},"16":{"type":"branch","line":143,"loc":{"start":{"line":143,"column":2},"end":{"line":146,"column":1}},"locations":[{"start":{"line":143,"column":2},"end":{"line":146,"column":1}}]},"17":{"type":"branch","line":151,"loc":{"start":{"line":151,"column":0},"end":{"line":184,"column":1}},"locations":[{"start":{"line":151,"column":0},"end":{"line":184,"column":1}}]},"18":{"type":"branch","line":159,"loc":{"start":{"line":159,"column":6},"end":{"line":159,"column":34}},"locations":[{"start":{"line":159,"column":6},"end":{"line":159,"column":34}}]},"19":{"type":"branch","line":159,"loc":{"start":{"line":159,"column":34},"end":{"line":167,"column":3}},"locations":[{"start":{"line":159,"column":34},"end":{"line":167,"column":3}}]},"20":{"type":"branch","line":158,"loc":{"start":{"line":158,"column":32},"end":{"line":158,"column":91}},"locations":[{"start":{"line":158,"column":32},"end":{"line":158,"column":91}}]},"21":{"type":"branch","line":189,"loc":{"start":{"line":189,"column":0},"end":{"line":204,"column":1}},"locations":[{"start":{"line":189,"column":0},"end":{"line":204,"column":1}}]},"22":{"type":"branch","line":195,"loc":{"start":{"line":195,"column":40},"end":{"line":201,"column":3}},"locations":[{"start":{"line":195,"column":40},"end":{"line":201,"column":3}}]},"23":{"type":"branch","line":196,"loc":{"start":{"line":196,"column":37},"end":{"line":200,"column":5}},"locations":[{"start":{"line":196,"column":37},"end":{"line":200,"column":5}}]},"24":{"type":"branch","line":209,"loc":{"start":{"line":209,"column":0},"end":{"line":271,"column":1}},"locations":[{"start":{"line":209,"column":0},"end":{"line":271,"column":1}}]},"25":{"type":"branch","line":218,"loc":{"start":{"line":218,"column":17},"end":{"line":220,"column":3}},"locations":[{"start":{"line":218,"column":17},"end":{"line":220,"column":3}}]},"26":{"type":"branch","line":224,"loc":{"start":{"line":224,"column":16},"end":{"line":226,"column":3}},"locations":[{"start":{"line":224,"column":16},"end":{"line":226,"column":3}}]},"27":{"type":"branch","line":230,"loc":{"start":{"line":230,"column":17},"end":{"line":232,"column":3}},"locations":[{"start":{"line":230,"column":17},"end":{"line":232,"column":3}}]},"28":{"type":"branch","line":236,"loc":{"start":{"line":236,"column":19},"end":{"line":238,"column":3}},"locations":[{"start":{"line":236,"column":19},"end":{"line":238,"column":3}}]},"29":{"type":"branch","line":241,"loc":{"start":{"line":241,"column":40},"end":{"line":247,"column":3}},"locations":[{"start":{"line":241,"column":40},"end":{"line":247,"column":3}}]},"30":{"type":"branch","line":253,"loc":{"start":{"line":253,"column":23},"end":{"line":259,"column":3}},"locations":[{"start":{"line":253,"column":23},"end":{"line":259,"column":3}}]},"31":{"type":"branch","line":256,"loc":{"start":{"line":256,"column":16},"end":{"line":256,"column":61}},"locations":[{"start":{"line":256,"column":16},"end":{"line":256,"column":61}}]},"32":{"type":"branch","line":256,"loc":{"start":{"line":256,"column":61},"end":{"line":258,"column":5}},"locations":[{"start":{"line":256,"column":61},"end":{"line":258,"column":5}}]},"33":{"type":"branch","line":262,"loc":{"start":{"line":262,"column":28},"end":{"line":262,"column":64}},"locations":[{"start":{"line":262,"column":28},"end":{"line":262,"column":64}}]},"34":{"type":"branch","line":262,"loc":{"start":{"line":262,"column":60},"end":{"line":262,"column":71}},"locations":[{"start":{"line":262,"column":60},"end":{"line":262,"column":71}}]}},"b":{"0":[13],"1":[0],"2":[1],"3":[12],"4":[3],"5":[9],"6":[0],"7":[9],"8":[13],"9":[4],"10":[9],"11":[13],"12":[2],"13":[11],"14":[13],"15":[2],"16":[11],"17":[3],"18":[2],"19":[2],"20":[2],"21":[1],"22":[2],"23":[1],"24":[13],"25":[4],"26":[4],"27":[2],"28":[2],"29":[11],"30":[3],"31":[1],"32":[1],"33":[1],"34":[12]},"fnMap":{"0":{"name":"validateScreenName","decl":{"start":{"line":61,"column":0},"end":{"line":95,"column":1}},"loc":{"start":{"line":61,"column":0},"end":{"line":95,"column":1}},"line":61},"1":{"name":"validateEnvironment","decl":{"start":{"line":100,"column":0},"end":{"line":112,"column":1}},"loc":{"start":{"line":100,"column":0},"end":{"line":112,"column":1}},"line":100},"2":{"name":"validateSkeleton","decl":{"start":{"line":117,"column":0},"end":{"line":129,"column":1}},"loc":{"start":{"line":117,"column":0},"end":{"line":129,"column":1}},"line":117},"3":{"name":"validateIntent","decl":{"start":{"line":134,"column":0},"end":{"line":146,"column":1}},"loc":{"start":{"line":134,"column":0},"end":{"line":146,"column":1}},"line":134},"4":{"name":"generateAutoFixSuggestions","decl":{"start":{"line":151,"column":0},"end":{"line":184,"column":1}},"loc":{"start":{"line":151,"column":0},"end":{"line":184,"column":1}},"line":151},"5":{"name":"applyAutoFixes","decl":{"start":{"line":189,"column":0},"end":{"line":204,"column":1}},"loc":{"start":{"line":189,"column":0},"end":{"line":204,"column":1}},"line":189},"6":{"name":"validateScreenContract","decl":{"start":{"line":209,"column":0},"end":{"line":271,"column":1}},"loc":{"start":{"line":209,"column":0},"end":{"line":271,"column":1}},"line":209}},"f":{"0":13,"1":13,"2":13,"3":13,"4":3,"5":1,"6":13}}
}
