TN:
SF:src/commands/create-screen.ts
FN:74,validateScreenName
FN:97,validateEnvironment
FN:104,validateSkeleton
FN:111,validateIntent
FN:118,getSuggestedComponents
FN:128,createScreen
FN:340,createScreenCommand
FNF:7
FNH:6
FNDA:45,validateScreenName
FNDA:42,validateEnvironment
FNDA:41,validateSkeleton
FNDA:40,validateIntent
FNDA:39,getSuggestedComponents
FNDA:45,createScreen
FNDA:0,createScreenCommand
DA:1,1
DA:3,1
DA:59,1
DA:64,1
DA:69,1
DA:74,45
DA:75,45
DA:76,1
DA:77,1
DA:79,45
DA:80,1
DA:81,1
DA:83,45
DA:84,1
DA:85,1
DA:87,45
DA:88,0
DA:89,0
DA:91,42
DA:92,42
DA:97,42
DA:98,42
DA:99,42
DA:104,41
DA:105,41
DA:106,41
DA:111,40
DA:112,40
DA:113,40
DA:118,39
DA:119,39
DA:120,39
DA:121,39
DA:128,45
DA:129,45
DA:131,45
DA:132,45
DA:133,3
DA:134,3
DA:135,3
DA:136,3
DA:137,3
DA:139,42
DA:140,42
DA:141,42
DA:142,45
DA:145,45
DA:146,6
DA:151,6
DA:152,6
DA:153,6
DA:154,0
DA:155,0
DA:156,0
DA:157,0
DA:158,0
DA:159,0
DA:160,0
DA:161,0
DA:162,0
DA:163,6
DA:164,6
DA:165,0
DA:166,0
DA:167,0
DA:168,0
DA:169,0
DA:170,0
DA:171,0
DA:172,0
DA:173,0
DA:174,6
DA:175,6
DA:176,0
DA:177,0
DA:178,0
DA:179,0
DA:180,0
DA:181,0
DA:182,0
DA:183,0
DA:184,0
DA:185,6
DA:187,6
DA:188,6
DA:189,6
DA:190,6
DA:193,45
DA:194,1
DA:195,1
DA:196,1
DA:197,1
DA:198,1
DA:200,45
DA:201,1
DA:202,1
DA:203,1
DA:204,1
DA:205,1
DA:207,45
DA:208,1
DA:209,1
DA:210,1
DA:211,1
DA:212,1
DA:215,39
DA:218,45
DA:219,35
DA:220,35
DA:223,39
DA:224,39
DA:225,39
DA:226,39
DA:227,39
DA:228,39
DA:229,39
DA:232,39
DA:233,39
DA:234,39
DA:235,45
DA:236,45
DA:237,45
DA:238,45
DA:239,45
DA:240,45
DA:241,45
DA:242,45
DA:243,45
DA:244,45
DA:245,45
DA:246,45
DA:248,45
DA:249,0
DA:250,0
DA:251,0
DA:252,0
DA:253,0
DA:255,39
DA:256,39
DA:257,39
DA:258,39
DA:259,39
DA:260,39
DA:261,39
DA:262,39
DA:263,39
DA:264,39
DA:266,45
DA:267,0
DA:268,0
DA:269,0
DA:270,0
DA:271,0
DA:273,39
DA:274,39
DA:275,39
DA:276,39
DA:277,39
DA:278,39
DA:280,45
DA:281,0
DA:282,0
DA:283,0
DA:284,0
DA:285,0
DA:288,39
DA:289,45
DA:291,0
DA:293,0
DA:296,0
DA:297,0
DA:298,0
DA:299,0
DA:300,0
DA:301,0
DA:302,0
DA:303,0
DA:305,0
DA:306,0
DA:307,0
DA:308,0
DA:309,0
DA:310,0
DA:311,0
DA:312,0
DA:314,0
DA:315,0
DA:316,0
DA:317,0
DA:319,39
DA:320,39
DA:321,39
DA:322,39
DA:323,39
DA:324,39
DA:325,39
DA:326,39
DA:327,45
DA:328,0
DA:329,0
DA:330,0
DA:331,0
DA:332,0
DA:333,45
DA:340,0
DA:341,0
DA:342,0
DA:343,0
DA:344,0
DA:346,0
DA:348,0
DA:349,0
DA:350,0
DA:351,0
DA:354,0
DA:355,0
DA:356,0
DA:357,0
DA:358,0
DA:359,0
DA:360,0
DA:361,0
DA:362,0
LF:223
LH:133
BRDA:74,0,0,45
BRDA:75,1,0,44
BRDA:75,2,0,1
BRDA:77,3,0,44
BRDA:79,4,0,1
BRDA:81,5,0,43
BRDA:83,6,0,1
BRDA:85,7,0,42
BRDA:87,8,0,0
BRDA:89,9,0,42
BRDA:97,10,0,42
BRDA:104,11,0,41
BRDA:111,12,0,40
BRDA:118,13,0,39
BRDA:120,14,0,0
BRDA:128,15,0,45
BRDA:132,16,0,3
BRDA:137,17,0,42
BRDA:142,18,0,38
BRDA:145,19,0,6
BRDA:153,20,0,0
BRDA:164,21,0,0
BRDA:175,22,0,0
BRDA:187,23,0,0
BRDA:188,24,0,0
BRDA:189,25,0,0
BRDA:190,26,0,42
BRDA:193,27,0,1
BRDA:198,28,0,41
BRDA:200,29,0,1
BRDA:205,30,0,40
BRDA:207,31,0,1
BRDA:212,32,0,39
BRDA:218,33,0,35
BRDA:220,34,0,39
BRDA:235,35,0,3
BRDA:235,36,0,36
BRDA:248,37,0,0
BRDA:253,38,0,39
BRDA:266,39,0,0
BRDA:271,40,0,39
BRDA:280,41,0,0
BRDA:285,42,0,39
BRDA:289,43,0,0
BRDA:317,44,0,39
BRDA:327,45,0,0
BRF:46
BRH:33
end_of_record
TN:
SF:src/commands/detect.ts
FN:22,detect
FN:65,formatDetectionMessage
FN:116,detectCommand
FNF:3
FNH:2
FNDA:10,detect
FNDA:10,formatDetectionMessage
FNDA:0,detectCommand
DA:1,1
DA:22,10
DA:23,10
DA:24,10
DA:25,10
DA:27,10
DA:28,10
DA:29,10
DA:30,10
DA:31,10
DA:33,10
DA:34,10
DA:35,10
DA:36,10
DA:37,10
DA:40,10
DA:41,10
DA:42,10
DA:43,10
DA:44,10
DA:45,10
DA:46,10
DA:47,10
DA:49,10
DA:50,10
DA:52,0
DA:53,0
DA:54,0
DA:55,0
DA:56,0
DA:57,0
DA:58,0
DA:59,0
DA:60,10
DA:65,10
DA:66,10
DA:67,10
DA:68,10
DA:69,10
DA:70,10
DA:71,10
DA:72,10
DA:73,10
DA:76,10
DA:77,6
DA:78,6
DA:79,0
DA:80,0
DA:81,6
DA:82,10
DA:83,4
DA:84,4
DA:87,10
DA:88,5
DA:89,5
DA:90,0
DA:91,0
DA:92,5
DA:93,5
DA:94,5
DA:95,5
DA:98,10
DA:99,2
DA:100,2
DA:101,2
DA:102,2
DA:103,2
DA:104,10
DA:105,8
DA:106,8
DA:108,10
DA:109,10
DA:116,0
DA:117,0
DA:119,0
DA:121,0
DA:123,0
DA:124,0
DA:125,0
DA:126,0
DA:128,0
DA:129,0
DA:130,0
LF:83
LH:60
BRDA:22,0,0,10
BRDA:46,1,0,2
BRDA:50,2,0,0
BRDA:65,3,0,10
BRDA:76,4,0,6
BRDA:78,5,0,0
BRDA:82,6,0,4
BRDA:87,7,0,5
BRDA:89,8,0,0
BRDA:98,9,0,2
BRDA:104,10,0,8
BRF:11
BRH:8
end_of_record
TN:
SF:src/commands/generate.ts
FN:44,generate
FN:59,validate
FN:133,generateCommand
FNF:3
FNH:1
FNDA:14,generate
FNDA:0,validate
FNDA:0,generateCommand
DA:1,1
DA:3,1
DA:37,1
DA:44,14
DA:45,14
DA:47,14
DA:48,14
DA:49,14
DA:52,14
DA:53,3
DA:54,3
DA:55,3
DA:56,3
DA:57,3
DA:58,3
DA:59,3
DA:60,0
DA:61,0
DA:62,0
DA:63,3
DA:64,3
DA:65,3
DA:66,3
DA:67,3
DA:68,3
DA:69,3
DA:70,3
DA:71,3
DA:73,3
DA:74,3
DA:75,3
DA:78,14
DA:79,1
DA:80,1
DA:81,1
DA:82,1
DA:83,1
DA:88,13
DA:89,13
DA:90,13
DA:91,13
DA:94,12
DA:95,12
DA:98,11
DA:99,11
DA:102,11
DA:103,11
DA:106,11
DA:107,14
DA:108,2
DA:109,2
DA:111,11
DA:112,11
DA:113,11
DA:114,11
DA:115,11
DA:116,11
DA:117,11
DA:118,11
DA:119,11
DA:120,14
DA:121,2
DA:122,2
DA:123,2
DA:124,2
DA:125,2
DA:126,14
DA:133,0
DA:134,0
DA:136,0
DA:138,0
DA:139,0
DA:140,0
DA:141,0
DA:144,0
DA:145,0
DA:146,0
DA:147,0
DA:148,0
DA:149,0
DA:150,0
DA:153,0
DA:154,0
DA:155,0
DA:156,0
DA:157,0
DA:158,0
DA:159,0
LF:88
LH:64
BRDA:44,0,0,14
BRDA:45,1,0,0
BRDA:49,2,0,4
BRDA:52,3,0,3
BRDA:52,4,0,3
BRDA:78,5,0,1
BRDA:83,6,0,13
BRDA:91,7,0,12
BRDA:95,8,0,11
BRDA:107,9,0,2
BRDA:107,10,0,2
BRDA:109,11,0,11
BRDA:120,12,0,2
BRDA:123,13,0,0
BRF:14
BRH:12
end_of_record
TN:
SF:src/commands/setup.ts
FN:34,setup
FN:63,setupShadcn
FN:107,setupCommand
FNF:3
FNH:2
FNDA:9,setup
FNDA:7,setupShadcn
FNDA:0,setupCommand
DA:1,1
DA:26,1
DA:34,9
DA:35,9
DA:36,9
DA:37,9
DA:38,9
DA:39,9
DA:42,9
DA:43,2
DA:44,2
DA:45,2
DA:46,2
DA:47,2
DA:50,7
DA:51,7
DA:52,7
DA:54,0
DA:55,0
DA:56,0
DA:57,0
DA:58,0
DA:63,7
DA:64,7
DA:66,7
DA:68,7
DA:69,1
DA:70,1
DA:71,1
DA:72,1
DA:73,1
DA:74,1
DA:77,6
DA:79,7
DA:80,1
DA:81,1
DA:82,1
DA:83,1
DA:84,1
DA:85,1
DA:88,5
DA:89,5
DA:90,5
DA:91,5
DA:92,5
DA:93,5
DA:94,7
DA:95,0
DA:96,0
DA:97,0
DA:98,0
DA:99,0
DA:100,7
DA:107,0
DA:108,0
DA:109,0
DA:110,0
DA:111,0
DA:113,0
DA:116,0
DA:117,0
DA:118,0
DA:119,0
DA:120,0
DA:121,0
DA:122,0
DA:125,0
DA:126,0
DA:127,0
DA:128,0
DA:129,0
DA:130,0
DA:131,0
DA:132,0
DA:133,0
DA:134,0
DA:135,0
DA:136,0
DA:137,0
DA:140,0
DA:141,0
DA:142,0
DA:143,0
DA:144,0
DA:145,0
LF:85
LH:43
BRDA:34,0,0,9
BRDA:38,1,0,2
BRDA:42,2,0,2
BRDA:47,3,0,7
BRDA:52,4,0,0
BRDA:63,5,0,7
BRDA:68,6,0,1
BRDA:74,7,0,6
BRDA:79,8,0,1
BRDA:85,9,0,5
BRDA:94,10,0,0
BRF:11
BRH:9
end_of_record
TN:
SF:src/detectors/framework.ts
FN:61,detectFramework
FN:102,extractVersion
FNF:2
FNH:2
FNDA:39,detectFramework
FNDA:31,extractVersion
DA:1,1
DA:7,1
DA:8,1
DA:9,1
DA:10,1
DA:11,1
DA:12,1
DA:28,1
DA:29,1
DA:30,1
DA:31,1
DA:32,1
DA:33,1
DA:34,1
DA:35,1
DA:36,1
DA:37,1
DA:38,1
DA:39,1
DA:40,1
DA:41,1
DA:42,1
DA:43,1
DA:44,1
DA:45,1
DA:46,1
DA:47,1
DA:48,1
DA:49,1
DA:50,1
DA:51,1
DA:52,1
DA:53,1
DA:54,1
DA:61,39
DA:62,39
DA:63,39
DA:64,39
DA:66,39
DA:67,39
DA:68,2
DA:69,2
DA:72,39
DA:73,97
DA:74,208
DA:75,208
DA:77,208
DA:79,31
DA:81,31
DA:82,31
DA:83,31
DA:84,31
DA:85,31
DA:86,31
DA:87,208
DA:88,66
DA:91,6
DA:92,39
DA:94,0
DA:95,0
DA:96,0
DA:97,39
DA:102,31
DA:103,31
DA:104,31
DA:105,31
DA:106,31
DA:107,31
DA:108,31
DA:110,31
DA:111,26
DA:112,26
DA:114,5
DA:117,5
DA:118,21
DA:119,2
DA:121,31
DA:122,31
DA:123,0
DA:124,0
DA:125,31
LF:81
LH:76
BRDA:7,0,0,3
BRDA:61,1,0,39
BRDA:67,2,0,2
BRDA:69,3,0,37
BRDA:72,4,0,97
BRDA:73,5,0,208
BRDA:77,6,0,31
BRDA:87,7,0,66
BRDA:88,8,0,6
BRDA:92,9,0,0
BRDA:102,10,0,31
BRDA:110,11,0,26
BRDA:112,12,0,21
BRDA:112,13,0,5
BRDA:118,14,0,3
BRDA:118,15,0,2
BRDA:122,16,0,0
BRF:17
BRH:15
end_of_record
TN:
SF:src/detectors/shadcn.ts
FN:37,detectShadcn
FN:84,extractShadcnVersion
FNF:2
FNH:2
FNDA:23,detectShadcn
FNDA:7,extractShadcnVersion
DA:1,1
DA:37,23
DA:38,23
DA:39,23
DA:40,23
DA:42,23
DA:43,23
DA:44,2
DA:45,2
DA:48,21
DA:49,21
DA:51,23
DA:52,13
DA:53,13
DA:56,8
DA:57,8
DA:58,8
DA:59,23
DA:61,1
DA:62,1
DA:63,1
DA:66,7
DA:68,7
DA:69,7
DA:70,7
DA:71,7
DA:72,7
DA:73,7
DA:74,23
DA:76,0
DA:77,0
DA:78,0
DA:79,23
DA:84,7
DA:85,7
DA:86,7
DA:87,7
DA:88,7
DA:89,7
DA:91,7
DA:92,6
DA:93,6
DA:95,1
DA:98,1
DA:99,4
DA:100,1
DA:101,0
DA:102,0
DA:104,7
DA:105,7
DA:106,0
DA:107,0
DA:108,7
LF:53
LH:46
BRDA:37,0,0,23
BRDA:43,1,0,2
BRDA:45,2,0,21
BRDA:51,3,0,13
BRDA:53,4,0,10
BRDA:53,5,0,8
BRDA:58,6,0,7
BRDA:59,7,0,1
BRDA:63,8,0,7
BRDA:74,9,0,0
BRDA:84,10,0,7
BRDA:91,11,0,6
BRDA:93,12,0,4
BRDA:93,13,0,1
BRDA:99,14,0,0
BRDA:99,15,0,1
BRDA:100,16,0,0
BRDA:101,17,0,0
BRDA:105,18,0,0
BRF:19
BRH:14
end_of_record
TN:
SF:src/detectors/tailwind.ts
FN:28,detectTailwind
FN:67,extractTailwindVersion
FNF:2
FNH:2
FNDA:25,detectTailwind
FNDA:16,extractTailwindVersion
DA:1,1
DA:17,1
DA:18,1
DA:19,1
DA:20,1
DA:21,1
DA:28,25
DA:29,25
DA:30,25
DA:31,25
DA:33,25
DA:34,25
DA:35,2
DA:36,2
DA:39,25
DA:40,50
DA:41,50
DA:43,50
DA:45,16
DA:47,16
DA:48,16
DA:49,16
DA:50,16
DA:51,16
DA:52,16
DA:53,50
DA:56,7
DA:57,25
DA:59,0
DA:60,0
DA:61,0
DA:62,25
DA:67,16
DA:68,16
DA:69,16
DA:70,16
DA:71,16
DA:72,16
DA:74,16
DA:75,15
DA:76,15
DA:78,1
DA:81,1
DA:82,7
DA:83,1
DA:85,16
DA:86,16
DA:87,0
DA:88,0
DA:89,16
LF:50
LH:45
BRDA:28,0,0,25
BRDA:34,1,0,2
BRDA:36,2,0,23
BRDA:39,3,0,50
BRDA:43,4,0,16
BRDA:53,5,0,7
BRDA:57,6,0,0
BRDA:67,7,0,16
BRDA:74,8,0,15
BRDA:76,9,0,7
BRDA:76,10,0,1
BRDA:82,11,0,0
BRDA:82,12,0,1
BRDA:86,13,0,0
BRF:14
BRH:11
end_of_record
TN:
SF:src/generators/agent-context-generator.ts
FN:53,generateContextData
FN:81,generateDocumentation
FN:147,generateAgentContext
FNF:3
FNH:3
FNDA:8,generateContextData
FNDA:2,generateDocumentation
FNDA:8,generateAgentContext
DA:1,1
DA:53,8
DA:54,8
DA:56,8
DA:57,80
DA:58,80
DA:60,8
DA:61,8
DA:62,8
DA:63,8
DA:64,8
DA:65,8
DA:66,8
DA:67,8
DA:68,8
DA:69,8
DA:70,8
DA:71,8
DA:72,8
DA:73,8
DA:74,8
DA:75,8
DA:76,8
DA:81,2
DA:82,2
DA:84,2
DA:85,2
DA:86,2
DA:87,2
DA:88,2
DA:89,2
DA:90,2
DA:91,2
DA:93,2
DA:94,12
DA:95,12
DA:97,2
DA:98,2
DA:99,2
DA:100,2
DA:101,2
DA:103,2
DA:104,12
DA:105,12
DA:107,2
DA:108,2
DA:109,2
DA:110,2
DA:111,2
DA:113,2
DA:114,20
DA:115,20
DA:116,20
DA:117,20
DA:118,80
DA:119,80
DA:120,20
DA:121,20
DA:123,2
DA:124,2
DA:125,2
DA:126,2
DA:127,2
DA:128,2
DA:129,2
DA:130,2
DA:131,2
DA:132,2
DA:133,2
DA:134,2
DA:135,2
DA:136,2
DA:137,2
DA:138,2
DA:139,2
DA:141,2
DA:142,2
DA:147,8
DA:148,8
DA:149,8
DA:150,8
DA:152,8
DA:155,8
DA:156,8
DA:158,8
DA:159,8
DA:160,8
DA:163,8
DA:164,2
DA:165,2
DA:166,2
DA:167,2
DA:168,2
DA:169,2
DA:171,8
DA:172,8
DA:173,8
DA:174,8
DA:175,8
DA:176,0
DA:177,0
DA:178,0
DA:179,0
DA:180,0
DA:181,8
LF:105
LH:100
BRDA:53,0,0,8
BRDA:56,1,0,80
BRDA:81,2,0,2
BRDA:93,3,0,12
BRDA:103,4,0,12
BRDA:113,5,0,20
BRDA:117,6,0,80
BRDA:147,7,0,8
BRDA:163,8,0,2
BRDA:175,9,0,0
BRF:10
BRH:9
end_of_record
TN:
SF:src/generators/screen-generator.ts
FN:35,checkDuplicateScreen
FN:46,generatePageTemplate
FN:73,generateLayoutTemplate
FN:99,generateComponentsIndex
FN:114,generateScreenFiles
FNF:5
FNH:5
FNDA:21,checkDuplicateScreen
FNDA:14,generatePageTemplate
FNDA:14,generateLayoutTemplate
FNDA:14,generateComponentsIndex
FNDA:17,generateScreenFiles
DA:1,1
DA:35,21
DA:36,21
DA:37,21
DA:38,21
DA:39,21
DA:40,21
DA:41,21
DA:46,14
DA:47,14
DA:49,14
DA:50,14
DA:51,0
DA:53,14
DA:55,14
DA:56,14
DA:57,14
DA:59,14
DA:61,14
DA:62,14
DA:63,14
DA:68,14
DA:73,14
DA:74,14
DA:76,14
DA:80,14
DA:88,14
DA:94,14
DA:99,14
DA:100,14
DA:101,0
DA:102,0
DA:104,14
DA:105,14
DA:106,14
DA:108,14
DA:109,14
DA:114,17
DA:115,17
DA:116,17
DA:117,17
DA:119,17
DA:122,17
DA:124,17
DA:125,1
DA:126,1
DA:127,1
DA:128,1
DA:129,1
DA:132,16
DA:133,16
DA:136,17
DA:137,1
DA:138,1
DA:140,16
DA:142,14
DA:143,14
DA:144,14
DA:146,14
DA:148,14
DA:149,14
DA:150,14
DA:153,14
DA:154,14
DA:155,14
DA:157,14
DA:158,14
DA:159,14
DA:160,14
DA:161,14
DA:162,14
DA:163,14
DA:164,14
DA:165,14
DA:166,17
DA:168,0
DA:169,0
DA:170,0
DA:171,17
DA:172,2
DA:173,2
DA:174,2
DA:175,2
DA:176,2
DA:177,17
LF:85
LH:79
BRDA:35,0,0,21
BRDA:46,1,0,14
BRDA:50,2,0,0
BRDA:73,3,0,14
BRDA:99,4,0,14
BRDA:100,5,0,0
BRDA:105,6,0,24
BRDA:114,7,0,17
BRDA:119,8,0,16
BRDA:124,9,0,2
BRDA:124,10,0,1
BRDA:129,11,0,16
BRDA:136,12,0,1
BRDA:136,13,0,1
BRDA:138,14,0,16
BRDA:140,15,0,14
BRDA:166,16,0,0
BRDA:171,17,0,2
BRDA:174,18,0,0
BRF:19
BRH:15
end_of_record
TN:
SF:src/generators/token-injector.ts
FN:25,generateTailwindTokens
FN:71,generateStyleSheetTokens
FN:112,injectTokens
FNF:3
FNH:3
FNDA:4,generateTailwindTokens
FNDA:3,generateStyleSheetTokens
FNDA:3,injectTokens
DA:1,1
DA:25,1
DA:26,4
DA:28,4
DA:29,4
DA:32,4
DA:33,4
DA:34,4
DA:35,4
DA:36,4
DA:37,4
DA:39,4
DA:40,4
DA:43,4
DA:44,16
DA:45,16
DA:47,4
DA:48,4
DA:51,4
DA:52,12
DA:53,12
DA:55,4
DA:56,4
DA:57,4
DA:58,4
DA:59,4
DA:60,4
DA:61,4
DA:62,4
DA:63,4
DA:65,4
DA:66,4
DA:71,1
DA:72,3
DA:74,3
DA:75,3
DA:76,3
DA:79,3
DA:80,3
DA:81,3
DA:82,3
DA:83,3
DA:86,3
DA:87,12
DA:88,12
DA:91,3
DA:92,9
DA:93,9
DA:95,3
DA:96,3
DA:97,3
DA:98,3
DA:99,3
DA:100,3
DA:101,3
DA:102,3
DA:103,3
DA:104,3
DA:106,3
DA:107,3
DA:112,3
DA:113,3
DA:114,3
DA:115,3
DA:116,3
DA:117,3
DA:119,3
DA:120,2
DA:121,2
DA:122,3
DA:123,1
DA:124,1
DA:125,1
DA:126,0
DA:127,0
DA:128,0
DA:130,3
DA:131,3
DA:132,3
DA:133,3
DA:134,3
DA:135,3
DA:136,0
DA:137,0
DA:138,0
DA:139,0
DA:140,0
DA:141,0
DA:142,0
DA:143,3
LF:90
LH:80
BRDA:25,0,0,4
BRDA:43,1,0,16
BRDA:51,2,0,12
BRDA:71,3,0,3
BRDA:86,4,0,12
BRDA:91,5,0,9
BRDA:112,6,0,3
BRDA:119,7,0,1
BRDA:119,8,0,2
BRDA:122,9,0,1
BRDA:122,10,0,0
BRDA:125,11,0,0
BRDA:135,12,0,0
BRF:13
BRH:10
end_of_record
TN:
SF:src/setup/shadcn-installer.ts
FN:35,checkPrerequisites
FN:77,installShadcn
FNF:2
FNH:2
FNDA:6,checkPrerequisites
FNDA:4,installShadcn
DA:1,1
DA:35,6
DA:36,6
DA:37,6
DA:38,6
DA:39,6
DA:42,6
DA:43,6
DA:44,6
DA:45,6
DA:46,6
DA:49,6
DA:50,2
DA:51,2
DA:54,6
DA:55,2
DA:56,2
DA:59,6
DA:60,1
DA:61,1
DA:63,6
DA:64,6
DA:65,6
DA:66,6
DA:67,6
DA:68,6
DA:69,6
DA:70,6
DA:77,4
DA:78,4
DA:79,4
DA:80,4
DA:82,4
DA:84,4
DA:85,4
DA:86,4
DA:87,4
DA:90,3
DA:91,3
DA:93,4
DA:94,2
DA:95,2
DA:97,3
DA:98,3
DA:99,3
DA:100,4
DA:101,4
DA:102,4
DA:103,4
DA:104,1
DA:105,1
DA:106,1
DA:107,1
DA:108,1
DA:109,1
DA:110,4
LF:56
LH:56
BRDA:35,0,0,6
BRDA:49,1,0,2
BRDA:54,2,0,2
BRDA:59,3,0,1
BRDA:77,4,0,4
BRDA:87,5,0,3
BRDA:93,6,0,2
BRDA:95,7,0,3
BRDA:100,8,0,1
BRDA:100,9,0,2
BRDA:103,10,0,1
BRDA:106,11,0,0
BRF:12
BRH:11
end_of_record
TN:
SF:src/utils/environment-detector.ts
FN:21,detectEnvironment
FNF:1
FNH:1
FNDA:5,detectEnvironment
DA:1,1
DA:21,5
DA:22,5
DA:23,5
DA:24,5
DA:25,5
DA:27,5
DA:28,0
DA:29,0
DA:30,0
DA:31,0
DA:32,0
DA:33,0
DA:35,5
DA:36,5
DA:39,5
DA:40,5
DA:42,5
DA:43,2
DA:44,2
DA:45,2
DA:46,2
DA:47,2
DA:48,2
DA:49,2
DA:50,2
DA:53,3
DA:54,3
DA:56,5
DA:57,2
DA:58,2
DA:59,2
DA:60,2
DA:61,2
DA:62,2
DA:63,2
DA:64,2
DA:66,1
DA:67,1
DA:68,1
DA:69,1
DA:70,1
DA:71,1
DA:72,1
DA:73,1
DA:74,1
DA:77,0
DA:78,0
DA:79,0
DA:80,0
DA:81,0
DA:82,0
DA:83,0
DA:84,0
DA:86,0
DA:87,0
DA:88,0
DA:89,0
DA:90,0
DA:91,0
DA:92,0
DA:93,0
DA:94,0
DA:95,0
DA:96,0
DA:97,0
DA:98,5
LF:67
LH:41
BRDA:21,0,0,5
BRDA:27,1,0,0
BRDA:42,2,0,4
BRDA:42,3,0,2
BRDA:50,4,0,3
BRDA:56,5,0,2
BRDA:64,6,0,1
BRDA:74,7,0,0
BRF:8
BRH:6
end_of_record
TN:
SF:src/utils/file-helpers.ts
FN:9,fileExists
FN:23,findFirstExisting
FN:41,readJSON
FN:55,getPackageVersion
FNF:4
FNH:4
FNDA:7,fileExists
FNDA:3,findFirstExisting
FNDA:8,readJSON
FNDA:5,getPackageVersion
DA:1,1
DA:9,7
DA:10,7
DA:11,7
DA:12,7
DA:13,0
DA:14,0
DA:15,7
DA:23,3
DA:24,3
DA:25,3
DA:26,3
DA:27,3
DA:28,5
DA:29,5
DA:30,2
DA:31,2
DA:32,5
DA:33,1
DA:34,1
DA:41,8
DA:42,8
DA:43,8
DA:44,8
DA:45,3
DA:46,3
DA:47,8
DA:55,5
DA:56,5
DA:57,5
DA:58,5
DA:59,5
DA:60,5
DA:63,5
DA:65,5
DA:66,1
DA:67,1
DA:69,4
DA:70,5
DA:71,2
DA:73,5
LF:41
LH:39
BRDA:9,0,0,7
BRDA:12,1,0,0
BRDA:23,2,0,3
BRDA:27,3,0,5
BRDA:29,4,0,2
BRDA:32,5,0,1
BRDA:41,6,0,8
BRDA:44,7,0,3
BRDA:55,8,0,5
BRDA:65,9,0,1
BRDA:67,10,0,4
BRDA:70,11,0,3
BRDA:70,12,0,2
BRDA:71,13,0,1
BRF:14
BRH:13
end_of_record
TN:
SF:src/utils/token-wrapper.ts
FN:1,(empty-report)
FNF:1
FNH:0
FNDA:0,(empty-report)
DA:1,0
DA:23,0
DA:24,0
DA:25,0
DA:26,0
DA:29,0
DA:32,0
DA:34,0
DA:35,0
DA:36,0
DA:37,0
DA:38,0
DA:39,0
DA:44,0
DA:45,0
DA:47,0
DA:81,0
DA:87,0
DA:89,0
DA:94,0
DA:95,0
DA:121,0
DA:159,0
DA:161,0
LF:24
LH:0
BRDA:1,0,0,0
BRF:1
BRH:0
end_of_record
TN:
SF:src/utils/validators.ts
FN:11,isValidHexColor
FN:20,validateHexColor
FNF:2
FNH:2
FNDA:35,isValidHexColor
FNDA:6,validateHexColor
DA:1,1
DA:4,1
DA:11,1
DA:12,35
DA:13,35
DA:20,1
DA:21,6
DA:22,1
DA:23,1
DA:24,6
DA:25,2
DA:26,2
DA:27,3
DA:28,3
LF:14
LH:14
BRDA:11,0,0,35
BRDA:20,1,0,6
BRDA:21,2,0,1
BRDA:23,3,0,5
BRDA:24,4,0,2
BRDA:26,5,0,3
BRF:6
BRH:6
end_of_record
TN:
SF:src/validators/contract-validator.ts
FN:61,validateScreenName
FN:100,validateEnvironment
FN:117,validateSkeleton
FN:134,validateIntent
FN:151,generateAutoFixSuggestions
FN:189,applyAutoFixes
FN:209,validateScreenContract
FNF:7
FNH:7
FNDA:13,validateScreenName
FNDA:13,validateEnvironment
FNDA:13,validateSkeleton
FNDA:13,validateIntent
FNDA:3,generateAutoFixSuggestions
FNDA:1,applyAutoFixes
FNDA:13,validateScreenContract
DA:1,1
DA:61,13
DA:62,13
DA:63,0
DA:64,0
DA:65,0
DA:66,0
DA:67,0
DA:68,0
DA:70,13
DA:71,1
DA:72,1
DA:73,1
DA:74,1
DA:75,1
DA:76,1
DA:78,13
DA:79,3
DA:80,3
DA:81,3
DA:82,3
DA:83,3
DA:84,3
DA:86,13
DA:87,0
DA:88,0
DA:89,0
DA:90,0
DA:91,0
DA:92,0
DA:94,9
DA:95,9
DA:100,13
DA:101,13
DA:103,13
DA:104,4
DA:105,4
DA:106,4
DA:107,4
DA:108,4
DA:109,4
DA:111,9
DA:112,9
DA:117,13
DA:118,13
DA:120,13
DA:121,2
DA:122,2
DA:123,2
DA:124,2
DA:125,2
DA:126,2
DA:128,11
DA:129,11
DA:134,13
DA:135,13
DA:137,13
DA:138,2
DA:139,2
DA:140,2
DA:141,2
DA:142,2
DA:143,2
DA:145,11
DA:146,11
DA:151,3
DA:152,3
DA:153,3
DA:154,3
DA:155,3
DA:158,3
DA:159,3
DA:160,2
DA:161,2
DA:162,2
DA:163,2
DA:164,2
DA:165,2
DA:166,2
DA:167,2
DA:170,3
DA:171,3
DA:172,3
DA:173,3
DA:174,3
DA:175,3
DA:176,3
DA:177,3
DA:178,3
DA:179,3
DA:180,3
DA:181,3
DA:183,3
DA:184,3
DA:189,1
DA:190,1
DA:191,1
DA:192,1
DA:193,1
DA:195,1
DA:196,2
DA:197,1
DA:198,1
DA:199,1
DA:200,1
DA:201,2
DA:203,1
DA:204,1
DA:209,13
DA:210,13
DA:211,13
DA:212,13
DA:213,13
DA:214,13
DA:217,13
DA:218,13
DA:219,4
DA:220,4
DA:223,13
DA:224,13
DA:225,4
DA:226,4
DA:229,13
DA:230,13
DA:231,2
DA:232,2
DA:235,13
DA:236,13
DA:237,2
DA:238,2
DA:241,13
DA:242,11
DA:243,11
DA:244,11
DA:245,11
DA:246,11
DA:247,11
DA:250,13
DA:251,13
DA:253,13
DA:254,3
DA:256,3
DA:257,1
DA:258,1
DA:259,3
DA:262,13
DA:264,13
DA:265,13
DA:266,13
DA:267,13
DA:268,13
DA:269,13
DA:270,13
DA:271,13
LF:154
LH:142
BRDA:61,0,0,13
BRDA:62,1,0,0
BRDA:70,2,0,1
BRDA:76,3,0,12
BRDA:78,4,0,3
BRDA:84,5,0,9
BRDA:86,6,0,0
BRDA:92,7,0,9
BRDA:100,8,0,13
BRDA:103,9,0,4
BRDA:109,10,0,9
BRDA:117,11,0,13
BRDA:120,12,0,2
BRDA:126,13,0,11
BRDA:134,14,0,13
BRDA:137,15,0,2
BRDA:143,16,0,11
BRDA:151,17,0,3
BRDA:159,18,0,2
BRDA:159,19,0,2
BRDA:158,20,0,2
BRDA:189,21,0,1
BRDA:195,22,0,2
BRDA:196,23,0,1
BRDA:209,24,0,13
BRDA:218,25,0,4
BRDA:224,26,0,4
BRDA:230,27,0,2
BRDA:236,28,0,2
BRDA:241,29,0,11
BRDA:253,30,0,3
BRDA:256,31,0,1
BRDA:256,32,0,1
BRDA:262,33,0,1
BRDA:262,34,0,12
BRF:35
BRH:33
end_of_record
