TN:
SF:src/commands/detect.ts
FN:22,detect
FN:65,formatDetectionMessage
FN:116,detectCommand
FNF:3
FNH:2
FNDA:10,detect
FNDA:10,formatDetectionMessage
FNDA:0,detectCommand
DA:1,1
DA:22,10
DA:23,10
DA:24,10
DA:25,10
DA:27,10
DA:28,10
DA:29,10
DA:30,10
DA:31,10
DA:33,10
DA:34,10
DA:35,10
DA:36,10
DA:37,10
DA:40,10
DA:41,10
DA:42,10
DA:43,10
DA:44,10
DA:45,10
DA:46,10
DA:47,10
DA:49,10
DA:50,10
DA:52,0
DA:53,0
DA:54,0
DA:55,0
DA:56,0
DA:57,0
DA:58,0
DA:59,0
DA:60,10
DA:65,10
DA:66,10
DA:67,10
DA:68,10
DA:69,10
DA:70,10
DA:71,10
DA:72,10
DA:73,10
DA:76,10
DA:77,6
DA:78,6
DA:79,0
DA:80,0
DA:81,6
DA:82,10
DA:83,4
DA:84,4
DA:87,10
DA:88,5
DA:89,5
DA:90,0
DA:91,0
DA:92,5
DA:93,5
DA:94,5
DA:95,5
DA:98,10
DA:99,2
DA:100,2
DA:101,2
DA:102,2
DA:103,2
DA:104,10
DA:105,8
DA:106,8
DA:108,10
DA:109,10
DA:116,0
DA:117,0
DA:119,0
DA:121,0
DA:123,0
DA:124,0
DA:125,0
DA:126,0
DA:128,0
DA:129,0
DA:130,0
LF:83
LH:60
BRDA:22,0,0,10
BRDA:46,1,0,2
BRDA:50,2,0,0
BRDA:65,3,0,10
BRDA:76,4,0,6
BRDA:78,5,0,0
BRDA:82,6,0,4
BRDA:87,7,0,5
BRDA:89,8,0,0
BRDA:98,9,0,2
BRDA:104,10,0,8
BRF:11
BRH:8
end_of_record
TN:
SF:src/commands/generate.ts
FN:42,generate
FN:57,validate
FN:131,generateCommand
FNF:3
FNH:1
FNDA:14,generate
FNDA:0,validate
FNDA:0,generateCommand
DA:1,1
DA:35,1
DA:42,14
DA:43,14
DA:45,14
DA:46,14
DA:47,14
DA:50,14
DA:51,3
DA:52,3
DA:53,3
DA:54,3
DA:55,3
DA:56,3
DA:57,3
DA:58,0
DA:59,0
DA:60,0
DA:61,3
DA:62,3
DA:63,3
DA:64,3
DA:65,3
DA:66,3
DA:67,3
DA:68,3
DA:69,3
DA:71,3
DA:72,3
DA:73,3
DA:76,14
DA:77,1
DA:78,1
DA:79,1
DA:80,1
DA:81,1
DA:84,13
DA:86,13
DA:87,13
DA:88,13
DA:89,13
DA:92,12
DA:93,12
DA:96,11
DA:97,11
DA:100,11
DA:101,11
DA:104,11
DA:105,14
DA:106,2
DA:107,2
DA:109,11
DA:110,11
DA:111,11
DA:112,11
DA:113,11
DA:114,11
DA:115,11
DA:116,11
DA:117,11
DA:118,14
DA:119,2
DA:120,2
DA:121,2
DA:122,2
DA:123,2
DA:124,14
DA:131,0
DA:132,0
DA:134,0
DA:136,0
DA:137,0
DA:138,0
DA:139,0
DA:142,0
DA:143,0
DA:144,0
DA:145,0
DA:146,0
DA:147,0
DA:148,0
DA:151,0
DA:152,0
DA:153,0
DA:154,0
DA:155,0
DA:156,0
DA:157,0
LF:88
LH:64
BRDA:42,0,0,14
BRDA:43,1,0,0
BRDA:47,2,0,4
BRDA:50,3,0,3
BRDA:50,4,0,3
BRDA:76,5,0,1
BRDA:81,6,0,13
BRDA:89,7,0,12
BRDA:93,8,0,11
BRDA:105,9,0,2
BRDA:105,10,0,2
BRDA:107,11,0,11
BRDA:118,12,0,2
BRDA:121,13,0,0
BRF:14
BRH:12
end_of_record
TN:
SF:src/commands/setup.ts
FN:34,setup
FN:63,setupShadcn
FN:107,setupCommand
FNF:3
FNH:2
FNDA:9,setup
FNDA:7,setupShadcn
FNDA:0,setupCommand
DA:1,1
DA:26,1
DA:34,9
DA:35,9
DA:36,9
DA:37,9
DA:38,9
DA:39,9
DA:42,9
DA:43,2
DA:44,2
DA:45,2
DA:46,2
DA:47,2
DA:50,7
DA:51,7
DA:52,7
DA:54,0
DA:55,0
DA:56,0
DA:57,0
DA:58,0
DA:63,7
DA:64,7
DA:66,7
DA:68,7
DA:69,1
DA:70,1
DA:71,1
DA:72,1
DA:73,1
DA:74,1
DA:77,6
DA:79,7
DA:80,1
DA:81,1
DA:82,1
DA:83,1
DA:84,1
DA:85,1
DA:88,5
DA:89,5
DA:90,5
DA:91,5
DA:92,5
DA:93,5
DA:94,7
DA:95,0
DA:96,0
DA:97,0
DA:98,0
DA:99,0
DA:100,7
DA:107,0
DA:108,0
DA:109,0
DA:110,0
DA:111,0
DA:113,0
DA:116,0
DA:117,0
DA:118,0
DA:119,0
DA:120,0
DA:121,0
DA:122,0
DA:125,0
DA:126,0
DA:127,0
DA:128,0
DA:129,0
DA:130,0
DA:131,0
DA:132,0
DA:133,0
DA:134,0
DA:135,0
DA:136,0
DA:137,0
DA:140,0
DA:141,0
DA:142,0
DA:143,0
DA:144,0
DA:145,0
LF:85
LH:43
BRDA:34,0,0,9
BRDA:38,1,0,2
BRDA:42,2,0,2
BRDA:47,3,0,7
BRDA:52,4,0,0
BRDA:63,5,0,7
BRDA:68,6,0,1
BRDA:74,7,0,6
BRDA:79,8,0,1
BRDA:85,9,0,5
BRDA:94,10,0,0
BRF:11
BRH:9
end_of_record
TN:
SF:src/detectors/framework.ts
FN:49,detectFramework
FN:90,extractVersion
FNF:2
FNH:2
FNDA:31,detectFramework
FNDA:23,extractVersion
DA:1,1
DA:7,1
DA:8,1
DA:9,1
DA:10,1
DA:26,1
DA:27,1
DA:28,1
DA:29,1
DA:30,1
DA:31,1
DA:32,1
DA:33,1
DA:34,1
DA:35,1
DA:36,1
DA:37,1
DA:38,1
DA:39,1
DA:40,1
DA:41,1
DA:42,1
DA:49,31
DA:50,31
DA:51,31
DA:52,31
DA:54,31
DA:55,31
DA:56,2
DA:57,2
DA:60,31
DA:61,55
DA:62,122
DA:63,122
DA:65,122
DA:67,23
DA:69,23
DA:70,23
DA:71,23
DA:72,23
DA:73,23
DA:74,23
DA:75,122
DA:76,32
DA:79,6
DA:80,31
DA:82,0
DA:83,0
DA:84,0
DA:85,31
DA:90,23
DA:91,23
DA:92,23
DA:93,23
DA:94,23
DA:95,23
DA:96,23
DA:98,23
DA:99,20
DA:100,20
DA:102,3
DA:105,3
DA:106,13
DA:107,1
DA:109,23
DA:110,23
DA:111,0
DA:112,0
DA:113,23
LF:69
LH:64
BRDA:7,0,0,3
BRDA:49,1,0,31
BRDA:55,2,0,2
BRDA:57,3,0,29
BRDA:60,4,0,55
BRDA:61,5,0,122
BRDA:65,6,0,23
BRDA:75,7,0,32
BRDA:76,8,0,6
BRDA:80,9,0,0
BRDA:90,10,0,23
BRDA:98,11,0,20
BRDA:100,12,0,13
BRDA:100,13,0,3
BRDA:106,14,0,2
BRDA:106,15,0,1
BRDA:110,16,0,0
BRF:17
BRH:15
end_of_record
TN:
SF:src/detectors/shadcn.ts
FN:37,detectShadcn
FN:84,extractShadcnVersion
FNF:2
FNH:2
FNDA:23,detectShadcn
FNDA:7,extractShadcnVersion
DA:1,1
DA:37,23
DA:38,23
DA:39,23
DA:40,23
DA:42,23
DA:43,23
DA:44,2
DA:45,2
DA:48,21
DA:49,21
DA:51,23
DA:52,13
DA:53,13
DA:56,8
DA:57,8
DA:58,8
DA:59,23
DA:61,1
DA:62,1
DA:63,1
DA:66,7
DA:68,7
DA:69,7
DA:70,7
DA:71,7
DA:72,7
DA:73,7
DA:74,23
DA:76,0
DA:77,0
DA:78,0
DA:79,23
DA:84,7
DA:85,7
DA:86,7
DA:87,7
DA:88,7
DA:89,7
DA:91,7
DA:92,6
DA:93,6
DA:95,1
DA:98,1
DA:99,4
DA:100,1
DA:101,0
DA:102,0
DA:104,7
DA:105,7
DA:106,0
DA:107,0
DA:108,7
LF:53
LH:46
BRDA:37,0,0,23
BRDA:43,1,0,2
BRDA:45,2,0,21
BRDA:51,3,0,13
BRDA:53,4,0,10
BRDA:53,5,0,8
BRDA:58,6,0,7
BRDA:59,7,0,1
BRDA:63,8,0,7
BRDA:74,9,0,0
BRDA:84,10,0,7
BRDA:91,11,0,6
BRDA:93,12,0,4
BRDA:93,13,0,1
BRDA:99,14,0,0
BRDA:99,15,0,1
BRDA:100,16,0,0
BRDA:101,17,0,0
BRDA:105,18,0,0
BRF:19
BRH:14
end_of_record
TN:
SF:src/detectors/tailwind.ts
FN:28,detectTailwind
FN:67,extractTailwindVersion
FNF:2
FNH:2
FNDA:25,detectTailwind
FNDA:16,extractTailwindVersion
DA:1,1
DA:17,1
DA:18,1
DA:19,1
DA:20,1
DA:21,1
DA:28,25
DA:29,25
DA:30,25
DA:31,25
DA:33,25
DA:34,25
DA:35,2
DA:36,2
DA:39,25
DA:40,50
DA:41,50
DA:43,50
DA:45,16
DA:47,16
DA:48,16
DA:49,16
DA:50,16
DA:51,16
DA:52,16
DA:53,50
DA:56,7
DA:57,25
DA:59,0
DA:60,0
DA:61,0
DA:62,25
DA:67,16
DA:68,16
DA:69,16
DA:70,16
DA:71,16
DA:72,16
DA:74,16
DA:75,15
DA:76,15
DA:78,1
DA:81,1
DA:82,7
DA:83,1
DA:85,16
DA:86,16
DA:87,0
DA:88,0
DA:89,16
LF:50
LH:45
BRDA:28,0,0,25
BRDA:34,1,0,2
BRDA:36,2,0,23
BRDA:39,3,0,50
BRDA:43,4,0,16
BRDA:53,5,0,7
BRDA:57,6,0,0
BRDA:67,7,0,16
BRDA:74,8,0,15
BRDA:76,9,0,7
BRDA:76,10,0,1
BRDA:82,11,0,0
BRDA:82,12,0,1
BRDA:86,13,0,0
BRF:14
BRH:11
end_of_record
TN:
SF:src/setup/shadcn-installer.ts
FN:35,checkPrerequisites
FN:77,installShadcn
FNF:2
FNH:2
FNDA:6,checkPrerequisites
FNDA:4,installShadcn
DA:1,1
DA:35,6
DA:36,6
DA:37,6
DA:38,6
DA:39,6
DA:42,6
DA:43,6
DA:44,6
DA:45,6
DA:46,6
DA:49,6
DA:50,2
DA:51,2
DA:54,6
DA:55,2
DA:56,2
DA:59,6
DA:60,1
DA:61,1
DA:63,6
DA:64,6
DA:65,6
DA:66,6
DA:67,6
DA:68,6
DA:69,6
DA:70,6
DA:77,4
DA:78,4
DA:79,4
DA:80,4
DA:82,4
DA:84,4
DA:85,4
DA:86,4
DA:87,4
DA:90,3
DA:91,3
DA:93,4
DA:94,2
DA:95,2
DA:97,3
DA:98,3
DA:99,3
DA:100,4
DA:101,4
DA:102,4
DA:103,4
DA:104,1
DA:105,1
DA:106,1
DA:107,1
DA:108,1
DA:109,1
DA:110,4
LF:56
LH:56
BRDA:35,0,0,6
BRDA:49,1,0,2
BRDA:54,2,0,2
BRDA:59,3,0,1
BRDA:77,4,0,4
BRDA:87,5,0,3
BRDA:93,6,0,2
BRDA:95,7,0,3
BRDA:100,8,0,1
BRDA:100,9,0,2
BRDA:103,10,0,1
BRDA:106,11,0,0
BRF:12
BRH:11
end_of_record
TN:
SF:src/utils/file-helpers.ts
FN:9,fileExists
FN:23,findFirstExisting
FN:41,readJSON
FN:55,getPackageVersion
FNF:4
FNH:4
FNDA:7,fileExists
FNDA:3,findFirstExisting
FNDA:8,readJSON
FNDA:5,getPackageVersion
DA:1,1
DA:9,7
DA:10,7
DA:11,7
DA:12,7
DA:13,0
DA:14,0
DA:15,7
DA:23,3
DA:24,3
DA:25,3
DA:26,3
DA:27,3
DA:28,5
DA:29,5
DA:30,2
DA:31,2
DA:32,5
DA:33,1
DA:34,1
DA:41,8
DA:42,8
DA:43,8
DA:44,8
DA:45,3
DA:46,3
DA:47,8
DA:55,5
DA:56,5
DA:57,5
DA:58,5
DA:59,5
DA:60,5
DA:63,5
DA:65,5
DA:66,1
DA:67,1
DA:69,4
DA:70,5
DA:71,2
DA:73,5
LF:41
LH:39
BRDA:9,0,0,7
BRDA:12,1,0,0
BRDA:23,2,0,3
BRDA:27,3,0,5
BRDA:29,4,0,2
BRDA:32,5,0,1
BRDA:41,6,0,8
BRDA:44,7,0,3
BRDA:55,8,0,5
BRDA:65,9,0,1
BRDA:67,10,0,4
BRDA:70,11,0,3
BRDA:70,12,0,2
BRDA:71,13,0,1
BRF:14
BRH:13
end_of_record
TN:
SF:src/utils/validators.ts
FN:11,isValidHexColor
FN:20,validateHexColor
FNF:2
FNH:2
FNDA:35,isValidHexColor
FNDA:6,validateHexColor
DA:1,1
DA:4,1
DA:11,1
DA:12,35
DA:13,35
DA:20,1
DA:21,6
DA:22,1
DA:23,1
DA:24,6
DA:25,2
DA:26,2
DA:27,3
DA:28,3
LF:14
LH:14
BRDA:11,0,0,35
BRDA:20,1,0,6
BRDA:21,2,0,1
BRDA:23,3,0,5
BRDA:24,4,0,2
BRDA:26,5,0,3
BRF:6
BRH:6
end_of_record
