{"/Users/asleep/Developer/tekton/packages/vscode-extension/src/extension.ts": {"path":"/Users/asleep/Developer/tekton/packages/vscode-extension/src/extension.ts","all":false,"statementMap":{"0":{"start":{"line":1,"column":0},"end":{"line":1,"column":33}},"9":{"start":{"line":10,"column":0},"end":{"line":10,"column":66}},"10":{"start":{"line":11,"column":0},"end":{"line":11,"column":48}},"13":{"start":{"line":14,"column":0},"end":{"line":14,"column":61}},"14":{"start":{"line":15,"column":0},"end":{"line":15,"column":25}},"15":{"start":{"line":16,"column":0},"end":{"line":16,"column":15}},"16":{"start":{"line":17,"column":0},"end":{"line":17,"column":4}},"18":{"start":{"line":19,"column":0},"end":{"line":19,"column":61}},"19":{"start":{"line":20,"column":0},"end":{"line":20,"column":25}},"20":{"start":{"line":21,"column":0},"end":{"line":21,"column":15}},"21":{"start":{"line":22,"column":0},"end":{"line":22,"column":4}},"23":{"start":{"line":24,"column":0},"end":{"line":24,"column":64}},"24":{"start":{"line":25,"column":0},"end":{"line":25,"column":28}},"25":{"start":{"line":26,"column":0},"end":{"line":26,"column":18}},"26":{"start":{"line":27,"column":0},"end":{"line":27,"column":4}},"29":{"start":{"line":30,"column":0},"end":{"line":30,"column":29}},"30":{"start":{"line":31,"column":0},"end":{"line":31,"column":23}},"31":{"start":{"line":32,"column":0},"end":{"line":32,"column":23}},"32":{"start":{"line":33,"column":0},"end":{"line":33,"column":25}},"33":{"start":{"line":34,"column":0},"end":{"line":34,"column":4}},"34":{"start":{"line":35,"column":0},"end":{"line":35,"column":1}},"40":{"start":{"line":41,"column":0},"end":{"line":41,"column":36}},"41":{"start":{"line":42,"column":0},"end":{"line":42,"column":53}},"42":{"start":{"line":43,"column":0},"end":{"line":43,"column":1}}},"s":{"0":1,"9":1,"10":4,"13":4,"14":4,"15":4,"16":4,"18":4,"19":4,"20":4,"21":4,"23":4,"24":4,"25":4,"26":4,"29":4,"30":4,"31":4,"32":4,"33":4,"34":4,"40":1,"41":2,"42":2},"branchMap":{"0":{"type":"branch","line":10,"loc":{"start":{"line":10,"column":7},"end":{"line":35,"column":1}},"locations":[{"start":{"line":10,"column":7},"end":{"line":35,"column":1}}]},"1":{"type":"branch","line":41,"loc":{"start":{"line":41,"column":7},"end":{"line":43,"column":1}},"locations":[{"start":{"line":41,"column":7},"end":{"line":43,"column":1}}]}},"b":{"0":[4],"1":[2]},"fnMap":{"0":{"name":"activate","decl":{"start":{"line":10,"column":7},"end":{"line":35,"column":1}},"loc":{"start":{"line":10,"column":7},"end":{"line":35,"column":1}},"line":10},"1":{"name":"deactivate","decl":{"start":{"line":41,"column":7},"end":{"line":43,"column":1}},"loc":{"start":{"line":41,"column":7},"end":{"line":43,"column":1}},"line":41}},"f":{"0":4,"1":2}}
,"/Users/asleep/Developer/tekton/packages/vscode-extension/src/commands/detectStack.ts": {"path":"/Users/asleep/Developer/tekton/packages/vscode-extension/src/commands/detectStack.ts","all":false,"statementMap":{"0":{"start":{"line":1,"column":0},"end":{"line":1,"column":33}},"12":{"start":{"line":13,"column":0},"end":{"line":13,"column":52}},"13":{"start":{"line":14,"column":0},"end":{"line":14,"column":7}},"15":{"start":{"line":16,"column":0},"end":{"line":16,"column":48}},"16":{"start":{"line":17,"column":0},"end":{"line":17,"column":24}},"17":{"start":{"line":18,"column":0},"end":{"line":18,"column":39}},"18":{"start":{"line":19,"column":0},"end":{"line":19,"column":13}},"19":{"start":{"line":20,"column":0},"end":{"line":20,"column":5}},"22":{"start":{"line":23,"column":0},"end":{"line":23,"column":46}},"25":{"start":{"line":26,"column":0},"end":{"line":26,"column":32}},"28":{"start":{"line":29,"column":0},"end":{"line":29,"column":32}},"29":{"start":{"line":30,"column":0},"end":{"line":30,"column":43}},"30":{"start":{"line":31,"column":0},"end":{"line":31,"column":84}},"31":{"start":{"line":32,"column":0},"end":{"line":32,"column":8}},"32":{"start":{"line":33,"column":0},"end":{"line":33,"column":12}},"33":{"start":{"line":34,"column":0},"end":{"line":34,"column":37}},"34":{"start":{"line":35,"column":0},"end":{"line":35,"column":82}},"35":{"start":{"line":36,"column":0},"end":{"line":36,"column":8}},"36":{"start":{"line":37,"column":0},"end":{"line":37,"column":5}},"37":{"start":{"line":38,"column":0},"end":{"line":38,"column":19}},"38":{"start":{"line":39,"column":0},"end":{"line":39,"column":24}},"39":{"start":{"line":40,"column":0},"end":{"line":40,"column":72}},"40":{"start":{"line":41,"column":0},"end":{"line":41,"column":35}},"41":{"start":{"line":42,"column":0},"end":{"line":42,"column":57}},"42":{"start":{"line":43,"column":0},"end":{"line":43,"column":6}},"43":{"start":{"line":44,"column":0},"end":{"line":44,"column":3}},"44":{"start":{"line":45,"column":0},"end":{"line":45,"column":1}}},"s":{"0":1,"12":5,"13":5,"15":5,"16":5,"17":1,"18":1,"19":1,"22":4,"25":2,"28":5,"29":1,"30":1,"31":1,"32":1,"33":1,"34":1,"35":1,"36":1,"37":5,"38":2,"39":2,"40":2,"41":2,"42":2,"43":2,"44":5},"branchMap":{"0":{"type":"branch","line":13,"loc":{"start":{"line":13,"column":0},"end":{"line":45,"column":1}},"locations":[{"start":{"line":13,"column":0},"end":{"line":45,"column":1}}]},"1":{"type":"branch","line":17,"loc":{"start":{"line":17,"column":23},"end":{"line":20,"column":5}},"locations":[{"start":{"line":17,"column":23},"end":{"line":20,"column":5}}]},"2":{"type":"branch","line":20,"loc":{"start":{"line":20,"column":4},"end":{"line":23,"column":46}},"locations":[{"start":{"line":20,"column":4},"end":{"line":23,"column":46}}]},"3":{"type":"branch","line":23,"loc":{"start":{"line":23,"column":44},"end":{"line":29,"column":31}},"locations":[{"start":{"line":23,"column":44},"end":{"line":29,"column":31}}]},"4":{"type":"branch","line":29,"loc":{"start":{"line":29,"column":31},"end":{"line":37,"column":5}},"locations":[{"start":{"line":29,"column":31},"end":{"line":37,"column":5}}]},"5":{"type":"branch","line":38,"loc":{"start":{"line":38,"column":2},"end":{"line":44,"column":3}},"locations":[{"start":{"line":38,"column":2},"end":{"line":44,"column":3}}]},"6":{"type":"branch","line":40,"loc":{"start":{"line":40,"column":37},"end":{"line":40,"column":72}},"locations":[{"start":{"line":40,"column":37},"end":{"line":40,"column":72}}]}},"b":{"0":[5],"1":[1],"2":[4],"3":[2],"4":[1],"5":[2],"6":[0]},"fnMap":{"0":{"name":"detectStack","decl":{"start":{"line":13,"column":0},"end":{"line":45,"column":1}},"loc":{"start":{"line":13,"column":0},"end":{"line":45,"column":1}},"line":13}},"f":{"0":5}}
,"/Users/asleep/Developer/tekton/packages/vscode-extension/src/commands/generateTokens.ts": {"path":"/Users/asleep/Developer/tekton/packages/vscode-extension/src/commands/generateTokens.ts","all":false,"statementMap":{"0":{"start":{"line":1,"column":0},"end":{"line":1,"column":33}},"14":{"start":{"line":15,"column":0},"end":{"line":15,"column":55}},"15":{"start":{"line":16,"column":0},"end":{"line":16,"column":7}},"17":{"start":{"line":18,"column":0},"end":{"line":18,"column":48}},"18":{"start":{"line":19,"column":0},"end":{"line":19,"column":24}},"19":{"start":{"line":20,"column":0},"end":{"line":20,"column":39}},"20":{"start":{"line":21,"column":0},"end":{"line":21,"column":13}},"21":{"start":{"line":22,"column":0},"end":{"line":22,"column":5}},"24":{"start":{"line":25,"column":0},"end":{"line":25,"column":60}},"25":{"start":{"line":26,"column":0},"end":{"line":26,"column":41}},"26":{"start":{"line":27,"column":0},"end":{"line":27,"column":20}},"29":{"start":{"line":30,"column":0},"end":{"line":30,"column":41}},"30":{"start":{"line":31,"column":0},"end":{"line":31,"column":69}},"31":{"start":{"line":32,"column":0},"end":{"line":32,"column":6}},"32":{"start":{"line":33,"column":0},"end":{"line":33,"column":19}},"33":{"start":{"line":34,"column":0},"end":{"line":34,"column":24}},"34":{"start":{"line":35,"column":0},"end":{"line":35,"column":72}},"35":{"start":{"line":36,"column":0},"end":{"line":36,"column":35}},"36":{"start":{"line":37,"column":0},"end":{"line":37,"column":50}},"37":{"start":{"line":38,"column":0},"end":{"line":38,"column":6}},"38":{"start":{"line":39,"column":0},"end":{"line":39,"column":3}},"39":{"start":{"line":40,"column":0},"end":{"line":40,"column":1}}},"s":{"0":1,"14":4,"15":4,"17":4,"18":4,"19":1,"20":1,"21":1,"24":3,"25":3,"26":3,"29":3,"30":3,"31":3,"32":4,"33":1,"34":1,"35":1,"36":1,"37":1,"38":1,"39":4},"branchMap":{"0":{"type":"branch","line":15,"loc":{"start":{"line":15,"column":0},"end":{"line":40,"column":1}},"locations":[{"start":{"line":15,"column":0},"end":{"line":40,"column":1}}]},"1":{"type":"branch","line":19,"loc":{"start":{"line":19,"column":23},"end":{"line":22,"column":5}},"locations":[{"start":{"line":19,"column":23},"end":{"line":22,"column":5}}]},"2":{"type":"branch","line":22,"loc":{"start":{"line":22,"column":4},"end":{"line":33,"column":11}},"locations":[{"start":{"line":22,"column":4},"end":{"line":33,"column":11}}]},"3":{"type":"branch","line":33,"loc":{"start":{"line":33,"column":2},"end":{"line":39,"column":3}},"locations":[{"start":{"line":33,"column":2},"end":{"line":39,"column":3}}]},"4":{"type":"branch","line":35,"loc":{"start":{"line":35,"column":37},"end":{"line":35,"column":72}},"locations":[{"start":{"line":35,"column":37},"end":{"line":35,"column":72}}]}},"b":{"0":[4],"1":[1],"2":[3],"3":[1],"4":[0]},"fnMap":{"0":{"name":"generateTokens","decl":{"start":{"line":15,"column":0},"end":{"line":40,"column":1}},"loc":{"start":{"line":15,"column":0},"end":{"line":40,"column":1}},"line":15}},"f":{"0":4}}
,"/Users/asleep/Developer/tekton/packages/vscode-extension/src/commands/setupShadcn.ts": {"path":"/Users/asleep/Developer/tekton/packages/vscode-extension/src/commands/setupShadcn.ts","all":false,"statementMap":{"0":{"start":{"line":1,"column":0},"end":{"line":1,"column":33}},"12":{"start":{"line":13,"column":0},"end":{"line":13,"column":52}},"13":{"start":{"line":14,"column":0},"end":{"line":14,"column":7}},"15":{"start":{"line":16,"column":0},"end":{"line":16,"column":48}},"16":{"start":{"line":17,"column":0},"end":{"line":17,"column":24}},"17":{"start":{"line":18,"column":0},"end":{"line":18,"column":39}},"18":{"start":{"line":19,"column":0},"end":{"line":19,"column":13}},"19":{"start":{"line":20,"column":0},"end":{"line":20,"column":5}},"22":{"start":{"line":23,"column":0},"end":{"line":23,"column":37}},"23":{"start":{"line":24,"column":0},"end":{"line":24,"column":7}},"24":{"start":{"line":25,"column":0},"end":{"line":25,"column":55}},"25":{"start":{"line":26,"column":0},"end":{"line":26,"column":41}},"26":{"start":{"line":27,"column":0},"end":{"line":27,"column":27}},"27":{"start":{"line":28,"column":0},"end":{"line":28,"column":8}},"28":{"start":{"line":29,"column":0},"end":{"line":29,"column":27}},"29":{"start":{"line":30,"column":0},"end":{"line":30,"column":63}},"31":{"start":{"line":32,"column":0},"end":{"line":32,"column":57}},"34":{"start":{"line":35,"column":0},"end":{"line":35,"column":36}},"37":{"start":{"line":38,"column":0},"end":{"line":38,"column":36}},"38":{"start":{"line":39,"column":0},"end":{"line":39,"column":47}},"39":{"start":{"line":40,"column":0},"end":{"line":40,"column":84}},"40":{"start":{"line":41,"column":0},"end":{"line":41,"column":12}},"41":{"start":{"line":42,"column":0},"end":{"line":42,"column":16}},"42":{"start":{"line":43,"column":0},"end":{"line":43,"column":41}},"43":{"start":{"line":44,"column":0},"end":{"line":44,"column":82}},"44":{"start":{"line":45,"column":0},"end":{"line":45,"column":12}},"45":{"start":{"line":46,"column":0},"end":{"line":46,"column":9}},"46":{"start":{"line":47,"column":0},"end":{"line":47,"column":7}},"47":{"start":{"line":48,"column":0},"end":{"line":48,"column":6}},"48":{"start":{"line":49,"column":0},"end":{"line":49,"column":19}},"49":{"start":{"line":50,"column":0},"end":{"line":50,"column":24}},"50":{"start":{"line":51,"column":0},"end":{"line":51,"column":72}},"51":{"start":{"line":52,"column":0},"end":{"line":52,"column":35}},"52":{"start":{"line":53,"column":0},"end":{"line":53,"column":50}},"53":{"start":{"line":54,"column":0},"end":{"line":54,"column":6}},"54":{"start":{"line":55,"column":0},"end":{"line":55,"column":3}},"55":{"start":{"line":56,"column":0},"end":{"line":56,"column":1}}},"s":{"0":1,"12":5,"13":5,"15":5,"16":5,"17":1,"18":1,"19":1,"22":4,"23":4,"24":4,"25":4,"26":4,"27":4,"28":4,"29":4,"31":4,"34":3,"37":4,"38":2,"39":2,"40":2,"41":4,"42":1,"43":1,"44":1,"45":1,"46":4,"47":4,"48":5,"49":1,"50":1,"51":1,"52":1,"53":1,"54":1,"55":5},"branchMap":{"0":{"type":"branch","line":13,"loc":{"start":{"line":13,"column":0},"end":{"line":56,"column":1}},"locations":[{"start":{"line":13,"column":0},"end":{"line":56,"column":1}}]},"1":{"type":"branch","line":17,"loc":{"start":{"line":17,"column":23},"end":{"line":20,"column":5}},"locations":[{"start":{"line":17,"column":23},"end":{"line":20,"column":5}}]},"2":{"type":"branch","line":20,"loc":{"start":{"line":20,"column":4},"end":{"line":48,"column":6}},"locations":[{"start":{"line":20,"column":4},"end":{"line":48,"column":6}}]},"3":{"type":"branch","line":48,"loc":{"start":{"line":48,"column":4},"end":{"line":49,"column":11}},"locations":[{"start":{"line":48,"column":4},"end":{"line":49,"column":11}}]},"4":{"type":"branch","line":49,"loc":{"start":{"line":49,"column":2},"end":{"line":55,"column":3}},"locations":[{"start":{"line":49,"column":2},"end":{"line":55,"column":3}}]},"5":{"type":"branch","line":51,"loc":{"start":{"line":51,"column":37},"end":{"line":51,"column":72}},"locations":[{"start":{"line":51,"column":37},"end":{"line":51,"column":72}}]},"6":{"type":"branch","line":29,"loc":{"start":{"line":29,"column":6},"end":{"line":47,"column":7}},"locations":[{"start":{"line":29,"column":6},"end":{"line":47,"column":7}}]},"7":{"type":"branch","line":32,"loc":{"start":{"line":32,"column":55},"end":{"line":38,"column":35}},"locations":[{"start":{"line":32,"column":55},"end":{"line":38,"column":35}}]},"8":{"type":"branch","line":38,"loc":{"start":{"line":38,"column":35},"end":{"line":42,"column":15}},"locations":[{"start":{"line":38,"column":35},"end":{"line":42,"column":15}}]},"9":{"type":"branch","line":42,"loc":{"start":{"line":42,"column":8},"end":{"line":46,"column":9}},"locations":[{"start":{"line":42,"column":8},"end":{"line":46,"column":9}}]}},"b":{"0":[5],"1":[1],"2":[4],"3":[3],"4":[1],"5":[0],"6":[4],"7":[3],"8":[2],"9":[1]},"fnMap":{"0":{"name":"setupShadcn","decl":{"start":{"line":13,"column":0},"end":{"line":56,"column":1}},"loc":{"start":{"line":13,"column":0},"end":{"line":56,"column":1}},"line":13}},"f":{"0":5}}
,"/Users/asleep/Developer/tekton/packages/vscode-extension/src/utils/cliRunner.ts": {"path":"/Users/asleep/Developer/tekton/packages/vscode-extension/src/utils/cliRunner.ts","all":false,"statementMap":{"0":{"start":{"line":1,"column":0},"end":{"line":1,"column":33}},"9":{"start":{"line":10,"column":0},"end":{"line":10,"column":54}},"14":{"start":{"line":15,"column":0},"end":{"line":15,"column":61}},"15":{"start":{"line":16,"column":0},"end":{"line":16,"column":23}},"16":{"start":{"line":17,"column":0},"end":{"line":17,"column":64}},"17":{"start":{"line":18,"column":0},"end":{"line":18,"column":3}},"18":{"start":{"line":19,"column":0},"end":{"line":19,"column":23}},"19":{"start":{"line":20,"column":0},"end":{"line":20,"column":1}},"24":{"start":{"line":25,"column":0},"end":{"line":25,"column":37}},"25":{"start":{"line":26,"column":0},"end":{"line":26,"column":61}},"26":{"start":{"line":27,"column":0},"end":{"line":27,"column":59}},"27":{"start":{"line":28,"column":0},"end":{"line":28,"column":48}},"28":{"start":{"line":29,"column":0},"end":{"line":29,"column":3}},"29":{"start":{"line":30,"column":0},"end":{"line":30,"column":40}},"30":{"start":{"line":31,"column":0},"end":{"line":31,"column":1}},"39":{"start":{"line":40,"column":0},"end":{"line":40,"column":29}},"40":{"start":{"line":41,"column":0},"end":{"line":41,"column":18}},"41":{"start":{"line":42,"column":0},"end":{"line":42,"column":22}},"42":{"start":{"line":43,"column":0},"end":{"line":43,"column":14}},"43":{"start":{"line":44,"column":0},"end":{"line":44,"column":23}},"44":{"start":{"line":45,"column":0},"end":{"line":45,"column":47}},"46":{"start":{"line":47,"column":0},"end":{"line":47,"column":7}},"47":{"start":{"line":48,"column":0},"end":{"line":48,"column":62}},"48":{"start":{"line":49,"column":0},"end":{"line":49,"column":22}},"49":{"start":{"line":50,"column":0},"end":{"line":50,"column":20}},"50":{"start":{"line":51,"column":0},"end":{"line":51,"column":7}},"52":{"start":{"line":53,"column":0},"end":{"line":53,"column":12}},"53":{"start":{"line":54,"column":0},"end":{"line":54,"column":28}},"54":{"start":{"line":55,"column":0},"end":{"line":55,"column":28}},"55":{"start":{"line":56,"column":0},"end":{"line":56,"column":37}},"56":{"start":{"line":57,"column":0},"end":{"line":57,"column":6}},"57":{"start":{"line":58,"column":0},"end":{"line":58,"column":19}},"59":{"start":{"line":60,"column":0},"end":{"line":60,"column":16}},"60":{"start":{"line":61,"column":0},"end":{"line":61,"column":3}},"61":{"start":{"line":62,"column":0},"end":{"line":62,"column":1}},"68":{"start":{"line":69,"column":0},"end":{"line":69,"column":30}},"69":{"start":{"line":70,"column":0},"end":{"line":70,"column":20}},"70":{"start":{"line":71,"column":0},"end":{"line":71,"column":29}},"71":{"start":{"line":72,"column":0},"end":{"line":72,"column":9}},"72":{"start":{"line":73,"column":0},"end":{"line":73,"column":40}},"74":{"start":{"line":75,"column":0},"end":{"line":75,"column":22}},"75":{"start":{"line":76,"column":0},"end":{"line":76,"column":38}},"76":{"start":{"line":77,"column":0},"end":{"line":77,"column":3}},"78":{"start":{"line":79,"column":0},"end":{"line":79,"column":22}},"79":{"start":{"line":80,"column":0},"end":{"line":80,"column":51}},"80":{"start":{"line":81,"column":0},"end":{"line":81,"column":3}},"82":{"start":{"line":83,"column":0},"end":{"line":83,"column":20}},"83":{"start":{"line":84,"column":0},"end":{"line":84,"column":47}},"84":{"start":{"line":85,"column":0},"end":{"line":85,"column":3}},"85":{"start":{"line":86,"column":0},"end":{"line":86,"column":1}},"91":{"start":{"line":92,"column":0},"end":{"line":92,"column":58}},"92":{"start":{"line":93,"column":0},"end":{"line":93,"column":7}},"93":{"start":{"line":94,"column":0},"end":{"line":94,"column":57}},"94":{"start":{"line":95,"column":0},"end":{"line":95,"column":20}},"95":{"start":{"line":96,"column":0},"end":{"line":96,"column":7}},"96":{"start":{"line":97,"column":0},"end":{"line":97,"column":33}},"97":{"start":{"line":98,"column":0},"end":{"line":98,"column":19}},"98":{"start":{"line":99,"column":0},"end":{"line":99,"column":17}},"99":{"start":{"line":100,"column":0},"end":{"line":100,"column":3}},"100":{"start":{"line":101,"column":0},"end":{"line":101,"column":1}},"105":{"start":{"line":106,"column":0},"end":{"line":106,"column":65}},"106":{"start":{"line":107,"column":0},"end":{"line":107,"column":54}},"107":{"start":{"line":108,"column":0},"end":{"line":108,"column":76}},"108":{"start":{"line":109,"column":0},"end":{"line":109,"column":26}},"109":{"start":{"line":110,"column":0},"end":{"line":110,"column":4}},"111":{"start":{"line":112,"column":0},"end":{"line":112,"column":42}},"112":{"start":{"line":113,"column":0},"end":{"line":113,"column":28}},"113":{"start":{"line":114,"column":0},"end":{"line":114,"column":73}},"114":{"start":{"line":115,"column":0},"end":{"line":115,"column":6}},"115":{"start":{"line":116,"column":0},"end":{"line":116,"column":3}},"116":{"start":{"line":117,"column":0},"end":{"line":117,"column":1}}},"s":{"0":1,"9":1,"14":1,"15":1,"16":1,"17":1,"18":1,"19":1,"24":5,"25":5,"26":5,"27":1,"28":1,"29":4,"30":4,"39":6,"40":6,"41":6,"42":6,"43":6,"44":6,"46":6,"47":6,"48":6,"49":6,"50":6,"52":4,"53":4,"54":4,"55":6,"56":6,"57":6,"59":1,"60":1,"61":6,"68":1,"69":0,"70":0,"71":0,"72":0,"74":0,"75":0,"76":0,"78":0,"79":0,"80":0,"82":0,"83":0,"84":0,"85":0,"91":0,"92":0,"93":0,"94":0,"95":0,"96":0,"97":0,"98":0,"99":0,"100":0,"105":0,"106":0,"107":0,"108":0,"109":0,"111":0,"112":0,"113":0,"114":0,"115":0,"116":0},"branchMap":{"0":{"type":"branch","line":15,"loc":{"start":{"line":15,"column":7},"end":{"line":20,"column":1}},"locations":[{"start":{"line":15,"column":7},"end":{"line":20,"column":1}}]},"1":{"type":"branch","line":25,"loc":{"start":{"line":25,"column":0},"end":{"line":31,"column":1}},"locations":[{"start":{"line":25,"column":0},"end":{"line":31,"column":1}}]},"2":{"type":"branch","line":27,"loc":{"start":{"line":27,"column":7},"end":{"line":27,"column":58}},"locations":[{"start":{"line":27,"column":7},"end":{"line":27,"column":58}}]},"3":{"type":"branch","line":27,"loc":{"start":{"line":27,"column":58},"end":{"line":29,"column":3}},"locations":[{"start":{"line":27,"column":58},"end":{"line":29,"column":3}}]},"4":{"type":"branch","line":29,"loc":{"start":{"line":29,"column":2},"end":{"line":31,"column":1}},"locations":[{"start":{"line":29,"column":2},"end":{"line":31,"column":1}}]},"5":{"type":"branch","line":40,"loc":{"start":{"line":40,"column":0},"end":{"line":62,"column":1}},"locations":[{"start":{"line":40,"column":0},"end":{"line":62,"column":1}}]},"6":{"type":"branch","line":45,"loc":{"start":{"line":45,"column":21},"end":{"line":45,"column":47}},"locations":[{"start":{"line":45,"column":21},"end":{"line":45,"column":47}}]},"7":{"type":"branch","line":51,"loc":{"start":{"line":51,"column":5},"end":{"line":56,"column":35}},"locations":[{"start":{"line":51,"column":5},"end":{"line":56,"column":35}}]},"8":{"type":"branch","line":56,"loc":{"start":{"line":56,"column":23},"end":{"line":56,"column":37}},"locations":[{"start":{"line":56,"column":23},"end":{"line":56,"column":37}}]},"9":{"type":"branch","line":58,"loc":{"start":{"line":58,"column":2},"end":{"line":61,"column":3}},"locations":[{"start":{"line":58,"column":2},"end":{"line":61,"column":3}}]}},"b":{"0":[1],"1":[5],"2":[4],"3":[1],"4":[4],"5":[6],"6":[5],"7":[4],"8":[3],"9":[1]},"fnMap":{"0":{"name":"createOutputChannel","decl":{"start":{"line":15,"column":7},"end":{"line":20,"column":1}},"loc":{"start":{"line":15,"column":7},"end":{"line":20,"column":1}},"line":15},"1":{"name":"getWorkspacePath","decl":{"start":{"line":25,"column":0},"end":{"line":31,"column":1}},"loc":{"start":{"line":25,"column":0},"end":{"line":31,"column":1}},"line":25},"2":{"name":"runCLI","decl":{"start":{"line":40,"column":0},"end":{"line":62,"column":1}},"loc":{"start":{"line":40,"column":0},"end":{"line":62,"column":1}},"line":40},"3":{"name":"displayOutput","decl":{"start":{"line":69,"column":7},"end":{"line":86,"column":1}},"loc":{"start":{"line":69,"column":7},"end":{"line":86,"column":1}},"line":69},"4":{"name":"isCLIInstalled","decl":{"start":{"line":92,"column":0},"end":{"line":101,"column":1}},"loc":{"start":{"line":92,"column":0},"end":{"line":101,"column":1}},"line":92},"5":{"name":"showCLINotInstalledError","decl":{"start":{"line":106,"column":0},"end":{"line":117,"column":1}},"loc":{"start":{"line":106,"column":0},"end":{"line":117,"column":1}},"line":106}},"f":{"0":1,"1":5,"2":6,"3":0,"4":0,"5":0}}
}
