{"/Users/asleep/Developer/tekton/packages/theme/src/extended-token-schema.ts": {"path":"/Users/asleep/Developer/tekton/packages/theme/src/extended-token-schema.ts","all":false,"statementMap":{"0":{"start":{"line":1,"column":0},"end":{"line":1,"column":24}},"7":{"start":{"line":8,"column":0},"end":{"line":8,"column":42}},"8":{"start":{"line":9,"column":0},"end":{"line":9,"column":25}},"9":{"start":{"line":10,"column":0},"end":{"line":10,"column":26}},"10":{"start":{"line":11,"column":0},"end":{"line":11,"column":25}},"11":{"start":{"line":12,"column":0},"end":{"line":12,"column":29}},"12":{"start":{"line":13,"column":0},"end":{"line":13,"column":3}},"16":{"start":{"line":17,"column":0},"end":{"line":17,"column":71}},"25":{"start":{"line":26,"column":0},"end":{"line":26,"column":45}},"26":{"start":{"line":27,"column":0},"end":{"line":27,"column":28}},"27":{"start":{"line":28,"column":0},"end":{"line":28,"column":28}},"28":{"start":{"line":29,"column":0},"end":{"line":29,"column":26}},"29":{"start":{"line":30,"column":0},"end":{"line":30,"column":25}},"30":{"start":{"line":31,"column":0},"end":{"line":31,"column":66}},"39":{"start":{"line":40,"column":0},"end":{"line":40,"column":44}},"40":{"start":{"line":41,"column":0},"end":{"line":41,"column":59}},"41":{"start":{"line":42,"column":0},"end":{"line":42,"column":58}},"42":{"start":{"line":43,"column":0},"end":{"line":43,"column":57}},"43":{"start":{"line":44,"column":0},"end":{"line":44,"column":76}},"52":{"start":{"line":53,"column":0},"end":{"line":53,"column":44}},"53":{"start":{"line":54,"column":0},"end":{"line":54,"column":59}},"54":{"start":{"line":55,"column":0},"end":{"line":55,"column":60}},"55":{"start":{"line":56,"column":0},"end":{"line":56,"column":5}},"56":{"start":{"line":57,"column":0},"end":{"line":57,"column":60}},"57":{"start":{"line":58,"column":0},"end":{"line":58,"column":60}},"58":{"start":{"line":59,"column":0},"end":{"line":59,"column":5}},"59":{"start":{"line":60,"column":0},"end":{"line":60,"column":60}},"60":{"start":{"line":61,"column":0},"end":{"line":61,"column":60}},"61":{"start":{"line":62,"column":0},"end":{"line":62,"column":5}},"62":{"start":{"line":63,"column":0},"end":{"line":63,"column":60}},"63":{"start":{"line":64,"column":0},"end":{"line":64,"column":60}},"64":{"start":{"line":65,"column":0},"end":{"line":65,"column":5}},"65":{"start":{"line":66,"column":0},"end":{"line":66,"column":60}},"66":{"start":{"line":67,"column":0},"end":{"line":67,"column":60}},"67":{"start":{"line":68,"column":0},"end":{"line":68,"column":5}},"68":{"start":{"line":69,"column":0},"end":{"line":69,"column":60}},"69":{"start":{"line":70,"column":0},"end":{"line":70,"column":60}},"70":{"start":{"line":71,"column":0},"end":{"line":71,"column":5}},"71":{"start":{"line":72,"column":0},"end":{"line":72,"column":60}},"72":{"start":{"line":73,"column":0},"end":{"line":73,"column":60}},"73":{"start":{"line":74,"column":0},"end":{"line":74,"column":5}},"74":{"start":{"line":75,"column":0},"end":{"line":75,"column":60}},"75":{"start":{"line":76,"column":0},"end":{"line":76,"column":60}},"76":{"start":{"line":77,"column":0},"end":{"line":77,"column":5}},"77":{"start":{"line":78,"column":0},"end":{"line":78,"column":60}},"78":{"start":{"line":79,"column":0},"end":{"line":79,"column":60}},"79":{"start":{"line":80,"column":0},"end":{"line":80,"column":5}},"80":{"start":{"line":81,"column":0},"end":{"line":81,"column":60}},"81":{"start":{"line":82,"column":0},"end":{"line":82,"column":60}},"82":{"start":{"line":83,"column":0},"end":{"line":83,"column":5}},"83":{"start":{"line":84,"column":0},"end":{"line":84,"column":3}},"91":{"start":{"line":92,"column":0},"end":{"line":92,"column":51}},"92":{"start":{"line":93,"column":0},"end":{"line":93,"column":26}},"93":{"start":{"line":94,"column":0},"end":{"line":94,"column":32}},"94":{"start":{"line":95,"column":0},"end":{"line":95,"column":30}},"95":{"start":{"line":96,"column":0},"end":{"line":96,"column":30}},"96":{"start":{"line":97,"column":0},"end":{"line":97,"column":3}}},"s":{"0":1,"7":1,"8":1,"9":1,"10":1,"11":1,"12":1,"16":1,"25":1,"26":1,"27":1,"28":1,"29":1,"30":1,"39":1,"40":1,"41":1,"42":1,"43":1,"52":1,"53":1,"54":1,"55":1,"56":1,"57":1,"58":1,"59":1,"60":1,"61":1,"62":1,"63":1,"64":1,"65":1,"66":1,"67":1,"68":1,"69":1,"70":1,"71":1,"72":1,"73":1,"74":1,"75":1,"76":1,"77":1,"78":1,"79":1,"80":1,"81":1,"82":1,"83":1,"91":1,"92":1,"93":1,"94":1,"95":1,"96":1},"branchMap":{"0":{"type":"branch","line":54,"loc":{"start":{"line":54,"column":30},"end":{"line":54,"column":58}},"locations":[{"start":{"line":54,"column":30},"end":{"line":54,"column":58}}]},"1":{"type":"branch","line":57,"loc":{"start":{"line":57,"column":31},"end":{"line":57,"column":59}},"locations":[{"start":{"line":57,"column":31},"end":{"line":57,"column":59}}]},"2":{"type":"branch","line":60,"loc":{"start":{"line":60,"column":31},"end":{"line":60,"column":59}},"locations":[{"start":{"line":60,"column":31},"end":{"line":60,"column":59}}]},"3":{"type":"branch","line":63,"loc":{"start":{"line":63,"column":31},"end":{"line":63,"column":59}},"locations":[{"start":{"line":63,"column":31},"end":{"line":63,"column":59}}]},"4":{"type":"branch","line":66,"loc":{"start":{"line":66,"column":31},"end":{"line":66,"column":59}},"locations":[{"start":{"line":66,"column":31},"end":{"line":66,"column":59}}]},"5":{"type":"branch","line":69,"loc":{"start":{"line":69,"column":31},"end":{"line":69,"column":59}},"locations":[{"start":{"line":69,"column":31},"end":{"line":69,"column":59}}]},"6":{"type":"branch","line":72,"loc":{"start":{"line":72,"column":31},"end":{"line":72,"column":59}},"locations":[{"start":{"line":72,"column":31},"end":{"line":72,"column":59}}]},"7":{"type":"branch","line":75,"loc":{"start":{"line":75,"column":31},"end":{"line":75,"column":59}},"locations":[{"start":{"line":75,"column":31},"end":{"line":75,"column":59}}]},"8":{"type":"branch","line":78,"loc":{"start":{"line":78,"column":31},"end":{"line":78,"column":59}},"locations":[{"start":{"line":78,"column":31},"end":{"line":78,"column":59}}]},"9":{"type":"branch","line":81,"loc":{"start":{"line":81,"column":31},"end":{"line":81,"column":59}},"locations":[{"start":{"line":81,"column":31},"end":{"line":81,"column":59}}]}},"b":{"0":[5],"1":[5],"2":[4],"3":[4],"4":[4],"5":[4],"6":[4],"7":[4],"8":[4],"9":[4]},"fnMap":{"0":{"name":"__vite_ssr_import_0__.z.object.50.__vite_ssr_import_1__.OKLCHColorSchema.refine.message","decl":{"start":{"line":54,"column":30},"end":{"line":54,"column":58}},"loc":{"start":{"line":54,"column":30},"end":{"line":54,"column":58}},"line":54},"1":{"name":"__vite_ssr_import_0__.z.object.100.__vite_ssr_import_1__.OKLCHColorSchema.refine.message","decl":{"start":{"line":57,"column":31},"end":{"line":57,"column":59}},"loc":{"start":{"line":57,"column":31},"end":{"line":57,"column":59}},"line":57},"2":{"name":"__vite_ssr_import_0__.z.object.200.__vite_ssr_import_1__.OKLCHColorSchema.refine.message","decl":{"start":{"line":60,"column":31},"end":{"line":60,"column":59}},"loc":{"start":{"line":60,"column":31},"end":{"line":60,"column":59}},"line":60},"3":{"name":"__vite_ssr_import_0__.z.object.300.__vite_ssr_import_1__.OKLCHColorSchema.refine.message","decl":{"start":{"line":63,"column":31},"end":{"line":63,"column":59}},"loc":{"start":{"line":63,"column":31},"end":{"line":63,"column":59}},"line":63},"4":{"name":"__vite_ssr_import_0__.z.object.400.__vite_ssr_import_1__.OKLCHColorSchema.refine.message","decl":{"start":{"line":66,"column":31},"end":{"line":66,"column":59}},"loc":{"start":{"line":66,"column":31},"end":{"line":66,"column":59}},"line":66},"5":{"name":"__vite_ssr_import_0__.z.object.500.__vite_ssr_import_1__.OKLCHColorSchema.refine.message","decl":{"start":{"line":69,"column":31},"end":{"line":69,"column":59}},"loc":{"start":{"line":69,"column":31},"end":{"line":69,"column":59}},"line":69},"6":{"name":"__vite_ssr_import_0__.z.object.600.__vite_ssr_import_1__.OKLCHColorSchema.refine.message","decl":{"start":{"line":72,"column":31},"end":{"line":72,"column":59}},"loc":{"start":{"line":72,"column":31},"end":{"line":72,"column":59}},"line":72},"7":{"name":"__vite_ssr_import_0__.z.object.700.__vite_ssr_import_1__.OKLCHColorSchema.refine.message","decl":{"start":{"line":75,"column":31},"end":{"line":75,"column":59}},"loc":{"start":{"line":75,"column":31},"end":{"line":75,"column":59}},"line":75},"8":{"name":"__vite_ssr_import_0__.z.object.800.__vite_ssr_import_1__.OKLCHColorSchema.refine.message","decl":{"start":{"line":78,"column":31},"end":{"line":78,"column":59}},"loc":{"start":{"line":78,"column":31},"end":{"line":78,"column":59}},"line":78},"9":{"name":"__vite_ssr_import_0__.z.object.900.__vite_ssr_import_1__.OKLCHColorSchema.refine.message","decl":{"start":{"line":81,"column":31},"end":{"line":81,"column":59}},"loc":{"start":{"line":81,"column":31},"end":{"line":81,"column":59}},"line":81}},"f":{"0":5,"1":5,"2":4,"3":4,"4":4,"5":4,"6":4,"7":4,"8":4,"9":4}}
,"/Users/asleep/Developer/tekton/packages/theme/src/index.ts": {"path":"/Users/asleep/Developer/tekton/packages/theme/src/index.ts","all":true,"statementMap":{"0":{"start":{"line":1,"column":0},"end":{"line":1,"column":3}},"7":{"start":{"line":8,"column":0},"end":{"line":8,"column":27}},"8":{"start":{"line":9,"column":0},"end":{"line":9,"column":28}},"9":{"start":{"line":10,"column":0},"end":{"line":10,"column":35}},"10":{"start":{"line":11,"column":0},"end":{"line":11,"column":29}},"11":{"start":{"line":12,"column":0},"end":{"line":12,"column":43}}},"s":{"0":0,"7":0,"8":0,"9":0,"10":0,"11":0},"branchMap":{"0":{"type":"branch","line":1,"loc":{"start":{"line":1,"column":321},"end":{"line":12,"column":43}},"locations":[{"start":{"line":1,"column":321},"end":{"line":12,"column":43}}]}},"b":{"0":[0]},"fnMap":{"0":{"name":"(empty-report)","decl":{"start":{"line":1,"column":321},"end":{"line":12,"column":43}},"loc":{"start":{"line":1,"column":321},"end":{"line":12,"column":43}},"line":1}},"f":{"0":0}}
,"/Users/asleep/Developer/tekton/packages/theme/src/loader.ts": {"path":"/Users/asleep/Developer/tekton/packages/theme/src/loader.ts","all":true,"statementMap":{"0":{"start":{"line":1,"column":0},"end":{"line":1,"column":24}},"23":{"start":{"line":24,"column":0},"end":{"line":24,"column":50}},"27":{"start":{"line":28,"column":0},"end":{"line":28,"column":39}},"35":{"start":{"line":36,"column":0},"end":{"line":36,"column":54}},"36":{"start":{"line":37,"column":0},"end":{"line":37,"column":19}},"37":{"start":{"line":38,"column":0},"end":{"line":38,"column":40}},"38":{"start":{"line":39,"column":0},"end":{"line":39,"column":25}},"39":{"start":{"line":40,"column":0},"end":{"line":40,"column":3}},"40":{"start":{"line":41,"column":0},"end":{"line":41,"column":1}},"59":{"start":{"line":60,"column":0},"end":{"line":60,"column":57}},"60":{"start":{"line":61,"column":0},"end":{"line":61,"column":52}},"62":{"start":{"line":63,"column":0},"end":{"line":63,"column":24}},"63":{"start":{"line":64,"column":0},"end":{"line":64,"column":45}},"64":{"start":{"line":65,"column":0},"end":{"line":65,"column":23}},"65":{"start":{"line":66,"column":0},"end":{"line":66,"column":42}},"66":{"start":{"line":67,"column":0},"end":{"line":67,"column":43}},"67":{"start":{"line":68,"column":0},"end":{"line":68,"column":8}},"68":{"start":{"line":69,"column":0},"end":{"line":69,"column":18}},"70":{"start":{"line":71,"column":0},"end":{"line":71,"column":36}},"71":{"start":{"line":72,"column":0},"end":{"line":72,"column":51}},"72":{"start":{"line":73,"column":0},"end":{"line":73,"column":25}},"73":{"start":{"line":74,"column":0},"end":{"line":74,"column":6}},"74":{"start":{"line":75,"column":0},"end":{"line":75,"column":3}},"76":{"start":{"line":77,"column":0},"end":{"line":77,"column":21}},"77":{"start":{"line":78,"column":0},"end":{"line":78,"column":1}},"101":{"start":{"line":102,"column":0},"end":{"line":102,"column":70}},"103":{"start":{"line":104,"column":0},"end":{"line":104,"column":55}},"104":{"start":{"line":105,"column":0},"end":{"line":105,"column":53}},"105":{"start":{"line":106,"column":0},"end":{"line":106,"column":4}},"107":{"start":{"line":108,"column":0},"end":{"line":108,"column":41}},"108":{"start":{"line":109,"column":0},"end":{"line":109,"column":20}},"109":{"start":{"line":110,"column":0},"end":{"line":110,"column":54}},"110":{"start":{"line":111,"column":0},"end":{"line":111,"column":3}},"112":{"start":{"line":113,"column":0},"end":{"line":113,"column":32}},"113":{"start":{"line":114,"column":0},"end":{"line":114,"column":1}}},"s":{"0":0,"23":0,"27":0,"35":0,"36":0,"37":0,"38":0,"39":0,"40":0,"59":0,"60":0,"62":0,"63":0,"64":0,"65":0,"66":0,"67":0,"68":0,"70":0,"71":0,"72":0,"73":0,"74":0,"76":0,"77":0,"101":0,"103":0,"104":0,"105":0,"107":0,"108":0,"109":0,"110":0,"112":0,"113":0},"branchMap":{"0":{"type":"branch","line":1,"loc":{"start":{"line":1,"column":3255},"end":{"line":114,"column":1}},"locations":[{"start":{"line":1,"column":3255},"end":{"line":114,"column":1}}]}},"b":{"0":[0]},"fnMap":{"0":{"name":"(empty-report)","decl":{"start":{"line":1,"column":3255},"end":{"line":114,"column":1}},"loc":{"start":{"line":1,"column":3255},"end":{"line":114,"column":1}},"line":1}},"f":{"0":0}}
,"/Users/asleep/Developer/tekton/packages/theme/src/questionnaire.ts": {"path":"/Users/asleep/Developer/tekton/packages/theme/src/questionnaire.ts","all":true,"statementMap":{"0":{"start":{"line":1,"column":0},"end":{"line":1,"column":24}},"6":{"start":{"line":7,"column":0},"end":{"line":7,"column":97}},"11":{"start":{"line":12,"column":0},"end":{"line":12,"column":75}},"16":{"start":{"line":17,"column":0},"end":{"line":17,"column":76}},"21":{"start":{"line":22,"column":0},"end":{"line":22,"column":87}},"26":{"start":{"line":27,"column":0},"end":{"line":27,"column":66}},"31":{"start":{"line":32,"column":0},"end":{"line":32,"column":68}},"37":{"start":{"line":38,"column":0},"end":{"line":38,"column":45}},"38":{"start":{"line":39,"column":0},"end":{"line":39,"column":29}},"39":{"start":{"line":40,"column":0},"end":{"line":40,"column":27}},"40":{"start":{"line":41,"column":0},"end":{"line":41,"column":25}},"41":{"start":{"line":42,"column":0},"end":{"line":42,"column":35}},"42":{"start":{"line":43,"column":0},"end":{"line":43,"column":33}},"43":{"start":{"line":44,"column":0},"end":{"line":44,"column":33}},"44":{"start":{"line":45,"column":0},"end":{"line":45,"column":29}},"45":{"start":{"line":46,"column":0},"end":{"line":46,"column":3}},"55":{"start":{"line":56,"column":0},"end":{"line":56,"column":53}},"56":{"start":{"line":57,"column":0},"end":{"line":57,"column":28}},"57":{"start":{"line":58,"column":0},"end":{"line":58,"column":19}},"58":{"start":{"line":59,"column":0},"end":{"line":59,"column":25}},"59":{"start":{"line":60,"column":0},"end":{"line":60,"column":25}},"60":{"start":{"line":61,"column":0},"end":{"line":61,"column":17}},"61":{"start":{"line":62,"column":0},"end":{"line":62,"column":11}},"62":{"start":{"line":63,"column":0},"end":{"line":63,"column":12}},"63":{"start":{"line":64,"column":0},"end":{"line":64,"column":11}},"64":{"start":{"line":65,"column":0},"end":{"line":65,"column":4}},"65":{"start":{"line":66,"column":0},"end":{"line":66,"column":22}},"66":{"start":{"line":67,"column":0},"end":{"line":67,"column":22}},"67":{"start":{"line":68,"column":0},"end":{"line":68,"column":2}}},"s":{"0":0,"6":0,"11":0,"16":0,"21":0,"26":0,"31":0,"37":0,"38":0,"39":0,"40":0,"41":0,"42":0,"43":0,"44":0,"45":0,"55":0,"56":0,"57":0,"58":0,"59":0,"60":0,"61":0,"62":0,"63":0,"64":0,"65":0,"66":0,"67":0},"branchMap":{"0":{"type":"branch","line":1,"loc":{"start":{"line":1,"column":1510},"end":{"line":68,"column":2}},"locations":[{"start":{"line":1,"column":1510},"end":{"line":68,"column":2}}]}},"b":{"0":[0]},"fnMap":{"0":{"name":"(empty-report)","decl":{"start":{"line":1,"column":1510},"end":{"line":68,"column":2}},"loc":{"start":{"line":1,"column":1510},"end":{"line":68,"column":2}},"line":1}},"f":{"0":0}}
,"/Users/asleep/Developer/tekton/packages/theme/src/schemas.ts": {"path":"/Users/asleep/Developer/tekton/packages/theme/src/schemas.ts","all":false,"statementMap":{"0":{"start":{"line":1,"column":0},"end":{"line":1,"column":24}},"8":{"start":{"line":9,"column":0},"end":{"line":9,"column":42}},"9":{"start":{"line":10,"column":0},"end":{"line":10,"column":30}},"10":{"start":{"line":11,"column":0},"end":{"line":11,"column":32}},"11":{"start":{"line":12,"column":0},"end":{"line":12,"column":32}},"12":{"start":{"line":13,"column":0},"end":{"line":13,"column":3}},"20":{"start":{"line":21,"column":0},"end":{"line":21,"column":40}},"21":{"start":{"line":22,"column":0},"end":{"line":22,"column":38}},"22":{"start":{"line":23,"column":0},"end":{"line":23,"column":38}},"23":{"start":{"line":24,"column":0},"end":{"line":24,"column":38}},"24":{"start":{"line":25,"column":0},"end":{"line":25,"column":3}},"32":{"start":{"line":33,"column":0},"end":{"line":33,"column":104}},"34":{"start":{"line":35,"column":0},"end":{"line":35,"column":41}},"35":{"start":{"line":36,"column":0},"end":{"line":36,"column":20}},"36":{"start":{"line":37,"column":0},"end":{"line":37,"column":18}},"37":{"start":{"line":38,"column":0},"end":{"line":38,"column":2}},"45":{"start":{"line":46,"column":0},"end":{"line":46,"column":47}},"46":{"start":{"line":47,"column":0},"end":{"line":47,"column":17}},"47":{"start":{"line":48,"column":0},"end":{"line":48,"column":19}},"48":{"start":{"line":49,"column":0},"end":{"line":49,"column":26}},"49":{"start":{"line":50,"column":0},"end":{"line":50,"column":37}},"50":{"start":{"line":51,"column":0},"end":{"line":51,"column":57}},"51":{"start":{"line":52,"column":0},"end":{"line":52,"column":3}},"59":{"start":{"line":60,"column":0},"end":{"line":60,"column":50}},"60":{"start":{"line":61,"column":0},"end":{"line":61,"column":43}},"61":{"start":{"line":62,"column":0},"end":{"line":62,"column":35}},"62":{"start":{"line":63,"column":0},"end":{"line":63,"column":22}},"63":{"start":{"line":64,"column":0},"end":{"line":64,"column":40}},"64":{"start":{"line":65,"column":0},"end":{"line":65,"column":40}},"65":{"start":{"line":66,"column":0},"end":{"line":66,"column":3}},"73":{"start":{"line":74,"column":0},"end":{"line":74,"column":47}},"74":{"start":{"line":75,"column":0},"end":{"line":75,"column":19}},"75":{"start":{"line":76,"column":0},"end":{"line":76,"column":49}},"76":{"start":{"line":77,"column":0},"end":{"line":77,"column":62}},"77":{"start":{"line":78,"column":0},"end":{"line":78,"column":3}},"85":{"start":{"line":86,"column":0},"end":{"line":86,"column":75}},"92":{"start":{"line":93,"column":0},"end":{"line":93,"column":57}}},"s":{"0":1,"8":1,"9":1,"10":1,"11":1,"12":1,"20":1,"21":1,"22":1,"23":1,"24":1,"32":1,"34":1,"35":1,"36":1,"37":1,"45":1,"46":1,"47":1,"48":1,"49":1,"50":1,"51":1,"59":1,"60":1,"61":1,"62":1,"63":1,"64":1,"65":1,"73":1,"74":1,"75":1,"76":1,"77":1,"85":1,"92":1},"branchMap":{},"b":{},"fnMap":{},"f":{}}
,"/Users/asleep/Developer/tekton/packages/theme/src/types.ts": {"path":"/Users/asleep/Developer/tekton/packages/theme/src/types.ts","all":true,"statementMap":{"0":{"start":{"line":1,"column":0},"end":{"line":1,"column":24}},"6":{"start":{"line":7,"column":0},"end":{"line":7,"column":73}},"16":{"start":{"line":17,"column":0},"end":{"line":17,"column":37}},"17":{"start":{"line":18,"column":0},"end":{"line":18,"column":42}},"18":{"start":{"line":19,"column":0},"end":{"line":19,"column":36}},"19":{"start":{"line":20,"column":0},"end":{"line":20,"column":37}},"20":{"start":{"line":21,"column":0},"end":{"line":21,"column":3}},"30":{"start":{"line":31,"column":0},"end":{"line":31,"column":46}},"31":{"start":{"line":32,"column":0},"end":{"line":32,"column":39}},"32":{"start":{"line":33,"column":0},"end":{"line":33,"column":32}},"33":{"start":{"line":34,"column":0},"end":{"line":34,"column":40}},"34":{"start":{"line":35,"column":0},"end":{"line":35,"column":3}},"68":{"start":{"line":69,"column":0},"end":{"line":69,"column":38}},"69":{"start":{"line":70,"column":0},"end":{"line":70,"column":49}},"70":{"start":{"line":71,"column":0},"end":{"line":71,"column":59}},"71":{"start":{"line":72,"column":0},"end":{"line":72,"column":53}},"72":{"start":{"line":73,"column":0},"end":{"line":73,"column":26}},"73":{"start":{"line":74,"column":0},"end":{"line":74,"column":21}},"74":{"start":{"line":75,"column":0},"end":{"line":75,"column":37}},"75":{"start":{"line":76,"column":0},"end":{"line":76,"column":44}},"76":{"start":{"line":77,"column":0},"end":{"line":77,"column":3}}},"s":{"0":0,"6":0,"16":0,"17":0,"18":0,"19":0,"20":0,"30":0,"31":0,"32":0,"33":0,"34":0,"68":0,"69":0,"70":0,"71":0,"72":0,"73":0,"74":0,"75":0,"76":0},"branchMap":{"0":{"type":"branch","line":1,"loc":{"start":{"line":1,"column":3025},"end":{"line":98,"column":66}},"locations":[{"start":{"line":1,"column":3025},"end":{"line":98,"column":66}}]}},"b":{"0":[0]},"fnMap":{"0":{"name":"(empty-report)","decl":{"start":{"line":1,"column":3025},"end":{"line":98,"column":66}},"loc":{"start":{"line":1,"column":3025},"end":{"line":98,"column":66}},"line":1}},"f":{"0":0}}
,"/Users/asleep/Developer/tekton/packages/theme/src/__tests__/extended-token-schema.test.ts": {"path":"/Users/asleep/Developer/tekton/packages/theme/src/__tests__/extended-token-schema.test.ts","all":false,"statementMap":{"0":{"start":{"line":1,"column":0},"end":{"line":1,"column":46}},"11":{"start":{"line":12,"column":0},"end":{"line":12,"column":37}},"13":{"start":{"line":14,"column":0},"end":{"line":14,"column":41}},"14":{"start":{"line":15,"column":0},"end":{"line":15,"column":38}},"15":{"start":{"line":16,"column":0},"end":{"line":16,"column":59}},"16":{"start":{"line":17,"column":0},"end":{"line":17,"column":38}},"17":{"start":{"line":18,"column":0},"end":{"line":18,"column":18}},"18":{"start":{"line":19,"column":0},"end":{"line":19,"column":44}},"19":{"start":{"line":20,"column":0},"end":{"line":20,"column":45}},"20":{"start":{"line":21,"column":0},"end":{"line":21,"column":44}},"21":{"start":{"line":22,"column":0},"end":{"line":22,"column":49}},"22":{"start":{"line":23,"column":0},"end":{"line":23,"column":10}},"23":{"start":{"line":24,"column":0},"end":{"line":24,"column":8}},"25":{"start":{"line":26,"column":0},"end":{"line":26,"column":60}},"26":{"start":{"line":27,"column":0},"end":{"line":27,"column":40}},"27":{"start":{"line":28,"column":0},"end":{"line":28,"column":7}},"29":{"start":{"line":30,"column":0},"end":{"line":30,"column":67}},"30":{"start":{"line":31,"column":0},"end":{"line":31,"column":28}},"31":{"start":{"line":32,"column":0},"end":{"line":32,"column":18}},"32":{"start":{"line":33,"column":0},"end":{"line":33,"column":44}},"34":{"start":{"line":35,"column":0},"end":{"line":35,"column":10}},"35":{"start":{"line":36,"column":0},"end":{"line":36,"column":8}},"37":{"start":{"line":38,"column":0},"end":{"line":38,"column":62}},"38":{"start":{"line":39,"column":0},"end":{"line":39,"column":41}},"39":{"start":{"line":40,"column":0},"end":{"line":40,"column":7}},"41":{"start":{"line":42,"column":0},"end":{"line":42,"column":54}},"42":{"start":{"line":43,"column":0},"end":{"line":43,"column":38}},"43":{"start":{"line":44,"column":0},"end":{"line":44,"column":18}},"44":{"start":{"line":45,"column":0},"end":{"line":45,"column":44}},"45":{"start":{"line":46,"column":0},"end":{"line":46,"column":45}},"46":{"start":{"line":47,"column":0},"end":{"line":47,"column":44}},"47":{"start":{"line":48,"column":0},"end":{"line":48,"column":49}},"48":{"start":{"line":49,"column":0},"end":{"line":49,"column":10}},"49":{"start":{"line":50,"column":0},"end":{"line":50,"column":20}},"50":{"start":{"line":51,"column":0},"end":{"line":51,"column":44}},"51":{"start":{"line":52,"column":0},"end":{"line":52,"column":45}},"52":{"start":{"line":53,"column":0},"end":{"line":53,"column":44}},"53":{"start":{"line":54,"column":0},"end":{"line":54,"column":49}},"54":{"start":{"line":55,"column":0},"end":{"line":55,"column":10}},"55":{"start":{"line":56,"column":0},"end":{"line":56,"column":8}},"57":{"start":{"line":58,"column":0},"end":{"line":58,"column":60}},"58":{"start":{"line":59,"column":0},"end":{"line":59,"column":40}},"59":{"start":{"line":60,"column":0},"end":{"line":60,"column":7}},"61":{"start":{"line":62,"column":0},"end":{"line":62,"column":52}},"62":{"start":{"line":63,"column":0},"end":{"line":63,"column":28}},"63":{"start":{"line":64,"column":0},"end":{"line":64,"column":18}},"64":{"start":{"line":65,"column":0},"end":{"line":65,"column":61}},"65":{"start":{"line":66,"column":0},"end":{"line":66,"column":45}},"66":{"start":{"line":67,"column":0},"end":{"line":67,"column":44}},"67":{"start":{"line":68,"column":0},"end":{"line":68,"column":49}},"68":{"start":{"line":69,"column":0},"end":{"line":69,"column":10}},"69":{"start":{"line":70,"column":0},"end":{"line":70,"column":8}},"71":{"start":{"line":72,"column":0},"end":{"line":72,"column":62}},"72":{"start":{"line":73,"column":0},"end":{"line":73,"column":41}},"73":{"start":{"line":74,"column":0},"end":{"line":74,"column":7}},"74":{"start":{"line":75,"column":0},"end":{"line":75,"column":5}},"76":{"start":{"line":77,"column":0},"end":{"line":77,"column":41}},"77":{"start":{"line":78,"column":0},"end":{"line":78,"column":62}},"78":{"start":{"line":79,"column":0},"end":{"line":79,"column":44}},"79":{"start":{"line":80,"column":0},"end":{"line":80,"column":45}},"80":{"start":{"line":81,"column":0},"end":{"line":81,"column":44}},"81":{"start":{"line":82,"column":0},"end":{"line":82,"column":42}},"82":{"start":{"line":83,"column":0},"end":{"line":83,"column":42}},"83":{"start":{"line":84,"column":0},"end":{"line":84,"column":8}},"85":{"start":{"line":86,"column":0},"end":{"line":86,"column":66}},"86":{"start":{"line":87,"column":0},"end":{"line":87,"column":40}},"87":{"start":{"line":88,"column":0},"end":{"line":88,"column":7}},"89":{"start":{"line":90,"column":0},"end":{"line":90,"column":70}},"90":{"start":{"line":91,"column":0},"end":{"line":91,"column":31}},"91":{"start":{"line":92,"column":0},"end":{"line":92,"column":45}},"92":{"start":{"line":93,"column":0},"end":{"line":93,"column":44}},"94":{"start":{"line":95,"column":0},"end":{"line":95,"column":8}},"96":{"start":{"line":97,"column":0},"end":{"line":97,"column":68}},"97":{"start":{"line":98,"column":0},"end":{"line":98,"column":41}},"98":{"start":{"line":99,"column":0},"end":{"line":99,"column":7}},"100":{"start":{"line":101,"column":0},"end":{"line":101,"column":57}},"101":{"start":{"line":102,"column":0},"end":{"line":102,"column":44}},"102":{"start":{"line":103,"column":0},"end":{"line":103,"column":45}},"103":{"start":{"line":104,"column":0},"end":{"line":104,"column":44}},"104":{"start":{"line":105,"column":0},"end":{"line":105,"column":42}},"105":{"start":{"line":106,"column":0},"end":{"line":106,"column":42}},"106":{"start":{"line":107,"column":0},"end":{"line":107,"column":51}},"107":{"start":{"line":108,"column":0},"end":{"line":108,"column":47}},"108":{"start":{"line":109,"column":0},"end":{"line":109,"column":8}},"110":{"start":{"line":111,"column":0},"end":{"line":111,"column":66}},"111":{"start":{"line":112,"column":0},"end":{"line":112,"column":40}},"112":{"start":{"line":113,"column":0},"end":{"line":113,"column":7}},"113":{"start":{"line":114,"column":0},"end":{"line":114,"column":5}},"115":{"start":{"line":116,"column":0},"end":{"line":116,"column":40}},"116":{"start":{"line":117,"column":0},"end":{"line":117,"column":84}},"117":{"start":{"line":118,"column":0},"end":{"line":118,"column":42}},"118":{"start":{"line":119,"column":0},"end":{"line":119,"column":22}},"119":{"start":{"line":120,"column":0},"end":{"line":120,"column":36}},"120":{"start":{"line":121,"column":0},"end":{"line":121,"column":37}},"121":{"start":{"line":122,"column":0},"end":{"line":122,"column":38}},"122":{"start":{"line":123,"column":0},"end":{"line":123,"column":38}},"123":{"start":{"line":124,"column":0},"end":{"line":124,"column":38}},"124":{"start":{"line":125,"column":0},"end":{"line":125,"column":38}},"125":{"start":{"line":126,"column":0},"end":{"line":126,"column":10}},"126":{"start":{"line":127,"column":0},"end":{"line":127,"column":8}},"128":{"start":{"line":129,"column":0},"end":{"line":129,"column":64}},"129":{"start":{"line":130,"column":0},"end":{"line":130,"column":40}},"130":{"start":{"line":131,"column":0},"end":{"line":131,"column":7}},"132":{"start":{"line":133,"column":0},"end":{"line":133,"column":85}},"133":{"start":{"line":134,"column":0},"end":{"line":134,"column":42}},"134":{"start":{"line":135,"column":0},"end":{"line":135,"column":21}},"135":{"start":{"line":136,"column":0},"end":{"line":136,"column":38}},"136":{"start":{"line":137,"column":0},"end":{"line":137,"column":38}},"137":{"start":{"line":138,"column":0},"end":{"line":138,"column":38}},"138":{"start":{"line":139,"column":0},"end":{"line":139,"column":38}},"139":{"start":{"line":140,"column":0},"end":{"line":140,"column":38}},"140":{"start":{"line":141,"column":0},"end":{"line":141,"column":10}},"141":{"start":{"line":142,"column":0},"end":{"line":142,"column":8}},"143":{"start":{"line":144,"column":0},"end":{"line":144,"column":64}},"144":{"start":{"line":145,"column":0},"end":{"line":145,"column":40}},"145":{"start":{"line":146,"column":0},"end":{"line":146,"column":7}},"147":{"start":{"line":148,"column":0},"end":{"line":148,"column":84}},"148":{"start":{"line":149,"column":0},"end":{"line":149,"column":42}},"149":{"start":{"line":150,"column":0},"end":{"line":150,"column":20}},"150":{"start":{"line":151,"column":0},"end":{"line":151,"column":48}},"151":{"start":{"line":152,"column":0},"end":{"line":152,"column":37}},"152":{"start":{"line":153,"column":0},"end":{"line":153,"column":55}},"153":{"start":{"line":154,"column":0},"end":{"line":154,"column":38}},"154":{"start":{"line":155,"column":0},"end":{"line":155,"column":50}},"155":{"start":{"line":156,"column":0},"end":{"line":156,"column":10}},"156":{"start":{"line":157,"column":0},"end":{"line":157,"column":8}},"158":{"start":{"line":159,"column":0},"end":{"line":159,"column":64}},"159":{"start":{"line":160,"column":0},"end":{"line":160,"column":40}},"160":{"start":{"line":161,"column":0},"end":{"line":161,"column":7}},"162":{"start":{"line":163,"column":0},"end":{"line":163,"column":71}},"163":{"start":{"line":164,"column":0},"end":{"line":164,"column":30}},"164":{"start":{"line":165,"column":0},"end":{"line":165,"column":65}},"165":{"start":{"line":166,"column":0},"end":{"line":166,"column":8}},"167":{"start":{"line":168,"column":0},"end":{"line":168,"column":66}},"168":{"start":{"line":169,"column":0},"end":{"line":169,"column":41}},"169":{"start":{"line":170,"column":0},"end":{"line":170,"column":7}},"170":{"start":{"line":171,"column":0},"end":{"line":171,"column":5}},"172":{"start":{"line":173,"column":0},"end":{"line":173,"column":40}},"173":{"start":{"line":174,"column":0},"end":{"line":174,"column":62}},"174":{"start":{"line":175,"column":0},"end":{"line":175,"column":42}},"175":{"start":{"line":176,"column":0},"end":{"line":176,"column":39}},"176":{"start":{"line":177,"column":0},"end":{"line":177,"column":40}},"177":{"start":{"line":178,"column":0},"end":{"line":178,"column":40}},"178":{"start":{"line":179,"column":0},"end":{"line":179,"column":40}},"179":{"start":{"line":180,"column":0},"end":{"line":180,"column":40}},"180":{"start":{"line":181,"column":0},"end":{"line":181,"column":40}},"181":{"start":{"line":182,"column":0},"end":{"line":182,"column":40}},"182":{"start":{"line":183,"column":0},"end":{"line":183,"column":40}},"183":{"start":{"line":184,"column":0},"end":{"line":184,"column":40}},"184":{"start":{"line":185,"column":0},"end":{"line":185,"column":40}},"185":{"start":{"line":186,"column":0},"end":{"line":186,"column":8}},"187":{"start":{"line":188,"column":0},"end":{"line":188,"column":64}},"188":{"start":{"line":189,"column":0},"end":{"line":189,"column":40}},"189":{"start":{"line":190,"column":0},"end":{"line":190,"column":7}},"191":{"start":{"line":192,"column":0},"end":{"line":192,"column":69}},"192":{"start":{"line":193,"column":0},"end":{"line":193,"column":30}},"193":{"start":{"line":194,"column":0},"end":{"line":194,"column":39}},"194":{"start":{"line":195,"column":0},"end":{"line":195,"column":40}},"196":{"start":{"line":197,"column":0},"end":{"line":197,"column":8}},"198":{"start":{"line":199,"column":0},"end":{"line":199,"column":66}},"199":{"start":{"line":200,"column":0},"end":{"line":200,"column":41}},"200":{"start":{"line":201,"column":0},"end":{"line":201,"column":7}},"202":{"start":{"line":203,"column":0},"end":{"line":203,"column":70}},"203":{"start":{"line":204,"column":0},"end":{"line":204,"column":30}},"204":{"start":{"line":205,"column":0},"end":{"line":205,"column":39}},"205":{"start":{"line":206,"column":0},"end":{"line":206,"column":40}},"206":{"start":{"line":207,"column":0},"end":{"line":207,"column":40}},"207":{"start":{"line":208,"column":0},"end":{"line":208,"column":40}},"208":{"start":{"line":209,"column":0},"end":{"line":209,"column":40}},"209":{"start":{"line":210,"column":0},"end":{"line":210,"column":68}},"210":{"start":{"line":211,"column":0},"end":{"line":211,"column":40}},"211":{"start":{"line":212,"column":0},"end":{"line":212,"column":40}},"212":{"start":{"line":213,"column":0},"end":{"line":213,"column":40}},"213":{"start":{"line":214,"column":0},"end":{"line":214,"column":40}},"214":{"start":{"line":215,"column":0},"end":{"line":215,"column":8}},"216":{"start":{"line":217,"column":0},"end":{"line":217,"column":66}},"217":{"start":{"line":218,"column":0},"end":{"line":218,"column":41}},"218":{"start":{"line":219,"column":0},"end":{"line":219,"column":7}},"219":{"start":{"line":220,"column":0},"end":{"line":220,"column":5}},"221":{"start":{"line":222,"column":0},"end":{"line":222,"column":47}},"222":{"start":{"line":223,"column":0},"end":{"line":223,"column":64}},"223":{"start":{"line":224,"column":0},"end":{"line":224,"column":22}},"224":{"start":{"line":225,"column":0},"end":{"line":225,"column":16}},"225":{"start":{"line":226,"column":0},"end":{"line":226,"column":20}},"226":{"start":{"line":227,"column":0},"end":{"line":227,"column":46}},"227":{"start":{"line":228,"column":0},"end":{"line":228,"column":47}},"228":{"start":{"line":229,"column":0},"end":{"line":229,"column":46}},"229":{"start":{"line":230,"column":0},"end":{"line":230,"column":51}},"230":{"start":{"line":231,"column":0},"end":{"line":231,"column":12}},"231":{"start":{"line":232,"column":0},"end":{"line":232,"column":10}},"232":{"start":{"line":233,"column":0},"end":{"line":233,"column":19}},"233":{"start":{"line":234,"column":0},"end":{"line":234,"column":47}},"234":{"start":{"line":235,"column":0},"end":{"line":235,"column":46}},"235":{"start":{"line":236,"column":0},"end":{"line":236,"column":44}},"236":{"start":{"line":237,"column":0},"end":{"line":237,"column":44}},"237":{"start":{"line":238,"column":0},"end":{"line":238,"column":10}},"238":{"start":{"line":239,"column":0},"end":{"line":239,"column":18}},"239":{"start":{"line":240,"column":0},"end":{"line":240,"column":24}},"240":{"start":{"line":241,"column":0},"end":{"line":241,"column":38}},"241":{"start":{"line":242,"column":0},"end":{"line":242,"column":40}},"242":{"start":{"line":243,"column":0},"end":{"line":243,"column":40}},"243":{"start":{"line":244,"column":0},"end":{"line":244,"column":12}},"244":{"start":{"line":245,"column":0},"end":{"line":245,"column":10}},"245":{"start":{"line":246,"column":0},"end":{"line":246,"column":18}},"246":{"start":{"line":247,"column":0},"end":{"line":247,"column":41}},"247":{"start":{"line":248,"column":0},"end":{"line":248,"column":42}},"248":{"start":{"line":249,"column":0},"end":{"line":249,"column":42}},"249":{"start":{"line":250,"column":0},"end":{"line":250,"column":42}},"250":{"start":{"line":251,"column":0},"end":{"line":251,"column":42}},"251":{"start":{"line":252,"column":0},"end":{"line":252,"column":42}},"252":{"start":{"line":253,"column":0},"end":{"line":253,"column":42}},"253":{"start":{"line":254,"column":0},"end":{"line":254,"column":42}},"254":{"start":{"line":255,"column":0},"end":{"line":255,"column":42}},"255":{"start":{"line":256,"column":0},"end":{"line":256,"column":42}},"256":{"start":{"line":257,"column":0},"end":{"line":257,"column":10}},"257":{"start":{"line":258,"column":0},"end":{"line":258,"column":8}},"259":{"start":{"line":260,"column":0},"end":{"line":260,"column":65}},"260":{"start":{"line":261,"column":0},"end":{"line":261,"column":40}},"261":{"start":{"line":262,"column":0},"end":{"line":262,"column":7}},"263":{"start":{"line":264,"column":0},"end":{"line":264,"column":66}},"264":{"start":{"line":265,"column":0},"end":{"line":265,"column":29}},"265":{"start":{"line":266,"column":0},"end":{"line":266,"column":16}},"266":{"start":{"line":267,"column":0},"end":{"line":267,"column":20}},"267":{"start":{"line":268,"column":0},"end":{"line":268,"column":46}},"268":{"start":{"line":269,"column":0},"end":{"line":269,"column":47}},"269":{"start":{"line":270,"column":0},"end":{"line":270,"column":46}},"270":{"start":{"line":271,"column":0},"end":{"line":271,"column":51}},"271":{"start":{"line":272,"column":0},"end":{"line":272,"column":12}},"272":{"start":{"line":273,"column":0},"end":{"line":273,"column":10}},"274":{"start":{"line":275,"column":0},"end":{"line":275,"column":8}},"276":{"start":{"line":277,"column":0},"end":{"line":277,"column":72}},"277":{"start":{"line":278,"column":0},"end":{"line":278,"column":41}},"278":{"start":{"line":279,"column":0},"end":{"line":279,"column":7}},"280":{"start":{"line":281,"column":0},"end":{"line":281,"column":72}},"281":{"start":{"line":282,"column":0},"end":{"line":282,"column":35}},"283":{"start":{"line":284,"column":0},"end":{"line":284,"column":27}},"284":{"start":{"line":285,"column":0},"end":{"line":285,"column":16}},"285":{"start":{"line":286,"column":0},"end":{"line":286,"column":20}},"286":{"start":{"line":287,"column":0},"end":{"line":287,"column":46}},"287":{"start":{"line":288,"column":0},"end":{"line":288,"column":47}},"288":{"start":{"line":289,"column":0},"end":{"line":289,"column":46}},"289":{"start":{"line":290,"column":0},"end":{"line":290,"column":51}},"290":{"start":{"line":291,"column":0},"end":{"line":291,"column":12}},"291":{"start":{"line":292,"column":0},"end":{"line":292,"column":22}},"292":{"start":{"line":293,"column":0},"end":{"line":293,"column":46}},"293":{"start":{"line":294,"column":0},"end":{"line":294,"column":47}},"294":{"start":{"line":295,"column":0},"end":{"line":295,"column":46}},"295":{"start":{"line":296,"column":0},"end":{"line":296,"column":51}},"296":{"start":{"line":297,"column":0},"end":{"line":297,"column":12}},"297":{"start":{"line":298,"column":0},"end":{"line":298,"column":10}},"298":{"start":{"line":299,"column":0},"end":{"line":299,"column":19}},"299":{"start":{"line":300,"column":0},"end":{"line":300,"column":47}},"300":{"start":{"line":301,"column":0},"end":{"line":301,"column":46}},"301":{"start":{"line":302,"column":0},"end":{"line":302,"column":44}},"302":{"start":{"line":303,"column":0},"end":{"line":303,"column":44}},"303":{"start":{"line":304,"column":0},"end":{"line":304,"column":10}},"304":{"start":{"line":305,"column":0},"end":{"line":305,"column":18}},"305":{"start":{"line":306,"column":0},"end":{"line":306,"column":62}},"306":{"start":{"line":307,"column":0},"end":{"line":307,"column":19}},"307":{"start":{"line":308,"column":0},"end":{"line":308,"column":20}},"308":{"start":{"line":309,"column":0},"end":{"line":309,"column":30}},"309":{"start":{"line":310,"column":0},"end":{"line":310,"column":14}},"310":{"start":{"line":311,"column":0},"end":{"line":311,"column":60}},"311":{"start":{"line":312,"column":0},"end":{"line":312,"column":29}},"312":{"start":{"line":313,"column":0},"end":{"line":313,"column":32}},"313":{"start":{"line":314,"column":0},"end":{"line":314,"column":19}},"314":{"start":{"line":315,"column":0},"end":{"line":315,"column":14}},"315":{"start":{"line":316,"column":0},"end":{"line":316,"column":10}},"316":{"start":{"line":317,"column":0},"end":{"line":317,"column":18}},"317":{"start":{"line":318,"column":0},"end":{"line":318,"column":41}},"318":{"start":{"line":319,"column":0},"end":{"line":319,"column":42}},"319":{"start":{"line":320,"column":0},"end":{"line":320,"column":42}},"320":{"start":{"line":321,"column":0},"end":{"line":321,"column":42}},"321":{"start":{"line":322,"column":0},"end":{"line":322,"column":42}},"322":{"start":{"line":323,"column":0},"end":{"line":323,"column":42}},"323":{"start":{"line":324,"column":0},"end":{"line":324,"column":42}},"324":{"start":{"line":325,"column":0},"end":{"line":325,"column":42}},"325":{"start":{"line":326,"column":0},"end":{"line":326,"column":42}},"326":{"start":{"line":327,"column":0},"end":{"line":327,"column":42}},"327":{"start":{"line":328,"column":0},"end":{"line":328,"column":10}},"328":{"start":{"line":329,"column":0},"end":{"line":329,"column":8}},"330":{"start":{"line":331,"column":0},"end":{"line":331,"column":55}},"332":{"start":{"line":333,"column":0},"end":{"line":333,"column":46}},"333":{"start":{"line":334,"column":0},"end":{"line":334,"column":41}},"334":{"start":{"line":335,"column":0},"end":{"line":335,"column":7}},"335":{"start":{"line":336,"column":0},"end":{"line":336,"column":5}},"337":{"start":{"line":338,"column":0},"end":{"line":338,"column":49}},"338":{"start":{"line":339,"column":0},"end":{"line":339,"column":71}},"339":{"start":{"line":340,"column":0},"end":{"line":340,"column":38}},"340":{"start":{"line":341,"column":0},"end":{"line":341,"column":18}},"341":{"start":{"line":342,"column":0},"end":{"line":342,"column":44}},"342":{"start":{"line":343,"column":0},"end":{"line":343,"column":45}},"343":{"start":{"line":344,"column":0},"end":{"line":344,"column":44}},"344":{"start":{"line":345,"column":0},"end":{"line":345,"column":75}},"345":{"start":{"line":346,"column":0},"end":{"line":346,"column":10}},"346":{"start":{"line":347,"column":0},"end":{"line":347,"column":8}},"348":{"start":{"line":349,"column":0},"end":{"line":349,"column":60}},"349":{"start":{"line":350,"column":0},"end":{"line":350,"column":40}},"352":{"start":{"line":353,"column":0},"end":{"line":353,"column":65}},"353":{"start":{"line":354,"column":0},"end":{"line":354,"column":7}},"355":{"start":{"line":356,"column":0},"end":{"line":356,"column":74}},"356":{"start":{"line":357,"column":0},"end":{"line":357,"column":44}},"357":{"start":{"line":358,"column":0},"end":{"line":358,"column":76}},"358":{"start":{"line":359,"column":0},"end":{"line":359,"column":44}},"359":{"start":{"line":360,"column":0},"end":{"line":360,"column":43}},"360":{"start":{"line":361,"column":0},"end":{"line":361,"column":42}},"361":{"start":{"line":362,"column":0},"end":{"line":362,"column":8}},"363":{"start":{"line":364,"column":0},"end":{"line":364,"column":66}},"364":{"start":{"line":365,"column":0},"end":{"line":365,"column":40}},"365":{"start":{"line":366,"column":0},"end":{"line":366,"column":7}},"366":{"start":{"line":367,"column":0},"end":{"line":367,"column":5}},"367":{"start":{"line":368,"column":0},"end":{"line":368,"column":3}}},"s":{"0":1,"11":1,"13":1,"14":1,"15":1,"16":1,"17":1,"18":1,"19":1,"20":1,"21":1,"22":1,"23":1,"25":1,"26":1,"27":1,"29":1,"30":1,"31":1,"32":1,"34":1,"35":1,"37":1,"38":1,"39":1,"41":1,"42":1,"43":1,"44":1,"45":1,"46":1,"47":1,"48":1,"49":1,"50":1,"51":1,"52":1,"53":1,"54":1,"55":1,"57":1,"58":1,"59":1,"61":1,"62":1,"63":1,"64":1,"65":1,"66":1,"67":1,"68":1,"69":1,"71":1,"72":1,"73":1,"74":1,"76":1,"77":1,"78":1,"79":1,"80":1,"81":1,"82":1,"83":1,"85":1,"86":1,"87":1,"89":1,"90":1,"91":1,"92":1,"94":1,"96":1,"97":1,"98":1,"100":1,"101":1,"102":1,"103":1,"104":1,"105":1,"106":1,"107":1,"108":1,"110":1,"111":1,"112":1,"113":1,"115":1,"116":1,"117":1,"118":1,"119":1,"120":1,"121":1,"122":1,"123":1,"124":1,"125":1,"126":1,"128":1,"129":1,"130":1,"132":1,"133":1,"134":1,"135":1,"136":1,"137":1,"138":1,"139":1,"140":1,"141":1,"143":1,"144":1,"145":1,"147":1,"148":1,"149":1,"150":1,"151":1,"152":1,"153":1,"154":1,"155":1,"156":1,"158":1,"159":1,"160":1,"162":1,"163":1,"164":1,"165":1,"167":1,"168":1,"169":1,"170":1,"172":1,"173":1,"174":1,"175":1,"176":1,"177":1,"178":1,"179":1,"180":1,"181":1,"182":1,"183":1,"184":1,"185":1,"187":1,"188":1,"189":1,"191":1,"192":1,"193":1,"194":1,"196":1,"198":1,"199":1,"200":1,"202":1,"203":1,"204":1,"205":1,"206":1,"207":1,"208":1,"209":1,"210":1,"211":1,"212":1,"213":1,"214":1,"216":1,"217":1,"218":1,"219":1,"221":1,"222":1,"223":1,"224":1,"225":1,"226":1,"227":1,"228":1,"229":1,"230":1,"231":1,"232":1,"233":1,"234":1,"235":1,"236":1,"237":1,"238":1,"239":1,"240":1,"241":1,"242":1,"243":1,"244":1,"245":1,"246":1,"247":1,"248":1,"249":1,"250":1,"251":1,"252":1,"253":1,"254":1,"255":1,"256":1,"257":1,"259":1,"260":1,"261":1,"263":1,"264":1,"265":1,"266":1,"267":1,"268":1,"269":1,"270":1,"271":1,"272":1,"274":1,"276":1,"277":1,"278":1,"280":1,"281":1,"283":1,"284":1,"285":1,"286":1,"287":1,"288":1,"289":1,"290":1,"291":1,"292":1,"293":1,"294":1,"295":1,"296":1,"297":1,"298":1,"299":1,"300":1,"301":1,"302":1,"303":1,"304":1,"305":1,"306":12,"307":12,"308":12,"309":1,"310":1,"311":9,"312":9,"313":9,"314":1,"315":1,"316":1,"317":1,"318":1,"319":1,"320":1,"321":1,"322":1,"323":1,"324":1,"325":1,"326":1,"327":1,"328":1,"330":1,"332":1,"333":1,"334":1,"335":1,"337":1,"338":1,"339":1,"340":1,"341":1,"342":1,"343":1,"344":1,"345":1,"346":1,"348":1,"349":1,"352":1,"353":1,"355":1,"356":1,"357":1,"358":1,"359":1,"360":1,"361":1,"363":1,"364":1,"365":1,"366":1,"367":1},"branchMap":{"0":{"type":"branch","line":14,"loc":{"start":{"line":14,"column":34},"end":{"line":368,"column":3}},"locations":[{"start":{"line":14,"column":34},"end":{"line":368,"column":3}}]},"1":{"type":"branch","line":15,"loc":{"start":{"line":15,"column":31},"end":{"line":75,"column":3}},"locations":[{"start":{"line":15,"column":31},"end":{"line":75,"column":3}}]},"2":{"type":"branch","line":16,"loc":{"start":{"line":16,"column":52},"end":{"line":28,"column":5}},"locations":[{"start":{"line":16,"column":52},"end":{"line":28,"column":5}}]},"3":{"type":"branch","line":30,"loc":{"start":{"line":30,"column":60},"end":{"line":40,"column":5}},"locations":[{"start":{"line":30,"column":60},"end":{"line":40,"column":5}}]},"4":{"type":"branch","line":42,"loc":{"start":{"line":42,"column":47},"end":{"line":60,"column":5}},"locations":[{"start":{"line":42,"column":47},"end":{"line":60,"column":5}}]},"5":{"type":"branch","line":62,"loc":{"start":{"line":62,"column":45},"end":{"line":74,"column":5}},"locations":[{"start":{"line":62,"column":45},"end":{"line":74,"column":5}}]},"6":{"type":"branch","line":77,"loc":{"start":{"line":77,"column":34},"end":{"line":114,"column":3}},"locations":[{"start":{"line":77,"column":34},"end":{"line":114,"column":3}}]},"7":{"type":"branch","line":78,"loc":{"start":{"line":78,"column":55},"end":{"line":88,"column":5}},"locations":[{"start":{"line":78,"column":55},"end":{"line":88,"column":5}}]},"8":{"type":"branch","line":90,"loc":{"start":{"line":90,"column":63},"end":{"line":99,"column":5}},"locations":[{"start":{"line":90,"column":63},"end":{"line":99,"column":5}}]},"9":{"type":"branch","line":101,"loc":{"start":{"line":101,"column":50},"end":{"line":113,"column":5}},"locations":[{"start":{"line":101,"column":50},"end":{"line":113,"column":5}}]},"10":{"type":"branch","line":116,"loc":{"start":{"line":116,"column":33},"end":{"line":171,"column":3}},"locations":[{"start":{"line":116,"column":33},"end":{"line":171,"column":3}}]},"11":{"type":"branch","line":117,"loc":{"start":{"line":117,"column":77},"end":{"line":131,"column":5}},"locations":[{"start":{"line":117,"column":77},"end":{"line":131,"column":5}}]},"12":{"type":"branch","line":133,"loc":{"start":{"line":133,"column":78},"end":{"line":146,"column":5}},"locations":[{"start":{"line":133,"column":78},"end":{"line":146,"column":5}}]},"13":{"type":"branch","line":148,"loc":{"start":{"line":148,"column":77},"end":{"line":161,"column":5}},"locations":[{"start":{"line":148,"column":77},"end":{"line":161,"column":5}}]},"14":{"type":"branch","line":163,"loc":{"start":{"line":163,"column":64},"end":{"line":170,"column":5}},"locations":[{"start":{"line":163,"column":64},"end":{"line":170,"column":5}}]},"15":{"type":"branch","line":173,"loc":{"start":{"line":173,"column":33},"end":{"line":220,"column":3}},"locations":[{"start":{"line":173,"column":33},"end":{"line":220,"column":3}}]},"16":{"type":"branch","line":174,"loc":{"start":{"line":174,"column":55},"end":{"line":190,"column":5}},"locations":[{"start":{"line":174,"column":55},"end":{"line":190,"column":5}}]},"17":{"type":"branch","line":192,"loc":{"start":{"line":192,"column":62},"end":{"line":201,"column":5}},"locations":[{"start":{"line":192,"column":62},"end":{"line":201,"column":5}}]},"18":{"type":"branch","line":203,"loc":{"start":{"line":203,"column":63},"end":{"line":219,"column":5}},"locations":[{"start":{"line":203,"column":63},"end":{"line":219,"column":5}}]},"19":{"type":"branch","line":222,"loc":{"start":{"line":222,"column":40},"end":{"line":336,"column":3}},"locations":[{"start":{"line":222,"column":40},"end":{"line":336,"column":3}}]},"20":{"type":"branch","line":223,"loc":{"start":{"line":223,"column":57},"end":{"line":262,"column":5}},"locations":[{"start":{"line":223,"column":57},"end":{"line":262,"column":5}}]},"21":{"type":"branch","line":264,"loc":{"start":{"line":264,"column":59},"end":{"line":279,"column":5}},"locations":[{"start":{"line":264,"column":59},"end":{"line":279,"column":5}}]},"22":{"type":"branch","line":281,"loc":{"start":{"line":281,"column":65},"end":{"line":335,"column":5}},"locations":[{"start":{"line":281,"column":65},"end":{"line":335,"column":5}}]},"23":{"type":"branch","line":306,"loc":{"start":{"line":306,"column":50},"end":{"line":310,"column":12}},"locations":[{"start":{"line":306,"column":50},"end":{"line":310,"column":12}}]},"24":{"type":"branch","line":311,"loc":{"start":{"line":311,"column":48},"end":{"line":315,"column":12}},"locations":[{"start":{"line":311,"column":48},"end":{"line":315,"column":12}}]},"25":{"type":"branch","line":338,"loc":{"start":{"line":338,"column":42},"end":{"line":367,"column":3}},"locations":[{"start":{"line":338,"column":42},"end":{"line":367,"column":3}}]},"26":{"type":"branch","line":339,"loc":{"start":{"line":339,"column":64},"end":{"line":354,"column":5}},"locations":[{"start":{"line":339,"column":64},"end":{"line":354,"column":5}}]},"27":{"type":"branch","line":356,"loc":{"start":{"line":356,"column":67},"end":{"line":366,"column":5}},"locations":[{"start":{"line":356,"column":67},"end":{"line":366,"column":5}}]}},"b":{"0":[1],"1":[1],"2":[1],"3":[1],"4":[1],"5":[1],"6":[1],"7":[1],"8":[1],"9":[1],"10":[1],"11":[1],"12":[1],"13":[1],"14":[1],"15":[1],"16":[1],"17":[1],"18":[1],"19":[1],"20":[1],"21":[1],"22":[1],"23":[12],"24":[9],"25":[1],"26":[1],"27":[1]},"fnMap":{},"f":{}}
}
