{"/Users/asleep/Developer/tekton/examples/basic-usage.ts": {"path":"/Users/asleep/Developer/tekton/examples/basic-usage.ts","all":true,"statementMap":{"0":{"start":{"line":1,"column":0},"end":{"line":1,"column":3}},"10":{"start":{"line":11,"column":0},"end":{"line":11,"column":16}},"13":{"start":{"line":14,"column":0},"end":{"line":14,"column":42}},"14":{"start":{"line":15,"column":0},"end":{"line":15,"column":41}},"16":{"start":{"line":17,"column":0},"end":{"line":17,"column":43}},"17":{"start":{"line":18,"column":0},"end":{"line":18,"column":49}},"18":{"start":{"line":19,"column":0},"end":{"line":19,"column":51}},"19":{"start":{"line":20,"column":0},"end":{"line":20,"column":49}},"20":{"start":{"line":21,"column":0},"end":{"line":21,"column":5}},"22":{"start":{"line":23,"column":0},"end":{"line":23,"column":50}},"23":{"start":{"line":24,"column":0},"end":{"line":24,"column":29}},"24":{"start":{"line":25,"column":0},"end":{"line":25,"column":61}},"25":{"start":{"line":26,"column":0},"end":{"line":26,"column":5}},"26":{"start":{"line":27,"column":0},"end":{"line":27,"column":1}},"29":{"start":{"line":30,"column":0},"end":{"line":30,"column":33}},"30":{"start":{"line":31,"column":0},"end":{"line":31,"column":41}},"32":{"start":{"line":33,"column":0},"end":{"line":33,"column":37}},"33":{"start":{"line":34,"column":0},"end":{"line":34,"column":5}},"34":{"start":{"line":35,"column":0},"end":{"line":35,"column":43}},"35":{"start":{"line":36,"column":0},"end":{"line":36,"column":45}},"36":{"start":{"line":37,"column":0},"end":{"line":37,"column":6}},"37":{"start":{"line":38,"column":0},"end":{"line":38,"column":9}},"38":{"start":{"line":39,"column":0},"end":{"line":39,"column":4}},"40":{"start":{"line":41,"column":0},"end":{"line":41,"column":29}},"41":{"start":{"line":42,"column":0},"end":{"line":42,"column":19}},"42":{"start":{"line":43,"column":0},"end":{"line":43,"column":1}},"45":{"start":{"line":46,"column":0},"end":{"line":46,"column":38}},"46":{"start":{"line":47,"column":0},"end":{"line":47,"column":48}},"47":{"start":{"line":48,"column":0},"end":{"line":48,"column":54}},"49":{"start":{"line":50,"column":0},"end":{"line":50,"column":52}},"50":{"start":{"line":51,"column":0},"end":{"line":51,"column":31}},"51":{"start":{"line":52,"column":0},"end":{"line":52,"column":63}},"52":{"start":{"line":53,"column":0},"end":{"line":53,"column":5}},"53":{"start":{"line":54,"column":0},"end":{"line":54,"column":1}},"56":{"start":{"line":57,"column":0},"end":{"line":57,"column":30}},"57":{"start":{"line":58,"column":0},"end":{"line":58,"column":67}},"59":{"start":{"line":60,"column":0},"end":{"line":60,"column":43}},"60":{"start":{"line":61,"column":0},"end":{"line":61,"column":41}},"61":{"start":{"line":62,"column":0},"end":{"line":62,"column":5}},"63":{"start":{"line":64,"column":0},"end":{"line":64,"column":65}},"64":{"start":{"line":65,"column":0},"end":{"line":65,"column":29}},"65":{"start":{"line":66,"column":0},"end":{"line":66,"column":64}},"66":{"start":{"line":67,"column":0},"end":{"line":67,"column":5}},"67":{"start":{"line":68,"column":0},"end":{"line":68,"column":1}},"70":{"start":{"line":71,"column":0},"end":{"line":71,"column":35}},"71":{"start":{"line":72,"column":0},"end":{"line":72,"column":45}},"73":{"start":{"line":74,"column":0},"end":{"line":74,"column":32}},"74":{"start":{"line":75,"column":0},"end":{"line":75,"column":31}},"76":{"start":{"line":77,"column":0},"end":{"line":77,"column":36}},"77":{"start":{"line":78,"column":0},"end":{"line":78,"column":36}},"78":{"start":{"line":79,"column":0},"end":{"line":79,"column":1}},"81":{"start":{"line":82,"column":0},"end":{"line":82,"column":37}},"82":{"start":{"line":83,"column":0},"end":{"line":83,"column":41}},"83":{"start":{"line":84,"column":0},"end":{"line":84,"column":59}},"85":{"start":{"line":86,"column":0},"end":{"line":86,"column":53}},"86":{"start":{"line":87,"column":0},"end":{"line":87,"column":55}},"87":{"start":{"line":88,"column":0},"end":{"line":88,"column":51}},"89":{"start":{"line":90,"column":0},"end":{"line":90,"column":41}},"90":{"start":{"line":91,"column":0},"end":{"line":91,"column":43}},"91":{"start":{"line":92,"column":0},"end":{"line":92,"column":39}},"92":{"start":{"line":93,"column":0},"end":{"line":93,"column":1}},"95":{"start":{"line":96,"column":0},"end":{"line":96,"column":30}},"96":{"start":{"line":97,"column":0},"end":{"line":97,"column":61}},"97":{"start":{"line":98,"column":0},"end":{"line":98,"column":34}},"99":{"start":{"line":100,"column":0},"end":{"line":100,"column":52}},"100":{"start":{"line":101,"column":0},"end":{"line":101,"column":25}},"102":{"start":{"line":103,"column":0},"end":{"line":103,"column":56}},"103":{"start":{"line":104,"column":0},"end":{"line":104,"column":30}},"105":{"start":{"line":106,"column":0},"end":{"line":106,"column":48}},"106":{"start":{"line":107,"column":0},"end":{"line":107,"column":22}},"108":{"start":{"line":109,"column":0},"end":{"line":109,"column":53}},"109":{"start":{"line":110,"column":0},"end":{"line":110,"column":27}},"111":{"start":{"line":112,"column":0},"end":{"line":112,"column":55}},"112":{"start":{"line":113,"column":0},"end":{"line":113,"column":29}},"113":{"start":{"line":114,"column":0},"end":{"line":114,"column":1}}},"s":{"0":0,"10":0,"13":0,"14":0,"16":0,"17":0,"18":0,"19":0,"20":0,"22":0,"23":0,"24":0,"25":0,"26":0,"29":0,"30":0,"32":0,"33":0,"34":0,"35":0,"36":0,"37":0,"38":0,"40":0,"41":0,"42":0,"45":0,"46":0,"47":0,"49":0,"50":0,"51":0,"52":0,"53":0,"56":0,"57":0,"59":0,"60":0,"61":0,"63":0,"64":0,"65":0,"66":0,"67":0,"70":0,"71":0,"73":0,"74":0,"76":0,"77":0,"78":0,"81":0,"82":0,"83":0,"85":0,"86":0,"87":0,"89":0,"90":0,"91":0,"92":0,"95":0,"96":0,"97":0,"99":0,"100":0,"102":0,"103":0,"105":0,"106":0,"108":0,"109":0,"111":0,"112":0,"113":0},"branchMap":{"0":{"type":"branch","line":1,"loc":{"start":{"line":1,"column":3039},"end":{"line":114,"column":1}},"locations":[{"start":{"line":1,"column":3039},"end":{"line":114,"column":1}}]}},"b":{"0":[0]},"fnMap":{"0":{"name":"(empty-report)","decl":{"start":{"line":1,"column":3039},"end":{"line":114,"column":1}},"loc":{"start":{"line":1,"column":3039},"end":{"line":114,"column":1}},"line":1}},"f":{"0":0}}
,"/Users/asleep/Developer/tekton/src/color-conversion.ts": {"path":"/Users/asleep/Developer/tekton/src/color-conversion.ts","all":false,"statementMap":{"6":{"start":{"line":7,"column":0},"end":{"line":7,"column":83}},"7":{"start":{"line":8,"column":0},"end":{"line":8,"column":28}},"10":{"start":{"line":11,"column":0},"end":{"line":11,"column":35}},"11":{"start":{"line":12,"column":0},"end":{"line":12,"column":31}},"12":{"start":{"line":13,"column":0},"end":{"line":13,"column":31}},"15":{"start":{"line":16,"column":0},"end":{"line":16,"column":53}},"16":{"start":{"line":17,"column":0},"end":{"line":17,"column":53}},"17":{"start":{"line":18,"column":0},"end":{"line":18,"column":53}},"19":{"start":{"line":20,"column":0},"end":{"line":20,"column":26}},"20":{"start":{"line":21,"column":0},"end":{"line":21,"column":26}},"21":{"start":{"line":22,"column":0},"end":{"line":22,"column":26}},"23":{"start":{"line":24,"column":0},"end":{"line":24,"column":10}},"24":{"start":{"line":25,"column":0},"end":{"line":25,"column":66}},"25":{"start":{"line":26,"column":0},"end":{"line":26,"column":66}},"26":{"start":{"line":27,"column":0},"end":{"line":27,"column":66}},"27":{"start":{"line":28,"column":0},"end":{"line":28,"column":4}},"28":{"start":{"line":29,"column":0},"end":{"line":29,"column":1}},"33":{"start":{"line":34,"column":0},"end":{"line":34,"column":47}},"34":{"start":{"line":35,"column":0},"end":{"line":35,"column":31}},"35":{"start":{"line":36,"column":0},"end":{"line":36,"column":25}},"36":{"start":{"line":37,"column":0},"end":{"line":37,"column":26}},"37":{"start":{"line":38,"column":0},"end":{"line":38,"column":3}},"38":{"start":{"line":39,"column":0},"end":{"line":39,"column":77}},"39":{"start":{"line":40,"column":0},"end":{"line":40,"column":1}},"44":{"start":{"line":45,"column":0},"end":{"line":45,"column":45}},"45":{"start":{"line":46,"column":0},"end":{"line":46,"column":29}},"46":{"start":{"line":47,"column":0},"end":{"line":47,"column":23}},"47":{"start":{"line":48,"column":0},"end":{"line":48,"column":24}},"48":{"start":{"line":49,"column":0},"end":{"line":49,"column":3}},"49":{"start":{"line":50,"column":0},"end":{"line":50,"column":71}},"50":{"start":{"line":51,"column":0},"end":{"line":51,"column":1}},"55":{"start":{"line":56,"column":0},"end":{"line":56,"column":41}},"56":{"start":{"line":57,"column":0},"end":{"line":57,"column":41}},"57":{"start":{"line":58,"column":0},"end":{"line":58,"column":1}},"62":{"start":{"line":63,"column":0},"end":{"line":63,"column":57}},"63":{"start":{"line":64,"column":0},"end":{"line":64,"column":41}},"65":{"start":{"line":66,"column":0},"end":{"line":66,"column":62}},"66":{"start":{"line":67,"column":0},"end":{"line":67,"column":62}},"67":{"start":{"line":68,"column":0},"end":{"line":68,"column":62}},"69":{"start":{"line":70,"column":0},"end":{"line":70,"column":21}},"70":{"start":{"line":71,"column":0},"end":{"line":71,"column":1}},"75":{"start":{"line":76,"column":0},"end":{"line":76,"column":73}},"76":{"start":{"line":77,"column":0},"end":{"line":77,"column":38}},"77":{"start":{"line":78,"column":0},"end":{"line":78,"column":38}},"78":{"start":{"line":79,"column":0},"end":{"line":79,"column":38}},"80":{"start":{"line":81,"column":0},"end":{"line":81,"column":67}},"81":{"start":{"line":82,"column":0},"end":{"line":82,"column":67}},"82":{"start":{"line":83,"column":0},"end":{"line":83,"column":67}},"84":{"start":{"line":85,"column":0},"end":{"line":85,"column":26}},"85":{"start":{"line":86,"column":0},"end":{"line":86,"column":26}},"86":{"start":{"line":87,"column":0},"end":{"line":87,"column":26}},"88":{"start":{"line":89,"column":0},"end":{"line":89,"column":10}},"89":{"start":{"line":90,"column":0},"end":{"line":90,"column":65}},"90":{"start":{"line":91,"column":0},"end":{"line":91,"column":65}},"91":{"start":{"line":92,"column":0},"end":{"line":92,"column":65}},"92":{"start":{"line":93,"column":0},"end":{"line":93,"column":4}},"93":{"start":{"line":94,"column":0},"end":{"line":94,"column":1}},"98":{"start":{"line":99,"column":0},"end":{"line":99,"column":55}},"99":{"start":{"line":100,"column":0},"end":{"line":100,"column":38}},"101":{"start":{"line":102,"column":0},"end":{"line":102,"column":37}},"102":{"start":{"line":103,"column":0},"end":{"line":103,"column":45}},"105":{"start":{"line":106,"column":0},"end":{"line":106,"column":22}},"107":{"start":{"line":108,"column":0},"end":{"line":108,"column":21}},"108":{"start":{"line":109,"column":0},"end":{"line":109,"column":1}},"113":{"start":{"line":114,"column":0},"end":{"line":114,"column":55}},"114":{"start":{"line":115,"column":0},"end":{"line":115,"column":32}},"115":{"start":{"line":116,"column":0},"end":{"line":116,"column":48}},"116":{"start":{"line":117,"column":0},"end":{"line":117,"column":48}},"117":{"start":{"line":118,"column":0},"end":{"line":118,"column":48}},"118":{"start":{"line":119,"column":0},"end":{"line":119,"column":39}},"119":{"start":{"line":120,"column":0},"end":{"line":120,"column":1}},"124":{"start":{"line":125,"column":0},"end":{"line":125,"column":53}},"126":{"start":{"line":127,"column":0},"end":{"line":127,"column":40}},"128":{"start":{"line":129,"column":0},"end":{"line":129,"column":51}},"129":{"start":{"line":130,"column":0},"end":{"line":130,"column":51}},"130":{"start":{"line":131,"column":0},"end":{"line":131,"column":51}},"132":{"start":{"line":133,"column":0},"end":{"line":133,"column":33}},"133":{"start":{"line":134,"column":0},"end":{"line":134,"column":1}}},"s":{"6":358,"7":358,"10":358,"11":358,"12":358,"15":358,"16":358,"17":358,"19":358,"20":358,"21":358,"23":358,"24":358,"25":358,"26":358,"27":358,"28":358,"33":1074,"34":1074,"35":1074,"36":26,"37":26,"38":1074,"39":1074,"44":39,"45":39,"46":39,"47":12,"48":12,"49":39,"50":39,"55":1074,"56":1074,"57":1074,"62":1,"63":358,"65":358,"66":358,"67":358,"69":358,"70":358,"75":13,"76":13,"77":13,"78":13,"80":13,"81":13,"82":13,"84":13,"85":13,"86":13,"88":13,"89":13,"90":13,"91":13,"92":13,"93":13,"98":1,"99":13,"101":13,"102":13,"105":13,"107":13,"108":13,"113":1,"114":194,"115":194,"116":194,"117":194,"118":194,"119":194,"124":1,"126":4,"128":4,"129":4,"130":4,"132":4,"133":4},"branchMap":{"0":{"type":"branch","line":7,"loc":{"start":{"line":7,"column":0},"end":{"line":29,"column":1}},"locations":[{"start":{"line":7,"column":0},"end":{"line":29,"column":1}}]},"1":{"type":"branch","line":34,"loc":{"start":{"line":34,"column":0},"end":{"line":40,"column":1}},"locations":[{"start":{"line":34,"column":0},"end":{"line":40,"column":1}}]},"2":{"type":"branch","line":36,"loc":{"start":{"line":36,"column":24},"end":{"line":38,"column":3}},"locations":[{"start":{"line":36,"column":24},"end":{"line":38,"column":3}}]},"3":{"type":"branch","line":38,"loc":{"start":{"line":38,"column":2},"end":{"line":39,"column":31}},"locations":[{"start":{"line":38,"column":2},"end":{"line":39,"column":31}}]},"4":{"type":"branch","line":39,"loc":{"start":{"line":39,"column":26},"end":{"line":39,"column":37}},"locations":[{"start":{"line":39,"column":26},"end":{"line":39,"column":37}}]},"5":{"type":"branch","line":45,"loc":{"start":{"line":45,"column":0},"end":{"line":51,"column":1}},"locations":[{"start":{"line":45,"column":0},"end":{"line":51,"column":1}}]},"6":{"type":"branch","line":47,"loc":{"start":{"line":47,"column":22},"end":{"line":49,"column":3}},"locations":[{"start":{"line":47,"column":22},"end":{"line":49,"column":3}}]},"7":{"type":"branch","line":49,"loc":{"start":{"line":49,"column":2},"end":{"line":50,"column":29}},"locations":[{"start":{"line":49,"column":2},"end":{"line":50,"column":29}}]},"8":{"type":"branch","line":50,"loc":{"start":{"line":50,"column":24},"end":{"line":50,"column":34}},"locations":[{"start":{"line":50,"column":24},"end":{"line":50,"column":34}}]},"9":{"type":"branch","line":56,"loc":{"start":{"line":56,"column":0},"end":{"line":58,"column":1}},"locations":[{"start":{"line":56,"column":0},"end":{"line":58,"column":1}}]},"10":{"type":"branch","line":63,"loc":{"start":{"line":63,"column":7},"end":{"line":71,"column":1}},"locations":[{"start":{"line":63,"column":7},"end":{"line":71,"column":1}}]},"11":{"type":"branch","line":76,"loc":{"start":{"line":76,"column":0},"end":{"line":94,"column":1}},"locations":[{"start":{"line":76,"column":0},"end":{"line":94,"column":1}}]},"12":{"type":"branch","line":99,"loc":{"start":{"line":99,"column":7},"end":{"line":109,"column":1}},"locations":[{"start":{"line":99,"column":7},"end":{"line":109,"column":1}}]},"13":{"type":"branch","line":106,"loc":{"start":{"line":106,"column":13},"end":{"line":106,"column":22}},"locations":[{"start":{"line":106,"column":13},"end":{"line":106,"column":22}}]},"14":{"type":"branch","line":114,"loc":{"start":{"line":114,"column":7},"end":{"line":120,"column":1}},"locations":[{"start":{"line":114,"column":7},"end":{"line":120,"column":1}}]},"15":{"type":"branch","line":125,"loc":{"start":{"line":125,"column":7},"end":{"line":134,"column":1}},"locations":[{"start":{"line":125,"column":7},"end":{"line":134,"column":1}}]}},"b":{"0":[358],"1":[1074],"2":[26],"3":[1048],"4":[0],"5":[39],"6":[12],"7":[27],"8":[0],"9":[1074],"10":[358],"11":[13],"12":[13],"13":[2],"14":[194],"15":[4]},"fnMap":{"0":{"name":"oklchToLinearRgb","decl":{"start":{"line":7,"column":0},"end":{"line":29,"column":1}},"loc":{"start":{"line":7,"column":0},"end":{"line":29,"column":1}},"line":7},"1":{"name":"linearToSrgb","decl":{"start":{"line":34,"column":0},"end":{"line":40,"column":1}},"loc":{"start":{"line":34,"column":0},"end":{"line":40,"column":1}},"line":34},"2":{"name":"srgbToLinear","decl":{"start":{"line":45,"column":0},"end":{"line":51,"column":1}},"loc":{"start":{"line":45,"column":0},"end":{"line":51,"column":1}},"line":45},"3":{"name":"clamp01","decl":{"start":{"line":56,"column":0},"end":{"line":58,"column":1}},"loc":{"start":{"line":56,"column":0},"end":{"line":58,"column":1}},"line":56},"4":{"name":"oklchToRgb","decl":{"start":{"line":63,"column":7},"end":{"line":71,"column":1}},"loc":{"start":{"line":63,"column":7},"end":{"line":71,"column":1}},"line":63},"5":{"name":"rgbToOklab","decl":{"start":{"line":76,"column":0},"end":{"line":94,"column":1}},"loc":{"start":{"line":76,"column":0},"end":{"line":94,"column":1}},"line":76},"6":{"name":"rgbToOklch","decl":{"start":{"line":99,"column":7},"end":{"line":109,"column":1}},"loc":{"start":{"line":99,"column":7},"end":{"line":109,"column":1}},"line":99},"7":{"name":"oklchToHex","decl":{"start":{"line":114,"column":7},"end":{"line":120,"column":1}},"loc":{"start":{"line":114,"column":7},"end":{"line":120,"column":1}},"line":114},"8":{"name":"hexToOklch","decl":{"start":{"line":125,"column":7},"end":{"line":134,"column":1}},"loc":{"start":{"line":125,"column":7},"end":{"line":134,"column":1}},"line":125}},"f":{"0":358,"1":1074,"2":39,"3":1074,"4":358,"5":13,"6":13,"7":194,"8":4}}
,"/Users/asleep/Developer/tekton/src/component-presets.ts": {"path":"/Users/asleep/Developer/tekton/src/component-presets.ts","all":false,"statementMap":{"0":{"start":{"line":1,"column":0},"end":{"line":1,"column":61}},"7":{"start":{"line":8,"column":0},"end":{"line":8,"column":44}},"12":{"start":{"line":13,"column":0},"end":{"line":13,"column":84}},"13":{"start":{"line":14,"column":0},"end":{"line":14,"column":32}},"14":{"start":{"line":15,"column":0},"end":{"line":15,"column":56}},"15":{"start":{"line":16,"column":0},"end":{"line":16,"column":18}},"16":{"start":{"line":17,"column":0},"end":{"line":17,"column":1}},"22":{"start":{"line":23,"column":0},"end":{"line":23,"column":70}},"23":{"start":{"line":24,"column":0},"end":{"line":24,"column":10}},"24":{"start":{"line":25,"column":0},"end":{"line":25,"column":19}},"25":{"start":{"line":26,"column":0},"end":{"line":26,"column":13}},"26":{"start":{"line":27,"column":0},"end":{"line":27,"column":25}},"27":{"start":{"line":28,"column":0},"end":{"line":28,"column":52}},"28":{"start":{"line":29,"column":0},"end":{"line":29,"column":53}},"29":{"start":{"line":30,"column":0},"end":{"line":30,"column":77}},"30":{"start":{"line":31,"column":0},"end":{"line":31,"column":6}},"31":{"start":{"line":32,"column":0},"end":{"line":32,"column":51}},"32":{"start":{"line":33,"column":0},"end":{"line":33,"column":4}},"33":{"start":{"line":34,"column":0},"end":{"line":34,"column":1}},"39":{"start":{"line":40,"column":0},"end":{"line":40,"column":69}},"40":{"start":{"line":41,"column":0},"end":{"line":41,"column":10}},"41":{"start":{"line":42,"column":0},"end":{"line":42,"column":18}},"42":{"start":{"line":43,"column":0},"end":{"line":43,"column":13}},"43":{"start":{"line":44,"column":0},"end":{"line":44,"column":25}},"44":{"start":{"line":45,"column":0},"end":{"line":45,"column":67}},"45":{"start":{"line":46,"column":0},"end":{"line":46,"column":46}},"46":{"start":{"line":47,"column":0},"end":{"line":47,"column":50}},"47":{"start":{"line":48,"column":0},"end":{"line":48,"column":6}},"48":{"start":{"line":49,"column":0},"end":{"line":49,"column":51}},"49":{"start":{"line":50,"column":0},"end":{"line":50,"column":4}},"50":{"start":{"line":51,"column":0},"end":{"line":51,"column":1}},"56":{"start":{"line":57,"column":0},"end":{"line":57,"column":68}},"57":{"start":{"line":58,"column":0},"end":{"line":58,"column":10}},"58":{"start":{"line":59,"column":0},"end":{"line":59,"column":17}},"59":{"start":{"line":60,"column":0},"end":{"line":60,"column":13}},"60":{"start":{"line":61,"column":0},"end":{"line":61,"column":55}},"61":{"start":{"line":62,"column":0},"end":{"line":62,"column":51}},"62":{"start":{"line":63,"column":0},"end":{"line":63,"column":50}},"63":{"start":{"line":64,"column":0},"end":{"line":64,"column":6}},"64":{"start":{"line":65,"column":0},"end":{"line":65,"column":51}},"65":{"start":{"line":66,"column":0},"end":{"line":66,"column":4}},"66":{"start":{"line":67,"column":0},"end":{"line":67,"column":1}},"72":{"start":{"line":73,"column":0},"end":{"line":73,"column":70}},"73":{"start":{"line":74,"column":0},"end":{"line":74,"column":56}},"74":{"start":{"line":75,"column":0},"end":{"line":75,"column":60}},"75":{"start":{"line":76,"column":0},"end":{"line":76,"column":67}},"76":{"start":{"line":77,"column":0},"end":{"line":77,"column":54}},"78":{"start":{"line":79,"column":0},"end":{"line":79,"column":10}},"79":{"start":{"line":80,"column":0},"end":{"line":80,"column":18}},"80":{"start":{"line":81,"column":0},"end":{"line":81,"column":13}},"81":{"start":{"line":82,"column":0},"end":{"line":82,"column":22}},"82":{"start":{"line":83,"column":0},"end":{"line":83,"column":28}},"83":{"start":{"line":84,"column":0},"end":{"line":84,"column":28}},"84":{"start":{"line":85,"column":0},"end":{"line":85,"column":24}},"85":{"start":{"line":86,"column":0},"end":{"line":86,"column":6}},"86":{"start":{"line":87,"column":0},"end":{"line":87,"column":20}},"87":{"start":{"line":88,"column":0},"end":{"line":88,"column":49}},"88":{"start":{"line":89,"column":0},"end":{"line":89,"column":52}},"89":{"start":{"line":90,"column":0},"end":{"line":90,"column":52}},"90":{"start":{"line":91,"column":0},"end":{"line":91,"column":50}},"91":{"start":{"line":92,"column":0},"end":{"line":92,"column":6}},"92":{"start":{"line":93,"column":0},"end":{"line":93,"column":4}},"93":{"start":{"line":94,"column":0},"end":{"line":94,"column":1}},"99":{"start":{"line":100,"column":0},"end":{"line":100,"column":70}},"100":{"start":{"line":101,"column":0},"end":{"line":101,"column":62}},"101":{"start":{"line":102,"column":0},"end":{"line":102,"column":66}},"102":{"start":{"line":103,"column":0},"end":{"line":103,"column":67}},"103":{"start":{"line":104,"column":0},"end":{"line":104,"column":60}},"105":{"start":{"line":106,"column":0},"end":{"line":106,"column":10}},"106":{"start":{"line":107,"column":0},"end":{"line":107,"column":18}},"107":{"start":{"line":108,"column":0},"end":{"line":108,"column":13}},"108":{"start":{"line":109,"column":0},"end":{"line":109,"column":22}},"109":{"start":{"line":110,"column":0},"end":{"line":110,"column":28}},"110":{"start":{"line":111,"column":0},"end":{"line":111,"column":28}},"111":{"start":{"line":112,"column":0},"end":{"line":112,"column":24}},"112":{"start":{"line":113,"column":0},"end":{"line":113,"column":6}},"113":{"start":{"line":114,"column":0},"end":{"line":114,"column":20}},"114":{"start":{"line":115,"column":0},"end":{"line":115,"column":49}},"115":{"start":{"line":116,"column":0},"end":{"line":116,"column":52}},"116":{"start":{"line":117,"column":0},"end":{"line":117,"column":52}},"117":{"start":{"line":118,"column":0},"end":{"line":118,"column":50}},"118":{"start":{"line":119,"column":0},"end":{"line":119,"column":6}},"119":{"start":{"line":120,"column":0},"end":{"line":120,"column":4}},"120":{"start":{"line":121,"column":0},"end":{"line":121,"column":1}},"126":{"start":{"line":127,"column":0},"end":{"line":127,"column":69}},"127":{"start":{"line":128,"column":0},"end":{"line":128,"column":59}},"129":{"start":{"line":130,"column":0},"end":{"line":130,"column":10}},"130":{"start":{"line":131,"column":0},"end":{"line":131,"column":17}},"131":{"start":{"line":132,"column":0},"end":{"line":132,"column":13}},"132":{"start":{"line":133,"column":0},"end":{"line":133,"column":28}},"133":{"start":{"line":134,"column":0},"end":{"line":134,"column":42}},"134":{"start":{"line":135,"column":0},"end":{"line":135,"column":53}},"135":{"start":{"line":136,"column":0},"end":{"line":136,"column":42}},"136":{"start":{"line":137,"column":0},"end":{"line":137,"column":6}},"137":{"start":{"line":138,"column":0},"end":{"line":138,"column":54}},"138":{"start":{"line":139,"column":0},"end":{"line":139,"column":4}},"139":{"start":{"line":140,"column":0},"end":{"line":140,"column":1}},"145":{"start":{"line":146,"column":0},"end":{"line":146,"column":72}},"146":{"start":{"line":147,"column":0},"end":{"line":147,"column":10}},"147":{"start":{"line":148,"column":0},"end":{"line":148,"column":21}},"148":{"start":{"line":149,"column":0},"end":{"line":149,"column":13}},"149":{"start":{"line":150,"column":0},"end":{"line":150,"column":54}},"150":{"start":{"line":151,"column":0},"end":{"line":151,"column":25}},"151":{"start":{"line":152,"column":0},"end":{"line":152,"column":60}},"152":{"start":{"line":153,"column":0},"end":{"line":153,"column":6}},"153":{"start":{"line":154,"column":0},"end":{"line":154,"column":51}},"154":{"start":{"line":155,"column":0},"end":{"line":155,"column":4}},"155":{"start":{"line":156,"column":0},"end":{"line":156,"column":1}},"161":{"start":{"line":162,"column":0},"end":{"line":162,"column":69}},"162":{"start":{"line":163,"column":0},"end":{"line":163,"column":10}},"163":{"start":{"line":164,"column":0},"end":{"line":164,"column":18}},"164":{"start":{"line":165,"column":0},"end":{"line":165,"column":13}},"165":{"start":{"line":166,"column":0},"end":{"line":166,"column":55}},"166":{"start":{"line":167,"column":0},"end":{"line":167,"column":26}},"167":{"start":{"line":168,"column":0},"end":{"line":168,"column":6}},"168":{"start":{"line":169,"column":0},"end":{"line":169,"column":51}},"169":{"start":{"line":170,"column":0},"end":{"line":170,"column":4}},"170":{"start":{"line":171,"column":0},"end":{"line":171,"column":1}},"175":{"start":{"line":176,"column":0},"end":{"line":176,"column":84}},"176":{"start":{"line":177,"column":0},"end":{"line":177,"column":10}},"177":{"start":{"line":178,"column":0},"end":{"line":178,"column":28}},"178":{"start":{"line":179,"column":0},"end":{"line":179,"column":27}},"179":{"start":{"line":180,"column":0},"end":{"line":180,"column":26}},"180":{"start":{"line":181,"column":0},"end":{"line":181,"column":27}},"181":{"start":{"line":182,"column":0},"end":{"line":182,"column":27}},"182":{"start":{"line":183,"column":0},"end":{"line":183,"column":26}},"183":{"start":{"line":184,"column":0},"end":{"line":184,"column":30}},"184":{"start":{"line":185,"column":0},"end":{"line":185,"column":27}},"185":{"start":{"line":186,"column":0},"end":{"line":186,"column":4}},"186":{"start":{"line":187,"column":0},"end":{"line":187,"column":1}},"191":{"start":{"line":192,"column":0},"end":{"line":192,"column":34}},"192":{"start":{"line":193,"column":0},"end":{"line":193,"column":23}},"193":{"start":{"line":194,"column":0},"end":{"line":194,"column":21}},"194":{"start":{"line":195,"column":0},"end":{"line":195,"column":19}},"195":{"start":{"line":196,"column":0},"end":{"line":196,"column":21}},"196":{"start":{"line":197,"column":0},"end":{"line":197,"column":21}},"197":{"start":{"line":198,"column":0},"end":{"line":198,"column":19}},"198":{"start":{"line":199,"column":0},"end":{"line":199,"column":27}},"199":{"start":{"line":200,"column":0},"end":{"line":200,"column":21}},"200":{"start":{"line":201,"column":0},"end":{"line":201,"column":2}}},"s":{"0":1,"7":1,"12":94,"13":94,"14":94,"15":94,"16":94,"22":1,"23":10,"24":10,"25":10,"26":10,"27":10,"28":10,"29":10,"30":10,"31":10,"32":10,"33":10,"39":1,"40":8,"41":8,"42":8,"43":8,"44":8,"45":8,"46":8,"47":8,"48":8,"49":8,"50":8,"56":1,"57":6,"58":6,"59":6,"60":6,"61":6,"62":6,"63":6,"64":6,"65":6,"66":6,"72":1,"73":7,"74":7,"75":7,"76":7,"78":7,"79":7,"80":7,"81":7,"82":7,"83":7,"84":7,"85":7,"86":7,"87":7,"88":7,"89":7,"90":7,"91":7,"92":7,"93":7,"99":1,"100":6,"101":6,"102":6,"103":6,"105":6,"106":6,"107":6,"108":6,"109":6,"110":6,"111":6,"112":6,"113":6,"114":6,"115":6,"116":6,"117":6,"118":6,"119":6,"120":6,"126":1,"127":6,"129":6,"130":6,"131":6,"132":6,"133":6,"134":6,"135":6,"136":6,"137":6,"138":6,"139":6,"145":1,"146":6,"147":6,"148":6,"149":6,"150":6,"151":6,"152":6,"153":6,"154":6,"155":6,"161":1,"162":6,"163":6,"164":6,"165":6,"166":6,"167":6,"168":6,"169":6,"170":6,"175":1,"176":5,"177":5,"178":5,"179":5,"180":5,"181":5,"182":5,"183":5,"184":5,"185":5,"186":5,"191":1,"192":1,"193":1,"194":1,"195":1,"196":1,"197":1,"198":1,"199":1,"200":1},"branchMap":{"0":{"type":"branch","line":13,"loc":{"start":{"line":13,"column":0},"end":{"line":17,"column":1}},"locations":[{"start":{"line":13,"column":0},"end":{"line":17,"column":1}}]},"1":{"type":"branch","line":23,"loc":{"start":{"line":23,"column":7},"end":{"line":34,"column":1}},"locations":[{"start":{"line":23,"column":7},"end":{"line":34,"column":1}}]},"2":{"type":"branch","line":40,"loc":{"start":{"line":40,"column":7},"end":{"line":51,"column":1}},"locations":[{"start":{"line":40,"column":7},"end":{"line":51,"column":1}}]},"3":{"type":"branch","line":57,"loc":{"start":{"line":57,"column":7},"end":{"line":67,"column":1}},"locations":[{"start":{"line":57,"column":7},"end":{"line":67,"column":1}}]},"4":{"type":"branch","line":73,"loc":{"start":{"line":73,"column":7},"end":{"line":94,"column":1}},"locations":[{"start":{"line":73,"column":7},"end":{"line":94,"column":1}}]},"5":{"type":"branch","line":88,"loc":{"start":{"line":88,"column":40},"end":{"line":88,"column":49}},"locations":[{"start":{"line":88,"column":40},"end":{"line":88,"column":49}}]},"6":{"type":"branch","line":89,"loc":{"start":{"line":89,"column":43},"end":{"line":89,"column":52}},"locations":[{"start":{"line":89,"column":43},"end":{"line":89,"column":52}}]},"7":{"type":"branch","line":90,"loc":{"start":{"line":90,"column":43},"end":{"line":90,"column":52}},"locations":[{"start":{"line":90,"column":43},"end":{"line":90,"column":52}}]},"8":{"type":"branch","line":91,"loc":{"start":{"line":91,"column":41},"end":{"line":91,"column":50}},"locations":[{"start":{"line":91,"column":41},"end":{"line":91,"column":50}}]},"9":{"type":"branch","line":100,"loc":{"start":{"line":100,"column":7},"end":{"line":121,"column":1}},"locations":[{"start":{"line":100,"column":7},"end":{"line":121,"column":1}}]},"10":{"type":"branch","line":115,"loc":{"start":{"line":115,"column":40},"end":{"line":115,"column":49}},"locations":[{"start":{"line":115,"column":40},"end":{"line":115,"column":49}}]},"11":{"type":"branch","line":116,"loc":{"start":{"line":116,"column":43},"end":{"line":116,"column":52}},"locations":[{"start":{"line":116,"column":43},"end":{"line":116,"column":52}}]},"12":{"type":"branch","line":117,"loc":{"start":{"line":117,"column":43},"end":{"line":117,"column":52}},"locations":[{"start":{"line":117,"column":43},"end":{"line":117,"column":52}}]},"13":{"type":"branch","line":118,"loc":{"start":{"line":118,"column":41},"end":{"line":118,"column":50}},"locations":[{"start":{"line":118,"column":41},"end":{"line":118,"column":50}}]},"14":{"type":"branch","line":127,"loc":{"start":{"line":127,"column":7},"end":{"line":140,"column":1}},"locations":[{"start":{"line":127,"column":7},"end":{"line":140,"column":1}}]},"15":{"type":"branch","line":146,"loc":{"start":{"line":146,"column":7},"end":{"line":156,"column":1}},"locations":[{"start":{"line":146,"column":7},"end":{"line":156,"column":1}}]},"16":{"type":"branch","line":162,"loc":{"start":{"line":162,"column":7},"end":{"line":171,"column":1}},"locations":[{"start":{"line":162,"column":7},"end":{"line":171,"column":1}}]},"17":{"type":"branch","line":176,"loc":{"start":{"line":176,"column":7},"end":{"line":187,"column":1}},"locations":[{"start":{"line":176,"column":7},"end":{"line":187,"column":1}}]}},"b":{"0":[94],"1":[10],"2":[8],"3":[6],"4":[7],"5":[0],"6":[0],"7":[0],"8":[0],"9":[6],"10":[0],"11":[0],"12":[0],"13":[0],"14":[6],"15":[6],"16":[6],"17":[5]},"fnMap":{"0":{"name":"validateAgainstWhite","decl":{"start":{"line":13,"column":0},"end":{"line":17,"column":1}},"loc":{"start":{"line":13,"column":0},"end":{"line":17,"column":1}},"line":13},"1":{"name":"buttonPreset","decl":{"start":{"line":23,"column":7},"end":{"line":34,"column":1}},"loc":{"start":{"line":23,"column":7},"end":{"line":34,"column":1}},"line":23},"2":{"name":"inputPreset","decl":{"start":{"line":40,"column":7},"end":{"line":51,"column":1}},"loc":{"start":{"line":40,"column":7},"end":{"line":51,"column":1}},"line":40},"3":{"name":"cardPreset","decl":{"start":{"line":57,"column":7},"end":{"line":67,"column":1}},"loc":{"start":{"line":57,"column":7},"end":{"line":67,"column":1}},"line":57},"4":{"name":"badgePreset","decl":{"start":{"line":73,"column":7},"end":{"line":94,"column":1}},"loc":{"start":{"line":73,"column":7},"end":{"line":94,"column":1}},"line":73},"5":{"name":"alertPreset","decl":{"start":{"line":100,"column":7},"end":{"line":121,"column":1}},"loc":{"start":{"line":100,"column":7},"end":{"line":121,"column":1}},"line":100},"6":{"name":"linkPreset","decl":{"start":{"line":127,"column":7},"end":{"line":140,"column":1}},"loc":{"start":{"line":127,"column":7},"end":{"line":140,"column":1}},"line":127},"7":{"name":"checkboxPreset","decl":{"start":{"line":146,"column":7},"end":{"line":156,"column":1}},"loc":{"start":{"line":146,"column":7},"end":{"line":156,"column":1}},"line":146},"8":{"name":"radioPreset","decl":{"start":{"line":162,"column":7},"end":{"line":171,"column":1}},"loc":{"start":{"line":162,"column":7},"end":{"line":171,"column":1}},"line":162},"9":{"name":"generateComponentPresets","decl":{"start":{"line":176,"column":7},"end":{"line":187,"column":1}},"loc":{"start":{"line":176,"column":7},"end":{"line":187,"column":1}},"line":176}},"f":{"0":94,"1":10,"2":8,"3":6,"4":7,"5":6,"6":6,"7":6,"8":6,"9":5}}
,"/Users/asleep/Developer/tekton/src/index.ts": {"path":"/Users/asleep/Developer/tekton/src/index.ts","all":false,"statementMap":{"0":{"start":{"line":1,"column":0},"end":{"line":1,"column":53}},"49":{"start":{"line":50,"column":0},"end":{"line":50,"column":31}}},"s":{"0":1,"49":1},"branchMap":{},"b":{},"fnMap":{},"f":{}}
,"/Users/asleep/Developer/tekton/src/scale-generator.ts": {"path":"/Users/asleep/Developer/tekton/src/scale-generator.ts","all":false,"statementMap":{"6":{"start":{"line":7,"column":0},"end":{"line":7,"column":84}},"13":{"start":{"line":14,"column":0},"end":{"line":14,"column":80}},"14":{"start":{"line":15,"column":0},"end":{"line":15,"column":21}},"15":{"start":{"line":16,"column":0},"end":{"line":16,"column":25}},"16":{"start":{"line":17,"column":0},"end":{"line":17,"column":3}},"19":{"start":{"line":20,"column":0},"end":{"line":20,"column":48}},"20":{"start":{"line":21,"column":0},"end":{"line":21,"column":13}},"21":{"start":{"line":22,"column":0},"end":{"line":22,"column":14}},"22":{"start":{"line":23,"column":0},"end":{"line":23,"column":14}},"23":{"start":{"line":24,"column":0},"end":{"line":24,"column":14}},"24":{"start":{"line":25,"column":0},"end":{"line":25,"column":14}},"25":{"start":{"line":26,"column":0},"end":{"line":26,"column":37}},"26":{"start":{"line":27,"column":0},"end":{"line":27,"column":46}},"27":{"start":{"line":28,"column":0},"end":{"line":28,"column":46}},"28":{"start":{"line":29,"column":0},"end":{"line":29,"column":46}},"29":{"start":{"line":30,"column":0},"end":{"line":30,"column":46}},"30":{"start":{"line":31,"column":0},"end":{"line":31,"column":46}},"31":{"start":{"line":32,"column":0},"end":{"line":32,"column":4}},"34":{"start":{"line":35,"column":0},"end":{"line":35,"column":19}},"35":{"start":{"line":36,"column":0},"end":{"line":36,"column":30}},"36":{"start":{"line":37,"column":0},"end":{"line":37,"column":3}},"39":{"start":{"line":40,"column":0},"end":{"line":40,"column":28}},"40":{"start":{"line":41,"column":0},"end":{"line":41,"column":1}},"46":{"start":{"line":47,"column":0},"end":{"line":47,"column":82}},"48":{"start":{"line":49,"column":0},"end":{"line":49,"column":24}},"49":{"start":{"line":50,"column":0},"end":{"line":50,"column":28}},"50":{"start":{"line":51,"column":0},"end":{"line":51,"column":3}},"51":{"start":{"line":52,"column":0},"end":{"line":52,"column":24}},"52":{"start":{"line":53,"column":0},"end":{"line":53,"column":28}},"53":{"start":{"line":54,"column":0},"end":{"line":54,"column":3}},"54":{"start":{"line":55,"column":0},"end":{"line":55,"column":20}},"55":{"start":{"line":56,"column":0},"end":{"line":56,"column":1}},"61":{"start":{"line":62,"column":0},"end":{"line":62,"column":75}},"62":{"start":{"line":63,"column":0},"end":{"line":63,"column":45}},"64":{"start":{"line":65,"column":0},"end":{"line":65,"column":33}},"65":{"start":{"line":66,"column":0},"end":{"line":66,"column":72}},"66":{"start":{"line":67,"column":0},"end":{"line":67,"column":82}},"68":{"start":{"line":69,"column":0},"end":{"line":69,"column":50}},"69":{"start":{"line":70,"column":0},"end":{"line":70,"column":51}},"70":{"start":{"line":71,"column":0},"end":{"line":71,"column":52}},"71":{"start":{"line":72,"column":0},"end":{"line":72,"column":21}},"72":{"start":{"line":73,"column":0},"end":{"line":73,"column":6}},"73":{"start":{"line":74,"column":0},"end":{"line":74,"column":5}},"75":{"start":{"line":76,"column":0},"end":{"line":76,"column":15}},"76":{"start":{"line":77,"column":0},"end":{"line":77,"column":1}},"81":{"start":{"line":82,"column":0},"end":{"line":82,"column":36}},"82":{"start":{"line":83,"column":0},"end":{"line":83,"column":37}},"83":{"start":{"line":84,"column":0},"end":{"line":84,"column":31}},"84":{"start":{"line":85,"column":0},"end":{"line":85,"column":48}},"86":{"start":{"line":87,"column":0},"end":{"line":87,"column":54}},"87":{"start":{"line":88,"column":0},"end":{"line":88,"column":49}},"88":{"start":{"line":89,"column":0},"end":{"line":89,"column":5}},"90":{"start":{"line":91,"column":0},"end":{"line":91,"column":16}},"91":{"start":{"line":92,"column":0},"end":{"line":92,"column":1}}},"s":{"6":1,"13":748,"14":748,"15":68,"16":68,"19":680,"20":680,"21":680,"22":680,"23":680,"24":680,"25":680,"26":680,"27":680,"28":680,"29":680,"30":680,"31":680,"34":748,"35":340,"36":340,"39":340,"40":340,"46":748,"48":748,"49":138,"50":138,"51":748,"52":65,"53":65,"54":545,"55":545,"61":1,"62":68,"64":68,"65":748,"66":748,"68":748,"69":748,"70":748,"71":748,"72":748,"73":68,"75":68,"76":68,"81":1,"82":0,"83":0,"84":0,"86":0,"87":0,"88":0,"90":0,"91":0},"branchMap":{"0":{"type":"branch","line":14,"loc":{"start":{"line":14,"column":0},"end":{"line":41,"column":1}},"locations":[{"start":{"line":14,"column":0},"end":{"line":41,"column":1}}]},"1":{"type":"branch","line":15,"loc":{"start":{"line":15,"column":20},"end":{"line":17,"column":3}},"locations":[{"start":{"line":15,"column":20},"end":{"line":17,"column":3}}]},"2":{"type":"branch","line":17,"loc":{"start":{"line":17,"column":2},"end":{"line":35,"column":18}},"locations":[{"start":{"line":17,"column":2},"end":{"line":35,"column":18}}]},"3":{"type":"branch","line":35,"loc":{"start":{"line":35,"column":18},"end":{"line":41,"column":1}},"locations":[{"start":{"line":35,"column":18},"end":{"line":41,"column":1}}]},"4":{"type":"branch","line":47,"loc":{"start":{"line":47,"column":0},"end":{"line":56,"column":1}},"locations":[{"start":{"line":47,"column":0},"end":{"line":56,"column":1}}]},"5":{"type":"branch","line":49,"loc":{"start":{"line":49,"column":23},"end":{"line":51,"column":3}},"locations":[{"start":{"line":49,"column":23},"end":{"line":51,"column":3}}]},"6":{"type":"branch","line":51,"loc":{"start":{"line":51,"column":2},"end":{"line":52,"column":23}},"locations":[{"start":{"line":51,"column":2},"end":{"line":52,"column":23}}]},"7":{"type":"branch","line":52,"loc":{"start":{"line":52,"column":23},"end":{"line":54,"column":3}},"locations":[{"start":{"line":52,"column":23},"end":{"line":54,"column":3}}]},"8":{"type":"branch","line":54,"loc":{"start":{"line":54,"column":2},"end":{"line":56,"column":1}},"locations":[{"start":{"line":54,"column":2},"end":{"line":56,"column":1}}]},"9":{"type":"branch","line":62,"loc":{"start":{"line":62,"column":7},"end":{"line":77,"column":1}},"locations":[{"start":{"line":62,"column":7},"end":{"line":77,"column":1}}]},"10":{"type":"branch","line":65,"loc":{"start":{"line":65,"column":22},"end":{"line":74,"column":3}},"locations":[{"start":{"line":65,"column":22},"end":{"line":74,"column":3}}]}},"b":{"0":[748],"1":[68],"2":[680],"3":[340],"4":[748],"5":[138],"6":[610],"7":[65],"8":[545],"9":[68],"10":[748]},"fnMap":{"0":{"name":"calculateTargetLightness","decl":{"start":{"line":14,"column":0},"end":{"line":41,"column":1}},"loc":{"start":{"line":14,"column":0},"end":{"line":41,"column":1}},"line":14},"1":{"name":"adjustChromaForLightness","decl":{"start":{"line":47,"column":0},"end":{"line":56,"column":1}},"loc":{"start":{"line":47,"column":0},"end":{"line":56,"column":1}},"line":47},"2":{"name":"generateLightnessScale","decl":{"start":{"line":62,"column":7},"end":{"line":77,"column":1}},"loc":{"start":{"line":62,"column":7},"end":{"line":77,"column":1}},"line":62},"3":{"name":"generateColorScales","decl":{"start":{"line":82,"column":7},"end":{"line":92,"column":1}},"loc":{"start":{"line":82,"column":7},"end":{"line":92,"column":1}},"line":82}},"f":{"0":748,"1":748,"2":68,"3":0}}
,"/Users/asleep/Developer/tekton/src/schemas.ts": {"path":"/Users/asleep/Developer/tekton/src/schemas.ts","all":false,"statementMap":{"0":{"start":{"line":1,"column":0},"end":{"line":1,"column":24}},"8":{"start":{"line":9,"column":0},"end":{"line":9,"column":42}},"9":{"start":{"line":10,"column":0},"end":{"line":10,"column":30}},"10":{"start":{"line":11,"column":0},"end":{"line":11,"column":32}},"11":{"start":{"line":12,"column":0},"end":{"line":12,"column":32}},"12":{"start":{"line":13,"column":0},"end":{"line":13,"column":3}},"20":{"start":{"line":21,"column":0},"end":{"line":21,"column":40}},"21":{"start":{"line":22,"column":0},"end":{"line":22,"column":38}},"22":{"start":{"line":23,"column":0},"end":{"line":23,"column":38}},"23":{"start":{"line":24,"column":0},"end":{"line":24,"column":38}},"24":{"start":{"line":25,"column":0},"end":{"line":25,"column":3}},"32":{"start":{"line":33,"column":0},"end":{"line":33,"column":104}},"34":{"start":{"line":35,"column":0},"end":{"line":35,"column":41}},"35":{"start":{"line":36,"column":0},"end":{"line":36,"column":20}},"36":{"start":{"line":37,"column":0},"end":{"line":37,"column":18}},"37":{"start":{"line":38,"column":0},"end":{"line":38,"column":2}},"45":{"start":{"line":46,"column":0},"end":{"line":46,"column":47}},"46":{"start":{"line":47,"column":0},"end":{"line":47,"column":17}},"47":{"start":{"line":48,"column":0},"end":{"line":48,"column":19}},"48":{"start":{"line":49,"column":0},"end":{"line":49,"column":26}},"49":{"start":{"line":50,"column":0},"end":{"line":50,"column":37}},"50":{"start":{"line":51,"column":0},"end":{"line":51,"column":57}},"51":{"start":{"line":52,"column":0},"end":{"line":52,"column":3}},"59":{"start":{"line":60,"column":0},"end":{"line":60,"column":50}},"60":{"start":{"line":61,"column":0},"end":{"line":61,"column":43}},"61":{"start":{"line":62,"column":0},"end":{"line":62,"column":35}},"62":{"start":{"line":63,"column":0},"end":{"line":63,"column":22}},"63":{"start":{"line":64,"column":0},"end":{"line":64,"column":40}},"64":{"start":{"line":65,"column":0},"end":{"line":65,"column":40}},"65":{"start":{"line":66,"column":0},"end":{"line":66,"column":3}},"73":{"start":{"line":74,"column":0},"end":{"line":74,"column":47}},"74":{"start":{"line":75,"column":0},"end":{"line":75,"column":19}},"75":{"start":{"line":76,"column":0},"end":{"line":76,"column":49}},"76":{"start":{"line":77,"column":0},"end":{"line":77,"column":62}},"77":{"start":{"line":78,"column":0},"end":{"line":78,"column":3}},"85":{"start":{"line":86,"column":0},"end":{"line":86,"column":75}},"92":{"start":{"line":93,"column":0},"end":{"line":93,"column":57}}},"s":{"0":1,"8":1,"9":1,"10":1,"11":1,"12":1,"20":1,"21":1,"22":1,"23":1,"24":1,"32":1,"34":1,"35":1,"36":1,"37":1,"45":1,"46":1,"47":1,"48":1,"49":1,"50":1,"51":1,"59":1,"60":1,"61":1,"62":1,"63":1,"64":1,"65":1,"73":1,"74":1,"75":1,"76":1,"77":1,"85":1,"92":1},"branchMap":{},"b":{},"fnMap":{},"f":{}}
,"/Users/asleep/Developer/tekton/src/token-generator.ts": {"path":"/Users/asleep/Developer/tekton/src/token-generator.ts","all":false,"statementMap":{"0":{"start":{"line":1,"column":0},"end":{"line":1,"column":92}},"9":{"start":{"line":10,"column":0},"end":{"line":10,"column":74}},"11":{"start":{"line":12,"column":0},"end":{"line":12,"column":87}},"12":{"start":{"line":13,"column":0},"end":{"line":13,"column":73}},"13":{"start":{"line":14,"column":0},"end":{"line":14,"column":1}},"19":{"start":{"line":20,"column":0},"end":{"line":20,"column":53}},"20":{"start":{"line":21,"column":0},"end":{"line":21,"column":32}},"23":{"start":{"line":24,"column":0},"end":{"line":24,"column":49}},"24":{"start":{"line":25,"column":0},"end":{"line":25,"column":49}},"25":{"start":{"line":26,"column":0},"end":{"line":26,"column":47}},"27":{"start":{"line":28,"column":0},"end":{"line":28,"column":18}},"28":{"start":{"line":29,"column":0},"end":{"line":29,"column":17}},"29":{"start":{"line":30,"column":0},"end":{"line":30,"column":3}},"32":{"start":{"line":33,"column":0},"end":{"line":33,"column":34}},"33":{"start":{"line":34,"column":0},"end":{"line":34,"column":18}},"35":{"start":{"line":36,"column":0},"end":{"line":36,"column":30}},"36":{"start":{"line":37,"column":0},"end":{"line":37,"column":56}},"37":{"start":{"line":38,"column":0},"end":{"line":38,"column":45}},"39":{"start":{"line":40,"column":0},"end":{"line":40,"column":61}},"40":{"start":{"line":41,"column":0},"end":{"line":41,"column":61}},"41":{"start":{"line":42,"column":0},"end":{"line":42,"column":59}},"43":{"start":{"line":44,"column":0},"end":{"line":44,"column":22}},"44":{"start":{"line":45,"column":0},"end":{"line":45,"column":12}},"45":{"start":{"line":46,"column":0},"end":{"line":46,"column":5}},"46":{"start":{"line":47,"column":0},"end":{"line":47,"column":3}},"48":{"start":{"line":49,"column":0},"end":{"line":49,"column":22}},"49":{"start":{"line":50,"column":0},"end":{"line":50,"column":1}},"55":{"start":{"line":56,"column":0},"end":{"line":56,"column":85}},"57":{"start":{"line":58,"column":0},"end":{"line":58,"column":36}},"60":{"start":{"line":61,"column":0},"end":{"line":61,"column":46}},"63":{"start":{"line":64,"column":0},"end":{"line":64,"column":53}},"66":{"start":{"line":67,"column":0},"end":{"line":67,"column":49}},"68":{"start":{"line":69,"column":0},"end":{"line":69,"column":10}},"69":{"start":{"line":70,"column":0},"end":{"line":70,"column":7}},"70":{"start":{"line":71,"column":0},"end":{"line":71,"column":9}},"71":{"start":{"line":72,"column":0},"end":{"line":72,"column":24}},"72":{"start":{"line":73,"column":0},"end":{"line":73,"column":10}},"73":{"start":{"line":74,"column":0},"end":{"line":74,"column":15}},"74":{"start":{"line":75,"column":0},"end":{"line":75,"column":42}},"75":{"start":{"line":76,"column":0},"end":{"line":76,"column":51}},"76":{"start":{"line":77,"column":0},"end":{"line":77,"column":6}},"77":{"start":{"line":78,"column":0},"end":{"line":78,"column":4}},"78":{"start":{"line":79,"column":0},"end":{"line":79,"column":1}},"94":{"start":{"line":95,"column":0},"end":{"line":95,"column":29}},"95":{"start":{"line":96,"column":0},"end":{"line":96,"column":58}},"96":{"start":{"line":97,"column":0},"end":{"line":97,"column":39}},"98":{"start":{"line":99,"column":0},"end":{"line":99,"column":50}},"99":{"start":{"line":100,"column":0},"end":{"line":100,"column":19}},"100":{"start":{"line":101,"column":0},"end":{"line":101,"column":30}},"101":{"start":{"line":102,"column":0},"end":{"line":102,"column":25}},"102":{"start":{"line":103,"column":0},"end":{"line":103,"column":22}},"103":{"start":{"line":104,"column":0},"end":{"line":104,"column":16}},"104":{"start":{"line":105,"column":0},"end":{"line":105,"column":6}},"105":{"start":{"line":106,"column":0},"end":{"line":106,"column":3}},"110":{"start":{"line":111,"column":0},"end":{"line":111,"column":74}},"111":{"start":{"line":112,"column":0},"end":{"line":112,"column":41}},"113":{"start":{"line":114,"column":0},"end":{"line":114,"column":56}},"115":{"start":{"line":116,"column":0},"end":{"line":116,"column":58}},"117":{"start":{"line":118,"column":0},"end":{"line":118,"column":37}},"118":{"start":{"line":119,"column":0},"end":{"line":119,"column":47}},"119":{"start":{"line":120,"column":0},"end":{"line":120,"column":15}},"120":{"start":{"line":121,"column":0},"end":{"line":121,"column":7}},"123":{"start":{"line":124,"column":0},"end":{"line":124,"column":47}},"126":{"start":{"line":127,"column":0},"end":{"line":127,"column":38}},"127":{"start":{"line":128,"column":0},"end":{"line":128,"column":25}},"130":{"start":{"line":131,"column":0},"end":{"line":131,"column":41}},"131":{"start":{"line":132,"column":0},"end":{"line":132,"column":62}},"132":{"start":{"line":133,"column":0},"end":{"line":133,"column":54}},"133":{"start":{"line":134,"column":0},"end":{"line":134,"column":31}},"134":{"start":{"line":135,"column":0},"end":{"line":135,"column":7}},"135":{"start":{"line":136,"column":0},"end":{"line":136,"column":7}},"137":{"start":{"line":138,"column":0},"end":{"line":138,"column":18}},"138":{"start":{"line":139,"column":0},"end":{"line":139,"column":3}},"144":{"start":{"line":145,"column":0},"end":{"line":145,"column":76}},"146":{"start":{"line":147,"column":0},"end":{"line":147,"column":35}},"147":{"start":{"line":148,"column":0},"end":{"line":148,"column":21}},"148":{"start":{"line":149,"column":0},"end":{"line":149,"column":27}},"149":{"start":{"line":150,"column":0},"end":{"line":150,"column":6}},"151":{"start":{"line":152,"column":0},"end":{"line":152,"column":51}},"152":{"start":{"line":153,"column":0},"end":{"line":153,"column":65}},"153":{"start":{"line":154,"column":0},"end":{"line":154,"column":44}},"154":{"start":{"line":155,"column":0},"end":{"line":155,"column":17}},"155":{"start":{"line":156,"column":0},"end":{"line":156,"column":23}},"156":{"start":{"line":157,"column":0},"end":{"line":157,"column":8}},"157":{"start":{"line":158,"column":0},"end":{"line":158,"column":7}},"159":{"start":{"line":160,"column":0},"end":{"line":160,"column":12}},"160":{"start":{"line":161,"column":0},"end":{"line":161,"column":29}},"161":{"start":{"line":162,"column":0},"end":{"line":162,"column":33}},"162":{"start":{"line":163,"column":0},"end":{"line":163,"column":23}},"163":{"start":{"line":164,"column":0},"end":{"line":164,"column":23}},"164":{"start":{"line":165,"column":0},"end":{"line":165,"column":17}},"165":{"start":{"line":166,"column":0},"end":{"line":166,"column":26}},"166":{"start":{"line":167,"column":0},"end":{"line":167,"column":23}},"167":{"start":{"line":168,"column":0},"end":{"line":168,"column":8}},"168":{"start":{"line":169,"column":0},"end":{"line":169,"column":6}},"169":{"start":{"line":170,"column":0},"end":{"line":170,"column":3}},"175":{"start":{"line":176,"column":0},"end":{"line":176,"column":88}},"176":{"start":{"line":177,"column":0},"end":{"line":177,"column":48}},"178":{"start":{"line":179,"column":0},"end":{"line":179,"column":21}},"179":{"start":{"line":180,"column":0},"end":{"line":180,"column":17}},"180":{"start":{"line":181,"column":0},"end":{"line":181,"column":40}},"181":{"start":{"line":182,"column":0},"end":{"line":182,"column":18}},"182":{"start":{"line":183,"column":0},"end":{"line":183,"column":41}},"183":{"start":{"line":184,"column":0},"end":{"line":184,"column":16}},"184":{"start":{"line":185,"column":0},"end":{"line":185,"column":39}},"185":{"start":{"line":186,"column":0},"end":{"line":186,"column":16}},"186":{"start":{"line":187,"column":0},"end":{"line":187,"column":39}},"187":{"start":{"line":188,"column":0},"end":{"line":188,"column":14}},"188":{"start":{"line":189,"column":0},"end":{"line":189,"column":57}},"189":{"start":{"line":190,"column":0},"end":{"line":190,"column":5}},"190":{"start":{"line":191,"column":0},"end":{"line":191,"column":3}},"192":{"start":{"line":193,"column":0},"end":{"line":193,"column":58}},"193":{"start":{"line":194,"column":0},"end":{"line":194,"column":30}},"195":{"start":{"line":196,"column":0},"end":{"line":196,"column":31}},"197":{"start":{"line":198,"column":0},"end":{"line":198,"column":42}},"198":{"start":{"line":199,"column":0},"end":{"line":199,"column":47}},"201":{"start":{"line":202,"column":0},"end":{"line":202,"column":68}},"202":{"start":{"line":203,"column":0},"end":{"line":203,"column":42}},"203":{"start":{"line":204,"column":0},"end":{"line":204,"column":61}},"204":{"start":{"line":205,"column":0},"end":{"line":205,"column":9}},"205":{"start":{"line":206,"column":0},"end":{"line":206,"column":7}},"207":{"start":{"line":208,"column":0},"end":{"line":208,"column":20}},"208":{"start":{"line":209,"column":0},"end":{"line":209,"column":28}},"209":{"start":{"line":210,"column":0},"end":{"line":210,"column":3}},"211":{"start":{"line":212,"column":0},"end":{"line":212,"column":59}},"212":{"start":{"line":213,"column":0},"end":{"line":213,"column":43}},"214":{"start":{"line":215,"column":0},"end":{"line":215,"column":31}},"215":{"start":{"line":216,"column":0},"end":{"line":216,"column":28}},"216":{"start":{"line":217,"column":0},"end":{"line":217,"column":39}},"217":{"start":{"line":218,"column":0},"end":{"line":218,"column":27}},"218":{"start":{"line":219,"column":0},"end":{"line":219,"column":34}},"219":{"start":{"line":220,"column":0},"end":{"line":220,"column":68}},"220":{"start":{"line":221,"column":0},"end":{"line":221,"column":17}},"221":{"start":{"line":222,"column":0},"end":{"line":222,"column":30}},"222":{"start":{"line":223,"column":0},"end":{"line":223,"column":12}},"223":{"start":{"line":224,"column":0},"end":{"line":224,"column":10}},"224":{"start":{"line":225,"column":0},"end":{"line":225,"column":8}},"225":{"start":{"line":226,"column":0},"end":{"line":226,"column":7}},"227":{"start":{"line":228,"column":0},"end":{"line":228,"column":43}},"228":{"start":{"line":229,"column":0},"end":{"line":229,"column":3}},"230":{"start":{"line":231,"column":0},"end":{"line":231,"column":57}},"231":{"start":{"line":232,"column":0},"end":{"line":232,"column":49}},"233":{"start":{"line":234,"column":0},"end":{"line":234,"column":31}},"234":{"start":{"line":235,"column":0},"end":{"line":235,"column":79}},"236":{"start":{"line":237,"column":0},"end":{"line":237,"column":56}},"237":{"start":{"line":238,"column":0},"end":{"line":238,"column":68}},"238":{"start":{"line":239,"column":0},"end":{"line":239,"column":59}},"239":{"start":{"line":240,"column":0},"end":{"line":240,"column":9}},"240":{"start":{"line":241,"column":0},"end":{"line":241,"column":23}},"241":{"start":{"line":242,"column":0},"end":{"line":242,"column":7}},"243":{"start":{"line":244,"column":0},"end":{"line":244,"column":28}},"244":{"start":{"line":245,"column":0},"end":{"line":245,"column":3}},"246":{"start":{"line":247,"column":0},"end":{"line":247,"column":57}},"247":{"start":{"line":248,"column":0},"end":{"line":248,"column":53}},"249":{"start":{"line":250,"column":0},"end":{"line":250,"column":31}},"250":{"start":{"line":251,"column":0},"end":{"line":251,"column":88}},"252":{"start":{"line":253,"column":0},"end":{"line":253,"column":56}},"253":{"start":{"line":254,"column":0},"end":{"line":254,"column":68}},"254":{"start":{"line":255,"column":0},"end":{"line":255,"column":68}},"255":{"start":{"line":256,"column":0},"end":{"line":256,"column":9}},"256":{"start":{"line":257,"column":0},"end":{"line":257,"column":32}},"257":{"start":{"line":258,"column":0},"end":{"line":258,"column":21}},"258":{"start":{"line":259,"column":0},"end":{"line":259,"column":7}},"260":{"start":{"line":261,"column":0},"end":{"line":261,"column":28}},"261":{"start":{"line":262,"column":0},"end":{"line":262,"column":3}},"266":{"start":{"line":267,"column":0},"end":{"line":267,"column":22}},"267":{"start":{"line":268,"column":0},"end":{"line":268,"column":23}},"268":{"start":{"line":269,"column":0},"end":{"line":269,"column":3}},"269":{"start":{"line":270,"column":0},"end":{"line":270,"column":1}}},"s":{"0":1,"9":1,"11":59,"12":59,"13":59,"19":54,"20":54,"23":54,"24":54,"25":54,"27":54,"28":54,"29":54,"32":0,"33":0,"35":0,"36":0,"37":0,"39":0,"40":0,"41":0,"43":0,"44":0,"45":0,"46":0,"48":0,"49":0,"55":1,"57":56,"60":56,"63":56,"66":56,"68":56,"69":56,"70":56,"71":56,"72":56,"73":56,"74":56,"75":56,"76":56,"77":56,"78":56,"94":1,"95":26,"96":26,"98":26,"99":26,"100":26,"101":26,"102":26,"103":26,"104":26,"105":26,"110":26,"111":37,"113":37,"115":64,"117":64,"118":11,"119":11,"120":11,"123":53,"126":53,"127":53,"130":64,"131":4,"132":4,"133":4,"134":4,"135":37,"137":37,"138":37,"144":26,"146":4,"147":4,"148":4,"149":4,"151":4,"152":4,"153":44,"154":44,"155":44,"156":44,"157":4,"159":4,"160":4,"161":4,"162":4,"163":4,"164":4,"165":4,"166":4,"167":4,"168":4,"169":4,"175":26,"176":13,"178":13,"179":13,"180":5,"181":13,"182":3,"183":13,"184":3,"185":13,"186":2,"187":13,"188":0,"189":13,"190":13,"192":26,"193":5,"195":5,"197":8,"198":8,"201":8,"202":88,"203":88,"204":8,"205":5,"207":5,"208":5,"209":5,"211":26,"212":3,"214":3,"215":3,"216":3,"217":3,"218":3,"219":3,"220":33,"221":33,"222":3,"223":3,"224":3,"225":3,"227":3,"228":3,"230":26,"231":3,"233":3,"234":3,"236":3,"237":3,"238":33,"239":3,"240":3,"241":3,"243":3,"244":3,"246":26,"247":2,"249":2,"250":2,"252":2,"253":2,"254":22,"255":2,"256":2,"257":2,"258":2,"260":2,"261":2,"266":26,"267":1,"268":1,"269":26},"branchMap":{"0":{"type":"branch","line":10,"loc":{"start":{"line":10,"column":7},"end":{"line":14,"column":1}},"locations":[{"start":{"line":10,"column":7},"end":{"line":14,"column":1}}]},"1":{"type":"branch","line":20,"loc":{"start":{"line":20,"column":0},"end":{"line":50,"column":1}},"locations":[{"start":{"line":20,"column":0},"end":{"line":50,"column":1}}]},"2":{"type":"branch","line":30,"loc":{"start":{"line":30,"column":2},"end":{"line":50,"column":1}},"locations":[{"start":{"line":30,"column":2},"end":{"line":50,"column":1}}]},"3":{"type":"branch","line":56,"loc":{"start":{"line":56,"column":7},"end":{"line":79,"column":1}},"locations":[{"start":{"line":56,"column":7},"end":{"line":79,"column":1}}]},"4":{"type":"branch","line":95,"loc":{"start":{"line":95,"column":7},"end":{"line":270,"column":1}},"locations":[{"start":{"line":95,"column":7},"end":{"line":270,"column":1}}]},"5":{"type":"branch","line":99,"loc":{"start":{"line":99,"column":2},"end":{"line":106,"column":3}},"locations":[{"start":{"line":99,"column":2},"end":{"line":106,"column":3}}]},"6":{"type":"branch","line":111,"loc":{"start":{"line":111,"column":2},"end":{"line":139,"column":3}},"locations":[{"start":{"line":111,"column":2},"end":{"line":139,"column":3}}]},"7":{"type":"branch","line":114,"loc":{"start":{"line":114,"column":36},"end":{"line":136,"column":5}},"locations":[{"start":{"line":114,"column":36},"end":{"line":136,"column":5}}]},"8":{"type":"branch","line":118,"loc":{"start":{"line":118,"column":36},"end":{"line":121,"column":7}},"locations":[{"start":{"line":118,"column":36},"end":{"line":121,"column":7}}]},"9":{"type":"branch","line":121,"loc":{"start":{"line":121,"column":6},"end":{"line":131,"column":40}},"locations":[{"start":{"line":121,"column":6},"end":{"line":131,"column":40}}]},"10":{"type":"branch","line":131,"loc":{"start":{"line":131,"column":40},"end":{"line":135,"column":7}},"locations":[{"start":{"line":131,"column":40},"end":{"line":135,"column":7}}]},"11":{"type":"branch","line":145,"loc":{"start":{"line":145,"column":10},"end":{"line":170,"column":3}},"locations":[{"start":{"line":145,"column":10},"end":{"line":170,"column":3}}]},"12":{"type":"branch","line":153,"loc":{"start":{"line":153,"column":25},"end":{"line":153,"column":36}},"locations":[{"start":{"line":153,"column":25},"end":{"line":153,"column":36}}]},"13":{"type":"branch","line":153,"loc":{"start":{"line":153,"column":46},"end":{"line":158,"column":5}},"locations":[{"start":{"line":153,"column":46},"end":{"line":158,"column":5}}]},"14":{"type":"branch","line":176,"loc":{"start":{"line":176,"column":2},"end":{"line":191,"column":3}},"locations":[{"start":{"line":176,"column":2},"end":{"line":191,"column":3}}]},"15":{"type":"branch","line":180,"loc":{"start":{"line":180,"column":6},"end":{"line":181,"column":40}},"locations":[{"start":{"line":180,"column":6},"end":{"line":181,"column":40}}]},"16":{"type":"branch","line":182,"loc":{"start":{"line":182,"column":6},"end":{"line":183,"column":41}},"locations":[{"start":{"line":182,"column":6},"end":{"line":183,"column":41}}]},"17":{"type":"branch","line":184,"loc":{"start":{"line":184,"column":6},"end":{"line":185,"column":39}},"locations":[{"start":{"line":184,"column":6},"end":{"line":185,"column":39}}]},"18":{"type":"branch","line":186,"loc":{"start":{"line":186,"column":6},"end":{"line":187,"column":39}},"locations":[{"start":{"line":186,"column":6},"end":{"line":187,"column":39}}]},"19":{"type":"branch","line":188,"loc":{"start":{"line":188,"column":6},"end":{"line":189,"column":57}},"locations":[{"start":{"line":188,"column":6},"end":{"line":189,"column":57}}]},"20":{"type":"branch","line":193,"loc":{"start":{"line":193,"column":10},"end":{"line":210,"column":3}},"locations":[{"start":{"line":193,"column":10},"end":{"line":210,"column":3}}]},"21":{"type":"branch","line":196,"loc":{"start":{"line":196,"column":19},"end":{"line":206,"column":5}},"locations":[{"start":{"line":196,"column":19},"end":{"line":206,"column":5}}]},"22":{"type":"branch","line":202,"loc":{"start":{"line":202,"column":27},"end":{"line":202,"column":38}},"locations":[{"start":{"line":202,"column":27},"end":{"line":202,"column":38}}]},"23":{"type":"branch","line":202,"loc":{"start":{"line":202,"column":48},"end":{"line":205,"column":7}},"locations":[{"start":{"line":202,"column":48},"end":{"line":205,"column":7}}]},"24":{"type":"branch","line":212,"loc":{"start":{"line":212,"column":10},"end":{"line":229,"column":3}},"locations":[{"start":{"line":212,"column":10},"end":{"line":229,"column":3}}]},"25":{"type":"branch","line":215,"loc":{"start":{"line":215,"column":19},"end":{"line":226,"column":5}},"locations":[{"start":{"line":215,"column":19},"end":{"line":226,"column":5}}]},"26":{"type":"branch","line":220,"loc":{"start":{"line":220,"column":31},"end":{"line":220,"column":42}},"locations":[{"start":{"line":220,"column":31},"end":{"line":220,"column":42}}]},"27":{"type":"branch","line":220,"loc":{"start":{"line":220,"column":48},"end":{"line":223,"column":11}},"locations":[{"start":{"line":220,"column":48},"end":{"line":223,"column":11}}]},"28":{"type":"branch","line":231,"loc":{"start":{"line":231,"column":10},"end":{"line":245,"column":3}},"locations":[{"start":{"line":231,"column":10},"end":{"line":245,"column":3}}]},"29":{"type":"branch","line":234,"loc":{"start":{"line":234,"column":19},"end":{"line":242,"column":5}},"locations":[{"start":{"line":234,"column":19},"end":{"line":242,"column":5}}]},"30":{"type":"branch","line":238,"loc":{"start":{"line":238,"column":27},"end":{"line":238,"column":38}},"locations":[{"start":{"line":238,"column":27},"end":{"line":238,"column":38}}]},"31":{"type":"branch","line":238,"loc":{"start":{"line":238,"column":48},"end":{"line":240,"column":7}},"locations":[{"start":{"line":238,"column":48},"end":{"line":240,"column":7}}]},"32":{"type":"branch","line":247,"loc":{"start":{"line":247,"column":10},"end":{"line":262,"column":3}},"locations":[{"start":{"line":247,"column":10},"end":{"line":262,"column":3}}]},"33":{"type":"branch","line":250,"loc":{"start":{"line":250,"column":19},"end":{"line":259,"column":5}},"locations":[{"start":{"line":250,"column":19},"end":{"line":259,"column":5}}]},"34":{"type":"branch","line":254,"loc":{"start":{"line":254,"column":27},"end":{"line":254,"column":38}},"locations":[{"start":{"line":254,"column":27},"end":{"line":254,"column":38}}]},"35":{"type":"branch","line":254,"loc":{"start":{"line":254,"column":48},"end":{"line":256,"column":7}},"locations":[{"start":{"line":254,"column":48},"end":{"line":256,"column":7}}]},"36":{"type":"branch","line":267,"loc":{"start":{"line":267,"column":2},"end":{"line":269,"column":3}},"locations":[{"start":{"line":267,"column":2},"end":{"line":269,"column":3}}]}},"b":{"0":[59],"1":[54],"2":[0],"3":[56],"4":[26],"5":[26],"6":[37],"7":[64],"8":[11],"9":[53],"10":[4],"11":[4],"12":[0],"13":[44],"14":[13],"15":[5],"16":[3],"17":[3],"18":[2],"19":[0],"20":[5],"21":[8],"22":[0],"23":[88],"24":[3],"25":[3],"26":[0],"27":[33],"28":[3],"29":[3],"30":[0],"31":[33],"32":[2],"33":[2],"34":[0],"35":[22],"36":[1]},"fnMap":{"0":{"name":"generateTokenId","decl":{"start":{"line":10,"column":7},"end":{"line":14,"column":1}},"loc":{"start":{"line":10,"column":7},"end":{"line":14,"column":1}},"line":10},"1":{"name":"clipToGamut","decl":{"start":{"line":20,"column":0},"end":{"line":50,"column":1}},"loc":{"start":{"line":20,"column":0},"end":{"line":50,"column":1}},"line":20},"2":{"name":"generateToken","decl":{"start":{"line":56,"column":7},"end":{"line":79,"column":1}},"loc":{"start":{"line":56,"column":7},"end":{"line":79,"column":1}},"line":56},"3":{"name":"<instance_members_initializer>","decl":{"start":{"line":95,"column":7},"end":{"line":270,"column":1}},"loc":{"start":{"line":95,"column":7},"end":{"line":270,"column":1}},"line":95},"4":{"name":"TokenGenerator","decl":{"start":{"line":99,"column":2},"end":{"line":106,"column":3}},"loc":{"start":{"line":99,"column":2},"end":{"line":106,"column":3}},"line":99},"5":{"name":"generateTokens","decl":{"start":{"line":111,"column":2},"end":{"line":139,"column":3}},"loc":{"start":{"line":111,"column":2},"end":{"line":139,"column":3}},"line":111},"6":{"name":"generateDarkModeVariant","decl":{"start":{"line":145,"column":10},"end":{"line":170,"column":3}},"loc":{"start":{"line":145,"column":10},"end":{"line":170,"column":3}},"line":145},"7":{"name":"exportTokens","decl":{"start":{"line":176,"column":2},"end":{"line":191,"column":3}},"loc":{"start":{"line":176,"column":2},"end":{"line":191,"column":3}},"line":176},"8":{"name":"exportToCSS","decl":{"start":{"line":193,"column":10},"end":{"line":210,"column":3}},"loc":{"start":{"line":193,"column":10},"end":{"line":210,"column":3}},"line":193},"9":{"name":"exportToJSON","decl":{"start":{"line":212,"column":10},"end":{"line":229,"column":3}},"loc":{"start":{"line":212,"column":10},"end":{"line":229,"column":3}},"line":212},"10":{"name":"exportToJS","decl":{"start":{"line":231,"column":10},"end":{"line":245,"column":3}},"loc":{"start":{"line":231,"column":10},"end":{"line":245,"column":3}},"line":231},"11":{"name":"exportToTS","decl":{"start":{"line":247,"column":10},"end":{"line":262,"column":3}},"loc":{"start":{"line":247,"column":10},"end":{"line":262,"column":3}},"line":247},"12":{"name":"clearCache","decl":{"start":{"line":267,"column":2},"end":{"line":269,"column":3}},"loc":{"start":{"line":267,"column":2},"end":{"line":269,"column":3}},"line":267}},"f":{"0":59,"1":54,"2":56,"3":26,"4":26,"5":37,"6":4,"7":13,"8":5,"9":3,"10":3,"11":2,"12":1}}
,"/Users/asleep/Developer/tekton/src/wcag-validator.ts": {"path":"/Users/asleep/Developer/tekton/src/wcag-validator.ts","all":false,"statementMap":{"6":{"start":{"line":7,"column":0},"end":{"line":7,"column":60}},"7":{"start":{"line":8,"column":0},"end":{"line":8,"column":26}},"10":{"start":{"line":11,"column":0},"end":{"line":11,"column":51}},"13":{"start":{"line":14,"column":0},"end":{"line":14,"column":50}},"14":{"start":{"line":15,"column":0},"end":{"line":15,"column":29}},"15":{"start":{"line":16,"column":0},"end":{"line":16,"column":23}},"16":{"start":{"line":17,"column":0},"end":{"line":17,"column":49}},"17":{"start":{"line":18,"column":0},"end":{"line":18,"column":4}},"19":{"start":{"line":20,"column":0},"end":{"line":20,"column":69}},"22":{"start":{"line":23,"column":0},"end":{"line":23,"column":49}},"23":{"start":{"line":24,"column":0},"end":{"line":24,"column":1}},"30":{"start":{"line":31,"column":0},"end":{"line":31,"column":84}},"31":{"start":{"line":32,"column":0},"end":{"line":32,"column":50}},"32":{"start":{"line":33,"column":0},"end":{"line":33,"column":50}},"34":{"start":{"line":35,"column":0},"end":{"line":35,"column":39}},"35":{"start":{"line":36,"column":0},"end":{"line":36,"column":38}},"37":{"start":{"line":38,"column":0},"end":{"line":38,"column":44}},"38":{"start":{"line":39,"column":0},"end":{"line":39,"column":1}},"45":{"start":{"line":46,"column":0},"end":{"line":46,"column":36}},"46":{"start":{"line":47,"column":0},"end":{"line":47,"column":24}},"47":{"start":{"line":48,"column":0},"end":{"line":48,"column":22}},"48":{"start":{"line":49,"column":0},"end":{"line":49,"column":30}},"49":{"start":{"line":50,"column":0},"end":{"line":50,"column":23}},"50":{"start":{"line":51,"column":0},"end":{"line":51,"column":31}},"51":{"start":{"line":52,"column":0},"end":{"line":52,"column":32}},"52":{"start":{"line":53,"column":0},"end":{"line":53,"column":33}},"54":{"start":{"line":55,"column":0},"end":{"line":55,"column":10}},"55":{"start":{"line":56,"column":0},"end":{"line":56,"column":18}},"56":{"start":{"line":57,"column":0},"end":{"line":57,"column":21}},"57":{"start":{"line":58,"column":0},"end":{"line":58,"column":39}},"58":{"start":{"line":59,"column":0},"end":{"line":59,"column":4}},"59":{"start":{"line":60,"column":0},"end":{"line":60,"column":1}},"65":{"start":{"line":66,"column":0},"end":{"line":66,"column":34}},"66":{"start":{"line":67,"column":0},"end":{"line":67,"column":23}},"67":{"start":{"line":68,"column":0},"end":{"line":68,"column":23}},"68":{"start":{"line":69,"column":0},"end":{"line":69,"column":29}},"69":{"start":{"line":70,"column":0},"end":{"line":70,"column":30}},"70":{"start":{"line":71,"column":0},"end":{"line":71,"column":23}},"71":{"start":{"line":72,"column":0},"end":{"line":72,"column":71}},"72":{"start":{"line":73,"column":0},"end":{"line":73,"column":72}},"74":{"start":{"line":75,"column":0},"end":{"line":75,"column":10}},"75":{"start":{"line":76,"column":0},"end":{"line":76,"column":14}},"76":{"start":{"line":77,"column":0},"end":{"line":77,"column":15}},"77":{"start":{"line":78,"column":0},"end":{"line":78,"column":15}},"78":{"start":{"line":79,"column":0},"end":{"line":79,"column":4}},"79":{"start":{"line":80,"column":0},"end":{"line":80,"column":1}},"85":{"start":{"line":86,"column":0},"end":{"line":86,"column":43}},"86":{"start":{"line":87,"column":0},"end":{"line":87,"column":23}},"87":{"start":{"line":88,"column":0},"end":{"line":88,"column":23}},"88":{"start":{"line":89,"column":0},"end":{"line":89,"column":34}},"89":{"start":{"line":90,"column":0},"end":{"line":90,"column":18}},"90":{"start":{"line":91,"column":0},"end":{"line":91,"column":70}},"91":{"start":{"line":92,"column":0},"end":{"line":92,"column":64}},"93":{"start":{"line":94,"column":0},"end":{"line":94,"column":22}},"94":{"start":{"line":95,"column":0},"end":{"line":95,"column":16}},"95":{"start":{"line":96,"column":0},"end":{"line":96,"column":3}},"99":{"start":{"line":100,"column":0},"end":{"line":100,"column":55}},"100":{"start":{"line":101,"column":0},"end":{"line":101,"column":55}},"102":{"start":{"line":103,"column":0},"end":{"line":103,"column":22}},"104":{"start":{"line":105,"column":0},"end":{"line":105,"column":36}},"105":{"start":{"line":106,"column":0},"end":{"line":106,"column":10}},"107":{"start":{"line":108,"column":0},"end":{"line":108,"column":36}},"108":{"start":{"line":109,"column":0},"end":{"line":109,"column":3}},"109":{"start":{"line":110,"column":0},"end":{"line":110,"column":1}}},"s":{"6":208,"7":208,"10":208,"13":208,"14":624,"15":72,"16":552,"17":624,"19":208,"22":208,"23":208,"30":1,"31":104,"32":104,"34":104,"35":104,"37":104,"38":104,"45":1,"46":107,"47":107,"48":107,"49":107,"50":107,"51":0,"52":107,"54":107,"55":107,"56":107,"57":107,"58":107,"59":107,"65":1,"66":99,"67":99,"68":99,"69":99,"70":99,"71":99,"72":99,"74":99,"75":99,"76":99,"77":99,"78":99,"79":99,"85":1,"86":0,"87":0,"88":0,"89":0,"90":0,"91":0,"93":0,"94":0,"95":0,"99":0,"100":0,"102":0,"104":0,"105":0,"107":0,"108":0,"109":0},"branchMap":{"0":{"type":"branch","line":7,"loc":{"start":{"line":7,"column":0},"end":{"line":24,"column":1}},"locations":[{"start":{"line":7,"column":0},"end":{"line":24,"column":1}}]},"1":{"type":"branch","line":14,"loc":{"start":{"line":14,"column":20},"end":{"line":18,"column":4}},"locations":[{"start":{"line":14,"column":20},"end":{"line":18,"column":4}}]},"2":{"type":"branch","line":15,"loc":{"start":{"line":15,"column":22},"end":{"line":16,"column":23}},"locations":[{"start":{"line":15,"column":22},"end":{"line":16,"column":23}}]},"3":{"type":"branch","line":16,"loc":{"start":{"line":16,"column":18},"end":{"line":17,"column":49}},"locations":[{"start":{"line":16,"column":18},"end":{"line":17,"column":49}}]},"4":{"type":"branch","line":31,"loc":{"start":{"line":31,"column":7},"end":{"line":39,"column":1}},"locations":[{"start":{"line":31,"column":7},"end":{"line":39,"column":1}}]},"5":{"type":"branch","line":46,"loc":{"start":{"line":46,"column":7},"end":{"line":60,"column":1}},"locations":[{"start":{"line":46,"column":7},"end":{"line":60,"column":1}}]},"6":{"type":"branch","line":51,"loc":{"start":{"line":51,"column":20},"end":{"line":52,"column":32}},"locations":[{"start":{"line":51,"column":20},"end":{"line":52,"column":32}}]},"7":{"type":"branch","line":53,"loc":{"start":{"line":53,"column":16},"end":{"line":53,"column":29}},"locations":[{"start":{"line":53,"column":16},"end":{"line":53,"column":29}}]},"8":{"type":"branch","line":53,"loc":{"start":{"line":53,"column":23},"end":{"line":53,"column":33}},"locations":[{"start":{"line":53,"column":23},"end":{"line":53,"column":33}}]},"9":{"type":"branch","line":66,"loc":{"start":{"line":66,"column":7},"end":{"line":80,"column":1}},"locations":[{"start":{"line":66,"column":7},"end":{"line":80,"column":1}}]}},"b":{"0":[208],"1":[624],"2":[72],"3":[552],"4":[104],"5":[107],"6":[0],"7":[103],"8":[4],"9":[99]},"fnMap":{"0":{"name":"calculateRelativeLuminance","decl":{"start":{"line":7,"column":0},"end":{"line":24,"column":1}},"loc":{"start":{"line":7,"column":0},"end":{"line":24,"column":1}},"line":7},"1":{"name":"linearize","decl":{"start":{"line":14,"column":20},"end":{"line":18,"column":4}},"loc":{"start":{"line":14,"column":20},"end":{"line":18,"column":4}},"line":14},"2":{"name":"calculateContrastRatio","decl":{"start":{"line":31,"column":7},"end":{"line":39,"column":1}},"loc":{"start":{"line":31,"column":7},"end":{"line":39,"column":1}},"line":31},"3":{"name":"checkWCAGCompliance","decl":{"start":{"line":46,"column":7},"end":{"line":60,"column":1}},"loc":{"start":{"line":46,"column":7},"end":{"line":60,"column":1}},"line":46},"4":{"name":"validateColorPair","decl":{"start":{"line":66,"column":7},"end":{"line":80,"column":1}},"loc":{"start":{"line":66,"column":7},"end":{"line":80,"column":1}},"line":66},"5":{"name":"suggestLightnessAdjustment","decl":{"start":{"line":86,"column":7},"end":{"line":110,"column":1}},"loc":{"start":{"line":86,"column":7},"end":{"line":110,"column":1}},"line":86}},"f":{"0":208,"1":624,"2":104,"3":107,"4":99,"5":0}}
}
