{"/Users/asleep/Developer/tekton/src/color-conversion.ts": {"path":"/Users/asleep/Developer/tekton/src/color-conversion.ts","all":false,"statementMap":{"6":{"start":{"line":7,"column":0},"end":{"line":7,"column":83}},"7":{"start":{"line":8,"column":0},"end":{"line":8,"column":28}},"10":{"start":{"line":11,"column":0},"end":{"line":11,"column":35}},"11":{"start":{"line":12,"column":0},"end":{"line":12,"column":31}},"12":{"start":{"line":13,"column":0},"end":{"line":13,"column":31}},"15":{"start":{"line":16,"column":0},"end":{"line":16,"column":53}},"16":{"start":{"line":17,"column":0},"end":{"line":17,"column":53}},"17":{"start":{"line":18,"column":0},"end":{"line":18,"column":53}},"19":{"start":{"line":20,"column":0},"end":{"line":20,"column":26}},"20":{"start":{"line":21,"column":0},"end":{"line":21,"column":26}},"21":{"start":{"line":22,"column":0},"end":{"line":22,"column":26}},"23":{"start":{"line":24,"column":0},"end":{"line":24,"column":10}},"24":{"start":{"line":25,"column":0},"end":{"line":25,"column":66}},"25":{"start":{"line":26,"column":0},"end":{"line":26,"column":66}},"26":{"start":{"line":27,"column":0},"end":{"line":27,"column":66}},"27":{"start":{"line":28,"column":0},"end":{"line":28,"column":4}},"28":{"start":{"line":29,"column":0},"end":{"line":29,"column":1}},"33":{"start":{"line":34,"column":0},"end":{"line":34,"column":47}},"34":{"start":{"line":35,"column":0},"end":{"line":35,"column":31}},"35":{"start":{"line":36,"column":0},"end":{"line":36,"column":25}},"36":{"start":{"line":37,"column":0},"end":{"line":37,"column":26}},"37":{"start":{"line":38,"column":0},"end":{"line":38,"column":3}},"38":{"start":{"line":39,"column":0},"end":{"line":39,"column":77}},"39":{"start":{"line":40,"column":0},"end":{"line":40,"column":1}},"44":{"start":{"line":45,"column":0},"end":{"line":45,"column":45}},"45":{"start":{"line":46,"column":0},"end":{"line":46,"column":29}},"46":{"start":{"line":47,"column":0},"end":{"line":47,"column":23}},"47":{"start":{"line":48,"column":0},"end":{"line":48,"column":24}},"48":{"start":{"line":49,"column":0},"end":{"line":49,"column":3}},"49":{"start":{"line":50,"column":0},"end":{"line":50,"column":71}},"50":{"start":{"line":51,"column":0},"end":{"line":51,"column":1}},"55":{"start":{"line":56,"column":0},"end":{"line":56,"column":41}},"56":{"start":{"line":57,"column":0},"end":{"line":57,"column":41}},"57":{"start":{"line":58,"column":0},"end":{"line":58,"column":1}},"62":{"start":{"line":63,"column":0},"end":{"line":63,"column":57}},"63":{"start":{"line":64,"column":0},"end":{"line":64,"column":41}},"65":{"start":{"line":66,"column":0},"end":{"line":66,"column":62}},"66":{"start":{"line":67,"column":0},"end":{"line":67,"column":62}},"67":{"start":{"line":68,"column":0},"end":{"line":68,"column":62}},"69":{"start":{"line":70,"column":0},"end":{"line":70,"column":21}},"70":{"start":{"line":71,"column":0},"end":{"line":71,"column":1}},"75":{"start":{"line":76,"column":0},"end":{"line":76,"column":73}},"76":{"start":{"line":77,"column":0},"end":{"line":77,"column":38}},"77":{"start":{"line":78,"column":0},"end":{"line":78,"column":38}},"78":{"start":{"line":79,"column":0},"end":{"line":79,"column":38}},"80":{"start":{"line":81,"column":0},"end":{"line":81,"column":67}},"81":{"start":{"line":82,"column":0},"end":{"line":82,"column":67}},"82":{"start":{"line":83,"column":0},"end":{"line":83,"column":67}},"84":{"start":{"line":85,"column":0},"end":{"line":85,"column":26}},"85":{"start":{"line":86,"column":0},"end":{"line":86,"column":26}},"86":{"start":{"line":87,"column":0},"end":{"line":87,"column":26}},"88":{"start":{"line":89,"column":0},"end":{"line":89,"column":10}},"89":{"start":{"line":90,"column":0},"end":{"line":90,"column":65}},"90":{"start":{"line":91,"column":0},"end":{"line":91,"column":65}},"91":{"start":{"line":92,"column":0},"end":{"line":92,"column":65}},"92":{"start":{"line":93,"column":0},"end":{"line":93,"column":4}},"93":{"start":{"line":94,"column":0},"end":{"line":94,"column":1}},"98":{"start":{"line":99,"column":0},"end":{"line":99,"column":55}},"99":{"start":{"line":100,"column":0},"end":{"line":100,"column":38}},"101":{"start":{"line":102,"column":0},"end":{"line":102,"column":37}},"102":{"start":{"line":103,"column":0},"end":{"line":103,"column":45}},"105":{"start":{"line":106,"column":0},"end":{"line":106,"column":24}},"107":{"start":{"line":108,"column":0},"end":{"line":108,"column":21}},"108":{"start":{"line":109,"column":0},"end":{"line":109,"column":1}},"113":{"start":{"line":114,"column":0},"end":{"line":114,"column":55}},"114":{"start":{"line":115,"column":0},"end":{"line":115,"column":32}},"115":{"start":{"line":116,"column":0},"end":{"line":116,"column":48}},"116":{"start":{"line":117,"column":0},"end":{"line":117,"column":48}},"117":{"start":{"line":118,"column":0},"end":{"line":118,"column":48}},"118":{"start":{"line":119,"column":0},"end":{"line":119,"column":39}},"119":{"start":{"line":120,"column":0},"end":{"line":120,"column":1}},"124":{"start":{"line":125,"column":0},"end":{"line":125,"column":53}},"126":{"start":{"line":127,"column":0},"end":{"line":127,"column":40}},"128":{"start":{"line":129,"column":0},"end":{"line":129,"column":51}},"129":{"start":{"line":130,"column":0},"end":{"line":130,"column":51}},"130":{"start":{"line":131,"column":0},"end":{"line":131,"column":51}},"132":{"start":{"line":133,"column":0},"end":{"line":133,"column":33}},"133":{"start":{"line":134,"column":0},"end":{"line":134,"column":1}}},"s":{"6":507,"7":507,"10":507,"11":507,"12":507,"15":507,"16":507,"17":507,"19":507,"20":507,"21":507,"23":507,"24":507,"25":507,"26":507,"27":507,"28":507,"33":1521,"34":1521,"35":1521,"36":27,"37":27,"38":1521,"39":1521,"44":39,"45":39,"46":39,"47":12,"48":12,"49":39,"50":39,"55":1521,"56":1521,"57":1521,"62":1,"63":507,"65":507,"66":507,"67":507,"69":507,"70":507,"75":13,"76":13,"77":13,"78":13,"80":13,"81":13,"82":13,"84":13,"85":13,"86":13,"88":13,"89":13,"90":13,"91":13,"92":13,"93":13,"98":1,"99":13,"101":13,"102":13,"105":13,"107":13,"108":13,"113":1,"114":338,"115":338,"116":338,"117":338,"118":338,"119":338,"124":1,"126":4,"128":4,"129":4,"130":4,"132":4,"133":4},"branchMap":{"0":{"type":"branch","line":7,"loc":{"start":{"line":7,"column":0},"end":{"line":29,"column":1}},"locations":[{"start":{"line":7,"column":0},"end":{"line":29,"column":1}}]},"1":{"type":"branch","line":34,"loc":{"start":{"line":34,"column":0},"end":{"line":40,"column":1}},"locations":[{"start":{"line":34,"column":0},"end":{"line":40,"column":1}}]},"2":{"type":"branch","line":36,"loc":{"start":{"line":36,"column":24},"end":{"line":38,"column":3}},"locations":[{"start":{"line":36,"column":24},"end":{"line":38,"column":3}}]},"3":{"type":"branch","line":38,"loc":{"start":{"line":38,"column":2},"end":{"line":39,"column":31}},"locations":[{"start":{"line":38,"column":2},"end":{"line":39,"column":31}}]},"4":{"type":"branch","line":39,"loc":{"start":{"line":39,"column":26},"end":{"line":39,"column":37}},"locations":[{"start":{"line":39,"column":26},"end":{"line":39,"column":37}}]},"5":{"type":"branch","line":45,"loc":{"start":{"line":45,"column":0},"end":{"line":51,"column":1}},"locations":[{"start":{"line":45,"column":0},"end":{"line":51,"column":1}}]},"6":{"type":"branch","line":47,"loc":{"start":{"line":47,"column":22},"end":{"line":50,"column":29}},"locations":[{"start":{"line":47,"column":22},"end":{"line":50,"column":29}}]},"7":{"type":"branch","line":47,"loc":{"start":{"line":47,"column":22},"end":{"line":49,"column":3}},"locations":[{"start":{"line":47,"column":22},"end":{"line":49,"column":3}}]},"8":{"type":"branch","line":49,"loc":{"start":{"line":49,"column":2},"end":{"line":50,"column":29}},"locations":[{"start":{"line":49,"column":2},"end":{"line":50,"column":29}}]},"9":{"type":"branch","line":50,"loc":{"start":{"line":50,"column":24},"end":{"line":50,"column":34}},"locations":[{"start":{"line":50,"column":24},"end":{"line":50,"column":34}}]},"10":{"type":"branch","line":56,"loc":{"start":{"line":56,"column":0},"end":{"line":58,"column":1}},"locations":[{"start":{"line":56,"column":0},"end":{"line":58,"column":1}}]},"11":{"type":"branch","line":63,"loc":{"start":{"line":63,"column":7},"end":{"line":71,"column":1}},"locations":[{"start":{"line":63,"column":7},"end":{"line":71,"column":1}}]},"12":{"type":"branch","line":76,"loc":{"start":{"line":76,"column":0},"end":{"line":94,"column":1}},"locations":[{"start":{"line":76,"column":0},"end":{"line":94,"column":1}}]},"13":{"type":"branch","line":99,"loc":{"start":{"line":99,"column":7},"end":{"line":109,"column":1}},"locations":[{"start":{"line":99,"column":7},"end":{"line":109,"column":1}}]},"14":{"type":"branch","line":106,"loc":{"start":{"line":106,"column":13},"end":{"line":106,"column":24}},"locations":[{"start":{"line":106,"column":13},"end":{"line":106,"column":24}}]},"15":{"type":"branch","line":114,"loc":{"start":{"line":114,"column":7},"end":{"line":120,"column":1}},"locations":[{"start":{"line":114,"column":7},"end":{"line":120,"column":1}}]},"16":{"type":"branch","line":125,"loc":{"start":{"line":125,"column":7},"end":{"line":134,"column":1}},"locations":[{"start":{"line":125,"column":7},"end":{"line":134,"column":1}}]}},"b":{"0":[507],"1":[1521],"2":[27],"3":[1494],"4":[0],"5":[39],"6":[30],"7":[12],"8":[27],"9":[0],"10":[1521],"11":[507],"12":[13],"13":[13],"14":[2],"15":[338],"16":[4]},"fnMap":{"0":{"name":"oklchToLinearRgb","decl":{"start":{"line":7,"column":0},"end":{"line":29,"column":1}},"loc":{"start":{"line":7,"column":0},"end":{"line":29,"column":1}},"line":7},"1":{"name":"linearToSrgb","decl":{"start":{"line":34,"column":0},"end":{"line":40,"column":1}},"loc":{"start":{"line":34,"column":0},"end":{"line":40,"column":1}},"line":34},"2":{"name":"srgbToLinear","decl":{"start":{"line":45,"column":0},"end":{"line":51,"column":1}},"loc":{"start":{"line":45,"column":0},"end":{"line":51,"column":1}},"line":45},"3":{"name":"clamp01","decl":{"start":{"line":56,"column":0},"end":{"line":58,"column":1}},"loc":{"start":{"line":56,"column":0},"end":{"line":58,"column":1}},"line":56},"4":{"name":"oklchToRgb","decl":{"start":{"line":63,"column":7},"end":{"line":71,"column":1}},"loc":{"start":{"line":63,"column":7},"end":{"line":71,"column":1}},"line":63},"5":{"name":"rgbToOklab","decl":{"start":{"line":76,"column":0},"end":{"line":94,"column":1}},"loc":{"start":{"line":76,"column":0},"end":{"line":94,"column":1}},"line":76},"6":{"name":"rgbToOklch","decl":{"start":{"line":99,"column":7},"end":{"line":109,"column":1}},"loc":{"start":{"line":99,"column":7},"end":{"line":109,"column":1}},"line":99},"7":{"name":"oklchToHex","decl":{"start":{"line":114,"column":7},"end":{"line":120,"column":1}},"loc":{"start":{"line":114,"column":7},"end":{"line":120,"column":1}},"line":114},"8":{"name":"hexToOklch","decl":{"start":{"line":125,"column":7},"end":{"line":134,"column":1}},"loc":{"start":{"line":125,"column":7},"end":{"line":134,"column":1}},"line":125}},"f":{"0":507,"1":1521,"2":39,"3":1521,"4":507,"5":13,"6":13,"7":338,"8":4}}
,"/Users/asleep/Developer/tekton/src/component-presets.ts": {"path":"/Users/asleep/Developer/tekton/src/component-presets.ts","all":false,"statementMap":{"0":{"start":{"line":1,"column":0},"end":{"line":1,"column":61}},"7":{"start":{"line":8,"column":0},"end":{"line":8,"column":44}},"12":{"start":{"line":13,"column":0},"end":{"line":13,"column":84}},"13":{"start":{"line":14,"column":0},"end":{"line":14,"column":32}},"14":{"start":{"line":15,"column":0},"end":{"line":15,"column":56}},"15":{"start":{"line":16,"column":0},"end":{"line":16,"column":18}},"16":{"start":{"line":17,"column":0},"end":{"line":17,"column":1}},"22":{"start":{"line":23,"column":0},"end":{"line":23,"column":70}},"23":{"start":{"line":24,"column":0},"end":{"line":24,"column":10}},"24":{"start":{"line":25,"column":0},"end":{"line":25,"column":19}},"25":{"start":{"line":26,"column":0},"end":{"line":26,"column":13}},"26":{"start":{"line":27,"column":0},"end":{"line":27,"column":25}},"27":{"start":{"line":28,"column":0},"end":{"line":28,"column":52}},"28":{"start":{"line":29,"column":0},"end":{"line":29,"column":53}},"29":{"start":{"line":30,"column":0},"end":{"line":30,"column":77}},"30":{"start":{"line":31,"column":0},"end":{"line":31,"column":6}},"31":{"start":{"line":32,"column":0},"end":{"line":32,"column":51}},"32":{"start":{"line":33,"column":0},"end":{"line":33,"column":4}},"33":{"start":{"line":34,"column":0},"end":{"line":34,"column":1}},"39":{"start":{"line":40,"column":0},"end":{"line":40,"column":69}},"40":{"start":{"line":41,"column":0},"end":{"line":41,"column":10}},"41":{"start":{"line":42,"column":0},"end":{"line":42,"column":18}},"42":{"start":{"line":43,"column":0},"end":{"line":43,"column":13}},"43":{"start":{"line":44,"column":0},"end":{"line":44,"column":25}},"44":{"start":{"line":45,"column":0},"end":{"line":45,"column":67}},"45":{"start":{"line":46,"column":0},"end":{"line":46,"column":46}},"46":{"start":{"line":47,"column":0},"end":{"line":47,"column":50}},"47":{"start":{"line":48,"column":0},"end":{"line":48,"column":6}},"48":{"start":{"line":49,"column":0},"end":{"line":49,"column":51}},"49":{"start":{"line":50,"column":0},"end":{"line":50,"column":4}},"50":{"start":{"line":51,"column":0},"end":{"line":51,"column":1}},"56":{"start":{"line":57,"column":0},"end":{"line":57,"column":68}},"57":{"start":{"line":58,"column":0},"end":{"line":58,"column":10}},"58":{"start":{"line":59,"column":0},"end":{"line":59,"column":17}},"59":{"start":{"line":60,"column":0},"end":{"line":60,"column":13}},"60":{"start":{"line":61,"column":0},"end":{"line":61,"column":55}},"61":{"start":{"line":62,"column":0},"end":{"line":62,"column":51}},"62":{"start":{"line":63,"column":0},"end":{"line":63,"column":50}},"63":{"start":{"line":64,"column":0},"end":{"line":64,"column":6}},"64":{"start":{"line":65,"column":0},"end":{"line":65,"column":51}},"65":{"start":{"line":66,"column":0},"end":{"line":66,"column":4}},"66":{"start":{"line":67,"column":0},"end":{"line":67,"column":1}},"72":{"start":{"line":73,"column":0},"end":{"line":73,"column":70}},"73":{"start":{"line":74,"column":0},"end":{"line":74,"column":56}},"74":{"start":{"line":75,"column":0},"end":{"line":75,"column":60}},"75":{"start":{"line":76,"column":0},"end":{"line":76,"column":67}},"76":{"start":{"line":77,"column":0},"end":{"line":77,"column":54}},"78":{"start":{"line":79,"column":0},"end":{"line":79,"column":10}},"79":{"start":{"line":80,"column":0},"end":{"line":80,"column":18}},"80":{"start":{"line":81,"column":0},"end":{"line":81,"column":13}},"81":{"start":{"line":82,"column":0},"end":{"line":82,"column":22}},"82":{"start":{"line":83,"column":0},"end":{"line":83,"column":28}},"83":{"start":{"line":84,"column":0},"end":{"line":84,"column":28}},"84":{"start":{"line":85,"column":0},"end":{"line":85,"column":24}},"85":{"start":{"line":86,"column":0},"end":{"line":86,"column":6}},"86":{"start":{"line":87,"column":0},"end":{"line":87,"column":20}},"87":{"start":{"line":88,"column":0},"end":{"line":88,"column":49}},"88":{"start":{"line":89,"column":0},"end":{"line":89,"column":52}},"89":{"start":{"line":90,"column":0},"end":{"line":90,"column":52}},"90":{"start":{"line":91,"column":0},"end":{"line":91,"column":50}},"91":{"start":{"line":92,"column":0},"end":{"line":92,"column":6}},"92":{"start":{"line":93,"column":0},"end":{"line":93,"column":4}},"93":{"start":{"line":94,"column":0},"end":{"line":94,"column":1}},"99":{"start":{"line":100,"column":0},"end":{"line":100,"column":70}},"100":{"start":{"line":101,"column":0},"end":{"line":101,"column":62}},"101":{"start":{"line":102,"column":0},"end":{"line":102,"column":66}},"102":{"start":{"line":103,"column":0},"end":{"line":103,"column":67}},"103":{"start":{"line":104,"column":0},"end":{"line":104,"column":60}},"105":{"start":{"line":106,"column":0},"end":{"line":106,"column":10}},"106":{"start":{"line":107,"column":0},"end":{"line":107,"column":18}},"107":{"start":{"line":108,"column":0},"end":{"line":108,"column":13}},"108":{"start":{"line":109,"column":0},"end":{"line":109,"column":22}},"109":{"start":{"line":110,"column":0},"end":{"line":110,"column":28}},"110":{"start":{"line":111,"column":0},"end":{"line":111,"column":28}},"111":{"start":{"line":112,"column":0},"end":{"line":112,"column":24}},"112":{"start":{"line":113,"column":0},"end":{"line":113,"column":6}},"113":{"start":{"line":114,"column":0},"end":{"line":114,"column":20}},"114":{"start":{"line":115,"column":0},"end":{"line":115,"column":49}},"115":{"start":{"line":116,"column":0},"end":{"line":116,"column":52}},"116":{"start":{"line":117,"column":0},"end":{"line":117,"column":52}},"117":{"start":{"line":118,"column":0},"end":{"line":118,"column":50}},"118":{"start":{"line":119,"column":0},"end":{"line":119,"column":6}},"119":{"start":{"line":120,"column":0},"end":{"line":120,"column":4}},"120":{"start":{"line":121,"column":0},"end":{"line":121,"column":1}},"126":{"start":{"line":127,"column":0},"end":{"line":127,"column":69}},"127":{"start":{"line":128,"column":0},"end":{"line":128,"column":59}},"129":{"start":{"line":130,"column":0},"end":{"line":130,"column":10}},"130":{"start":{"line":131,"column":0},"end":{"line":131,"column":17}},"131":{"start":{"line":132,"column":0},"end":{"line":132,"column":13}},"132":{"start":{"line":133,"column":0},"end":{"line":133,"column":28}},"133":{"start":{"line":134,"column":0},"end":{"line":134,"column":42}},"134":{"start":{"line":135,"column":0},"end":{"line":135,"column":53}},"135":{"start":{"line":136,"column":0},"end":{"line":136,"column":42}},"136":{"start":{"line":137,"column":0},"end":{"line":137,"column":6}},"137":{"start":{"line":138,"column":0},"end":{"line":138,"column":54}},"138":{"start":{"line":139,"column":0},"end":{"line":139,"column":4}},"139":{"start":{"line":140,"column":0},"end":{"line":140,"column":1}},"145":{"start":{"line":146,"column":0},"end":{"line":146,"column":72}},"146":{"start":{"line":147,"column":0},"end":{"line":147,"column":10}},"147":{"start":{"line":148,"column":0},"end":{"line":148,"column":21}},"148":{"start":{"line":149,"column":0},"end":{"line":149,"column":13}},"149":{"start":{"line":150,"column":0},"end":{"line":150,"column":54}},"150":{"start":{"line":151,"column":0},"end":{"line":151,"column":25}},"151":{"start":{"line":152,"column":0},"end":{"line":152,"column":60}},"152":{"start":{"line":153,"column":0},"end":{"line":153,"column":6}},"153":{"start":{"line":154,"column":0},"end":{"line":154,"column":51}},"154":{"start":{"line":155,"column":0},"end":{"line":155,"column":4}},"155":{"start":{"line":156,"column":0},"end":{"line":156,"column":1}},"161":{"start":{"line":162,"column":0},"end":{"line":162,"column":69}},"162":{"start":{"line":163,"column":0},"end":{"line":163,"column":10}},"163":{"start":{"line":164,"column":0},"end":{"line":164,"column":18}},"164":{"start":{"line":165,"column":0},"end":{"line":165,"column":13}},"165":{"start":{"line":166,"column":0},"end":{"line":166,"column":55}},"166":{"start":{"line":167,"column":0},"end":{"line":167,"column":26}},"167":{"start":{"line":168,"column":0},"end":{"line":168,"column":6}},"168":{"start":{"line":169,"column":0},"end":{"line":169,"column":51}},"169":{"start":{"line":170,"column":0},"end":{"line":170,"column":4}},"170":{"start":{"line":171,"column":0},"end":{"line":171,"column":1}},"175":{"start":{"line":176,"column":0},"end":{"line":176,"column":84}},"176":{"start":{"line":177,"column":0},"end":{"line":177,"column":10}},"177":{"start":{"line":178,"column":0},"end":{"line":178,"column":28}},"178":{"start":{"line":179,"column":0},"end":{"line":179,"column":27}},"179":{"start":{"line":180,"column":0},"end":{"line":180,"column":26}},"180":{"start":{"line":181,"column":0},"end":{"line":181,"column":27}},"181":{"start":{"line":182,"column":0},"end":{"line":182,"column":27}},"182":{"start":{"line":183,"column":0},"end":{"line":183,"column":26}},"183":{"start":{"line":184,"column":0},"end":{"line":184,"column":30}},"184":{"start":{"line":185,"column":0},"end":{"line":185,"column":27}},"185":{"start":{"line":186,"column":0},"end":{"line":186,"column":4}},"186":{"start":{"line":187,"column":0},"end":{"line":187,"column":1}},"191":{"start":{"line":192,"column":0},"end":{"line":192,"column":34}},"192":{"start":{"line":193,"column":0},"end":{"line":193,"column":23}},"193":{"start":{"line":194,"column":0},"end":{"line":194,"column":21}},"194":{"start":{"line":195,"column":0},"end":{"line":195,"column":19}},"195":{"start":{"line":196,"column":0},"end":{"line":196,"column":21}},"196":{"start":{"line":197,"column":0},"end":{"line":197,"column":21}},"197":{"start":{"line":198,"column":0},"end":{"line":198,"column":19}},"198":{"start":{"line":199,"column":0},"end":{"line":199,"column":27}},"199":{"start":{"line":200,"column":0},"end":{"line":200,"column":21}},"200":{"start":{"line":201,"column":0},"end":{"line":201,"column":2}}},"s":{"0":1,"7":1,"12":94,"13":94,"14":94,"15":94,"16":94,"22":1,"23":10,"24":10,"25":10,"26":10,"27":10,"28":10,"29":10,"30":10,"31":10,"32":10,"33":10,"39":1,"40":8,"41":8,"42":8,"43":8,"44":8,"45":8,"46":8,"47":8,"48":8,"49":8,"50":8,"56":1,"57":6,"58":6,"59":6,"60":6,"61":6,"62":6,"63":6,"64":6,"65":6,"66":6,"72":1,"73":7,"74":7,"75":7,"76":7,"78":7,"79":7,"80":7,"81":7,"82":7,"83":7,"84":7,"85":7,"86":7,"87":7,"88":7,"89":7,"90":7,"91":7,"92":7,"93":7,"99":1,"100":6,"101":6,"102":6,"103":6,"105":6,"106":6,"107":6,"108":6,"109":6,"110":6,"111":6,"112":6,"113":6,"114":6,"115":6,"116":6,"117":6,"118":6,"119":6,"120":6,"126":1,"127":6,"129":6,"130":6,"131":6,"132":6,"133":6,"134":6,"135":6,"136":6,"137":6,"138":6,"139":6,"145":1,"146":6,"147":6,"148":6,"149":6,"150":6,"151":6,"152":6,"153":6,"154":6,"155":6,"161":1,"162":6,"163":6,"164":6,"165":6,"166":6,"167":6,"168":6,"169":6,"170":6,"175":1,"176":5,"177":5,"178":5,"179":5,"180":5,"181":5,"182":5,"183":5,"184":5,"185":5,"186":5,"191":1,"192":1,"193":1,"194":1,"195":1,"196":1,"197":1,"198":1,"199":1,"200":1},"branchMap":{"0":{"type":"branch","line":13,"loc":{"start":{"line":13,"column":0},"end":{"line":17,"column":1}},"locations":[{"start":{"line":13,"column":0},"end":{"line":17,"column":1}}]},"1":{"type":"branch","line":23,"loc":{"start":{"line":23,"column":7},"end":{"line":34,"column":1}},"locations":[{"start":{"line":23,"column":7},"end":{"line":34,"column":1}}]},"2":{"type":"branch","line":40,"loc":{"start":{"line":40,"column":7},"end":{"line":51,"column":1}},"locations":[{"start":{"line":40,"column":7},"end":{"line":51,"column":1}}]},"3":{"type":"branch","line":57,"loc":{"start":{"line":57,"column":7},"end":{"line":67,"column":1}},"locations":[{"start":{"line":57,"column":7},"end":{"line":67,"column":1}}]},"4":{"type":"branch","line":73,"loc":{"start":{"line":73,"column":7},"end":{"line":94,"column":1}},"locations":[{"start":{"line":73,"column":7},"end":{"line":94,"column":1}}]},"5":{"type":"branch","line":88,"loc":{"start":{"line":88,"column":40},"end":{"line":88,"column":49}},"locations":[{"start":{"line":88,"column":40},"end":{"line":88,"column":49}}]},"6":{"type":"branch","line":89,"loc":{"start":{"line":89,"column":43},"end":{"line":89,"column":52}},"locations":[{"start":{"line":89,"column":43},"end":{"line":89,"column":52}}]},"7":{"type":"branch","line":90,"loc":{"start":{"line":90,"column":43},"end":{"line":90,"column":52}},"locations":[{"start":{"line":90,"column":43},"end":{"line":90,"column":52}}]},"8":{"type":"branch","line":91,"loc":{"start":{"line":91,"column":41},"end":{"line":91,"column":50}},"locations":[{"start":{"line":91,"column":41},"end":{"line":91,"column":50}}]},"9":{"type":"branch","line":100,"loc":{"start":{"line":100,"column":7},"end":{"line":121,"column":1}},"locations":[{"start":{"line":100,"column":7},"end":{"line":121,"column":1}}]},"10":{"type":"branch","line":115,"loc":{"start":{"line":115,"column":40},"end":{"line":115,"column":49}},"locations":[{"start":{"line":115,"column":40},"end":{"line":115,"column":49}}]},"11":{"type":"branch","line":116,"loc":{"start":{"line":116,"column":43},"end":{"line":116,"column":52}},"locations":[{"start":{"line":116,"column":43},"end":{"line":116,"column":52}}]},"12":{"type":"branch","line":117,"loc":{"start":{"line":117,"column":43},"end":{"line":117,"column":52}},"locations":[{"start":{"line":117,"column":43},"end":{"line":117,"column":52}}]},"13":{"type":"branch","line":118,"loc":{"start":{"line":118,"column":41},"end":{"line":118,"column":50}},"locations":[{"start":{"line":118,"column":41},"end":{"line":118,"column":50}}]},"14":{"type":"branch","line":127,"loc":{"start":{"line":127,"column":7},"end":{"line":140,"column":1}},"locations":[{"start":{"line":127,"column":7},"end":{"line":140,"column":1}}]},"15":{"type":"branch","line":146,"loc":{"start":{"line":146,"column":7},"end":{"line":156,"column":1}},"locations":[{"start":{"line":146,"column":7},"end":{"line":156,"column":1}}]},"16":{"type":"branch","line":162,"loc":{"start":{"line":162,"column":7},"end":{"line":171,"column":1}},"locations":[{"start":{"line":162,"column":7},"end":{"line":171,"column":1}}]},"17":{"type":"branch","line":176,"loc":{"start":{"line":176,"column":7},"end":{"line":187,"column":1}},"locations":[{"start":{"line":176,"column":7},"end":{"line":187,"column":1}}]}},"b":{"0":[94],"1":[10],"2":[8],"3":[6],"4":[7],"5":[0],"6":[0],"7":[0],"8":[0],"9":[6],"10":[0],"11":[0],"12":[0],"13":[0],"14":[6],"15":[6],"16":[6],"17":[5]},"fnMap":{"0":{"name":"validateAgainstWhite","decl":{"start":{"line":13,"column":0},"end":{"line":17,"column":1}},"loc":{"start":{"line":13,"column":0},"end":{"line":17,"column":1}},"line":13},"1":{"name":"buttonPreset","decl":{"start":{"line":23,"column":7},"end":{"line":34,"column":1}},"loc":{"start":{"line":23,"column":7},"end":{"line":34,"column":1}},"line":23},"2":{"name":"inputPreset","decl":{"start":{"line":40,"column":7},"end":{"line":51,"column":1}},"loc":{"start":{"line":40,"column":7},"end":{"line":51,"column":1}},"line":40},"3":{"name":"cardPreset","decl":{"start":{"line":57,"column":7},"end":{"line":67,"column":1}},"loc":{"start":{"line":57,"column":7},"end":{"line":67,"column":1}},"line":57},"4":{"name":"badgePreset","decl":{"start":{"line":73,"column":7},"end":{"line":94,"column":1}},"loc":{"start":{"line":73,"column":7},"end":{"line":94,"column":1}},"line":73},"5":{"name":"alertPreset","decl":{"start":{"line":100,"column":7},"end":{"line":121,"column":1}},"loc":{"start":{"line":100,"column":7},"end":{"line":121,"column":1}},"line":100},"6":{"name":"linkPreset","decl":{"start":{"line":127,"column":7},"end":{"line":140,"column":1}},"loc":{"start":{"line":127,"column":7},"end":{"line":140,"column":1}},"line":127},"7":{"name":"checkboxPreset","decl":{"start":{"line":146,"column":7},"end":{"line":156,"column":1}},"loc":{"start":{"line":146,"column":7},"end":{"line":156,"column":1}},"line":146},"8":{"name":"radioPreset","decl":{"start":{"line":162,"column":7},"end":{"line":171,"column":1}},"loc":{"start":{"line":162,"column":7},"end":{"line":171,"column":1}},"line":162},"9":{"name":"generateComponentPresets","decl":{"start":{"line":176,"column":7},"end":{"line":187,"column":1}},"loc":{"start":{"line":176,"column":7},"end":{"line":187,"column":1}},"line":176}},"f":{"0":94,"1":10,"2":8,"3":6,"4":7,"5":6,"6":6,"7":6,"8":6,"9":5}}
,"/Users/asleep/Developer/tekton/src/index.ts": {"path":"/Users/asleep/Developer/tekton/src/index.ts","all":false,"statementMap":{"0":{"start":{"line":1,"column":0},"end":{"line":1,"column":53}},"77":{"start":{"line":78,"column":0},"end":{"line":78,"column":31}}},"s":{"0":1,"77":1},"branchMap":{},"b":{},"fnMap":{},"f":{}}
,"/Users/asleep/Developer/tekton/src/scale-generator.ts": {"path":"/Users/asleep/Developer/tekton/src/scale-generator.ts","all":false,"statementMap":{"6":{"start":{"line":7,"column":0},"end":{"line":7,"column":84}},"13":{"start":{"line":14,"column":0},"end":{"line":14,"column":80}},"14":{"start":{"line":15,"column":0},"end":{"line":15,"column":21}},"15":{"start":{"line":16,"column":0},"end":{"line":16,"column":25}},"16":{"start":{"line":17,"column":0},"end":{"line":17,"column":3}},"19":{"start":{"line":20,"column":0},"end":{"line":20,"column":48}},"20":{"start":{"line":21,"column":0},"end":{"line":21,"column":13}},"21":{"start":{"line":22,"column":0},"end":{"line":22,"column":14}},"22":{"start":{"line":23,"column":0},"end":{"line":23,"column":14}},"23":{"start":{"line":24,"column":0},"end":{"line":24,"column":14}},"24":{"start":{"line":25,"column":0},"end":{"line":25,"column":14}},"25":{"start":{"line":26,"column":0},"end":{"line":26,"column":37}},"26":{"start":{"line":27,"column":0},"end":{"line":27,"column":46}},"27":{"start":{"line":28,"column":0},"end":{"line":28,"column":46}},"28":{"start":{"line":29,"column":0},"end":{"line":29,"column":46}},"29":{"start":{"line":30,"column":0},"end":{"line":30,"column":46}},"30":{"start":{"line":31,"column":0},"end":{"line":31,"column":46}},"31":{"start":{"line":32,"column":0},"end":{"line":32,"column":4}},"34":{"start":{"line":35,"column":0},"end":{"line":35,"column":19}},"35":{"start":{"line":36,"column":0},"end":{"line":36,"column":30}},"36":{"start":{"line":37,"column":0},"end":{"line":37,"column":3}},"39":{"start":{"line":40,"column":0},"end":{"line":40,"column":28}},"40":{"start":{"line":41,"column":0},"end":{"line":41,"column":1}},"46":{"start":{"line":47,"column":0},"end":{"line":47,"column":82}},"48":{"start":{"line":49,"column":0},"end":{"line":49,"column":24}},"49":{"start":{"line":50,"column":0},"end":{"line":50,"column":28}},"50":{"start":{"line":51,"column":0},"end":{"line":51,"column":3}},"51":{"start":{"line":52,"column":0},"end":{"line":52,"column":24}},"52":{"start":{"line":53,"column":0},"end":{"line":53,"column":28}},"53":{"start":{"line":54,"column":0},"end":{"line":54,"column":3}},"54":{"start":{"line":55,"column":0},"end":{"line":55,"column":20}},"55":{"start":{"line":56,"column":0},"end":{"line":56,"column":1}},"61":{"start":{"line":62,"column":0},"end":{"line":62,"column":75}},"62":{"start":{"line":63,"column":0},"end":{"line":63,"column":45}},"64":{"start":{"line":65,"column":0},"end":{"line":65,"column":33}},"65":{"start":{"line":66,"column":0},"end":{"line":66,"column":72}},"66":{"start":{"line":67,"column":0},"end":{"line":67,"column":82}},"68":{"start":{"line":69,"column":0},"end":{"line":69,"column":50}},"69":{"start":{"line":70,"column":0},"end":{"line":70,"column":51}},"70":{"start":{"line":71,"column":0},"end":{"line":71,"column":52}},"71":{"start":{"line":72,"column":0},"end":{"line":72,"column":21}},"72":{"start":{"line":73,"column":0},"end":{"line":73,"column":6}},"73":{"start":{"line":74,"column":0},"end":{"line":74,"column":5}},"75":{"start":{"line":76,"column":0},"end":{"line":76,"column":15}},"76":{"start":{"line":77,"column":0},"end":{"line":77,"column":1}},"81":{"start":{"line":82,"column":0},"end":{"line":82,"column":36}},"82":{"start":{"line":83,"column":0},"end":{"line":83,"column":37}},"83":{"start":{"line":84,"column":0},"end":{"line":84,"column":31}},"84":{"start":{"line":85,"column":0},"end":{"line":85,"column":48}},"86":{"start":{"line":87,"column":0},"end":{"line":87,"column":54}},"87":{"start":{"line":88,"column":0},"end":{"line":88,"column":49}},"88":{"start":{"line":89,"column":0},"end":{"line":89,"column":5}},"90":{"start":{"line":91,"column":0},"end":{"line":91,"column":16}},"91":{"start":{"line":92,"column":0},"end":{"line":92,"column":1}}},"s":{"6":1,"13":891,"14":891,"15":81,"16":81,"19":810,"20":810,"21":810,"22":810,"23":810,"24":810,"25":810,"26":810,"27":810,"28":810,"29":810,"30":810,"31":810,"34":891,"35":405,"36":405,"39":405,"40":405,"46":891,"48":891,"49":164,"50":164,"51":891,"52":78,"53":78,"54":649,"55":649,"61":1,"62":81,"64":81,"65":891,"66":891,"68":891,"69":891,"70":891,"71":891,"72":891,"73":81,"75":81,"76":81,"81":1,"82":3,"83":3,"84":3,"86":3,"87":7,"88":3,"90":3,"91":3},"branchMap":{"0":{"type":"branch","line":14,"loc":{"start":{"line":14,"column":0},"end":{"line":41,"column":1}},"locations":[{"start":{"line":14,"column":0},"end":{"line":41,"column":1}}]},"1":{"type":"branch","line":15,"loc":{"start":{"line":15,"column":20},"end":{"line":17,"column":3}},"locations":[{"start":{"line":15,"column":20},"end":{"line":17,"column":3}}]},"2":{"type":"branch","line":17,"loc":{"start":{"line":17,"column":2},"end":{"line":35,"column":18}},"locations":[{"start":{"line":17,"column":2},"end":{"line":35,"column":18}}]},"3":{"type":"branch","line":35,"loc":{"start":{"line":35,"column":18},"end":{"line":41,"column":1}},"locations":[{"start":{"line":35,"column":18},"end":{"line":41,"column":1}}]},"4":{"type":"branch","line":47,"loc":{"start":{"line":47,"column":0},"end":{"line":56,"column":1}},"locations":[{"start":{"line":47,"column":0},"end":{"line":56,"column":1}}]},"5":{"type":"branch","line":49,"loc":{"start":{"line":49,"column":23},"end":{"line":51,"column":3}},"locations":[{"start":{"line":49,"column":23},"end":{"line":51,"column":3}}]},"6":{"type":"branch","line":51,"loc":{"start":{"line":51,"column":2},"end":{"line":52,"column":23}},"locations":[{"start":{"line":51,"column":2},"end":{"line":52,"column":23}}]},"7":{"type":"branch","line":52,"loc":{"start":{"line":52,"column":23},"end":{"line":54,"column":3}},"locations":[{"start":{"line":52,"column":23},"end":{"line":54,"column":3}}]},"8":{"type":"branch","line":54,"loc":{"start":{"line":54,"column":2},"end":{"line":56,"column":1}},"locations":[{"start":{"line":54,"column":2},"end":{"line":56,"column":1}}]},"9":{"type":"branch","line":62,"loc":{"start":{"line":62,"column":7},"end":{"line":77,"column":1}},"locations":[{"start":{"line":62,"column":7},"end":{"line":77,"column":1}}]},"10":{"type":"branch","line":65,"loc":{"start":{"line":65,"column":22},"end":{"line":74,"column":3}},"locations":[{"start":{"line":65,"column":22},"end":{"line":74,"column":3}}]},"11":{"type":"branch","line":82,"loc":{"start":{"line":82,"column":7},"end":{"line":92,"column":1}},"locations":[{"start":{"line":82,"column":7},"end":{"line":92,"column":1}}]},"12":{"type":"branch","line":87,"loc":{"start":{"line":87,"column":34},"end":{"line":89,"column":3}},"locations":[{"start":{"line":87,"column":34},"end":{"line":89,"column":3}}]}},"b":{"0":[891],"1":[81],"2":[810],"3":[405],"4":[891],"5":[164],"6":[727],"7":[78],"8":[649],"9":[81],"10":[891],"11":[3],"12":[7]},"fnMap":{"0":{"name":"calculateTargetLightness","decl":{"start":{"line":14,"column":0},"end":{"line":41,"column":1}},"loc":{"start":{"line":14,"column":0},"end":{"line":41,"column":1}},"line":14},"1":{"name":"adjustChromaForLightness","decl":{"start":{"line":47,"column":0},"end":{"line":56,"column":1}},"loc":{"start":{"line":47,"column":0},"end":{"line":56,"column":1}},"line":47},"2":{"name":"generateLightnessScale","decl":{"start":{"line":62,"column":7},"end":{"line":77,"column":1}},"loc":{"start":{"line":62,"column":7},"end":{"line":77,"column":1}},"line":62},"3":{"name":"generateColorScales","decl":{"start":{"line":82,"column":7},"end":{"line":92,"column":1}},"loc":{"start":{"line":82,"column":7},"end":{"line":92,"column":1}},"line":82}},"f":{"0":891,"1":891,"2":81,"3":3}}
,"/Users/asleep/Developer/tekton/src/schemas.ts": {"path":"/Users/asleep/Developer/tekton/src/schemas.ts","all":false,"statementMap":{"0":{"start":{"line":1,"column":0},"end":{"line":1,"column":24}},"8":{"start":{"line":9,"column":0},"end":{"line":9,"column":42}},"9":{"start":{"line":10,"column":0},"end":{"line":10,"column":30}},"10":{"start":{"line":11,"column":0},"end":{"line":11,"column":32}},"11":{"start":{"line":12,"column":0},"end":{"line":12,"column":32}},"12":{"start":{"line":13,"column":0},"end":{"line":13,"column":3}},"20":{"start":{"line":21,"column":0},"end":{"line":21,"column":40}},"21":{"start":{"line":22,"column":0},"end":{"line":22,"column":38}},"22":{"start":{"line":23,"column":0},"end":{"line":23,"column":38}},"23":{"start":{"line":24,"column":0},"end":{"line":24,"column":38}},"24":{"start":{"line":25,"column":0},"end":{"line":25,"column":3}},"32":{"start":{"line":33,"column":0},"end":{"line":33,"column":104}},"34":{"start":{"line":35,"column":0},"end":{"line":35,"column":41}},"35":{"start":{"line":36,"column":0},"end":{"line":36,"column":20}},"36":{"start":{"line":37,"column":0},"end":{"line":37,"column":18}},"37":{"start":{"line":38,"column":0},"end":{"line":38,"column":2}},"45":{"start":{"line":46,"column":0},"end":{"line":46,"column":47}},"46":{"start":{"line":47,"column":0},"end":{"line":47,"column":17}},"47":{"start":{"line":48,"column":0},"end":{"line":48,"column":19}},"48":{"start":{"line":49,"column":0},"end":{"line":49,"column":26}},"49":{"start":{"line":50,"column":0},"end":{"line":50,"column":37}},"50":{"start":{"line":51,"column":0},"end":{"line":51,"column":57}},"51":{"start":{"line":52,"column":0},"end":{"line":52,"column":3}},"59":{"start":{"line":60,"column":0},"end":{"line":60,"column":50}},"60":{"start":{"line":61,"column":0},"end":{"line":61,"column":43}},"61":{"start":{"line":62,"column":0},"end":{"line":62,"column":35}},"62":{"start":{"line":63,"column":0},"end":{"line":63,"column":22}},"63":{"start":{"line":64,"column":0},"end":{"line":64,"column":40}},"64":{"start":{"line":65,"column":0},"end":{"line":65,"column":40}},"65":{"start":{"line":66,"column":0},"end":{"line":66,"column":3}},"73":{"start":{"line":74,"column":0},"end":{"line":74,"column":47}},"74":{"start":{"line":75,"column":0},"end":{"line":75,"column":19}},"75":{"start":{"line":76,"column":0},"end":{"line":76,"column":49}},"76":{"start":{"line":77,"column":0},"end":{"line":77,"column":62}},"77":{"start":{"line":78,"column":0},"end":{"line":78,"column":3}},"85":{"start":{"line":86,"column":0},"end":{"line":86,"column":75}},"92":{"start":{"line":93,"column":0},"end":{"line":93,"column":57}}},"s":{"0":1,"8":1,"9":1,"10":1,"11":1,"12":1,"20":1,"21":1,"22":1,"23":1,"24":1,"32":1,"34":1,"35":1,"36":1,"37":1,"45":1,"46":1,"47":1,"48":1,"49":1,"50":1,"51":1,"59":1,"60":1,"61":1,"62":1,"63":1,"64":1,"65":1,"73":1,"74":1,"75":1,"76":1,"77":1,"85":1,"92":1},"branchMap":{},"b":{},"fnMap":{},"f":{}}
,"/Users/asleep/Developer/tekton/src/token-generator.ts": {"path":"/Users/asleep/Developer/tekton/src/token-generator.ts","all":false,"statementMap":{"0":{"start":{"line":1,"column":0},"end":{"line":1,"column":92}},"9":{"start":{"line":10,"column":0},"end":{"line":10,"column":74}},"11":{"start":{"line":12,"column":0},"end":{"line":12,"column":87}},"12":{"start":{"line":13,"column":0},"end":{"line":13,"column":73}},"13":{"start":{"line":14,"column":0},"end":{"line":14,"column":1}},"19":{"start":{"line":20,"column":0},"end":{"line":20,"column":53}},"20":{"start":{"line":21,"column":0},"end":{"line":21,"column":32}},"23":{"start":{"line":24,"column":0},"end":{"line":24,"column":49}},"24":{"start":{"line":25,"column":0},"end":{"line":25,"column":49}},"25":{"start":{"line":26,"column":0},"end":{"line":26,"column":47}},"27":{"start":{"line":28,"column":0},"end":{"line":28,"column":18}},"28":{"start":{"line":29,"column":0},"end":{"line":29,"column":17}},"29":{"start":{"line":30,"column":0},"end":{"line":30,"column":3}},"32":{"start":{"line":33,"column":0},"end":{"line":33,"column":36}},"33":{"start":{"line":34,"column":0},"end":{"line":34,"column":20}},"35":{"start":{"line":36,"column":0},"end":{"line":36,"column":30}},"36":{"start":{"line":37,"column":0},"end":{"line":37,"column":56}},"37":{"start":{"line":38,"column":0},"end":{"line":38,"column":45}},"39":{"start":{"line":40,"column":0},"end":{"line":40,"column":61}},"40":{"start":{"line":41,"column":0},"end":{"line":41,"column":61}},"41":{"start":{"line":42,"column":0},"end":{"line":42,"column":59}},"43":{"start":{"line":44,"column":0},"end":{"line":44,"column":22}},"44":{"start":{"line":45,"column":0},"end":{"line":45,"column":12}},"45":{"start":{"line":46,"column":0},"end":{"line":46,"column":5}},"46":{"start":{"line":47,"column":0},"end":{"line":47,"column":3}},"48":{"start":{"line":49,"column":0},"end":{"line":49,"column":22}},"49":{"start":{"line":50,"column":0},"end":{"line":50,"column":1}},"55":{"start":{"line":56,"column":0},"end":{"line":56,"column":85}},"57":{"start":{"line":58,"column":0},"end":{"line":58,"column":36}},"60":{"start":{"line":61,"column":0},"end":{"line":61,"column":46}},"63":{"start":{"line":64,"column":0},"end":{"line":64,"column":53}},"66":{"start":{"line":67,"column":0},"end":{"line":67,"column":49}},"68":{"start":{"line":69,"column":0},"end":{"line":69,"column":10}},"69":{"start":{"line":70,"column":0},"end":{"line":70,"column":7}},"70":{"start":{"line":71,"column":0},"end":{"line":71,"column":9}},"71":{"start":{"line":72,"column":0},"end":{"line":72,"column":24}},"72":{"start":{"line":73,"column":0},"end":{"line":73,"column":10}},"73":{"start":{"line":74,"column":0},"end":{"line":74,"column":15}},"74":{"start":{"line":75,"column":0},"end":{"line":75,"column":42}},"75":{"start":{"line":76,"column":0},"end":{"line":76,"column":51}},"76":{"start":{"line":77,"column":0},"end":{"line":77,"column":6}},"77":{"start":{"line":78,"column":0},"end":{"line":78,"column":4}},"78":{"start":{"line":79,"column":0},"end":{"line":79,"column":1}},"94":{"start":{"line":95,"column":0},"end":{"line":95,"column":29}},"95":{"start":{"line":96,"column":0},"end":{"line":96,"column":58}},"96":{"start":{"line":97,"column":0},"end":{"line":97,"column":39}},"98":{"start":{"line":99,"column":0},"end":{"line":99,"column":50}},"99":{"start":{"line":100,"column":0},"end":{"line":100,"column":19}},"100":{"start":{"line":101,"column":0},"end":{"line":101,"column":30}},"101":{"start":{"line":102,"column":0},"end":{"line":102,"column":25}},"102":{"start":{"line":103,"column":0},"end":{"line":103,"column":22}},"103":{"start":{"line":104,"column":0},"end":{"line":104,"column":16}},"104":{"start":{"line":105,"column":0},"end":{"line":105,"column":6}},"105":{"start":{"line":106,"column":0},"end":{"line":106,"column":3}},"110":{"start":{"line":111,"column":0},"end":{"line":111,"column":74}},"111":{"start":{"line":112,"column":0},"end":{"line":112,"column":41}},"113":{"start":{"line":114,"column":0},"end":{"line":114,"column":56}},"115":{"start":{"line":116,"column":0},"end":{"line":116,"column":58}},"117":{"start":{"line":118,"column":0},"end":{"line":118,"column":37}},"118":{"start":{"line":119,"column":0},"end":{"line":119,"column":47}},"119":{"start":{"line":120,"column":0},"end":{"line":120,"column":15}},"120":{"start":{"line":121,"column":0},"end":{"line":121,"column":7}},"123":{"start":{"line":124,"column":0},"end":{"line":124,"column":47}},"126":{"start":{"line":127,"column":0},"end":{"line":127,"column":38}},"127":{"start":{"line":128,"column":0},"end":{"line":128,"column":25}},"130":{"start":{"line":131,"column":0},"end":{"line":131,"column":41}},"131":{"start":{"line":132,"column":0},"end":{"line":132,"column":62}},"132":{"start":{"line":133,"column":0},"end":{"line":133,"column":54}},"133":{"start":{"line":134,"column":0},"end":{"line":134,"column":31}},"134":{"start":{"line":135,"column":0},"end":{"line":135,"column":7}},"135":{"start":{"line":136,"column":0},"end":{"line":136,"column":7}},"137":{"start":{"line":138,"column":0},"end":{"line":138,"column":18}},"138":{"start":{"line":139,"column":0},"end":{"line":139,"column":3}},"144":{"start":{"line":145,"column":0},"end":{"line":145,"column":76}},"146":{"start":{"line":147,"column":0},"end":{"line":147,"column":35}},"147":{"start":{"line":148,"column":0},"end":{"line":148,"column":21}},"148":{"start":{"line":149,"column":0},"end":{"line":149,"column":27}},"149":{"start":{"line":150,"column":0},"end":{"line":150,"column":6}},"151":{"start":{"line":152,"column":0},"end":{"line":152,"column":51}},"152":{"start":{"line":153,"column":0},"end":{"line":153,"column":65}},"153":{"start":{"line":154,"column":0},"end":{"line":154,"column":44}},"154":{"start":{"line":155,"column":0},"end":{"line":155,"column":17}},"155":{"start":{"line":156,"column":0},"end":{"line":156,"column":23}},"156":{"start":{"line":157,"column":0},"end":{"line":157,"column":8}},"157":{"start":{"line":158,"column":0},"end":{"line":158,"column":7}},"159":{"start":{"line":160,"column":0},"end":{"line":160,"column":12}},"160":{"start":{"line":161,"column":0},"end":{"line":161,"column":29}},"161":{"start":{"line":162,"column":0},"end":{"line":162,"column":33}},"162":{"start":{"line":163,"column":0},"end":{"line":163,"column":23}},"163":{"start":{"line":164,"column":0},"end":{"line":164,"column":23}},"164":{"start":{"line":165,"column":0},"end":{"line":165,"column":17}},"165":{"start":{"line":166,"column":0},"end":{"line":166,"column":26}},"166":{"start":{"line":167,"column":0},"end":{"line":167,"column":23}},"167":{"start":{"line":168,"column":0},"end":{"line":168,"column":8}},"168":{"start":{"line":169,"column":0},"end":{"line":169,"column":6}},"169":{"start":{"line":170,"column":0},"end":{"line":170,"column":3}},"175":{"start":{"line":176,"column":0},"end":{"line":176,"column":88}},"176":{"start":{"line":177,"column":0},"end":{"line":177,"column":48}},"178":{"start":{"line":179,"column":0},"end":{"line":179,"column":21}},"179":{"start":{"line":180,"column":0},"end":{"line":180,"column":17}},"180":{"start":{"line":181,"column":0},"end":{"line":181,"column":40}},"181":{"start":{"line":182,"column":0},"end":{"line":182,"column":18}},"182":{"start":{"line":183,"column":0},"end":{"line":183,"column":41}},"183":{"start":{"line":184,"column":0},"end":{"line":184,"column":16}},"184":{"start":{"line":185,"column":0},"end":{"line":185,"column":39}},"185":{"start":{"line":186,"column":0},"end":{"line":186,"column":16}},"186":{"start":{"line":187,"column":0},"end":{"line":187,"column":39}},"187":{"start":{"line":188,"column":0},"end":{"line":188,"column":14}},"188":{"start":{"line":189,"column":0},"end":{"line":189,"column":57}},"189":{"start":{"line":190,"column":0},"end":{"line":190,"column":5}},"190":{"start":{"line":191,"column":0},"end":{"line":191,"column":3}},"192":{"start":{"line":193,"column":0},"end":{"line":193,"column":58}},"193":{"start":{"line":194,"column":0},"end":{"line":194,"column":30}},"195":{"start":{"line":196,"column":0},"end":{"line":196,"column":31}},"197":{"start":{"line":198,"column":0},"end":{"line":198,"column":42}},"198":{"start":{"line":199,"column":0},"end":{"line":199,"column":47}},"201":{"start":{"line":202,"column":0},"end":{"line":202,"column":68}},"202":{"start":{"line":203,"column":0},"end":{"line":203,"column":42}},"203":{"start":{"line":204,"column":0},"end":{"line":204,"column":61}},"204":{"start":{"line":205,"column":0},"end":{"line":205,"column":9}},"205":{"start":{"line":206,"column":0},"end":{"line":206,"column":7}},"207":{"start":{"line":208,"column":0},"end":{"line":208,"column":20}},"208":{"start":{"line":209,"column":0},"end":{"line":209,"column":28}},"209":{"start":{"line":210,"column":0},"end":{"line":210,"column":3}},"211":{"start":{"line":212,"column":0},"end":{"line":212,"column":59}},"212":{"start":{"line":213,"column":0},"end":{"line":213,"column":43}},"214":{"start":{"line":215,"column":0},"end":{"line":215,"column":31}},"215":{"start":{"line":216,"column":0},"end":{"line":216,"column":28}},"216":{"start":{"line":217,"column":0},"end":{"line":217,"column":39}},"217":{"start":{"line":218,"column":0},"end":{"line":218,"column":27}},"218":{"start":{"line":219,"column":0},"end":{"line":219,"column":34}},"219":{"start":{"line":220,"column":0},"end":{"line":220,"column":68}},"220":{"start":{"line":221,"column":0},"end":{"line":221,"column":17}},"221":{"start":{"line":222,"column":0},"end":{"line":222,"column":30}},"222":{"start":{"line":223,"column":0},"end":{"line":223,"column":12}},"223":{"start":{"line":224,"column":0},"end":{"line":224,"column":10}},"224":{"start":{"line":225,"column":0},"end":{"line":225,"column":8}},"225":{"start":{"line":226,"column":0},"end":{"line":226,"column":7}},"227":{"start":{"line":228,"column":0},"end":{"line":228,"column":43}},"228":{"start":{"line":229,"column":0},"end":{"line":229,"column":3}},"230":{"start":{"line":231,"column":0},"end":{"line":231,"column":57}},"231":{"start":{"line":232,"column":0},"end":{"line":232,"column":49}},"233":{"start":{"line":234,"column":0},"end":{"line":234,"column":31}},"234":{"start":{"line":235,"column":0},"end":{"line":235,"column":79}},"236":{"start":{"line":237,"column":0},"end":{"line":237,"column":56}},"237":{"start":{"line":238,"column":0},"end":{"line":238,"column":68}},"238":{"start":{"line":239,"column":0},"end":{"line":239,"column":59}},"239":{"start":{"line":240,"column":0},"end":{"line":240,"column":9}},"240":{"start":{"line":241,"column":0},"end":{"line":241,"column":23}},"241":{"start":{"line":242,"column":0},"end":{"line":242,"column":7}},"243":{"start":{"line":244,"column":0},"end":{"line":244,"column":28}},"244":{"start":{"line":245,"column":0},"end":{"line":245,"column":3}},"246":{"start":{"line":247,"column":0},"end":{"line":247,"column":57}},"247":{"start":{"line":248,"column":0},"end":{"line":248,"column":53}},"249":{"start":{"line":250,"column":0},"end":{"line":250,"column":31}},"250":{"start":{"line":251,"column":0},"end":{"line":251,"column":88}},"252":{"start":{"line":253,"column":0},"end":{"line":253,"column":56}},"253":{"start":{"line":254,"column":0},"end":{"line":254,"column":68}},"254":{"start":{"line":255,"column":0},"end":{"line":255,"column":68}},"255":{"start":{"line":256,"column":0},"end":{"line":256,"column":9}},"256":{"start":{"line":257,"column":0},"end":{"line":257,"column":32}},"257":{"start":{"line":258,"column":0},"end":{"line":258,"column":21}},"258":{"start":{"line":259,"column":0},"end":{"line":259,"column":7}},"260":{"start":{"line":261,"column":0},"end":{"line":261,"column":28}},"261":{"start":{"line":262,"column":0},"end":{"line":262,"column":3}},"266":{"start":{"line":267,"column":0},"end":{"line":267,"column":22}},"267":{"start":{"line":268,"column":0},"end":{"line":268,"column":23}},"268":{"start":{"line":269,"column":0},"end":{"line":269,"column":3}},"269":{"start":{"line":270,"column":0},"end":{"line":270,"column":1}}},"s":{"0":1,"9":1,"11":64,"12":64,"13":64,"19":59,"20":59,"23":59,"24":59,"25":59,"27":59,"28":59,"29":59,"32":0,"33":0,"35":0,"36":0,"37":0,"39":0,"40":0,"41":0,"43":0,"44":0,"45":0,"46":0,"48":0,"49":0,"55":1,"57":61,"60":61,"63":61,"66":61,"68":61,"69":61,"70":61,"71":61,"72":61,"73":61,"74":61,"75":61,"76":61,"77":61,"78":61,"94":1,"95":30,"96":30,"98":30,"99":30,"100":30,"101":30,"102":30,"103":30,"104":30,"105":30,"110":30,"111":42,"113":42,"115":69,"117":69,"118":11,"119":11,"120":11,"123":58,"126":58,"127":58,"130":69,"131":4,"132":4,"133":4,"134":4,"135":42,"137":42,"138":42,"144":30,"146":4,"147":4,"148":4,"149":4,"151":4,"152":4,"153":44,"154":44,"155":44,"156":44,"157":4,"159":4,"160":4,"161":4,"162":4,"163":4,"164":4,"165":4,"166":4,"167":4,"168":4,"169":4,"175":30,"176":14,"178":14,"179":14,"180":5,"181":14,"182":3,"183":14,"184":3,"185":14,"186":3,"187":14,"188":0,"189":14,"190":14,"192":30,"193":5,"195":5,"197":8,"198":8,"201":8,"202":88,"203":88,"204":8,"205":5,"207":5,"208":5,"209":5,"211":30,"212":3,"214":3,"215":3,"216":3,"217":3,"218":3,"219":3,"220":33,"221":33,"222":3,"223":3,"224":3,"225":3,"227":3,"228":3,"230":30,"231":3,"233":3,"234":3,"236":3,"237":3,"238":33,"239":3,"240":3,"241":3,"243":3,"244":3,"246":30,"247":3,"249":3,"250":3,"252":3,"253":3,"254":33,"255":3,"256":3,"257":3,"258":3,"260":3,"261":3,"266":30,"267":2,"268":2,"269":30},"branchMap":{"0":{"type":"branch","line":10,"loc":{"start":{"line":10,"column":7},"end":{"line":14,"column":1}},"locations":[{"start":{"line":10,"column":7},"end":{"line":14,"column":1}}]},"1":{"type":"branch","line":20,"loc":{"start":{"line":20,"column":0},"end":{"line":50,"column":1}},"locations":[{"start":{"line":20,"column":0},"end":{"line":50,"column":1}}]},"2":{"type":"branch","line":30,"loc":{"start":{"line":30,"column":2},"end":{"line":50,"column":1}},"locations":[{"start":{"line":30,"column":2},"end":{"line":50,"column":1}}]},"3":{"type":"branch","line":56,"loc":{"start":{"line":56,"column":7},"end":{"line":79,"column":1}},"locations":[{"start":{"line":56,"column":7},"end":{"line":79,"column":1}}]},"4":{"type":"branch","line":95,"loc":{"start":{"line":95,"column":7},"end":{"line":270,"column":1}},"locations":[{"start":{"line":95,"column":7},"end":{"line":270,"column":1}}]},"5":{"type":"branch","line":99,"loc":{"start":{"line":99,"column":2},"end":{"line":106,"column":3}},"locations":[{"start":{"line":99,"column":2},"end":{"line":106,"column":3}}]},"6":{"type":"branch","line":111,"loc":{"start":{"line":111,"column":2},"end":{"line":139,"column":3}},"locations":[{"start":{"line":111,"column":2},"end":{"line":139,"column":3}}]},"7":{"type":"branch","line":114,"loc":{"start":{"line":114,"column":36},"end":{"line":136,"column":5}},"locations":[{"start":{"line":114,"column":36},"end":{"line":136,"column":5}}]},"8":{"type":"branch","line":118,"loc":{"start":{"line":118,"column":36},"end":{"line":121,"column":7}},"locations":[{"start":{"line":118,"column":36},"end":{"line":121,"column":7}}]},"9":{"type":"branch","line":121,"loc":{"start":{"line":121,"column":6},"end":{"line":131,"column":40}},"locations":[{"start":{"line":121,"column":6},"end":{"line":131,"column":40}}]},"10":{"type":"branch","line":131,"loc":{"start":{"line":131,"column":40},"end":{"line":135,"column":7}},"locations":[{"start":{"line":131,"column":40},"end":{"line":135,"column":7}}]},"11":{"type":"branch","line":145,"loc":{"start":{"line":145,"column":10},"end":{"line":170,"column":3}},"locations":[{"start":{"line":145,"column":10},"end":{"line":170,"column":3}}]},"12":{"type":"branch","line":153,"loc":{"start":{"line":153,"column":25},"end":{"line":153,"column":36}},"locations":[{"start":{"line":153,"column":25},"end":{"line":153,"column":36}}]},"13":{"type":"branch","line":153,"loc":{"start":{"line":153,"column":46},"end":{"line":158,"column":5}},"locations":[{"start":{"line":153,"column":46},"end":{"line":158,"column":5}}]},"14":{"type":"branch","line":176,"loc":{"start":{"line":176,"column":2},"end":{"line":191,"column":3}},"locations":[{"start":{"line":176,"column":2},"end":{"line":191,"column":3}}]},"15":{"type":"branch","line":180,"loc":{"start":{"line":180,"column":6},"end":{"line":181,"column":40}},"locations":[{"start":{"line":180,"column":6},"end":{"line":181,"column":40}}]},"16":{"type":"branch","line":182,"loc":{"start":{"line":182,"column":6},"end":{"line":183,"column":41}},"locations":[{"start":{"line":182,"column":6},"end":{"line":183,"column":41}}]},"17":{"type":"branch","line":184,"loc":{"start":{"line":184,"column":6},"end":{"line":185,"column":39}},"locations":[{"start":{"line":184,"column":6},"end":{"line":185,"column":39}}]},"18":{"type":"branch","line":186,"loc":{"start":{"line":186,"column":6},"end":{"line":187,"column":39}},"locations":[{"start":{"line":186,"column":6},"end":{"line":187,"column":39}}]},"19":{"type":"branch","line":188,"loc":{"start":{"line":188,"column":6},"end":{"line":189,"column":57}},"locations":[{"start":{"line":188,"column":6},"end":{"line":189,"column":57}}]},"20":{"type":"branch","line":193,"loc":{"start":{"line":193,"column":10},"end":{"line":210,"column":3}},"locations":[{"start":{"line":193,"column":10},"end":{"line":210,"column":3}}]},"21":{"type":"branch","line":196,"loc":{"start":{"line":196,"column":19},"end":{"line":206,"column":5}},"locations":[{"start":{"line":196,"column":19},"end":{"line":206,"column":5}}]},"22":{"type":"branch","line":202,"loc":{"start":{"line":202,"column":27},"end":{"line":202,"column":38}},"locations":[{"start":{"line":202,"column":27},"end":{"line":202,"column":38}}]},"23":{"type":"branch","line":202,"loc":{"start":{"line":202,"column":48},"end":{"line":205,"column":7}},"locations":[{"start":{"line":202,"column":48},"end":{"line":205,"column":7}}]},"24":{"type":"branch","line":212,"loc":{"start":{"line":212,"column":10},"end":{"line":229,"column":3}},"locations":[{"start":{"line":212,"column":10},"end":{"line":229,"column":3}}]},"25":{"type":"branch","line":215,"loc":{"start":{"line":215,"column":19},"end":{"line":226,"column":5}},"locations":[{"start":{"line":215,"column":19},"end":{"line":226,"column":5}}]},"26":{"type":"branch","line":220,"loc":{"start":{"line":220,"column":31},"end":{"line":220,"column":42}},"locations":[{"start":{"line":220,"column":31},"end":{"line":220,"column":42}}]},"27":{"type":"branch","line":220,"loc":{"start":{"line":220,"column":48},"end":{"line":223,"column":11}},"locations":[{"start":{"line":220,"column":48},"end":{"line":223,"column":11}}]},"28":{"type":"branch","line":231,"loc":{"start":{"line":231,"column":10},"end":{"line":245,"column":3}},"locations":[{"start":{"line":231,"column":10},"end":{"line":245,"column":3}}]},"29":{"type":"branch","line":234,"loc":{"start":{"line":234,"column":19},"end":{"line":242,"column":5}},"locations":[{"start":{"line":234,"column":19},"end":{"line":242,"column":5}}]},"30":{"type":"branch","line":238,"loc":{"start":{"line":238,"column":27},"end":{"line":238,"column":38}},"locations":[{"start":{"line":238,"column":27},"end":{"line":238,"column":38}}]},"31":{"type":"branch","line":238,"loc":{"start":{"line":238,"column":48},"end":{"line":240,"column":7}},"locations":[{"start":{"line":238,"column":48},"end":{"line":240,"column":7}}]},"32":{"type":"branch","line":247,"loc":{"start":{"line":247,"column":10},"end":{"line":262,"column":3}},"locations":[{"start":{"line":247,"column":10},"end":{"line":262,"column":3}}]},"33":{"type":"branch","line":250,"loc":{"start":{"line":250,"column":19},"end":{"line":259,"column":5}},"locations":[{"start":{"line":250,"column":19},"end":{"line":259,"column":5}}]},"34":{"type":"branch","line":254,"loc":{"start":{"line":254,"column":27},"end":{"line":254,"column":38}},"locations":[{"start":{"line":254,"column":27},"end":{"line":254,"column":38}}]},"35":{"type":"branch","line":254,"loc":{"start":{"line":254,"column":48},"end":{"line":256,"column":7}},"locations":[{"start":{"line":254,"column":48},"end":{"line":256,"column":7}}]},"36":{"type":"branch","line":267,"loc":{"start":{"line":267,"column":2},"end":{"line":269,"column":3}},"locations":[{"start":{"line":267,"column":2},"end":{"line":269,"column":3}}]}},"b":{"0":[64],"1":[59],"2":[0],"3":[61],"4":[30],"5":[30],"6":[42],"7":[69],"8":[11],"9":[58],"10":[4],"11":[4],"12":[0],"13":[44],"14":[14],"15":[5],"16":[3],"17":[3],"18":[3],"19":[0],"20":[5],"21":[8],"22":[0],"23":[88],"24":[3],"25":[3],"26":[0],"27":[33],"28":[3],"29":[3],"30":[0],"31":[33],"32":[3],"33":[3],"34":[0],"35":[33],"36":[2]},"fnMap":{"0":{"name":"generateTokenId","decl":{"start":{"line":10,"column":7},"end":{"line":14,"column":1}},"loc":{"start":{"line":10,"column":7},"end":{"line":14,"column":1}},"line":10},"1":{"name":"clipToGamut","decl":{"start":{"line":20,"column":0},"end":{"line":50,"column":1}},"loc":{"start":{"line":20,"column":0},"end":{"line":50,"column":1}},"line":20},"2":{"name":"generateToken","decl":{"start":{"line":56,"column":7},"end":{"line":79,"column":1}},"loc":{"start":{"line":56,"column":7},"end":{"line":79,"column":1}},"line":56},"3":{"name":"<instance_members_initializer>","decl":{"start":{"line":95,"column":7},"end":{"line":270,"column":1}},"loc":{"start":{"line":95,"column":7},"end":{"line":270,"column":1}},"line":95},"4":{"name":"TokenGenerator","decl":{"start":{"line":99,"column":2},"end":{"line":106,"column":3}},"loc":{"start":{"line":99,"column":2},"end":{"line":106,"column":3}},"line":99},"5":{"name":"generateTokens","decl":{"start":{"line":111,"column":2},"end":{"line":139,"column":3}},"loc":{"start":{"line":111,"column":2},"end":{"line":139,"column":3}},"line":111},"6":{"name":"generateDarkModeVariant","decl":{"start":{"line":145,"column":10},"end":{"line":170,"column":3}},"loc":{"start":{"line":145,"column":10},"end":{"line":170,"column":3}},"line":145},"7":{"name":"exportTokens","decl":{"start":{"line":176,"column":2},"end":{"line":191,"column":3}},"loc":{"start":{"line":176,"column":2},"end":{"line":191,"column":3}},"line":176},"8":{"name":"exportToCSS","decl":{"start":{"line":193,"column":10},"end":{"line":210,"column":3}},"loc":{"start":{"line":193,"column":10},"end":{"line":210,"column":3}},"line":193},"9":{"name":"exportToJSON","decl":{"start":{"line":212,"column":10},"end":{"line":229,"column":3}},"loc":{"start":{"line":212,"column":10},"end":{"line":229,"column":3}},"line":212},"10":{"name":"exportToJS","decl":{"start":{"line":231,"column":10},"end":{"line":245,"column":3}},"loc":{"start":{"line":231,"column":10},"end":{"line":245,"column":3}},"line":231},"11":{"name":"exportToTS","decl":{"start":{"line":247,"column":10},"end":{"line":262,"column":3}},"loc":{"start":{"line":247,"column":10},"end":{"line":262,"column":3}},"line":247},"12":{"name":"clearCache","decl":{"start":{"line":267,"column":2},"end":{"line":269,"column":3}},"loc":{"start":{"line":267,"column":2},"end":{"line":269,"column":3}},"line":267}},"f":{"0":64,"1":59,"2":61,"3":30,"4":30,"5":42,"6":4,"7":14,"8":5,"9":3,"10":3,"11":3,"12":2}}
,"/Users/asleep/Developer/tekton/src/wcag-validator.ts": {"path":"/Users/asleep/Developer/tekton/src/wcag-validator.ts","all":false,"statementMap":{"6":{"start":{"line":7,"column":0},"end":{"line":7,"column":60}},"7":{"start":{"line":8,"column":0},"end":{"line":8,"column":26}},"10":{"start":{"line":11,"column":0},"end":{"line":11,"column":51}},"13":{"start":{"line":14,"column":0},"end":{"line":14,"column":50}},"14":{"start":{"line":15,"column":0},"end":{"line":15,"column":29}},"15":{"start":{"line":16,"column":0},"end":{"line":16,"column":23}},"16":{"start":{"line":17,"column":0},"end":{"line":17,"column":49}},"17":{"start":{"line":18,"column":0},"end":{"line":18,"column":4}},"19":{"start":{"line":20,"column":0},"end":{"line":20,"column":69}},"22":{"start":{"line":23,"column":0},"end":{"line":23,"column":49}},"23":{"start":{"line":24,"column":0},"end":{"line":24,"column":1}},"30":{"start":{"line":31,"column":0},"end":{"line":31,"column":84}},"31":{"start":{"line":32,"column":0},"end":{"line":32,"column":50}},"32":{"start":{"line":33,"column":0},"end":{"line":33,"column":50}},"34":{"start":{"line":35,"column":0},"end":{"line":35,"column":39}},"35":{"start":{"line":36,"column":0},"end":{"line":36,"column":38}},"37":{"start":{"line":38,"column":0},"end":{"line":38,"column":44}},"38":{"start":{"line":39,"column":0},"end":{"line":39,"column":1}},"45":{"start":{"line":46,"column":0},"end":{"line":46,"column":36}},"46":{"start":{"line":47,"column":0},"end":{"line":47,"column":24}},"47":{"start":{"line":48,"column":0},"end":{"line":48,"column":22}},"48":{"start":{"line":49,"column":0},"end":{"line":49,"column":30}},"49":{"start":{"line":50,"column":0},"end":{"line":50,"column":23}},"50":{"start":{"line":51,"column":0},"end":{"line":51,"column":31}},"51":{"start":{"line":52,"column":0},"end":{"line":52,"column":32}},"52":{"start":{"line":53,"column":0},"end":{"line":53,"column":33}},"54":{"start":{"line":55,"column":0},"end":{"line":55,"column":10}},"55":{"start":{"line":56,"column":0},"end":{"line":56,"column":18}},"56":{"start":{"line":57,"column":0},"end":{"line":57,"column":21}},"57":{"start":{"line":58,"column":0},"end":{"line":58,"column":39}},"58":{"start":{"line":59,"column":0},"end":{"line":59,"column":4}},"59":{"start":{"line":60,"column":0},"end":{"line":60,"column":1}},"65":{"start":{"line":66,"column":0},"end":{"line":66,"column":34}},"66":{"start":{"line":67,"column":0},"end":{"line":67,"column":23}},"67":{"start":{"line":68,"column":0},"end":{"line":68,"column":23}},"68":{"start":{"line":69,"column":0},"end":{"line":69,"column":29}},"69":{"start":{"line":70,"column":0},"end":{"line":70,"column":30}},"70":{"start":{"line":71,"column":0},"end":{"line":71,"column":23}},"71":{"start":{"line":72,"column":0},"end":{"line":72,"column":71}},"72":{"start":{"line":73,"column":0},"end":{"line":73,"column":72}},"74":{"start":{"line":75,"column":0},"end":{"line":75,"column":10}},"75":{"start":{"line":76,"column":0},"end":{"line":76,"column":14}},"76":{"start":{"line":77,"column":0},"end":{"line":77,"column":15}},"77":{"start":{"line":78,"column":0},"end":{"line":78,"column":15}},"78":{"start":{"line":79,"column":0},"end":{"line":79,"column":4}},"79":{"start":{"line":80,"column":0},"end":{"line":80,"column":1}},"85":{"start":{"line":86,"column":0},"end":{"line":86,"column":43}},"86":{"start":{"line":87,"column":0},"end":{"line":87,"column":23}},"87":{"start":{"line":88,"column":0},"end":{"line":88,"column":23}},"88":{"start":{"line":89,"column":0},"end":{"line":89,"column":34}},"89":{"start":{"line":90,"column":0},"end":{"line":90,"column":18}},"90":{"start":{"line":91,"column":0},"end":{"line":91,"column":70}},"91":{"start":{"line":92,"column":0},"end":{"line":92,"column":64}},"93":{"start":{"line":94,"column":0},"end":{"line":94,"column":22}},"94":{"start":{"line":95,"column":0},"end":{"line":95,"column":16}},"95":{"start":{"line":96,"column":0},"end":{"line":96,"column":3}},"99":{"start":{"line":100,"column":0},"end":{"line":100,"column":55}},"100":{"start":{"line":101,"column":0},"end":{"line":101,"column":55}},"102":{"start":{"line":103,"column":0},"end":{"line":103,"column":22}},"104":{"start":{"line":105,"column":0},"end":{"line":105,"column":36}},"105":{"start":{"line":106,"column":0},"end":{"line":106,"column":10}},"107":{"start":{"line":108,"column":0},"end":{"line":108,"column":36}},"108":{"start":{"line":109,"column":0},"end":{"line":109,"column":3}},"109":{"start":{"line":110,"column":0},"end":{"line":110,"column":1}}},"s":{"6":224,"7":224,"10":224,"13":224,"14":672,"15":75,"16":597,"17":672,"19":224,"22":224,"23":224,"30":1,"31":109,"32":109,"34":109,"35":109,"37":109,"38":109,"45":1,"46":116,"47":116,"48":116,"49":116,"50":116,"51":5,"52":111,"54":116,"55":116,"56":116,"57":116,"58":116,"59":116,"65":1,"66":100,"67":100,"68":100,"69":100,"70":100,"71":100,"72":100,"74":100,"75":100,"76":100,"77":100,"78":100,"79":100,"85":1,"86":4,"87":4,"88":4,"89":4,"90":4,"91":4,"93":4,"94":1,"95":1,"99":3,"100":3,"102":4,"104":0,"105":4,"107":3,"108":3,"109":4},"branchMap":{"0":{"type":"branch","line":7,"loc":{"start":{"line":7,"column":0},"end":{"line":24,"column":1}},"locations":[{"start":{"line":7,"column":0},"end":{"line":24,"column":1}}]},"1":{"type":"branch","line":14,"loc":{"start":{"line":14,"column":20},"end":{"line":18,"column":4}},"locations":[{"start":{"line":14,"column":20},"end":{"line":18,"column":4}}]},"2":{"type":"branch","line":15,"loc":{"start":{"line":15,"column":22},"end":{"line":16,"column":23}},"locations":[{"start":{"line":15,"column":22},"end":{"line":16,"column":23}}]},"3":{"type":"branch","line":16,"loc":{"start":{"line":16,"column":18},"end":{"line":17,"column":49}},"locations":[{"start":{"line":16,"column":18},"end":{"line":17,"column":49}}]},"4":{"type":"branch","line":31,"loc":{"start":{"line":31,"column":7},"end":{"line":39,"column":1}},"locations":[{"start":{"line":31,"column":7},"end":{"line":39,"column":1}}]},"5":{"type":"branch","line":46,"loc":{"start":{"line":46,"column":7},"end":{"line":60,"column":1}},"locations":[{"start":{"line":46,"column":7},"end":{"line":60,"column":1}}]},"6":{"type":"branch","line":51,"loc":{"start":{"line":51,"column":20},"end":{"line":52,"column":32}},"locations":[{"start":{"line":51,"column":20},"end":{"line":52,"column":32}}]},"7":{"type":"branch","line":52,"loc":{"start":{"line":52,"column":16},"end":{"line":52,"column":29}},"locations":[{"start":{"line":52,"column":16},"end":{"line":52,"column":29}}]},"8":{"type":"branch","line":52,"loc":{"start":{"line":52,"column":23},"end":{"line":52,"column":32}},"locations":[{"start":{"line":52,"column":23},"end":{"line":52,"column":32}}]},"9":{"type":"branch","line":52,"loc":{"start":{"line":52,"column":29},"end":{"line":53,"column":33}},"locations":[{"start":{"line":52,"column":29},"end":{"line":53,"column":33}}]},"10":{"type":"branch","line":53,"loc":{"start":{"line":53,"column":16},"end":{"line":53,"column":29}},"locations":[{"start":{"line":53,"column":16},"end":{"line":53,"column":29}}]},"11":{"type":"branch","line":53,"loc":{"start":{"line":53,"column":23},"end":{"line":53,"column":33}},"locations":[{"start":{"line":53,"column":23},"end":{"line":53,"column":33}}]},"12":{"type":"branch","line":66,"loc":{"start":{"line":66,"column":7},"end":{"line":80,"column":1}},"locations":[{"start":{"line":66,"column":7},"end":{"line":80,"column":1}}]},"13":{"type":"branch","line":86,"loc":{"start":{"line":86,"column":7},"end":{"line":110,"column":1}},"locations":[{"start":{"line":86,"column":7},"end":{"line":110,"column":1}}]},"14":{"type":"branch","line":94,"loc":{"start":{"line":94,"column":21},"end":{"line":96,"column":3}},"locations":[{"start":{"line":94,"column":21},"end":{"line":96,"column":3}}]},"15":{"type":"branch","line":96,"loc":{"start":{"line":96,"column":2},"end":{"line":103,"column":21}},"locations":[{"start":{"line":96,"column":2},"end":{"line":103,"column":21}}]},"16":{"type":"branch","line":103,"loc":{"start":{"line":103,"column":21},"end":{"line":106,"column":9}},"locations":[{"start":{"line":103,"column":21},"end":{"line":106,"column":9}}]},"17":{"type":"branch","line":106,"loc":{"start":{"line":106,"column":2},"end":{"line":109,"column":3}},"locations":[{"start":{"line":106,"column":2},"end":{"line":109,"column":3}}]}},"b":{"0":[224],"1":[672],"2":[75],"3":[597],"4":[109],"5":[116],"6":[5],"7":[3],"8":[2],"9":[111],"10":[106],"11":[5],"12":[100],"13":[4],"14":[1],"15":[3],"16":[0],"17":[3]},"fnMap":{"0":{"name":"calculateRelativeLuminance","decl":{"start":{"line":7,"column":0},"end":{"line":24,"column":1}},"loc":{"start":{"line":7,"column":0},"end":{"line":24,"column":1}},"line":7},"1":{"name":"linearize","decl":{"start":{"line":14,"column":20},"end":{"line":18,"column":4}},"loc":{"start":{"line":14,"column":20},"end":{"line":18,"column":4}},"line":14},"2":{"name":"calculateContrastRatio","decl":{"start":{"line":31,"column":7},"end":{"line":39,"column":1}},"loc":{"start":{"line":31,"column":7},"end":{"line":39,"column":1}},"line":31},"3":{"name":"checkWCAGCompliance","decl":{"start":{"line":46,"column":7},"end":{"line":60,"column":1}},"loc":{"start":{"line":46,"column":7},"end":{"line":60,"column":1}},"line":46},"4":{"name":"validateColorPair","decl":{"start":{"line":66,"column":7},"end":{"line":80,"column":1}},"loc":{"start":{"line":66,"column":7},"end":{"line":80,"column":1}},"line":66},"5":{"name":"suggestLightnessAdjustment","decl":{"start":{"line":86,"column":7},"end":{"line":110,"column":1}},"loc":{"start":{"line":86,"column":7},"end":{"line":110,"column":1}},"line":86}},"f":{"0":224,"1":672,"2":109,"3":116,"4":100,"5":4}}
,"/Users/asleep/Developer/tekton/src/contracts/registry.ts": {"path":"/Users/asleep/Developer/tekton/src/contracts/registry.ts","all":false,"statementMap":{"23":{"start":{"line":24,"column":0},"end":{"line":24,"column":31}},"24":{"start":{"line":25,"column":0},"end":{"line":25,"column":52}},"26":{"start":{"line":27,"column":0},"end":{"line":27,"column":17}},"27":{"start":{"line":28,"column":0},"end":{"line":28,"column":31}},"28":{"start":{"line":29,"column":0},"end":{"line":29,"column":3}},"48":{"start":{"line":49,"column":0},"end":{"line":49,"column":47}},"49":{"start":{"line":50,"column":0},"end":{"line":50,"column":46}},"50":{"start":{"line":51,"column":0},"end":{"line":51,"column":3}},"68":{"start":{"line":69,"column":0},"end":{"line":69,"column":61}},"69":{"start":{"line":70,"column":0},"end":{"line":70,"column":45}},"70":{"start":{"line":71,"column":0},"end":{"line":71,"column":3}},"87":{"start":{"line":88,"column":0},"end":{"line":88,"column":39}},"88":{"start":{"line":89,"column":0},"end":{"line":89,"column":45}},"89":{"start":{"line":90,"column":0},"end":{"line":90,"column":3}},"104":{"start":{"line":105,"column":0},"end":{"line":105,"column":34}},"105":{"start":{"line":106,"column":0},"end":{"line":106,"column":47}},"106":{"start":{"line":107,"column":0},"end":{"line":107,"column":3}},"113":{"start":{"line":114,"column":0},"end":{"line":114,"column":18}},"114":{"start":{"line":115,"column":0},"end":{"line":115,"column":31}},"115":{"start":{"line":116,"column":0},"end":{"line":116,"column":3}},"122":{"start":{"line":123,"column":0},"end":{"line":123,"column":17}},"123":{"start":{"line":124,"column":0},"end":{"line":124,"column":27}},"124":{"start":{"line":125,"column":0},"end":{"line":125,"column":3}},"137":{"start":{"line":138,"column":0},"end":{"line":138,"column":33}},"138":{"start":{"line":139,"column":0},"end":{"line":139,"column":45}},"139":{"start":{"line":140,"column":0},"end":{"line":140,"column":3}},"148":{"start":{"line":149,"column":0},"end":{"line":149,"column":42}},"149":{"start":{"line":150,"column":0},"end":{"line":150,"column":26}},"150":{"start":{"line":151,"column":0},"end":{"line":151,"column":3}},"160":{"start":{"line":161,"column":0},"end":{"line":161,"column":58}},"161":{"start":{"line":162,"column":0},"end":{"line":162,"column":24}},"162":{"start":{"line":163,"column":0},"end":{"line":163,"column":3}},"175":{"start":{"line":176,"column":0},"end":{"line":176,"column":69}},"176":{"start":{"line":177,"column":0},"end":{"line":177,"column":44}},"177":{"start":{"line":178,"column":0},"end":{"line":178,"column":68}},"178":{"start":{"line":179,"column":0},"end":{"line":179,"column":6}},"179":{"start":{"line":180,"column":0},"end":{"line":180,"column":3}},"180":{"start":{"line":181,"column":0},"end":{"line":181,"column":1}},"191":{"start":{"line":192,"column":0},"end":{"line":192,"column":46}},"203":{"start":{"line":204,"column":0},"end":{"line":204,"column":69}},"204":{"start":{"line":205,"column":0},"end":{"line":205,"column":36}},"205":{"start":{"line":206,"column":0},"end":{"line":206,"column":1}},"220":{"start":{"line":221,"column":0},"end":{"line":221,"column":83}},"221":{"start":{"line":222,"column":0},"end":{"line":222,"column":43}},"222":{"start":{"line":223,"column":0},"end":{"line":223,"column":1}},"239":{"start":{"line":240,"column":0},"end":{"line":240,"column":61}},"240":{"start":{"line":241,"column":0},"end":{"line":241,"column":43}},"241":{"start":{"line":242,"column":0},"end":{"line":242,"column":1}},"256":{"start":{"line":257,"column":0},"end":{"line":257,"column":57}},"257":{"start":{"line":258,"column":0},"end":{"line":258,"column":34}},"258":{"start":{"line":259,"column":0},"end":{"line":259,"column":1}},"265":{"start":{"line":266,"column":0},"end":{"line":266,"column":47}},"266":{"start":{"line":267,"column":0},"end":{"line":267,"column":44}},"267":{"start":{"line":268,"column":0},"end":{"line":268,"column":1}},"274":{"start":{"line":275,"column":0},"end":{"line":275,"column":45}},"275":{"start":{"line":276,"column":0},"end":{"line":276,"column":25}},"276":{"start":{"line":277,"column":0},"end":{"line":277,"column":1}}},"s":{"23":1,"24":18,"26":18,"27":18,"28":18,"48":18,"49":173,"50":173,"68":18,"69":3074,"70":3074,"87":18,"88":4,"89":4,"104":18,"105":18,"106":18,"113":18,"114":5,"115":5,"122":18,"123":5,"124":5,"137":18,"138":1,"139":1,"148":18,"149":9,"150":9,"160":18,"161":3017,"162":3017,"175":18,"176":7,"177":56,"178":7,"179":7,"180":18,"191":1,"203":1,"204":4,"205":4,"220":1,"221":2,"222":2,"239":1,"240":2,"241":2,"256":1,"257":1,"258":1,"265":1,"266":0,"267":0,"274":1,"275":0,"276":0},"branchMap":{"0":{"type":"branch","line":24,"loc":{"start":{"line":24,"column":7},"end":{"line":181,"column":1}},"locations":[{"start":{"line":24,"column":7},"end":{"line":181,"column":1}}]},"1":{"type":"branch","line":27,"loc":{"start":{"line":27,"column":2},"end":{"line":29,"column":3}},"locations":[{"start":{"line":27,"column":2},"end":{"line":29,"column":3}}]},"2":{"type":"branch","line":49,"loc":{"start":{"line":49,"column":2},"end":{"line":51,"column":3}},"locations":[{"start":{"line":49,"column":2},"end":{"line":51,"column":3}}]},"3":{"type":"branch","line":69,"loc":{"start":{"line":69,"column":2},"end":{"line":71,"column":3}},"locations":[{"start":{"line":69,"column":2},"end":{"line":71,"column":3}}]},"4":{"type":"branch","line":88,"loc":{"start":{"line":88,"column":2},"end":{"line":90,"column":3}},"locations":[{"start":{"line":88,"column":2},"end":{"line":90,"column":3}}]},"5":{"type":"branch","line":105,"loc":{"start":{"line":105,"column":2},"end":{"line":107,"column":3}},"locations":[{"start":{"line":105,"column":2},"end":{"line":107,"column":3}}]},"6":{"type":"branch","line":114,"loc":{"start":{"line":114,"column":2},"end":{"line":116,"column":3}},"locations":[{"start":{"line":114,"column":2},"end":{"line":116,"column":3}}]},"7":{"type":"branch","line":123,"loc":{"start":{"line":123,"column":2},"end":{"line":125,"column":3}},"locations":[{"start":{"line":123,"column":2},"end":{"line":125,"column":3}}]},"8":{"type":"branch","line":138,"loc":{"start":{"line":138,"column":2},"end":{"line":140,"column":3}},"locations":[{"start":{"line":138,"column":2},"end":{"line":140,"column":3}}]},"9":{"type":"branch","line":149,"loc":{"start":{"line":149,"column":2},"end":{"line":151,"column":3}},"locations":[{"start":{"line":149,"column":2},"end":{"line":151,"column":3}}]},"10":{"type":"branch","line":161,"loc":{"start":{"line":161,"column":2},"end":{"line":163,"column":3}},"locations":[{"start":{"line":161,"column":2},"end":{"line":163,"column":3}}]},"11":{"type":"branch","line":176,"loc":{"start":{"line":176,"column":2},"end":{"line":180,"column":3}},"locations":[{"start":{"line":176,"column":2},"end":{"line":180,"column":3}}]},"12":{"type":"branch","line":177,"loc":{"start":{"line":177,"column":33},"end":{"line":178,"column":68}},"locations":[{"start":{"line":177,"column":33},"end":{"line":178,"column":68}}]},"13":{"type":"branch","line":178,"loc":{"start":{"line":178,"column":32},"end":{"line":178,"column":67}},"locations":[{"start":{"line":178,"column":32},"end":{"line":178,"column":67}}]},"14":{"type":"branch","line":204,"loc":{"start":{"line":204,"column":7},"end":{"line":206,"column":1}},"locations":[{"start":{"line":204,"column":7},"end":{"line":206,"column":1}}]},"15":{"type":"branch","line":221,"loc":{"start":{"line":221,"column":7},"end":{"line":223,"column":1}},"locations":[{"start":{"line":221,"column":7},"end":{"line":223,"column":1}}]},"16":{"type":"branch","line":240,"loc":{"start":{"line":240,"column":7},"end":{"line":242,"column":1}},"locations":[{"start":{"line":240,"column":7},"end":{"line":242,"column":1}}]},"17":{"type":"branch","line":257,"loc":{"start":{"line":257,"column":7},"end":{"line":259,"column":1}},"locations":[{"start":{"line":257,"column":7},"end":{"line":259,"column":1}}]}},"b":{"0":[18],"1":[18],"2":[173],"3":[3074],"4":[4],"5":[18],"6":[5],"7":[5],"8":[1],"9":[9],"10":[3017],"11":[7],"12":[56],"13":[337],"14":[4],"15":[2],"16":[2],"17":[1]},"fnMap":{"0":{"name":"<instance_members_initializer>","decl":{"start":{"line":24,"column":7},"end":{"line":181,"column":1}},"loc":{"start":{"line":24,"column":7},"end":{"line":181,"column":1}},"line":24},"1":{"name":"ContractRegistry","decl":{"start":{"line":27,"column":2},"end":{"line":29,"column":3}},"loc":{"start":{"line":27,"column":2},"end":{"line":29,"column":3}},"line":27},"2":{"name":"register","decl":{"start":{"line":49,"column":2},"end":{"line":51,"column":3}},"loc":{"start":{"line":49,"column":2},"end":{"line":51,"column":3}},"line":49},"3":{"name":"get","decl":{"start":{"line":69,"column":2},"end":{"line":71,"column":3}},"loc":{"start":{"line":69,"column":2},"end":{"line":71,"column":3}},"line":69},"4":{"name":"has","decl":{"start":{"line":88,"column":2},"end":{"line":90,"column":3}},"loc":{"start":{"line":88,"column":2},"end":{"line":90,"column":3}},"line":88},"5":{"name":"listAll","decl":{"start":{"line":105,"column":2},"end":{"line":107,"column":3}},"loc":{"start":{"line":105,"column":2},"end":{"line":107,"column":3}},"line":105},"6":{"name":"size","decl":{"start":{"line":114,"column":2},"end":{"line":116,"column":3}},"loc":{"start":{"line":114,"column":2},"end":{"line":116,"column":3}},"line":114},"7":{"name":"clear","decl":{"start":{"line":123,"column":2},"e
[...]
rt":{"line":60,"column":0},"end":{"line":60,"column":6}},"60":{"start":{"line":61,"column":0},"end":{"line":61,"column":5}},"62":{"start":{"line":63,"column":0},"end":{"line":63,"column":15}},"63":{"start":{"line":64,"column":0},"end":{"line":64,"column":1}},"69":{"start":{"line":70,"column":0},"end":{"line":70,"column":80}},"70":{"start":{"line":71,"column":0},"end":{"line":71,"column":67}},"73":{"start":{"line":74,"column":0},"end":{"line":74,"column":49}},"74":{"start":{"line":75,"column":0},"end":{"line":75,"column":9}},"75":{"start":{"line":76,"column":0},"end":{"line":76,"column":20}},"76":{"start":{"line":77,"column":0},"end":{"line":77,"column":5}},"79":{"start":{"line":80,"column":0},"end":{"line":80,"column":46}},"82":{"start":{"line":83,"column":0},"end":{"line":83,"column":25}},"83":{"start":{"line":84,"column":0},"end":{"line":84,"column":12}},"84":{"start":{"line":85,"column":0},"end":{"line":85,"column":54}},"85":{"start":{"line":86,"column":0},"end":{"line":86,"column":54}},"86":{"start":{"line":87,"column":0},"end":{"line":87,"column":56}},"87":{"start":{"line":88,"column":0},"end":{"line":88,"column":59}},"88":{"start":{"line":89,"column":0},"end":{"line":89,"column":52}},"89":{"start":{"line":90,"column":0},"end":{"line":90,"column":31}},"91":{"start":{"line":92,"column":0},"end":{"line":92,"column":21}},"92":{"start":{"line":93,"column":0},"end":{"line":93,"column":27}},"93":{"start":{"line":94,"column":0},"end":{"line":94,"column":21}},"94":{"start":{"line":95,"column":0},"end":{"line":95,"column":8}},"95":{"start":{"line":96,"column":0},"end":{"line":96,"column":57}},"96":{"start":{"line":97,"column":0},"end":{"line":97,"column":64}},"97":{"start":{"line":98,"column":0},"end":{"line":98,"column":35}},"99":{"start":{"line":100,"column":0},"end":{"line":100,"column":15}},"100":{"start":{"line":101,"column":0},"end":{"line":101,"column":16}},"101":{"start":{"line":102,"column":0},"end":{"line":102,"column":14}},"102":{"start":{"line":103,"column":0},"end":{"line":103,"column":8}},"103":{"start":{"line":104,"column":0},"end":{"line":104,"column":54}},"104":{"start":{"line":105,"column":0},"end":{"line":105,"column":54}},"105":{"start":{"line":106,"column":0},"end":{"line":106,"column":49}},"106":{"start":{"line":107,"column":0},"end":{"line":107,"column":6}},"107":{"start":{"line":108,"column":0},"end":{"line":108,"column":3}},"110":{"start":{"line":111,"column":0},"end":{"line":111,"column":10}},"111":{"start":{"line":112,"column":0},"end":{"line":112,"column":52}},"112":{"start":{"line":113,"column":0},"end":{"line":113,"column":52}},"113":{"start":{"line":114,"column":0},"end":{"line":114,"column":55}},"114":{"start":{"line":115,"column":0},"end":{"line":115,"column":58}},"115":{"start":{"line":116,"column":0},"end":{"line":116,"column":14}},"117":{"start":{"line":118,"column":0},"end":{"line":118,"column":42}},"118":{"start":{"line":119,"column":0},"end":{"line":119,"column":19}},"119":{"start":{"line":120,"column":0},"end":{"line":120,"column":19}},"120":{"start":{"line":121,"column":0},"end":{"line":121,"column":6}},"121":{"start":{"line":122,"column":0},"end":{"line":122,"column":29}},"123":{"start":{"line":124,"column":0},"end":{"line":124,"column":19}},"124":{"start":{"line":125,"column":0},"end":{"line":125,"column":25}},"125":{"start":{"line":126,"column":0},"end":{"line":126,"column":19}},"126":{"start":{"line":127,"column":0},"end":{"line":127,"column":6}},"127":{"start":{"line":128,"column":0},"end":{"line":128,"column":55}},"128":{"start":{"line":129,"column":0},"end":{"line":129,"column":23}},"130":{"start":{"line":131,"column":0},"end":{"line":131,"column":40}},"131":{"start":{"line":132,"column":0},"end":{"line":132,"column":19}},"132":{"start":{"line":133,"column":0},"end":{"line":133,"column":19}},"133":{"start":{"line":134,"column":0},"end":{"line":134,"column":6}},"134":{"start":{"line":135,"column":0},"end":{"line":135,"column":33}},"136":{"start":{"line":137,"column":0},"end":{"line":137,"column":13}},"137":{"start":{"line":138,"column":0},"end":{"line":138,"column":14}},"138":{"start":{"line":139,"column":0},"end":{"line":139,"column":12}},"139":{"start":{"line":140,"column":0},"end":{"line":140,"column":6}},"140":{"start":{"line":141,"column":0},"end":{"line":141,"column":52}},"141":{"start":{"line":142,"column":0},"end":{"line":142,"column":52}},"142":{"start":{"line":143,"column":0},"end":{"line":143,"column":11}},"144":{"start":{"line":145,"column":0},"end":{"line":145,"column":42}},"145":{"start":{"line":146,"column":0},"end":{"line":146,"column":19}},"146":{"start":{"line":147,"column":0},"end":{"line":147,"column":19}},"147":{"start":{"line":148,"column":0},"end":{"line":148,"column":6}},"148":{"start":{"line":149,"column":0},"end":{"line":149,"column":4}},"149":{"start":{"line":150,"column":0},"end":{"line":150,"column":1}}},"s":{"0":1,"36":32,"37":32,"38":32,"40":32,"41":32,"42":32,"43":32,"44":32,"45":32,"46":32,"47":32,"48":32,"49":32,"50":32,"51":32,"52":32,"54":32,"55":352,"56":352,"57":352,"58":352,"59":352,"60":32,"62":32,"63":32,"69":1,"70":32,"73":32,"74":32,"75":32,"76":32,"79":32,"82":32,"83":28,"84":28,"85":28,"86":28,"87":28,"88":28,"89":28,"91":27,"92":27,"93":27,"94":27,"95":28,"96":28,"97":28,"99":26,"100":26,"101":26,"102":26,"103":28,"104":28,"105":28,"106":28,"107":28,"110":4,"111":4,"112":4,"113":4,"114":4,"115":4,"117":4,"118":4,"119":4,"120":4,"121":4,"123":4,"124":4,"125":4,"126":4,"127":32,"128":32,"130":4,"131":4,"132":4,"133":4,"134":32,"136":4,"137":4,"138":4,"139":4,"140":32,"141":32,"142":32,"144":32,"145":32,"146":32,"147":32,"148":32,"149":32},"branchMap":{"0":{"type":"branch","line":37,"loc":{"start":{"line":37,"column":0},"end":{"line":64,"column":1}},"locations":[{"start":{"line":37,"column":0},"end":{"line":64,"column":1}}]},"1":{"type":"branch","line":55,"loc":{"start":{"line":55,"column":16},"end":{"line":61,"column":3}},"locations":[{"start":{"line":55,"column":16},"end":{"line":61,"column":3}}]},"2":{"type":"branch","line":70,"loc":{"start":{"line":70,"column":7},"end":{"line":150,"column":1}},"locations":[{"start":{"line":70,"column":7},"end":{"line":150,"column":1}}]},"3":{"type":"branch","line":83,"loc":{"start":{"line":83,"column":24},"end":{"line":108,"column":3}},"locations":[{"start":{"line":83,"column":24},"end":{"line":108,"column":3}}]},"4":{"type":"branch","line":90,"loc":{"start":{"line":90,"column":17},"end":{"line":95,"column":8}},"locations":[{"start":{"line":90,"column":17},"end":{"line":95,"column":8}}]},"5":{"type":"branch","line":98,"loc":{"start":{"line":98,"column":19},"end":{"line":103,"column":8}},"locations":[{"start":{"line":98,"column":19},"end":{"line":103,"column":8}}]},"6":{"type":"branch","line":108,"loc":{"start":{"line":108,"column":2},"end":{"line":127,"column":6}},"locations":[{"start":{"line":108,"column":2},"end":{"line":127,"column":6}}]},"7":{"type":"branch","line":129,"loc":{"start":{"line":129,"column":12},"end":{"line":134,"column":6}},"locations":[{"start":{"line":129,"column":12},"end":{"line":134,"column":6}}]},"8":{"type":"branch","line":135,"loc":{"start":{"line":135,"column":17},"end":{"line":140,"column":6}},"locations":[{"start":{"line":135,"column":17},"end":{"line":140,"column":6}}]}},"b":{"0":[32],"1":[352],"2":[32],"3":[28],"4":[27],"5":[26],"6":[4],"7":[4],"8":[4]},"fnMap":{"0":{"name":"generateScale","decl":{"start":{"line":37,"column":0},"end":{"line":64,"column":1}},"loc":{"start":{"line":37,"column":0},"end":{"line":64,"column":1}},"line":37},"1":{"name":"mapSemanticTokens","decl":{"start":{"line":70,"column":7},"end":{"line":150,"column":1}},"loc":{"start":{"line":70,"column":7},"end":{"line":150,"column":1}},"line":70}},"f":{"0":32,"1":32}}
,"/Users/asleep/Developer/tekton/src/presets/index.ts": {"path":"/Users/asleep/Developer/tekton/src/presets/index.ts","all":false,"statementMap":{"0":{"start":{"line":1,"column":0},"end":{"line":1,"column":3}},"58":{"start":{"line":59,"column":0},"end":{"line":59,"column":41}},"59":{"start":{"line":60,"column":0},"end":{"line":60,"column":17}},"60":{"start":{"line":61,"column":0},"end":{"line":61,"column":37}},"61":{"start":{"line":62,"column":0},"end":{"line":62,"column":11}},"62":{"start":{"line":63,"column":0},"end":{"line":63,"column":37}},"63":{"start":{"line":64,"column":0},"end":{"line":64,"column":35}},"66":{"start":{"line":67,"column":0},"end":{"line":67,"column":66}},"67":{"start":{"line":68,"column":0},"end":{"line":68,"column":11}},"68":{"start":{"line":69,"column":0},"end":{"line":69,"column":12}},"69":{"start":{"line":70,"column":0},"end":{"line":70,"column":11}},"70":{"start":{"line":71,"column":0},"end":{"line":71,"column":4}},"73":{"start":{"line":74,"column":0},"end":{"line":74,"column":49}},"74":{"start":{"line":75,"column":0},"end":{"line":75,"column":18}},"75":{"start":{"line":76,"column":0},"end":{"line":76,"column":70}},"76":{"start":{"line":77,"column":0},"end":{"line":77,"column":31}},"77":{"start":{"line":78,"column":0},"end":{"line":78,"column":5}},"80":{"start":{"line":81,"column":0},"end":{"line":81,"column":60}},"81":{"start":{"line":82,"column":0},"end":{"line":82,"column":11}},"82":{"start":{"line":83,"column":0},"end":{"line":83,"column":9}},"83":{"start":{"line":84,"column":0},"end":{"line":84,"column":9}},"84":{"start":{"line":85,"column":0},"end":{"line":85,"column":4}},"87":{"start":{"line":88,"column":0},"end":{"line":88,"column":44}},"88":{"start":{"line":89,"column":0},"end":{"line":89,"column":18}},"89":{"start":{"line":90,"column":0},"end":{"line":90,"column":26}},"90":{"start":{"line":91,"column":0},"end":{"line":91,"column":25}},"91":{"start":{"line":92,"column":0},"end":{"line":92,"column":5}},"94":{"start":{"line":95,"column":0},"end":{"line":95,"column":38}},"95":{"start":{"line":96,"column":0},"end":{"line":96,"column":19}},"96":{"start":{"line":97,"column":0},"end":{"line":97,"column":4}},"99":{"start":{"line":100,"column":0},"end":{"line":100,"column":19}},"100":{"start":{"line":101,"column":0},"end":{"line":101,"column":15}},"101":{"start":{"line":102,"column":0},"end":{"line":102,"column":39}},"102":{"start":{"line":103,"column":0},"end":{"line":103,"column":16}},"103":{"start":{"line":104,"column":0},"end":{"line":104,"column":40}},"104":{"start":{"line":105,"column":0},"end":{"line":105,"column":20}},"105":{"start":{"line":106,"column":0},"end":{"line":106,"column":65}},"106":{"start":{"line":107,"column":0},"end":{"line":107,"column":12}},"107":{"start":{"line":108,"column":0},"end":{"line":108,"column":55}},"108":{"start":{"line":109,"column":0},"end":{"line":109,"column":3}},"109":{"start":{"line":110,"column":0},"end":{"line":110,"column":1}}},"s":{"0":1,"58":1,"59":11,"60":11,"61":11,"62":11,"63":11,"66":11,"67":0,"68":0,"69":0,"70":0,"73":11,"74":11,"75":11,"76":11,"77":11,"80":11,"81":0,"82":0,"83":0,"84":0,"87":11,"88":11,"89":11,"90":11,"91":11,"94":11,"95":11,"96":11,"99":11,"100":11,"101":8,"102":11,"103":1,"104":11,"105":1,"106":11,"107":1,"108":11,"109":11},"branchMap":{"0":{"type":"branch","line":59,"loc":{"start":{"line":59,"column":7},"end":{"line":110,"column":1}},"locations":[{"start":{"line":59,"column":7},"end":{"line":110,"column":1}}]},"1":{"type":"branch","line":67,"loc":{"start":{"line":67,"column":49},"end":{"line":71,"column":4}},"locations":[{"start":{"line":67,"column":49},"end":{"line":71,"column":4}}]},"2":{"type":"branch","line":76,"loc":{"start":{"line":76,"column":43},"end":{"line":76,"column":61}},"locations":[{"start":{"line":76,"column":43},"end":{"line":76,"column":61}}]},"3":{"type":"branch","line":76,"loc":{"start":{"line":76,"column":52},"end":{"line":76,"column":70}},"locations":[{"start":{"line":76,"column":52},"end":{"line":76,"column":70}}]},"4":{"type":"branch","line":81,"loc":{"start":{"line":81,"column":54},"end":{"line":85,"column":4}},"locations":[{"start":{"line":81,"column":54},"end":{"line":85,"column":4}}]},"5":{"type":"branch","line":101,"loc":{"start":{"line":101,"column":4},"end":{"line":102,"column":39}},"locations":[{"start":{"line":101,"column":4},"end":{"line":102,"column":39}}]},"6":{"type":"branch","line":103,"loc":{"start":{"line":103,"column":4},"end":{"line":104,"column":40}},"locations":[{"start":{"line":103,"column":4},"end":{"line":104,"column":40}}]},"7":{"type":"branch","line":105,"loc":{"start":{"line":105,"column":4},"end":{"line":106,"column":65}},"locations":[{"start":{"line":105,"column":4},"end":{"line":106,"column":65}}]},"8":{"type":"branch","line":107,"loc":{"start":{"line":107,"column":4},"end":{"line":108,"column":55}},"locations":[{"start":{"line":107,"column":4},"end":{"line":108,"column":55}}]}},"b":{"0":[11],"1":[0],"2":[10],"3":[1],"4":[0],"5":[8],"6":[1],"7":[1],"8":[1]},"fnMap":{"0":{"name":"generateTokensFromPreset","decl":{"start":{"line":59,"column":7},"end":{"line":110,"column":1}},"loc":{"start":{"line":59,"column":7},"end":{"line":110,"column":1}},"line":59}},"f":{"0":11}}
,"/Users/asleep/Developer/tekton/src/presets/loader.ts": {"path":"/Users/asleep/Developer/tekton/src/presets/loader.ts","all":false,"statementMap":{"0":{"start":{"line":1,"column":0},"end":{"line":1,"column":24}},"23":{"start":{"line":24,"column":0},"end":{"line":24,"column":50}},"27":{"start":{"line":28,"column":0},"end":{"line":28,"column":39}},"35":{"start":{"line":36,"column":0},"end":{"line":36,"column":54}},"36":{"start":{"line":37,"column":0},"end":{"line":37,"column":19}},"37":{"start":{"line":38,"column":0},"end":{"line":38,"column":40}},"38":{"start":{"line":39,"column":0},"end":{"line":39,"column":25}},"39":{"start":{"line":40,"column":0},"end":{"line":40,"column":3}},"40":{"start":{"line":41,"column":0},"end":{"line":41,"column":1}},"59":{"start":{"line":60,"column":0},"end":{"line":60,"column":57}},"60":{"start":{"line":61,"column":0},"end":{"line":61,"column":52}},"62":{"start":{"line":63,"column":0},"end":{"line":63,"column":24}},"63":{"start":{"line":64,"column":0},"end":{"line":64,"column":45}},"64":{"start":{"line":65,"column":0},"end":{"line":65,"column":23}},"65":{"start":{"line":66,"column":0},"end":{"line":66,"column":42}},"66":{"start":{"line":67,"column":0},"end":{"line":67,"column":43}},"67":{"start":{"line":68,"column":0},"end":{"line":68,"column":8}},"68":{"start":{"line":69,"column":0},"end":{"line":69,"column":18}},"70":{"start":{"line":71,"column":0},"end":{"line":71,"column":36}},"71":{"start":{"line":72,"column":0},"end":{"line":72,"column":51}},"72":{"start":{"line":73,"column":0},"end":{"line":73,"column":25}},"73":{"start":{"line":74,"column":0},"end":{"line":74,"column":6}},"74":{"start":{"line":75,"column":0},"end":{"line":75,"column":3}},"76":{"start":{"line":77,"column":0},"end":{"line":77,"column":21}},"77":{"start":{"line":78,"column":0},"end":{"line":78,"column":1}},"101":{"start":{"line":102,"column":0},"end":{"line":102,"column":70}},"103":{"start":{"line":104,"column":0},"end":{"line":104,"column":55}},"104":{"start":{"line":105,"column":0},"end":{"line":105,"column":53}},"105":{"start":{"line":106,"column":0},"end":{"line":106,"column":4}},"107":{"start":{"line":108,"column":0},"end":{"line":108,"column":41}},"108":{"start":{"line":109,"column":0},"end":{"line":109,"column":20}},"109":{"start":{"line":110,"column":0},"end":{"line":110,"column":54}},"110":{"start":{"line":111,"column":0},"end":{"line":111,"column":3}},"112":{"start":{"line":113,"column":0},"end":{"line":113,"column":32}},"113":{"start":{"line":114,"column":0},"end":{"line":114,"column":1}}},"s":{"0":1,"23":1,"27":7,"35":7,"36":7,"37":7,"38":7,"39":7,"40":7,"59":1,"60":16,"62":16,"63":7,"64":7,"65":11,"66":11,"67":7,"68":7,"70":7,"71":7,"72":7,"73":7,"74":7,"76":9,"77":9,"101":1,"103":7,"104":7,"105":7,"107":7,"108":7,"109":1,"110":1,"112":6,"113":6},"branchMap":{"0":{"type":"branch","line":24,"loc":{"start":{"line":24,"column":7},"end":{"line":41,"column":1}},"locations":[{"start":{"line":24,"column":7},"end":{"line":41,"column":1}}]},"1":{"type":"branch","line":36,"loc":{"start":{"line":36,"column":2},"end":{"line":40,"column":3}},"locations":[{"start":{"line":36,"column":2},"end":{"line":40,"column":3}}]},"2":{"type":"branch","line":60,"loc":{"start":{"line":60,"column":7},"end":{"line":78,"column":1}},"locations":[{"start":{"line":60,"column":7},"end":{"line":78,"column":1}}]},"3":{"type":"branch","line":63,"loc":{"start":{"line":63,"column":23},"end":{"line":78,"column":1}},"locations":[{"start":{"line":63,"column":23},"end":{"line":78,"column":1}}]},"4":{"type":"branch","line":63,"loc":{"start":{"line":63,"column":23},"end":{"line":75,"column":3}},"locations":[{"start":{"line":63,"column":23},"end":{"line":75,"column":3}}]},"5":{"type":"branch","line":65,"loc":{"start":{"line":65,"column":11},"end":{"line":68,"column":7}},"locations":[{"start":{"line":65,"column":11},"end":{"line":68,"column":7}}]},"6":{"type":"branch","line":102,"loc":{"start":{"line":102,"column":7},"end":{"line":114,"column":1}},"locations":[{"start":{"line":102,"column":7},"end":{"line":114,"column":1}}]},"7":{"type":"branch","line":109,"loc":{"start":{"line":109,"column":19},"end":{"line":111,"column":3}},"locations":[{"start":{"line":109,"column":19},"end":{"line":111,"column":3}}]},"8":{"type":"branch","line":111,"loc":{"start":{"line":111,"column":2},"end":{"line":114,"column":1}},"locations":[{"start":{"line":111,"column":2},"end":{"line":114,"column":1}}]}},"b":{"0":[7],"1":[7],"2":[16],"3":[9],"4":[7],"5":[11],"6":[7],"7":[1],"8":[6]},"fnMap":{"0":{"name":"<instance_members_initializer>","decl":{"start":{"line":24,"column":7},"end":{"line":41,"column":1}},"loc":{"start":{"line":24,"column":7},"end":{"line":41,"column":1}},"line":24},"1":{"name":"PresetValidationError","decl":{"start":{"line":36,"column":2},"end":{"line":40,"column":3}},"loc":{"start":{"line":36,"column":2},"end":{"line":40,"column":3}},"line":36},"2":{"name":"loadPreset","decl":{"start":{"line":60,"column":7},"end":{"line":78,"column":1}},"loc":{"start":{"line":60,"column":7},"end":{"line":78,"column":1}},"line":60},"3":{"name":"loadDefaultPreset","decl":{"start":{"line":102,"column":7},"end":{"line":114,"column":1}},"loc":{"start":{"line":102,"column":7},"end":{"line":114,"column":1}},"line":102}},"f":{"0":7,"1":7,"2":16,"3":7}}
,"/Users/asleep/Developer/tekton/src/presets/types.ts": {"path":"/Users/asleep/Developer/tekton/src/presets/types.ts","all":false,"statementMap":{"0":{"start":{"line":1,"column":0},"end":{"line":1,"column":24}},"6":{"start":{"line":7,"column":0},"end":{"line":7,"column":73}},"16":{"start":{"line":17,"column":0},"end":{"line":17,"column":37}},"17":{"start":{"line":18,"column":0},"end":{"line":18,"column":42}},"18":{"start":{"line":19,"column":0},"end":{"line":19,"column":36}},"19":{"start":{"line":20,"column":0},"end":{"line":20,"column":37}},"20":{"start":{"line":21,"column":0},"end":{"line":21,"column":3}},"30":{"start":{"line":31,"column":0},"end":{"line":31,"column":46}},"31":{"start":{"line":32,"column":0},"end":{"line":32,"column":39}},"32":{"start":{"line":33,"column":0},"end":{"line":33,"column":32}},"33":{"start":{"line":34,"column":0},"end":{"line":34,"column":40}},"34":{"start":{"line":35,"column":0},"end":{"line":35,"column":3}},"68":{"start":{"line":69,"column":0},"end":{"line":69,"column":38}},"69":{"start":{"line":70,"column":0},"end":{"line":70,"column":49}},"70":{"start":{"line":71,"column":0},"end":{"line":71,"column":59}},"71":{"start":{"line":72,"column":0},"end":{"line":72,"column":53}},"72":{"start":{"line":73,"column":0},"end":{"line":73,"column":26}},"73":{"start":{"line":74,"column":0},"end":{"line":74,"column":21}},"74":{"start":{"line":75,"column":0},"end":{"line":75,"column":37}},"75":{"start":{"line":76,"column":0},"end":{"line":76,"column":44}},"76":{"start":{"line":77,"column":0},"end":{"line":77,"column":3}}},"s":{"0":1,"6":1,"16":1,"17":1,"18":1,"19":1,"20":1,"30":1,"31":1,"32":1,"33":1,"34":1,"68":1,"69":1,"70":1,"71":1,"72":1,"73":1,"74":1,"75":1,"76":1},"branchMap":{},"b":{},"fnMap":{},"f":{}}
}
