TN:
SF:examples/basic-usage.ts
FN:1,(empty-report)
FNF:1
FNH:0
FNDA:0,(empty-report)
DA:1,0
DA:11,0
DA:14,0
DA:15,0
DA:17,0
DA:18,0
DA:19,0
DA:20,0
DA:21,0
DA:23,0
DA:24,0
DA:25,0
DA:26,0
DA:27,0
DA:30,0
DA:31,0
DA:33,0
DA:34,0
DA:35,0
DA:36,0
DA:37,0
DA:38,0
DA:39,0
DA:41,0
DA:42,0
DA:43,0
DA:46,0
DA:47,0
DA:48,0
DA:50,0
DA:51,0
DA:52,0
DA:53,0
DA:54,0
DA:57,0
DA:58,0
DA:60,0
DA:61,0
DA:62,0
DA:64,0
DA:65,0
DA:66,0
DA:67,0
DA:68,0
DA:71,0
DA:72,0
DA:74,0
DA:75,0
DA:77,0
DA:78,0
DA:79,0
DA:82,0
DA:83,0
DA:84,0
DA:86,0
DA:87,0
DA:88,0
DA:90,0
DA:91,0
DA:92,0
DA:93,0
DA:96,0
DA:97,0
DA:98,0
DA:100,0
DA:101,0
DA:103,0
DA:104,0
DA:106,0
DA:107,0
DA:109,0
DA:110,0
DA:112,0
DA:113,0
DA:114,0
LF:75
LH:0
BRDA:1,0,0,0
BRF:1
BRH:0
end_of_record
TN:
SF:src/color-conversion.ts
FN:7,oklchToLinearRgb
FN:34,linearToSrgb
FN:45,srgbToLinear
FN:56,clamp01
FN:63,oklchToRgb
FN:76,rgbToOklab
FN:99,rgbToOklch
FN:114,oklchToHex
FN:125,hexToOklch
FNF:9
FNH:9
FNDA:358,oklchToLinearRgb
FNDA:1074,linearToSrgb
FNDA:39,srgbToLinear
FNDA:1074,clamp01
FNDA:358,oklchToRgb
FNDA:13,rgbToOklab
FNDA:13,rgbToOklch
FNDA:194,oklchToHex
FNDA:4,hexToOklch
DA:7,358
DA:8,358
DA:11,358
DA:12,358
DA:13,358
DA:16,358
DA:17,358
DA:18,358
DA:20,358
DA:21,358
DA:22,358
DA:24,358
DA:25,358
DA:26,358
DA:27,358
DA:28,358
DA:29,358
DA:34,1074
DA:35,1074
DA:36,1074
DA:37,26
DA:38,26
DA:39,1074
DA:40,1074
DA:45,39
DA:46,39
DA:47,39
DA:48,12
DA:49,12
DA:50,39
DA:51,39
DA:56,1074
DA:57,1074
DA:58,1074
DA:63,1
DA:64,358
DA:66,358
DA:67,358
DA:68,358
DA:70,358
DA:71,358
DA:76,13
DA:77,13
DA:78,13
DA:79,13
DA:81,13
DA:82,13
DA:83,13
DA:85,13
DA:86,13
DA:87,13
DA:89,13
DA:90,13
DA:91,13
DA:92,13
DA:93,13
DA:94,13
DA:99,1
DA:100,13
DA:102,13
DA:103,13
DA:106,13
DA:108,13
DA:109,13
DA:114,1
DA:115,194
DA:116,194
DA:117,194
DA:118,194
DA:119,194
DA:120,194
DA:125,1
DA:127,4
DA:129,4
DA:130,4
DA:131,4
DA:133,4
DA:134,4
LF:78
LH:78
BRDA:7,0,0,358
BRDA:34,1,0,1074
BRDA:36,2,0,26
BRDA:38,3,0,1048
BRDA:39,4,0,0
BRDA:45,5,0,39
BRDA:47,6,0,12
BRDA:49,7,0,27
BRDA:50,8,0,0
BRDA:56,9,0,1074
BRDA:63,10,0,358
BRDA:76,11,0,13
BRDA:99,12,0,13
BRDA:106,13,0,2
BRDA:114,14,0,194
BRDA:125,15,0,4
BRF:16
BRH:14
end_of_record
TN:
SF:src/component-presets.ts
FN:13,validateAgainstWhite
FN:23,buttonPreset
FN:40,inputPreset
FN:57,cardPreset
FN:73,badgePreset
FN:100,alertPreset
FN:127,linkPreset
FN:146,checkboxPreset
FN:162,radioPreset
FN:176,generateComponentPresets
FNF:10
FNH:10
FNDA:94,validateAgainstWhite
FNDA:10,buttonPreset
FNDA:8,inputPreset
FNDA:6,cardPreset
FNDA:7,badgePreset
FNDA:6,alertPreset
FNDA:6,linkPreset
FNDA:6,checkboxPreset
FNDA:6,radioPreset
FNDA:5,generateComponentPresets
DA:1,1
DA:8,1
DA:13,94
DA:14,94
DA:15,94
DA:16,94
DA:17,94
DA:23,1
DA:24,10
DA:25,10
DA:26,10
DA:27,10
DA:28,10
DA:29,10
DA:30,10
DA:31,10
DA:32,10
DA:33,10
DA:34,10
DA:40,1
DA:41,8
DA:42,8
DA:43,8
DA:44,8
DA:45,8
DA:46,8
DA:47,8
DA:48,8
DA:49,8
DA:50,8
DA:51,8
DA:57,1
DA:58,6
DA:59,6
DA:60,6
DA:61,6
DA:62,6
DA:63,6
DA:64,6
DA:65,6
DA:66,6
DA:67,6
DA:73,1
DA:74,7
DA:75,7
DA:76,7
DA:77,7
DA:79,7
DA:80,7
DA:81,7
DA:82,7
DA:83,7
DA:84,7
DA:85,7
DA:86,7
DA:87,7
DA:88,7
DA:89,7
DA:90,7
DA:91,7
DA:92,7
DA:93,7
DA:94,7
DA:100,1
DA:101,6
DA:102,6
DA:103,6
DA:104,6
DA:106,6
DA:107,6
DA:108,6
DA:109,6
DA:110,6
DA:111,6
DA:112,6
DA:113,6
DA:114,6
DA:115,6
DA:116,6
DA:117,6
DA:118,6
DA:119,6
DA:120,6
DA:121,6
DA:127,1
DA:128,6
DA:130,6
DA:131,6
DA:132,6
DA:133,6
DA:134,6
DA:135,6
DA:136,6
DA:137,6
DA:138,6
DA:139,6
DA:140,6
DA:146,1
DA:147,6
DA:148,6
DA:149,6
DA:150,6
DA:151,6
DA:152,6
DA:153,6
DA:154,6
DA:155,6
DA:156,6
DA:162,1
DA:163,6
DA:164,6
DA:165,6
DA:166,6
DA:167,6
DA:168,6
DA:169,6
DA:170,6
DA:171,6
DA:176,1
DA:177,5
DA:178,5
DA:179,5
DA:180,5
DA:181,5
DA:182,5
DA:183,5
DA:184,5
DA:185,5
DA:186,5
DA:187,5
DA:192,1
DA:193,1
DA:194,1
DA:195,1
DA:196,1
DA:197,1
DA:198,1
DA:199,1
DA:200,1
DA:201,1
LF:140
LH:140
BRDA:13,0,0,94
BRDA:23,1,0,10
BRDA:40,2,0,8
BRDA:57,3,0,6
BRDA:73,4,0,7
BRDA:88,5,0,0
BRDA:89,6,0,0
BRDA:90,7,0,0
BRDA:91,8,0,0
BRDA:100,9,0,6
BRDA:115,10,0,0
BRDA:116,11,0,0
BRDA:117,12,0,0
BRDA:118,13,0,0
BRDA:127,14,0,6
BRDA:146,15,0,6
BRDA:162,16,0,6
BRDA:176,17,0,5
BRF:18
BRH:10
end_of_record
TN:
SF:src/index.ts
FNF:0
FNH:0
DA:1,1
DA:50,1
LF:2
LH:2
BRF:0
BRH:0
end_of_record
TN:
SF:src/scale-generator.ts
FN:14,calculateTargetLightness
FN:47,adjustChromaForLightness
FN:62,generateLightnessScale
FN:82,generateColorScales
FNF:4
FNH:3
FNDA:748,calculateTargetLightness
FNDA:748,adjustChromaForLightness
FNDA:68,generateLightnessScale
FNDA:0,generateColorScales
DA:7,1
DA:14,748
DA:15,748
DA:16,68
DA:17,68
DA:20,680
DA:21,680
DA:22,680
DA:23,680
DA:24,680
DA:25,680
DA:26,680
DA:27,680
DA:28,680
DA:29,680
DA:30,680
DA:31,680
DA:32,680
DA:35,748
DA:36,340
DA:37,340
DA:40,340
DA:41,340
DA:47,748
DA:49,748
DA:50,138
DA:51,138
DA:52,748
DA:53,65
DA:54,65
DA:55,545
DA:56,545
DA:62,1
DA:63,68
DA:65,68
DA:66,748
DA:67,748
DA:69,748
DA:70,748
DA:71,748
DA:72,748
DA:73,748
DA:74,68
DA:76,68
DA:77,68
DA:82,1
DA:83,0
DA:84,0
DA:85,0
DA:87,0
DA:88,0
DA:89,0
DA:91,0
DA:92,0
LF:54
LH:46
BRDA:14,0,0,748
BRDA:15,1,0,68
BRDA:17,2,0,680
BRDA:35,3,0,340
BRDA:47,4,0,748
BRDA:49,5,0,138
BRDA:51,6,0,610
BRDA:52,7,0,65
BRDA:54,8,0,545
BRDA:62,9,0,68
BRDA:65,10,0,748
BRF:11
BRH:11
end_of_record
TN:
SF:src/schemas.ts
FNF:0
FNH:0
DA:1,1
DA:9,1
DA:10,1
DA:11,1
DA:12,1
DA:13,1
DA:21,1
DA:22,1
DA:23,1
DA:24,1
DA:25,1
DA:33,1
DA:35,1
DA:36,1
DA:37,1
DA:38,1
DA:46,1
DA:47,1
DA:48,1
DA:49,1
DA:50,1
DA:51,1
DA:52,1
DA:60,1
DA:61,1
DA:62,1
DA:63,1
DA:64,1
DA:65,1
DA:66,1
DA:74,1
DA:75,1
DA:76,1
DA:77,1
DA:78,1
DA:86,1
DA:93,1
LF:37
LH:37
BRF:0
BRH:0
end_of_record
TN:
SF:src/token-generator.ts
FN:10,generateTokenId
FN:20,clipToGamut
FN:56,generateToken
FN:95,<instance_members_initializer>
FN:99,TokenGenerator
FN:111,generateTokens
FN:145,generateDarkModeVariant
FN:176,exportTokens
FN:193,exportToCSS
FN:212,exportToJSON
FN:231,exportToJS
FN:247,exportToTS
FN:267,clearCache
FNF:13
FNH:13
FNDA:59,generateTokenId
FNDA:54,clipToGamut
FNDA:56,generateToken
FNDA:26,<instance_members_initializer>
FNDA:26,TokenGenerator
FNDA:37,generateTokens
FNDA:4,generateDarkModeVariant
FNDA:13,exportTokens
FNDA:5,exportToCSS
FNDA:3,exportToJSON
FNDA:3,exportToJS
FNDA:2,exportToTS
FNDA:1,clearCache
DA:1,1
DA:10,1
DA:12,59
DA:13,59
DA:14,59
DA:20,54
DA:21,54
DA:24,54
DA:25,54
DA:26,54
DA:28,54
DA:29,54
DA:30,54
DA:33,0
DA:34,0
DA:36,0
DA:37,0
DA:38,0
DA:40,0
DA:41,0
DA:42,0
DA:44,0
DA:45,0
DA:46,0
DA:47,0
DA:49,0
DA:50,0
DA:56,1
DA:58,56
DA:61,56
DA:64,56
DA:67,56
DA:69,56
DA:70,56
DA:71,56
DA:72,56
DA:73,56
DA:74,56
DA:75,56
DA:76,56
DA:77,56
DA:78,56
DA:79,56
DA:95,1
DA:96,26
DA:97,26
DA:99,26
DA:100,26
DA:101,26
DA:102,26
DA:103,26
DA:104,26
DA:105,26
DA:106,26
DA:111,26
DA:112,37
DA:114,37
DA:116,64
DA:118,64
DA:119,11
DA:120,11
DA:121,11
DA:124,53
DA:127,53
DA:128,53
DA:131,64
DA:132,4
DA:133,4
DA:134,4
DA:135,4
DA:136,37
DA:138,37
DA:139,37
DA:145,26
DA:147,4
DA:148,4
DA:149,4
DA:150,4
DA:152,4
DA:153,4
DA:154,44
DA:155,44
DA:156,44
DA:157,44
DA:158,4
DA:160,4
DA:161,4
DA:162,4
DA:163,4
DA:164,4
DA:165,4
DA:166,4
DA:167,4
DA:168,4
DA:169,4
DA:170,4
DA:176,26
DA:177,13
DA:179,13
DA:180,13
DA:181,5
DA:182,13
DA:183,3
DA:184,13
DA:185,3
DA:186,13
DA:187,2
DA:188,13
DA:189,0
DA:190,13
DA:191,13
DA:193,26
DA:194,5
DA:196,5
DA:198,8
DA:199,8
DA:202,8
DA:203,88
DA:204,88
DA:205,8
DA:206,5
DA:208,5
DA:209,5
DA:210,5
DA:212,26
DA:213,3
DA:215,3
DA:216,3
DA:217,3
DA:218,3
DA:219,3
DA:220,3
DA:221,33
DA:222,33
DA:223,3
DA:224,3
DA:225,3
DA:226,3
DA:228,3
DA:229,3
DA:231,26
DA:232,3
DA:234,3
DA:235,3
DA:237,3
DA:238,3
DA:239,33
DA:240,3
DA:241,3
DA:242,3
DA:244,3
DA:245,3
DA:247,26
DA:248,2
DA:250,2
DA:251,2
DA:253,2
DA:254,2
DA:255,22
DA:256,2
DA:257,2
DA:258,2
DA:259,2
DA:261,2
DA:262,2
DA:267,26
DA:268,1
DA:269,1
DA:270,26
LF:169
LH:154
BRDA:10,0,0,59
BRDA:20,1,0,54
BRDA:30,2,0,0
BRDA:56,3,0,56
BRDA:95,4,0,26
BRDA:99,5,0,26
BRDA:111,6,0,37
BRDA:114,7,0,64
BRDA:118,8,0,11
BRDA:121,9,0,53
BRDA:131,10,0,4
BRDA:145,11,0,4
BRDA:153,12,0,0
BRDA:153,13,0,44
BRDA:176,14,0,13
BRDA:180,15,0,5
BRDA:182,16,0,3
BRDA:184,17,0,3
BRDA:186,18,0,2
BRDA:188,19,0,0
BRDA:193,20,0,5
BRDA:196,21,0,8
BRDA:202,22,0,0
BRDA:202,23,0,88
BRDA:212,24,0,3
BRDA:215,25,0,3
BRDA:220,26,0,0
BRDA:220,27,0,33
BRDA:231,28,0,3
BRDA:234,29,0,3
BRDA:238,30,0,0
BRDA:238,31,0,33
BRDA:247,32,0,2
BRDA:250,33,0,2
BRDA:254,34,0,0
BRDA:254,35,0,22
BRDA:267,36,0,1
BRF:37
BRH:30
end_of_record
TN:
SF:src/wcag-validator.ts
FN:7,calculateRelativeLuminance
FN:14,linearize
FN:31,calculateContrastRatio
FN:46,checkWCAGCompliance
FN:66,validateColorPair
FN:86,suggestLightnessAdjustment
FNF:6
FNH:5
FNDA:208,calculateRelativeLuminance
FNDA:624,linearize
FNDA:104,calculateContrastRatio
FNDA:107,checkWCAGCompliance
FNDA:99,validateColorPair
FNDA:0,suggestLightnessAdjustment
DA:7,208
DA:8,208
DA:11,208
DA:14,208
DA:15,624
DA:16,72
DA:17,552
DA:18,624
DA:20,208
DA:23,208
DA:24,208
DA:31,1
DA:32,104
DA:33,104
DA:35,104
DA:36,104
DA:38,104
DA:39,104
DA:46,1
DA:47,107
DA:48,107
DA:49,107
DA:50,107
DA:51,107
DA:52,0
DA:53,107
DA:55,107
DA:56,107
DA:57,107
DA:58,107
DA:59,107
DA:60,107
DA:66,1
DA:67,99
DA:68,99
DA:69,99
DA:70,99
DA:71,99
DA:72,99
DA:73,99
DA:75,99
DA:76,99
DA:77,99
DA:78,99
DA:79,99
DA:80,99
DA:86,1
DA:87,0
DA:88,0
DA:89,0
DA:90,0
DA:91,0
DA:92,0
DA:94,0
DA:95,0
DA:96,0
DA:100,0
DA:101,0
DA:103,0
DA:105,0
DA:106,0
DA:108,0
DA:109,0
DA:110,0
LF:64
LH:46
BRDA:7,0,0,208
BRDA:14,1,0,624
BRDA:15,2,0,72
BRDA:16,3,0,552
BRDA:31,4,0,104
BRDA:46,5,0,107
BRDA:51,6,0,0
BRDA:53,7,0,103
BRDA:53,8,0,4
BRDA:66,9,0,99
BRF:10
BRH:9
end_of_record
